<?xml version="1.0" encoding="UTF-8"?>
<testsuite xmlns:xsi="http://www.w3.org/2001/XMLSchema-instance" xsi:noNamespaceSchemaLocation="https://maven.apache.org/surefire/maven-failsafe-plugin/xsd/failsafe-test-report-3.0.xsd" version="3.0" name="starter.CucumberTestSuite" time="121.741" tests="5" errors="1" skipped="0" failures="0">
  <properties>
    <property name="java.specification.version" value="19"/>
    <property name="sun.cpu.isalist" value="amd64"/>
    <property name="sun.jnu.encoding" value="Cp1252"/>
    <property name="java.class.path" value="D:\JAVA\manusia\MP-WEB\target\test-classes;C:\Users\drago\.m2\repository\net\serenity-bdd\serenity-core\3.6.21\serenity-core-3.6.21.jar;C:\Users\drago\.m2\repository\net\serenity-bdd\serenity-model\3.6.21\serenity-model-3.6.21.jar;C:\Users\drago\.m2\repository\org\apache\commons\commons-text\1.10.0\commons-text-1.10.0.jar;C:\Users\drago\.m2\repository\commons-net\commons-net\3.9.0\commons-net-3.9.0.jar;C:\Users\drago\.m2\repository\com\google\guava\guava\31.1-jre\guava-31.1-jre.jar;C:\Users\drago\.m2\repository\com\google\guava\failureaccess\1.0.1\failureaccess-1.0.1.jar;C:\Users\drago\.m2\repository\com\google\guava\listenablefuture\9999.0-empty-to-avoid-conflict-with-guava\listenablefuture-9999.0-empty-to-avoid-conflict-with-guava.jar;C:\Users\drago\.m2\repository\com\google\code\findbugs\jsr305\3.0.2\jsr305-3.0.2.jar;C:\Users\drago\.m2\repository\org\checkerframework\checker-qual\3.12.0\checker-qual-3.12.0.jar;C:\Users\drago\.m2\repository\com\google\errorprone\error_prone_annotations\2.11.0\error_prone_annotations-2.11.0.jar;C:\Users\drago\.m2\repository\com\google\j2objc\j2objc-annotations\1.3\j2objc-annotations-1.3.jar;C:\Users\drago\.m2\repository\com\google\inject\guice\5.1.0\guice-5.1.0.jar;C:\Users\drago\.m2\repository\javax\inject\javax.inject\1\javax.inject-1.jar;C:\Users\drago\.m2\repository\aopalliance\aopalliance\1.0\aopalliance-1.0.jar;C:\Users\drago\.m2\repository\org\jsoup\jsoup\1.14.3\jsoup-1.14.3.jar;C:\Users\drago\.m2\repository\com\thoughtworks\xstream\xstream\1.4.20\xstream-1.4.20.jar;C:\Users\drago\.m2\repository\io\github\x-stream\mxparser\1.2.2\mxparser-1.2.2.jar;C:\Users\drago\.m2\repository\xmlpull\xmlpull\1.1.3.1\xmlpull-1.1.3.1.jar;C:\Users\drago\.m2\repository\com\typesafe\config\1.4.2\config-1.4.2.jar;C:\Users\drago\.m2\repository\org\imgscalr\imgscalr-lib\4.2\imgscalr-lib-4.2.jar;C:\Users\drago\.m2\repository\org\awaitility\awaitility\4.2.0\awaitility-4.2.0.jar;C:\Users\drago\.m2\repository\org\freemarker\freemarker\2.3.31\freemarker-2.3.31.jar;C:\Users\drago\.m2\repository\io\github\classgraph\classgraph\4.8.138\classgraph-4.8.138.jar;C:\Users\drago\.m2\repository\net\sourceforge\jexcelapi\jxl\2.6.12\jxl-2.6.12.jar;C:\Users\drago\.m2\repository\net\bytebuddy\byte-buddy-agent\1.14.2\byte-buddy-agent-1.14.2.jar;C:\Users\drago\.m2\repository\org\objenesis\objenesis\3.3\objenesis-3.3.jar;C:\Users\drago\.m2\repository\net\serenity-bdd\serenity-reports\3.6.21\serenity-reports-3.6.21.jar;C:\Users\drago\.m2\repository\net\serenity-bdd\serenity-stats\3.6.21\serenity-stats-3.6.21.jar;C:\Users\drago\.m2\repository\net\serenity-bdd\serenity-reports-configuration\3.6.21\serenity-reports-configuration-3.6.21.jar;C:\Users\drago\.m2\repository\com\vladsch\flexmark\flexmark-all\0.62.2\flexmark-all-0.62.2.jar;C:\Users\drago\.m2\repository\com\vladsch\flexmark\flexmark\0.62.2\flexmark-0.62.2.jar;C:\Users\drago\.m2\repository\com\vladsch\flexmark\flexmark-ext-abbreviation\0.62.2\flexmark-ext-abbreviation-0.62.2.jar;C:\Users\drago\.m2\repository\com\vladsch\flexmark\flexmark-util\0.62.2\flexmark-util-0.62.2.jar;C:\Users\drago\.m2\repository\com\vladsch\flexmark\flexmark-ext-admonition\0.62.2\flexmark-ext-admonition-0.62.2.jar;C:\Users\drago\.m2\repository\com\vladsch\flexmark\flexmark-ext-anchorlink\0.62.2\flexmark-ext-anchorlink-0.62.2.jar;C:\Users\drago\.m2\repository\com\vladsch\flexmark\flexmark-ext-aside\0.62.2\flexmark-ext-aside-0.62.2.jar;C:\Users\drago\.m2\repository\com\vladsch\flexmark\flexmark-ext-attributes\0.62.2\flexmark-ext-attributes-0.62.2.jar;C:\Users\drago\.m2\repository\com\vladsch\flexmark\flexmark-ext-autolink\0.62.2\flexmark-ext-autolink-0.62.2.jar;C:\Users\drago\.m2\repository\org\nibor\autolink\autolink\0.6.0\autolink-0.6.0.jar;C:\Users\drago\.m2\repository\com\vladsch\flexmark\flexmark-ext-definition\0.62.2\flexmark-ext-definition-0.62.2.jar;C:\Users\drago\.m2\repository\com\vladsch\flexmark\flexmark-ext-emoji\0.62.2\flexmark-ext-emoji-0.62.2.jar;C:\Users\drago\.m2\repository\com\vladsch\flexmark\flexmark-ext-enumerated-reference\0.62.2\flexmark-ext-enumerated-reference-0.62.2.jar;C:\Users\drago\.m2\repository\com\vladsch\flexmark\flexmark-ext-escaped-character\0.62.2\flexmark-ext-escaped-character-0.62.2.jar;C:\Users\drago\.m2\repository\com\vladsch\flexmark\flexmark-ext-footnotes\0.62.2\flexmark-ext-footnotes-0.62.2.jar;C:\Users\drago\.m2\repository\com\vladsch\flexmark\flexmark-ext-gfm-issues\0.62.2\flexmark-ext-gfm-issues-0.62.2.jar;C:\Users\drago\.m2\repository\com\vladsch\flexmark\flexmark-ext-gfm-strikethrough\0.62.2\flexmark-ext-gfm-strikethrough-0.62.2.jar;C:\Users\drago\.m2\repository\com\vladsch\flexmark\flexmark-ext-gfm-tasklist\0.62.2\flexmark-ext-gfm-tasklist-0.62.2.jar;C:\Users\drago\.m2\repository\com\vladsch\flexmark\flexmark-ext-gfm-users\0.62.2\flexmark-ext-gfm-users-0.62.2.jar;C:\Users\drago\.m2\repository\com\vladsch\flexmark\flexmark-ext-gitlab\0.62.2\flexmark-ext-gitlab-0.62.2.jar;C:\Users\drago\.m2\repository\com\vladsch\flexmark\flexmark-ext-jekyll-front-matter\0.62.2\flexmark-ext-jekyll-front-matter-0.62.2.jar;C:\Users\drago\.m2\repository\com\vladsch\flexmark\flexmark-ext-jekyll-tag\0.62.2\flexmark-ext-jekyll-tag-0.62.2.jar;C:\Users\drago\.m2\repository\com\vladsch\flexmark\flexmark-ext-media-tags\0.62.2\flexmark-ext-media-tags-0.62.2.jar;C:\Users\drago\.m2\repository\com\vladsch\flexmark\flexmark-ext-macros\0.62.2\flexmark-ext-macros-0.62.2.jar;C:\Users\drago\.m2\repository\com\vladsch\flexmark\flexmark-ext-ins\0.62.2\flexmark-ext-ins-0.62.2.jar;C:\Users\drago\.m2\repository\com\vladsch\flexmark\flexmark-ext-xwiki-macros\0.62.2\flexmark-ext-xwiki-macros-0.62.2.jar;C:\Users\drago\.m2\repository\com\vladsch\flexmark\flexmark-ext-superscript\0.62.2\flexmark-ext-superscript-0.62.2.jar;C:\Users\drago\.m2\repository\com\vladsch\flexmark\flexmark-ext-tables\0.62.2\flexmark-ext-tables-0.62.2.jar;C:\Users\drago\.m2\repository\com\vladsch\flexmark\flexmark-ext-toc\0.62.2\flexmark-ext-toc-0.62.2.jar;C:\Users\drago\.m2\repository\com\vladsch\flexmark\flexmark-ext-typographic\0.62.2\flexmark-ext-typographic-0.62.2.jar;C:\Users\drago\.m2\repository\com\vladsch\flexmark\flexmark-ext-wikilink\0.62.2\flexmark-ext-wikilink-0.62.2.jar;C:\Users\drago\.m2\repository\com\vladsch\flexmark\flexmark-ext-yaml-front-matter\0.62.2\flexmark-ext-yaml-front-matter-0.62.2.jar;C:\Users\drago\.m2\repository\com\vladsch\flexmark\flexmark-ext-youtube-embedded\0.62.2\flexmark-ext-youtube-embedded-0.62.2.jar;C:\Users\drago\.m2\repository\com\vladsch\flexmark\flexmark-html2md-converter\0.62.2\flexmark-html2md-converter-0.62.2.jar;C:\Users\drago\.m2\repository\com\vladsch\flexmark\flexmark-jira-converter\0.62.2\flexmark-jira-converter-0.62.2.jar;C:\Users\drago\.m2\repository\com\vladsch\flexmark\flexmark-pdf-converter\0.62.2\flexmark-pdf-converter-0.62.2.jar;C:\Users\drago\.m2\repository\com\openhtmltopdf\openhtmltopdf-core\1.0.0\openhtmltopdf-core-1.0.0.jar;C:\Users\drago\.m2\repository\com\openhtmltopdf\openhtmltopdf-pdfbox\1.0.0\openhtmltopdf-pdfbox-1.0.0.jar;C:\Users\drago\.m2\repository\org\apache\pdfbox\pdfbox\2.0.16\pdfbox-2.0.16.jar;C:\Users\drago\.m2\repository\org\apache\pdfbox\fontbox\2.0.16\fontbox-2.0.16.jar;C:\Users\drago\.m2\repository\org\apache\pdfbox\xmpbox\2.0.16\xmpbox-2.0.16.jar;C:\Users\drago\.m2\repository\de\rototor\pdfbox\graphics2d\0.24\graphics2d-0.24.jar;C:\Users\drago\.m2\repository\com\openhtmltopdf\openhtmltopdf-rtl-support\1.0.0\openhtmltopdf-rtl-support-1.0.0.jar;C:\Users\drago\.m2\repository\com\openhtmltopdf\openhtmltopdf-jsoup-dom-converter\1.0.0\openhtmltopdf-jsoup-dom-converter-1.0.0.jar;C:\Users\drago\.m2\repository\com\vladsch\flexmark\flexmark-profile-pegdown\0.62.2\flexmark-profile-pegdown-0.62.2.jar;C:\Users\drago\.m2\repository\com\vladsch\flexmark\flexmark-util-ast\0.62.2\flexmark-util-ast-0.62.2.jar;C:\Users\drago\.m2\repository\com\vladsch\flexmark\flexmark-util-builder\0.62.2\flexmark-util-builder-0.62.2.jar;C:\Users\drago\.m2\repository\com\vladsch\flexmark\flexmark-util-collection\0.62.2\flexmark-util-collection-0.62.2.jar;C:\Users\drago\.m2\repository\com\vladsch\flexmark\flexmark-util-data\0.62.2\flexmark-util-data-0.62.2.jar;C:\Users\drago\.m2\repository\com\vladsch\flexmark\flexmark-util-dependency\0.62.2\flexmark-util-dependency-0.62.2.jar;C:\Users\drago\.m2\repository\com\vladsch\flexmark\flexmark-util-format\0.62.2\flexmark-util-format-0.62.2.jar;C:\Users\drago\.m2\repository\com\vladsch\flexmark\flexmark-util-html\0.62.2\flexmark-util-html-0.62.2.jar;C:\Users\drago\.m2\repository\com\vladsch\flexmark\flexmark-util-misc\0.62.2\flexmark-util-misc-0.62.2.jar;C:\Users\drago\.m2\repository\com\vladsch\flexmark\flexmark-util-options\0.62.2\flexmark-util-options-0.62.2.jar;C:\Users\drago\.m2\repository\com\vladsch\flexmark\flexmark-util-sequence\0.62.2\flexmark-util-sequence-0.62.2.jar;C:\Users\drago\.m2\repository\com\vladsch\flexmark\flexmark-util-visitor\0.62.2\flexmark-util-visitor-0.62.2.jar;C:\Users\drago\.m2\repository\com\vladsch\flexmark\flexmark-youtrack-converter\0.62.2\flexmark-youtrack-converter-0.62.2.jar;C:\Users\drago\.m2\repository\com\ibm\icu\icu4j\72.1\icu4j-72.1.jar;C:\Users\drago\.m2\repository\es\nitaur\markdown\txtmark\0.16\txtmark-0.16.jar;C:\Users\drago\.m2\repository\net\serenity-bdd\serenity-report-resources\3.6.21\serenity-report-resources-3.6.21.jar;C:\Users\drago\.m2\repository\com\google\code\gson\gson\2.10.1\gson-2.10.1.jar;C:\Users\drago\.m2\repository\com\fasterxml\jackson\core\jackson-core\2.15.0-rc1\jackson-core-2.15.0-rc1.jar;C:\Users\drago\.m2\repository\com\fasterxml\jackson\core\jackson-databind\2.15.0-rc1\jackson-databind-2.15.0-rc1.jar;C:\Users\drago\.m2\repository\com\fasterxml\jackson\core\jackson-annotations\2.15.0-rc1\jackson-annotations-2.15.0-rc1.jar;C:\Users\drago\.m2\repository\commons-codec\commons-codec\1.15\commons-codec-1.15.jar;C:\Users\drago\.m2\repository\commons-io\commons-io\2.11.0\commons-io-2.11.0.jar;C:\Users\drago\.m2\repository\org\apache\httpcomponents\httpclient\4.5.13\httpclient-4.5.13.jar;C:\Users\drago\.m2\repository\org\apache\httpcomponents\httpcore\4.4.13\httpcore-4.4.13.jar;C:\Users\drago\.m2\repository\commons-logging\commons-logging\1.2\commons-logging-1.2.jar;C:\Users\drago\.m2\repository\org\seleniumhq\selenium\selenium-java\4.8.1\selenium-java-4.8.1.jar;C:\Users\drago\.m2\repository\org\seleniumhq\selenium\selenium-devtools-v108\4.8.1\selenium-devtools-v108-4.8.1.jar;C:\Users\drago\.m2\repository\org\seleniumhq\selenium\selenium-devtools-v109\4.8.1\selenium-devtools-v109-4.8.1.jar;C:\Users\drago\.m2\repository\org\seleniumhq\selenium\selenium-devtools-v110\4.8.1\selenium-devtools-v110-4.8.1.jar;C:\Users\drago\.m2\repository\org\seleniumhq\selenium\selenium-devtools-v85\4.8.1\selenium-devtools-v85-4.8.1.jar;C:\Users\drago\.m2\repository\org\seleniumhq\selenium\selenium-remote-driver\4.8.1\selenium-remote-driver-4.8.1.jar;C:\Users\drago\.m2\repository\com\beust\jcommander\1.82\jcommander-1.82.jar;C:\Users\drago\.m2\repository\io\netty\netty-buffer\4.1.87.Final\netty-buffer-4.1.87.Final.jar;C:\Users\drago\.m2\repository\io\netty\netty-codec-http\4.1.87.Final\netty-codec-http-4.1.87.Final.jar;C:\Users\drago\.m2\repository\io\netty\netty-codec\4.1.87.Final\netty-codec-4.1.87.Final.jar;C:\Users\drago\.m2\repository\io\netty\netty-handler\4.1.87.Final\netty-handler-4.1.87.Final.jar;C:\Users\drago\.m2\repository\io\netty\netty-common\4.1.87.Final\netty-common-4.1.87.Final.jar;C:\Users\drago\.m2\repository\io\netty\netty-transport-classes-epoll\4.1.87.Final\netty-transport-classes-epoll-4.1.87.Final.jar;C:\Users\drago\.m2\repository\io\netty\netty-transport-classes-kqueue\4.1.87.Final\netty-transport-classes-kqueue-4.1.87.Final.jar;C:\Users\drago\.m2\repository\io\netty\netty-transport-native-epoll\4.1.87.Final\netty-transport-native-epoll-4.1.87.Final.jar;C:\Users\drago\.m2\repository\io\netty\netty-transport-native-kqueue\4.1.87.Final\netty-transport-native-kqueue-4.1.87.Final.jar;C:\Users\drago\.m2\repository\io\netty\netty-transport-native-unix-common\4.1.87.Final\netty-transport-native-unix-common-4.1.87.Final.jar;C:\Users\drago\.m2\repository\io\netty\netty-transport\4.1.87.Final\netty-transport-4.1.87.Final.jar;C:\Users\drago\.m2\repository\io\netty\netty-resolver\4.1.87.Final\netty-resolver-4.1.87.Final.jar;C:\Users\drago\.m2\repository\io\opentelemetry\opentelemetry-api\1.22.0\opentelemetry-api-1.22.0.jar;C:\Users\drago\.m2\repository\io\opentelemetry\opentelemetry-context\1.22.0\opentelemetry-context-1.22.0.jar;C:\Users\drago\.m2\repository\io\opentelemetry\opentelemetry-exporter-logging\1.22.0\opentelemetry-exporter-logging-1.22.0.jar;C:\Users\drago\.m2\repository\io\opentelemetry\opentelemetry-sdk-metrics\1.22.0\opentelemetry-sdk-metrics-1.22.0.jar;C:\Users\drago\.m2\repository\io\opentelemetry\opentelemetry-sdk-logs\1.22.0-alpha\opentelemetry-sdk-logs-1.22.0-alpha.jar;C:\Users\drago\.m2\repository\io\opentelemetry\opentelemetry-api-logs\1.22.0-alpha\opentelemetry-api-logs-1.22.0-alpha.jar;C:\Users\drago\.m2\repository\io\opentelemetry\opentelemetry-sdk-common\1.22.0\opentelemetry-sdk-common-1.22.0.jar;C:\Users\drago\.m2\repository\io\opentelemetry\opentelemetry-sdk-extension-autoconfigure-spi\1.22.0\opentelemetry-sdk-extension-autoconfigure-spi-1.22.0.jar;C:\Users\drago\.m2\repository\io\opentelemetry\opentelemetry-sdk-extension-autoconfigure\1.22.0-alpha\opentelemetry-sdk-extension-autoconfigure-1.22.0-alpha.jar;C:\Users\drago\.m2\repository\io\opentelemetry\opentelemetry-sdk-trace\1.22.0\opentelemetry-sdk-trace-1.22.0.jar;C:\Users\drago\.m2\repository\io\opentelemetry\opentelemetry-sdk\1.22.0\opentelemetry-sdk-1.22.0.jar;C:\Users\drago\.m2\repository\io\opentelemetry\opentelemetry-semconv\1.22.0-alpha\opentelemetry-semconv-1.22.0-alpha.jar;C:\Users\drago\.m2\repository\io\ous\jtoml\2.0.0\jtoml-2.0.0.jar;C:\Users\drago\.m2\repository\org\apache\commons\commons-exec\1.3\commons-exec-1.3.jar;C:\Users\drago\.m2\repository\org\asynchttpclient\async-http-client\2.12.3\async-http-client-2.12.3.jar;C:\Users\drago\.m2\repository\org\asynchttpclient\async-http-client-netty-utils\2.12.3\async-http-client-netty-utils-2.12.3.jar;C:\Users\drago\.m2\repository\io\netty\netty-codec-socks\4.1.60.Final\netty-codec-socks-4.1.60.Final.jar;C:\Users\drago\.m2\repository\io\netty\netty-handler-proxy\4.1.60.Final\netty-handler-proxy-4.1.60.Final.jar;C:\Users\drago\.m2\repository\io\netty\netty-transport-native-epoll\4.1.60.Final\netty-transport-native-epoll-4.1.60.Final-linux-x86_64.jar;C:\Users\drago\.m2\repository\io\netty\netty-transport-native-kqueue\4.1.60.Final\netty-transport-native-kqueue-4.1.60.Final-osx-x86_64.jar;C:\Users\drago\.m2\repository\org\reactivestreams\reactive-streams\1.0.3\reactive-streams-1.0.3.jar;C:\Users\drago\.m2\repository\com\typesafe\netty\netty-reactive-streams\2.0.4\netty-reactive-streams-2.0.4.jar;C:\Users\drago\.m2\repository\org\seleniumhq\selenium\selenium-manager\4.8.1\selenium-manager-4.8.1.jar;C:\Users\drago\.m2\repository\org\seleniumhq\selenium\selenium-safari-driver\4.8.1\selenium-safari-driver-4.8.1.jar;C:\Users\drago\.m2\repository\org\seleniumhq\selenium\selenium-api\4.8.1\selenium-api-4.8.1.jar;C:\Users\drago\.m2\repository\org\seleniumhq\selenium\selenium-support\4.8.1\selenium-support-4.8.1.jar;C:\Users\drago\.m2\repository\com\google\auto\service\auto-service-annotations\1.0.1\auto-service-annotations-1.0.1.jar;C:\Users\drago\.m2\repository\com\google\auto\service\auto-service\1.0.1\auto-service-1.0.1.jar;C:\Users\drago\.m2\repository\com\google\auto\auto-common\1.2\auto-common-1.2.jar;C:\Users\drago\.m2\repository\org\seleniumhq\selenium\selenium-json\4.8.1\selenium-json-4.8.1.jar;C:\Users\drago\.m2\repository\org\seleniumhq\selenium\selenium-chrome-driver\4.8.1\selenium-chrome-driver-4.8.1.jar;C:\Users\drago\.m2\repository\org\seleniumhq\selenium\selenium-chromium-driver\4.8.1\selenium-chromium-driver-4.8.1.jar;C:\Users\drago\.m2\repository\org\seleniumhq\selenium\selenium-firefox-driver\4.8.1\selenium-firefox-driver-4.8.1.jar;C:\Users\drago\.m2\repository\org\seleniumhq\selenium\selenium-http\4.8.1\selenium-http-4.8.1.jar;C:\Users\drago\.m2\repository\dev\failsafe\failsafe\3.3.0\failsafe-3.3.0.jar;C:\Users\drago\.m2\repository\org\seleniumhq\selenium\selenium-edge-driver\4.8.1\selenium-edge-driver-4.8.1.jar;C:\Users\drago\.m2\repository\org\seleniumhq\selenium\selenium-ie-driver\4.8.1\selenium-ie-driver-4.8.1.jar;C:\Users\drago\.m2\repository\org\projectlombok\lombok\1.18.20\lombok-1.18.20.jar;C:\Users\drago\.m2\repository\io\appium\java-client\8.3.0\java-client-8.3.0.jar;C:\Users\drago\.m2\repository\commons-validator\commons-validator\1.7\commons-validator-1.7.jar;C:\Users\drago\.m2\repository\commons-digester\commons-digester\2.1\commons-digester-2.1.jar;C:\Users\drago\.m2\repository\org\apache\groovy\groovy\4.0.10\groovy-4.0.10.jar;C:\Users\drago\.m2\repository\net\sf\opencsv\opencsv\2.0\opencsv-2.0.jar;C:\Users\drago\.m2\repository\commons-beanutils\commons-beanutils\1.9.4\commons-beanutils-1.9.4.jar;C:\Users\drago\.m2\repository\org\apache\commons\commons-lang3\3.12.0\commons-lang3-3.12.0.jar;C:\Users\drago\.m2\repository\commons-collections\commons-collections\3.2.2\commons-collections-3.2.2.jar;C:\Users\drago\.m2\repository\org\fluentlenium\fluentlenium-core\0.10.2\fluentlenium-core-0.10.2.jar;C:\Users\drago\.m2\repository\io\github\bonigarcia\webdrivermanager\5.3.0\webdrivermanager-5.3.0.jar;C:\Users\drago\.m2\repository\com\github\docker-java\docker-java\3.2.13\docker-java-3.2.13.jar;C:\Users\drago\.m2\repository\com\github\docker-java\docker-java-core\3.2.13\docker-java-core-3.2.13.jar;C:\Users\drago\.m2\repository\com\github\docker-java\docker-java-api\3.2.13\docker-java-api-3.2.13.jar;C:\Users\drago\.m2\repository\org\apache\commons\commons-compress\1.21\commons-compress-1.21.jar;C:\Users\drago\.m2\repository\org\bouncycastle\bcpkix-jdk15on\1.64\bcpkix-jdk15on-1.64.jar;C:\Users\drago\.m2\repository\org\bouncycastle\bcprov-jdk15on\1.64\bcprov-jdk15on-1.64.jar;C:\Users\drago\.m2\repository\org\slf4j\jcl-over-slf4j\1.7.30\jcl-over-slf4j-1.7.30.jar;C:\Users\drago\.m2\repository\com\github\docker-java\docker-java-transport-httpclient5\3.2.13\docker-java-transport-httpclient5-3.2.13.jar;C:\Users\drago\.m2\repository\com\github\docker-java\docker-java-transport\3.2.13\docker-java-transport-3.2.13.jar;C:\Users\drago\.m2\repository\net\java\dev\jna\jna\5.8.0\jna-5.8.0.jar;C:\Users\drago\.m2\repository\org\brotli\dec\0.1.2\dec-0.1.2.jar;C:\Users\drago\.m2\repository\org\apache\httpcomponents\client5\httpclient5\5.1.3\httpclient5-5.1.3.jar;C:\Users\drago\.m2\repository\org\apache\httpcomponents\core5\httpcore5\5.1.3\httpcore5-5.1.3.jar;C:\Users\drago\.m2\repository\org\apache\httpcomponents\core5\httpcore5-h2\5.1.3\httpcore5-h2-5.1.3.jar;C:\Users\drago\.m2\repository\com\jhlabs\filters\2.0.235\filters-2.0.235.jar;C:\Users\drago\.m2\repository\com\paulhammant\ngwebdriver\1.1.6\ngwebdriver-1.1.6.jar;C:\Users\drago\.m2\repository\joda-time\joda-time\2.12.2\joda-time-2.12.2.jar;C:\Users\drago\.m2\repository\org\hamcrest\hamcrest\2.2\hamcrest-2.2.jar;C:\Users\drago\.m2\repository\com\google\jimfs\jimfs\1.2\jimfs-1.2.jar;C:\Users\drago\.m2\repository\org\mockito\mockito-core\3.3.3\mockito-core-3.3.3.jar;C:\Users\drago\.m2\repository\javax\xml\bind\jaxb-api\2.3.1\jaxb-api-2.3.1.jar;C:\Users\drago\.m2\repository\javax\activation\javax.activation-api\1.2.0\javax.activation-api-1.2.0.jar;C:\Users\drago\.m2\repository\com\sun\xml\bind\jaxb-core\2.3.0.1\jaxb-core-2.3.0.1.jar;C:\Users\drago\.m2\repository\com\sun\xml\bind\jaxb-impl\2.3.3\jaxb-impl-2.3.3.jar;C:\Users\drago\.m2\repository\jakarta\xml\bind\jakarta.xml.bind-api\2.3.3\jakarta.xml.bind-api-2.3.3.jar;C:\Users\drago\.m2\repository\com\sun\activation\jakarta.activation\1.2.2\jakarta.activation-1.2.2.jar;C:\Users\drago\.m2\repository\javax\activation\activation\1.1.1\activation-1.1.1.jar;C:\Users\drago\.m2\repository\net\serenity-bdd\serenity-cucumber\3.6.21\serenity-cucumber-3.6.21.jar;C:\Users\drago\.m2\repository\io\cucumber\cucumber-core\7.11.0\cucumber-core-7.11.0.jar;C:\Users\drago\.m2\repository\io\cucumber\cucumber-gherkin\7.11.0\cucumber-gherkin-7.11.0.jar;C:\Users\drago\.m2\repository\io\cucumber\cucumber-gherkin-messages\7.11.0\cucumber-gherkin-messages-7.11.0.jar;C:\Users\drago\.m2\repository\io\cucumber\gherkin\26.0.3\gherkin-26.0.3.jar;C:\Users\drago\.m2\repository\io\cucumber\messages\21.0.1\messages-21.0.1.jar;C:\Users\drago\.m2\repository\io\cucumber\tag-expressions\5.0.1\tag-expressions-5.0.1.jar;C:\Users\drago\.m2\repository\io\cucumber\cucumber-expressions\16.1.1\cucumber-expressions-16.1.1.jar;C:\Users\drago\.m2\repository\io\cucumber\datatable\7.11.0\datatable-7.11.0.jar;C:\Users\drago\.m2\repository\io\cucumber\cucumber-plugin\7.11.0\cucumber-plugin-7.11.0.jar;C:\Users\drago\.m2\repository\io\cucumber\docstring\7.11.0\docstring-7.11.0.jar;C:\Users\drago\.m2\repository\io\cucumber\html-formatter\20.2.1\html-formatter-20.2.1.jar;C:\Users\drago\.m2\repository\io\cucumber\junit-xml-formatter\0.1.0\junit-xml-formatter-0.1.0.jar;C:\Users\drago\.m2\repository\io\cucumber\ci-environment\9.1.0\ci-environment-9.1.0.jar;C:\Users\drago\.m2\repository\io\cucumber\cucumber-java\7.11.0\cucumber-java-7.11.0.jar;C:\Users\drago\.m2\repository\io\cucumber\cucumber-junit\7.11.0\cucumber-junit-7.11.0.jar;C:\Users\drago\.m2\repository\org\apache\commons\commons-csv\1.5\commons-csv-1.5.jar;C:\Users\drago\.m2\repository\net\serenity-bdd\serenity-screenplay\3.6.21\serenity-screenplay-3.6.21.jar;C:\Users\drago\.m2\repository\net\serenity-bdd\serenity-screenplay-webdriver\3.6.21\serenity-screenplay-webdriver-3.6.21.jar;C:\Users\drago\.m2\repository\net\serenity-bdd\serenity-ensure\3.6.21\serenity-ensure-3.6.21.jar;C:\Users\drago\.m2\repository\net\serenity-bdd\serenity-junit\3.6.21\serenity-junit-3.6.21.jar;C:\Users\drago\.m2\repository\org\jetbrains\kotlin\kotlin-stdlib\1.8.10\kotlin-stdlib-1.8.10.jar;C:\Users\drago\.m2\repository\org\jetbrains\kotlin\kotlin-stdlib-common\1.8.10\kotlin-stdlib-common-1.8.10.jar;C:\Users\drago\.m2\repository\org\jetbrains\annotations\13.0\annotations-13.0.jar;C:\Users\drago\.m2\repository\org\junit\platform\junit-platform-launcher\1.8.2\junit-platform-launcher-1.8.2.jar;C:\Users\drago\.m2\repository\org\junit\platform\junit-platform-engine\1.8.2\junit-platform-engine-1.8.2.jar;C:\Users\drago\.m2\repository\org\opentest4j\opentest4j\1.2.0\opentest4j-1.2.0.jar;C:\Users\drago\.m2\repository\org\junit\platform\junit-platform-commons\1.8.2\junit-platform-commons-1.8.2.jar;C:\Users\drago\.m2\repository\org\apiguardian\apiguardian-api\1.1.2\apiguardian-api-1.1.2.jar;C:\Users\drago\.m2\repository\org\junit\jupiter\junit-jupiter-engine\5.8.2\junit-jupiter-engine-5.8.2.jar;C:\Users\drago\.m2\repository\org\junit\jupiter\junit-jupiter-api\5.8.2\junit-jupiter-api-5.8.2.jar;C:\Users\drago\.m2\repository\org\junit\vintage\junit-vintage-engine\5.8.2\junit-vintage-engine-5.8.2.jar;C:\Users\drago\.m2\repository\junit\junit\4.13.2\junit-4.13.2.jar;C:\Users\drago\.m2\repository\org\hamcrest\hamcrest-core\1.3\hamcrest-core-1.3.jar;C:\Users\drago\.m2\repository\ch\qos\logback\logback-classic\1.2.10\logback-classic-1.2.10.jar;C:\Users\drago\.m2\repository\ch\qos\logback\logback-core\1.2.10\logback-core-1.2.10.jar;C:\Users\drago\.m2\repository\org\slf4j\slf4j-api\1.7.32\slf4j-api-1.7.32.jar;C:\Users\drago\.m2\repository\org\assertj\assertj-core\3.23.1\assertj-core-3.23.1.jar;C:\Users\drago\.m2\repository\net\bytebuddy\byte-buddy\1.12.10\byte-buddy-1.12.10.jar;"/>
    <property name="java.vm.vendor" value="Oracle Corporation"/>
    <property name="sun.arch.data.model" value="64"/>
    <property name="user.variant" value=""/>
    <property name="java.vendor.url" value="https://java.oracle.com/"/>
    <property name="user.timezone" value="Asia/Jakarta"/>
    <property name="os.name" value="Windows 11"/>
    <property name="java.vm.specification.version" value="19"/>
    <property name="sun.java.launcher" value="SUN_STANDARD"/>
    <property name="user.country" value="ID"/>
    <property name="sun.boot.library.path" value="C:\Program Files\Java\jdk-19\bin"/>
    <property name="sun.java.command" value="org.apache.maven.surefire.booter.ForkedBooter C:\Users\drago\AppData\Local\Temp\surefire9157393144220410564 2023-05-10T16-08-52_588-jvmRun1 surefire6294719048616597760tmp surefire_01532074042366513652tmp"/>
    <property name="jdk.debug" value="release"/>
    <property name="surefire.test.class.path" value="D:\JAVA\manusia\MP-WEB\target\test-classes;C:\Users\drago\.m2\repository\net\serenity-bdd\serenity-core\3.6.21\serenity-core-3.6.21.jar;C:\Users\drago\.m2\repository\net\serenity-bdd\serenity-model\3.6.21\serenity-model-3.6.21.jar;C:\Users\drago\.m2\repository\org\apache\commons\commons-text\1.10.0\commons-text-1.10.0.jar;C:\Users\drago\.m2\repository\commons-net\commons-net\3.9.0\commons-net-3.9.0.jar;C:\Users\drago\.m2\repository\com\google\guava\guava\31.1-jre\guava-31.1-jre.jar;C:\Users\drago\.m2\repository\com\google\guava\failureaccess\1.0.1\failureaccess-1.0.1.jar;C:\Users\drago\.m2\repository\com\google\guava\listenablefuture\9999.0-empty-to-avoid-conflict-with-guava\listenablefuture-9999.0-empty-to-avoid-conflict-with-guava.jar;C:\Users\drago\.m2\repository\com\google\code\findbugs\jsr305\3.0.2\jsr305-3.0.2.jar;C:\Users\drago\.m2\repository\org\checkerframework\checker-qual\3.12.0\checker-qual-3.12.0.jar;C:\Users\drago\.m2\repository\com\google\errorprone\error_prone_annotations\2.11.0\error_prone_annotations-2.11.0.jar;C:\Users\drago\.m2\repository\com\google\j2objc\j2objc-annotations\1.3\j2objc-annotations-1.3.jar;C:\Users\drago\.m2\repository\com\google\inject\guice\5.1.0\guice-5.1.0.jar;C:\Users\drago\.m2\repository\javax\inject\javax.inject\1\javax.inject-1.jar;C:\Users\drago\.m2\repository\aopalliance\aopalliance\1.0\aopalliance-1.0.jar;C:\Users\drago\.m2\repository\org\jsoup\jsoup\1.14.3\jsoup-1.14.3.jar;C:\Users\drago\.m2\repository\com\thoughtworks\xstream\xstream\1.4.20\xstream-1.4.20.jar;C:\Users\drago\.m2\repository\io\github\x-stream\mxparser\1.2.2\mxparser-1.2.2.jar;C:\Users\drago\.m2\repository\xmlpull\xmlpull\1.1.3.1\xmlpull-1.1.3.1.jar;C:\Users\drago\.m2\repository\com\typesafe\config\1.4.2\config-1.4.2.jar;C:\Users\drago\.m2\repository\org\imgscalr\imgscalr-lib\4.2\imgscalr-lib-4.2.jar;C:\Users\drago\.m2\repository\org\awaitility\awaitility\4.2.0\awaitility-4.2.0.jar;C:\Users\drago\.m2\repository\org\freemarker\freemarker\2.3.31\freemarker-2.3.31.jar;C:\Users\drago\.m2\repository\io\github\classgraph\classgraph\4.8.138\classgraph-4.8.138.jar;C:\Users\drago\.m2\repository\net\sourceforge\jexcelapi\jxl\2.6.12\jxl-2.6.12.jar;C:\Users\drago\.m2\repository\net\bytebuddy\byte-buddy-agent\1.14.2\byte-buddy-agent-1.14.2.jar;C:\Users\drago\.m2\repository\org\objenesis\objenesis\3.3\objenesis-3.3.jar;C:\Users\drago\.m2\repository\net\serenity-bdd\serenity-reports\3.6.21\serenity-reports-3.6.21.jar;C:\Users\drago\.m2\repository\net\serenity-bdd\serenity-stats\3.6.21\serenity-stats-3.6.21.jar;C:\Users\drago\.m2\repository\net\serenity-bdd\serenity-reports-configuration\3.6.21\serenity-reports-configuration-3.6.21.jar;C:\Users\drago\.m2\repository\com\vladsch\flexmark\flexmark-all\0.62.2\flexmark-all-0.62.2.jar;C:\Users\drago\.m2\repository\com\vladsch\flexmark\flexmark\0.62.2\flexmark-0.62.2.jar;C:\Users\drago\.m2\repository\com\vladsch\flexmark\flexmark-ext-abbreviation\0.62.2\flexmark-ext-abbreviation-0.62.2.jar;C:\Users\drago\.m2\repository\com\vladsch\flexmark\flexmark-util\0.62.2\flexmark-util-0.62.2.jar;C:\Users\drago\.m2\repository\com\vladsch\flexmark\flexmark-ext-admonition\0.62.2\flexmark-ext-admonition-0.62.2.jar;C:\Users\drago\.m2\repository\com\vladsch\flexmark\flexmark-ext-anchorlink\0.62.2\flexmark-ext-anchorlink-0.62.2.jar;C:\Users\drago\.m2\repository\com\vladsch\flexmark\flexmark-ext-aside\0.62.2\flexmark-ext-aside-0.62.2.jar;C:\Users\drago\.m2\repository\com\vladsch\flexmark\flexmark-ext-attributes\0.62.2\flexmark-ext-attributes-0.62.2.jar;C:\Users\drago\.m2\repository\com\vladsch\flexmark\flexmark-ext-autolink\0.62.2\flexmark-ext-autolink-0.62.2.jar;C:\Users\drago\.m2\repository\org\nibor\autolink\autolink\0.6.0\autolink-0.6.0.jar;C:\Users\drago\.m2\repository\com\vladsch\flexmark\flexmark-ext-definition\0.62.2\flexmark-ext-definition-0.62.2.jar;C:\Users\drago\.m2\repository\com\vladsch\flexmark\flexmark-ext-emoji\0.62.2\flexmark-ext-emoji-0.62.2.jar;C:\Users\drago\.m2\repository\com\vladsch\flexmark\flexmark-ext-enumerated-reference\0.62.2\flexmark-ext-enumerated-reference-0.62.2.jar;C:\Users\drago\.m2\repository\com\vladsch\flexmark\flexmark-ext-escaped-character\0.62.2\flexmark-ext-escaped-character-0.62.2.jar;C:\Users\drago\.m2\repository\com\vladsch\flexmark\flexmark-ext-footnotes\0.62.2\flexmark-ext-footnotes-0.62.2.jar;C:\Users\drago\.m2\repository\com\vladsch\flexmark\flexmark-ext-gfm-issues\0.62.2\flexmark-ext-gfm-issues-0.62.2.jar;C:\Users\drago\.m2\repository\com\vladsch\flexmark\flexmark-ext-gfm-strikethrough\0.62.2\flexmark-ext-gfm-strikethrough-0.62.2.jar;C:\Users\drago\.m2\repository\com\vladsch\flexmark\flexmark-ext-gfm-tasklist\0.62.2\flexmark-ext-gfm-tasklist-0.62.2.jar;C:\Users\drago\.m2\repository\com\vladsch\flexmark\flexmark-ext-gfm-users\0.62.2\flexmark-ext-gfm-users-0.62.2.jar;C:\Users\drago\.m2\repository\com\vladsch\flexmark\flexmark-ext-gitlab\0.62.2\flexmark-ext-gitlab-0.62.2.jar;C:\Users\drago\.m2\repository\com\vladsch\flexmark\flexmark-ext-jekyll-front-matter\0.62.2\flexmark-ext-jekyll-front-matter-0.62.2.jar;C:\Users\drago\.m2\repository\com\vladsch\flexmark\flexmark-ext-jekyll-tag\0.62.2\flexmark-ext-jekyll-tag-0.62.2.jar;C:\Users\drago\.m2\repository\com\vladsch\flexmark\flexmark-ext-media-tags\0.62.2\flexmark-ext-media-tags-0.62.2.jar;C:\Users\drago\.m2\repository\com\vladsch\flexmark\flexmark-ext-macros\0.62.2\flexmark-ext-macros-0.62.2.jar;C:\Users\drago\.m2\repository\com\vladsch\flexmark\flexmark-ext-ins\0.62.2\flexmark-ext-ins-0.62.2.jar;C:\Users\drago\.m2\repository\com\vladsch\flexmark\flexmark-ext-xwiki-macros\0.62.2\flexmark-ext-xwiki-macros-0.62.2.jar;C:\Users\drago\.m2\repository\com\vladsch\flexmark\flexmark-ext-superscript\0.62.2\flexmark-ext-superscript-0.62.2.jar;C:\Users\drago\.m2\repository\com\vladsch\flexmark\flexmark-ext-tables\0.62.2\flexmark-ext-tables-0.62.2.jar;C:\Users\drago\.m2\repository\com\vladsch\flexmark\flexmark-ext-toc\0.62.2\flexmark-ext-toc-0.62.2.jar;C:\Users\drago\.m2\repository\com\vladsch\flexmark\flexmark-ext-typographic\0.62.2\flexmark-ext-typographic-0.62.2.jar;C:\Users\drago\.m2\repository\com\vladsch\flexmark\flexmark-ext-wikilink\0.62.2\flexmark-ext-wikilink-0.62.2.jar;C:\Users\drago\.m2\repository\com\vladsch\flexmark\flexmark-ext-yaml-front-matter\0.62.2\flexmark-ext-yaml-front-matter-0.62.2.jar;C:\Users\drago\.m2\repository\com\vladsch\flexmark\flexmark-ext-youtube-embedded\0.62.2\flexmark-ext-youtube-embedded-0.62.2.jar;C:\Users\drago\.m2\repository\com\vladsch\flexmark\flexmark-html2md-converter\0.62.2\flexmark-html2md-converter-0.62.2.jar;C:\Users\drago\.m2\repository\com\vladsch\flexmark\flexmark-jira-converter\0.62.2\flexmark-jira-converter-0.62.2.jar;C:\Users\drago\.m2\repository\com\vladsch\flexmark\flexmark-pdf-converter\0.62.2\flexmark-pdf-converter-0.62.2.jar;C:\Users\drago\.m2\repository\com\openhtmltopdf\openhtmltopdf-core\1.0.0\openhtmltopdf-core-1.0.0.jar;C:\Users\drago\.m2\repository\com\openhtmltopdf\openhtmltopdf-pdfbox\1.0.0\openhtmltopdf-pdfbox-1.0.0.jar;C:\Users\drago\.m2\repository\org\apache\pdfbox\pdfbox\2.0.16\pdfbox-2.0.16.jar;C:\Users\drago\.m2\repository\org\apache\pdfbox\fontbox\2.0.16\fontbox-2.0.16.jar;C:\Users\drago\.m2\repository\org\apache\pdfbox\xmpbox\2.0.16\xmpbox-2.0.16.jar;C:\Users\drago\.m2\repository\de\rototor\pdfbox\graphics2d\0.24\graphics2d-0.24.jar;C:\Users\drago\.m2\repository\com\openhtmltopdf\openhtmltopdf-rtl-support\1.0.0\openhtmltopdf-rtl-support-1.0.0.jar;C:\Users\drago\.m2\repository\com\openhtmltopdf\openhtmltopdf-jsoup-dom-converter\1.0.0\openhtmltopdf-jsoup-dom-converter-1.0.0.jar;C:\Users\drago\.m2\repository\com\vladsch\flexmark\flexmark-profile-pegdown\0.62.2\flexmark-profile-pegdown-0.62.2.jar;C:\Users\drago\.m2\repository\com\vladsch\flexmark\flexmark-util-ast\0.62.2\flexmark-util-ast-0.62.2.jar;C:\Users\drago\.m2\repository\com\vladsch\flexmark\flexmark-util-builder\0.62.2\flexmark-util-builder-0.62.2.jar;C:\Users\drago\.m2\repository\com\vladsch\flexmark\flexmark-util-collection\0.62.2\flexmark-util-collection-0.62.2.jar;C:\Users\drago\.m2\repository\com\vladsch\flexmark\flexmark-util-data\0.62.2\flexmark-util-data-0.62.2.jar;C:\Users\drago\.m2\repository\com\vladsch\flexmark\flexmark-util-dependency\0.62.2\flexmark-util-dependency-0.62.2.jar;C:\Users\drago\.m2\repository\com\vladsch\flexmark\flexmark-util-format\0.62.2\flexmark-util-format-0.62.2.jar;C:\Users\drago\.m2\repository\com\vladsch\flexmark\flexmark-util-html\0.62.2\flexmark-util-html-0.62.2.jar;C:\Users\drago\.m2\repository\com\vladsch\flexmark\flexmark-util-misc\0.62.2\flexmark-util-misc-0.62.2.jar;C:\Users\drago\.m2\repository\com\vladsch\flexmark\flexmark-util-options\0.62.2\flexmark-util-options-0.62.2.jar;C:\Users\drago\.m2\repository\com\vladsch\flexmark\flexmark-util-sequence\0.62.2\flexmark-util-sequence-0.62.2.jar;C:\Users\drago\.m2\repository\com\vladsch\flexmark\flexmark-util-visitor\0.62.2\flexmark-util-visitor-0.62.2.jar;C:\Users\drago\.m2\repository\com\vladsch\flexmark\flexmark-youtrack-converter\0.62.2\flexmark-youtrack-converter-0.62.2.jar;C:\Users\drago\.m2\repository\com\ibm\icu\icu4j\72.1\icu4j-72.1.jar;C:\Users\drago\.m2\repository\es\nitaur\markdown\txtmark\0.16\txtmark-0.16.jar;C:\Users\drago\.m2\repository\net\serenity-bdd\serenity-report-resources\3.6.21\serenity-report-resources-3.6.21.jar;C:\Users\drago\.m2\repository\com\google\code\gson\gson\2.10.1\gson-2.10.1.jar;C:\Users\drago\.m2\repository\com\fasterxml\jackson\core\jackson-core\2.15.0-rc1\jackson-core-2.15.0-rc1.jar;C:\Users\drago\.m2\repository\com\fasterxml\jackson\core\jackson-databind\2.15.0-rc1\jackson-databind-2.15.0-rc1.jar;C:\Users\drago\.m2\repository\com\fasterxml\jackson\core\jackson-annotations\2.15.0-rc1\jackson-annotations-2.15.0-rc1.jar;C:\Users\drago\.m2\repository\commons-codec\commons-codec\1.15\commons-codec-1.15.jar;C:\Users\drago\.m2\repository\commons-io\commons-io\2.11.0\commons-io-2.11.0.jar;C:\Users\drago\.m2\repository\org\apache\httpcomponents\httpclient\4.5.13\httpclient-4.5.13.jar;C:\Users\drago\.m2\repository\org\apache\httpcomponents\httpcore\4.4.13\httpcore-4.4.13.jar;C:\Users\drago\.m2\repository\commons-logging\commons-logging\1.2\commons-logging-1.2.jar;C:\Users\drago\.m2\repository\org\seleniumhq\selenium\selenium-java\4.8.1\selenium-java-4.8.1.jar;C:\Users\drago\.m2\repository\org\seleniumhq\selenium\selenium-devtools-v108\4.8.1\selenium-devtools-v108-4.8.1.jar;C:\Users\drago\.m2\repository\org\seleniumhq\selenium\selenium-devtools-v109\4.8.1\selenium-devtools-v109-4.8.1.jar;C:\Users\drago\.m2\repository\org\seleniumhq\selenium\selenium-devtools-v110\4.8.1\selenium-devtools-v110-4.8.1.jar;C:\Users\drago\.m2\repository\org\seleniumhq\selenium\selenium-devtools-v85\4.8.1\selenium-devtools-v85-4.8.1.jar;C:\Users\drago\.m2\repository\org\seleniumhq\selenium\selenium-remote-driver\4.8.1\selenium-remote-driver-4.8.1.jar;C:\Users\drago\.m2\repository\com\beust\jcommander\1.82\jcommander-1.82.jar;C:\Users\drago\.m2\repository\io\netty\netty-buffer\4.1.87.Final\netty-buffer-4.1.87.Final.jar;C:\Users\drago\.m2\repository\io\netty\netty-codec-http\4.1.87.Final\netty-codec-http-4.1.87.Final.jar;C:\Users\drago\.m2\repository\io\netty\netty-codec\4.1.87.Final\netty-codec-4.1.87.Final.jar;C:\Users\drago\.m2\repository\io\netty\netty-handler\4.1.87.Final\netty-handler-4.1.87.Final.jar;C:\Users\drago\.m2\repository\io\netty\netty-common\4.1.87.Final\netty-common-4.1.87.Final.jar;C:\Users\drago\.m2\repository\io\netty\netty-transport-classes-epoll\4.1.87.Final\netty-transport-classes-epoll-4.1.87.Final.jar;C:\Users\drago\.m2\repository\io\netty\netty-transport-classes-kqueue\4.1.87.Final\netty-transport-classes-kqueue-4.1.87.Final.jar;C:\Users\drago\.m2\repository\io\netty\netty-transport-native-epoll\4.1.87.Final\netty-transport-native-epoll-4.1.87.Final.jar;C:\Users\drago\.m2\repository\io\netty\netty-transport-native-kqueue\4.1.87.Final\netty-transport-native-kqueue-4.1.87.Final.jar;C:\Users\drago\.m2\repository\io\netty\netty-transport-native-unix-common\4.1.87.Final\netty-transport-native-unix-common-4.1.87.Final.jar;C:\Users\drago\.m2\repository\io\netty\netty-transport\4.1.87.Final\netty-transport-4.1.87.Final.jar;C:\Users\drago\.m2\repository\io\netty\netty-resolver\4.1.87.Final\netty-resolver-4.1.87.Final.jar;C:\Users\drago\.m2\repository\io\opentelemetry\opentelemetry-api\1.22.0\opentelemetry-api-1.22.0.jar;C:\Users\drago\.m2\repository\io\opentelemetry\opentelemetry-context\1.22.0\opentelemetry-context-1.22.0.jar;C:\Users\drago\.m2\repository\io\opentelemetry\opentelemetry-exporter-logging\1.22.0\opentelemetry-exporter-logging-1.22.0.jar;C:\Users\drago\.m2\repository\io\opentelemetry\opentelemetry-sdk-metrics\1.22.0\opentelemetry-sdk-metrics-1.22.0.jar;C:\Users\drago\.m2\repository\io\opentelemetry\opentelemetry-sdk-logs\1.22.0-alpha\opentelemetry-sdk-logs-1.22.0-alpha.jar;C:\Users\drago\.m2\repository\io\opentelemetry\opentelemetry-api-logs\1.22.0-alpha\opentelemetry-api-logs-1.22.0-alpha.jar;C:\Users\drago\.m2\repository\io\opentelemetry\opentelemetry-sdk-common\1.22.0\opentelemetry-sdk-common-1.22.0.jar;C:\Users\drago\.m2\repository\io\opentelemetry\opentelemetry-sdk-extension-autoconfigure-spi\1.22.0\opentelemetry-sdk-extension-autoconfigure-spi-1.22.0.jar;C:\Users\drago\.m2\repository\io\opentelemetry\opentelemetry-sdk-extension-autoconfigure\1.22.0-alpha\opentelemetry-sdk-extension-autoconfigure-1.22.0-alpha.jar;C:\Users\drago\.m2\repository\io\opentelemetry\opentelemetry-sdk-trace\1.22.0\opentelemetry-sdk-trace-1.22.0.jar;C:\Users\drago\.m2\repository\io\opentelemetry\opentelemetry-sdk\1.22.0\opentelemetry-sdk-1.22.0.jar;C:\Users\drago\.m2\repository\io\opentelemetry\opentelemetry-semconv\1.22.0-alpha\opentelemetry-semconv-1.22.0-alpha.jar;C:\Users\drago\.m2\repository\io\ous\jtoml\2.0.0\jtoml-2.0.0.jar;C:\Users\drago\.m2\repository\org\apache\commons\commons-exec\1.3\commons-exec-1.3.jar;C:\Users\drago\.m2\repository\org\asynchttpclient\async-http-client\2.12.3\async-http-client-2.12.3.jar;C:\Users\drago\.m2\repository\org\asynchttpclient\async-http-client-netty-utils\2.12.3\async-http-client-netty-utils-2.12.3.jar;C:\Users\drago\.m2\repository\io\netty\netty-codec-socks\4.1.60.Final\netty-codec-socks-4.1.60.Final.jar;C:\Users\drago\.m2\repository\io\netty\netty-handler-proxy\4.1.60.Final\netty-handler-proxy-4.1.60.Final.jar;C:\Users\drago\.m2\repository\io\netty\netty-transport-native-epoll\4.1.60.Final\netty-transport-native-epoll-4.1.60.Final-linux-x86_64.jar;C:\Users\drago\.m2\repository\io\netty\netty-transport-native-kqueue\4.1.60.Final\netty-transport-native-kqueue-4.1.60.Final-osx-x86_64.jar;C:\Users\drago\.m2\repository\org\reactivestreams\reactive-streams\1.0.3\reactive-streams-1.0.3.jar;C:\Users\drago\.m2\repository\com\typesafe\netty\netty-reactive-streams\2.0.4\netty-reactive-streams-2.0.4.jar;C:\Users\drago\.m2\repository\org\seleniumhq\selenium\selenium-manager\4.8.1\selenium-manager-4.8.1.jar;C:\Users\drago\.m2\repository\org\seleniumhq\selenium\selenium-safari-driver\4.8.1\selenium-safari-driver-4.8.1.jar;C:\Users\drago\.m2\repository\org\seleniumhq\selenium\selenium-api\4.8.1\selenium-api-4.8.1.jar;C:\Users\drago\.m2\repository\org\seleniumhq\selenium\selenium-support\4.8.1\selenium-support-4.8.1.jar;C:\Users\drago\.m2\repository\com\google\auto\service\auto-service-annotations\1.0.1\auto-service-annotations-1.0.1.jar;C:\Users\drago\.m2\repository\com\google\auto\service\auto-service\1.0.1\auto-service-1.0.1.jar;C:\Users\drago\.m2\repository\com\google\auto\auto-common\1.2\auto-common-1.2.jar;C:\Users\drago\.m2\repository\org\seleniumhq\selenium\selenium-json\4.8.1\selenium-json-4.8.1.jar;C:\Users\drago\.m2\repository\org\seleniumhq\selenium\selenium-chrome-driver\4.8.1\selenium-chrome-driver-4.8.1.jar;C:\Users\drago\.m2\repository\org\seleniumhq\selenium\selenium-chromium-driver\4.8.1\selenium-chromium-driver-4.8.1.jar;C:\Users\drago\.m2\repository\org\seleniumhq\selenium\selenium-firefox-driver\4.8.1\selenium-firefox-driver-4.8.1.jar;C:\Users\drago\.m2\repository\org\seleniumhq\selenium\selenium-http\4.8.1\selenium-http-4.8.1.jar;C:\Users\drago\.m2\repository\dev\failsafe\failsafe\3.3.0\failsafe-3.3.0.jar;C:\Users\drago\.m2\repository\org\seleniumhq\selenium\selenium-edge-driver\4.8.1\selenium-edge-driver-4.8.1.jar;C:\Users\drago\.m2\repository\org\seleniumhq\selenium\selenium-ie-driver\4.8.1\selenium-ie-driver-4.8.1.jar;C:\Users\drago\.m2\repository\org\projectlombok\lombok\1.18.20\lombok-1.18.20.jar;C:\Users\drago\.m2\repository\io\appium\java-client\8.3.0\java-client-8.3.0.jar;C:\Users\drago\.m2\repository\commons-validator\commons-validator\1.7\commons-validator-1.7.jar;C:\Users\drago\.m2\repository\commons-digester\commons-digester\2.1\commons-digester-2.1.jar;C:\Users\drago\.m2\repository\org\apache\groovy\groovy\4.0.10\groovy-4.0.10.jar;C:\Users\drago\.m2\repository\net\sf\opencsv\opencsv\2.0\opencsv-2.0.jar;C:\Users\drago\.m2\repository\commons-beanutils\commons-beanutils\1.9.4\commons-beanutils-1.9.4.jar;C:\Users\drago\.m2\repository\org\apache\commons\commons-lang3\3.12.0\commons-lang3-3.12.0.jar;C:\Users\drago\.m2\repository\commons-collections\commons-collections\3.2.2\commons-collections-3.2.2.jar;C:\Users\drago\.m2\repository\org\fluentlenium\fluentlenium-core\0.10.2\fluentlenium-core-0.10.2.jar;C:\Users\drago\.m2\repository\io\github\bonigarcia\webdrivermanager\5.3.0\webdrivermanager-5.3.0.jar;C:\Users\drago\.m2\repository\com\github\docker-java\docker-java\3.2.13\docker-java-3.2.13.jar;C:\Users\drago\.m2\repository\com\github\docker-java\docker-java-core\3.2.13\docker-java-core-3.2.13.jar;C:\Users\drago\.m2\repository\com\github\docker-java\docker-java-api\3.2.13\docker-java-api-3.2.13.jar;C:\Users\drago\.m2\repository\org\apache\commons\commons-compress\1.21\commons-compress-1.21.jar;C:\Users\drago\.m2\repository\org\bouncycastle\bcpkix-jdk15on\1.64\bcpkix-jdk15on-1.64.jar;C:\Users\drago\.m2\repository\org\bouncycastle\bcprov-jdk15on\1.64\bcprov-jdk15on-1.64.jar;C:\Users\drago\.m2\repository\org\slf4j\jcl-over-slf4j\1.7.30\jcl-over-slf4j-1.7.30.jar;C:\Users\drago\.m2\repository\com\github\docker-java\docker-java-transport-httpclient5\3.2.13\docker-java-transport-httpclient5-3.2.13.jar;C:\Users\drago\.m2\repository\com\github\docker-java\docker-java-transport\3.2.13\docker-java-transport-3.2.13.jar;C:\Users\drago\.m2\repository\net\java\dev\jna\jna\5.8.0\jna-5.8.0.jar;C:\Users\drago\.m2\repository\org\brotli\dec\0.1.2\dec-0.1.2.jar;C:\Users\drago\.m2\repository\org\apache\httpcomponents\client5\httpclient5\5.1.3\httpclient5-5.1.3.jar;C:\Users\drago\.m2\repository\org\apache\httpcomponents\core5\httpcore5\5.1.3\httpcore5-5.1.3.jar;C:\Users\drago\.m2\repository\org\apache\httpcomponents\core5\httpcore5-h2\5.1.3\httpcore5-h2-5.1.3.jar;C:\Users\drago\.m2\repository\com\jhlabs\filters\2.0.235\filters-2.0.235.jar;C:\Users\drago\.m2\repository\com\paulhammant\ngwebdriver\1.1.6\ngwebdriver-1.1.6.jar;C:\Users\drago\.m2\repository\joda-time\joda-time\2.12.2\joda-time-2.12.2.jar;C:\Users\drago\.m2\repository\org\hamcrest\hamcrest\2.2\hamcrest-2.2.jar;C:\Users\drago\.m2\repository\com\google\jimfs\jimfs\1.2\jimfs-1.2.jar;C:\Users\drago\.m2\repository\org\mockito\mockito-core\3.3.3\mockito-core-3.3.3.jar;C:\Users\drago\.m2\repository\javax\xml\bind\jaxb-api\2.3.1\jaxb-api-2.3.1.jar;C:\Users\drago\.m2\repository\javax\activation\javax.activation-api\1.2.0\javax.activation-api-1.2.0.jar;C:\Users\drago\.m2\repository\com\sun\xml\bind\jaxb-core\2.3.0.1\jaxb-core-2.3.0.1.jar;C:\Users\drago\.m2\repository\com\sun\xml\bind\jaxb-impl\2.3.3\jaxb-impl-2.3.3.jar;C:\Users\drago\.m2\repository\jakarta\xml\bind\jakarta.xml.bind-api\2.3.3\jakarta.xml.bind-api-2.3.3.jar;C:\Users\drago\.m2\repository\com\sun\activation\jakarta.activation\1.2.2\jakarta.activation-1.2.2.jar;C:\Users\drago\.m2\repository\javax\activation\activation\1.1.1\activation-1.1.1.jar;C:\Users\drago\.m2\repository\net\serenity-bdd\serenity-cucumber\3.6.21\serenity-cucumber-3.6.21.jar;C:\Users\drago\.m2\repository\io\cucumber\cucumber-core\7.11.0\cucumber-core-7.11.0.jar;C:\Users\drago\.m2\repository\io\cucumber\cucumber-gherkin\7.11.0\cucumber-gherkin-7.11.0.jar;C:\Users\drago\.m2\repository\io\cucumber\cucumber-gherkin-messages\7.11.0\cucumber-gherkin-messages-7.11.0.jar;C:\Users\drago\.m2\repository\io\cucumber\gherkin\26.0.3\gherkin-26.0.3.jar;C:\Users\drago\.m2\repository\io\cucumber\messages\21.0.1\messages-21.0.1.jar;C:\Users\drago\.m2\repository\io\cucumber\tag-expressions\5.0.1\tag-expressions-5.0.1.jar;C:\Users\drago\.m2\repository\io\cucumber\cucumber-expressions\16.1.1\cucumber-expressions-16.1.1.jar;C:\Users\drago\.m2\repository\io\cucumber\datatable\7.11.0\datatable-7.11.0.jar;C:\Users\drago\.m2\repository\io\cucumber\cucumber-plugin\7.11.0\cucumber-plugin-7.11.0.jar;C:\Users\drago\.m2\repository\io\cucumber\docstring\7.11.0\docstring-7.11.0.jar;C:\Users\drago\.m2\repository\io\cucumber\html-formatter\20.2.1\html-formatter-20.2.1.jar;C:\Users\drago\.m2\repository\io\cucumber\junit-xml-formatter\0.1.0\junit-xml-formatter-0.1.0.jar;C:\Users\drago\.m2\repository\io\cucumber\ci-environment\9.1.0\ci-environment-9.1.0.jar;C:\Users\drago\.m2\repository\io\cucumber\cucumber-java\7.11.0\cucumber-java-7.11.0.jar;C:\Users\drago\.m2\repository\io\cucumber\cucumber-junit\7.11.0\cucumber-junit-7.11.0.jar;C:\Users\drago\.m2\repository\org\apache\commons\commons-csv\1.5\commons-csv-1.5.jar;C:\Users\drago\.m2\repository\net\serenity-bdd\serenity-screenplay\3.6.21\serenity-screenplay-3.6.21.jar;C:\Users\drago\.m2\repository\net\serenity-bdd\serenity-screenplay-webdriver\3.6.21\serenity-screenplay-webdriver-3.6.21.jar;C:\Users\drago\.m2\repository\net\serenity-bdd\serenity-ensure\3.6.21\serenity-ensure-3.6.21.jar;C:\Users\drago\.m2\repository\net\serenity-bdd\serenity-junit\3.6.21\serenity-junit-3.6.21.jar;C:\Users\drago\.m2\repository\org\jetbrains\kotlin\kotlin-stdlib\1.8.10\kotlin-stdlib-1.8.10.jar;C:\Users\drago\.m2\repository\org\jetbrains\kotlin\kotlin-stdlib-common\1.8.10\kotlin-stdlib-common-1.8.10.jar;C:\Users\drago\.m2\repository\org\jetbrains\annotations\13.0\annotations-13.0.jar;C:\Users\drago\.m2\repository\org\junit\platform\junit-platform-launcher\1.8.2\junit-platform-launcher-1.8.2.jar;C:\Users\drago\.m2\repository\org\junit\platform\junit-platform-engine\1.8.2\junit-platform-engine-1.8.2.jar;C:\Users\drago\.m2\repository\org\opentest4j\opentest4j\1.2.0\opentest4j-1.2.0.jar;C:\Users\drago\.m2\repository\org\junit\platform\junit-platform-commons\1.8.2\junit-platform-commons-1.8.2.jar;C:\Users\drago\.m2\repository\org\apiguardian\apiguardian-api\1.1.2\apiguardian-api-1.1.2.jar;C:\Users\drago\.m2\repository\org\junit\jupiter\junit-jupiter-engine\5.8.2\junit-jupiter-engine-5.8.2.jar;C:\Users\drago\.m2\repository\org\junit\jupiter\junit-jupiter-api\5.8.2\junit-jupiter-api-5.8.2.jar;C:\Users\drago\.m2\repository\org\junit\vintage\junit-vintage-engine\5.8.2\junit-vintage-engine-5.8.2.jar;C:\Users\drago\.m2\repository\junit\junit\4.13.2\junit-4.13.2.jar;C:\Users\drago\.m2\repository\org\hamcrest\hamcrest-core\1.3\hamcrest-core-1.3.jar;C:\Users\drago\.m2\repository\ch\qos\logback\logback-classic\1.2.10\logback-classic-1.2.10.jar;C:\Users\drago\.m2\repository\ch\qos\logback\logback-core\1.2.10\logback-core-1.2.10.jar;C:\Users\drago\.m2\repository\org\slf4j\slf4j-api\1.7.32\slf4j-api-1.7.32.jar;C:\Users\drago\.m2\repository\org\assertj\assertj-core\3.23.1\assertj-core-3.23.1.jar;C:\Users\drago\.m2\repository\net\bytebuddy\byte-buddy\1.12.10\byte-buddy-1.12.10.jar;"/>
    <property name="sun.cpu.endian" value="little"/>
    <property name="user.home" value="C:\Users\drago"/>
    <property name="user.language" value="en"/>
    <property name="java.specification.vendor" value="Oracle Corporation"/>
    <property name="jdk.module.path" value="D:\JAVA\manusia\MP-WEB\target\MpWeb-1.0-SNAPSHOT.jar"/>
    <property name="java.version.date" value="2023-01-17"/>
    <property name="java.home" value="C:\Program Files\Java\jdk-19"/>
    <property name="file.separator" value="\"/>
    <property name="basedir" value="D:\JAVA\manusia\MP-WEB"/>
    <property name="java.vm.compressedOopsMode" value="32-bit"/>
    <property name="line.separator" value="&#10;"/>
    <property name="java.vm.specification.vendor" value="Oracle Corporation"/>
    <property name="java.specification.name" value="Java Platform API Specification"/>
    <property name="surefire.real.class.path" value="C:\Users\drago\.m2\repository\org\apache\maven\surefire\surefire-booter\3.0.0-M5\surefire-booter-3.0.0-M5.jar;C:\Users\drago\.m2\repository\org\apache\maven\surefire\surefire-api\3.0.0-M5\surefire-api-3.0.0-M5.jar;C:\Users\drago\.m2\repository\org\apache\maven\surefire\surefire-logger-api\3.0.0-M5\surefire-logger-api-3.0.0-M5.jar;C:\Users\drago\.m2\repository\org\apache\maven\surefire\surefire-shared-utils\3.0.0-M4\surefire-shared-utils-3.0.0-M4.jar;C:\Users\drago\.m2\repository\org\apache\maven\surefire\surefire-extensions-spi\3.0.0-M5\surefire-extensions-spi-3.0.0-M5.jar;D:\JAVA\manusia\MP-WEB\target\test-classes;C:\Users\drago\.m2\repository\net\serenity-bdd\serenity-core\3.6.21\serenity-core-3.6.21.jar;C:\Users\drago\.m2\repository\net\serenity-bdd\serenity-model\3.6.21\serenity-model-3.6.21.jar;C:\Users\drago\.m2\repository\org\apache\commons\commons-text\1.10.0\commons-text-1.10.0.jar;C:\Users\drago\.m2\repository\commons-net\commons-net\3.9.0\commons-net-3.9.0.jar;C:\Users\drago\.m2\repository\com\google\guava\guava\31.1-jre\guava-31.1-jre.jar;C:\Users\drago\.m2\repository\com\google\guava\failureaccess\1.0.1\failureaccess-1.0.1.jar;C:\Users\drago\.m2\repository\com\google\guava\listenablefuture\9999.0-empty-to-avoid-conflict-with-guava\listenablefuture-9999.0-empty-to-avoid-conflict-with-guava.jar;C:\Users\drago\.m2\repository\com\google\code\findbugs\jsr305\3.0.2\jsr305-3.0.2.jar;C:\Users\drago\.m2\repository\org\checkerframework\checker-qual\3.12.0\checker-qual-3.12.0.jar;C:\Users\drago\.m2\repository\com\google\errorprone\error_prone_annotations\2.11.0\error_prone_annotations-2.11.0.jar;C:\Users\drago\.m2\repository\com\google\j2objc\j2objc-annotations\1.3\j2objc-annotations-1.3.jar;C:\Users\drago\.m2\repository\com\google\inject\guice\5.1.0\guice-5.1.0.jar;C:\Users\drago\.m2\repository\javax\inject\javax.inject\1\javax.inject-1.jar;C:\Users\drago\.m2\repository\aopalliance\aopalliance\1.0\aopalliance-1.0.jar;C:\Users\drago\.m2\repository\org\jsoup\jsoup\1.14.3\jsoup-1.14.3.jar;C:\Users\drago\.m2\repository\com\thoughtworks\xstream\xstream\1.4.20\xstream-1.4.20.jar;C:\Users\drago\.m2\repository\io\github\x-stream\mxparser\1.2.2\mxparser-1.2.2.jar;C:\Users\drago\.m2\repository\xmlpull\xmlpull\1.1.3.1\xmlpull-1.1.3.1.jar;C:\Users\drago\.m2\repository\com\typesafe\config\1.4.2\config-1.4.2.jar;C:\Users\drago\.m2\repository\org\imgscalr\imgscalr-lib\4.2\imgscalr-lib-4.2.jar;C:\Users\drago\.m2\repository\org\awaitility\awaitility\4.2.0\awaitility-4.2.0.jar;C:\Users\drago\.m2\repository\org\freemarker\freemarker\2.3.31\freemarker-2.3.31.jar;C:\Users\drago\.m2\repository\io\github\classgraph\classgraph\4.8.138\classgraph-4.8.138.jar;C:\Users\drago\.m2\repository\net\sourceforge\jexcelapi\jxl\2.6.12\jxl-2.6.12.jar;C:\Users\drago\.m2\repository\net\bytebuddy\byte-buddy-agent\1.14.2\byte-buddy-agent-1.14.2.jar;C:\Users\drago\.m2\repository\org\objenesis\objenesis\3.3\objenesis-3.3.jar;C:\Users\drago\.m2\repository\net\serenity-bdd\serenity-reports\3.6.21\serenity-reports-3.6.21.jar;C:\Users\drago\.m2\repository\net\serenity-bdd\serenity-stats\3.6.21\serenity-stats-3.6.21.jar;C:\Users\drago\.m2\repository\net\serenity-bdd\serenity-reports-configuration\3.6.21\serenity-reports-configuration-3.6.21.jar;C:\Users\drago\.m2\repository\com\vladsch\flexmark\flexmark-all\0.62.2\flexmark-all-0.62.2.jar;C:\Users\drago\.m2\repository\com\vladsch\flexmark\flexmark\0.62.2\flexmark-0.62.2.jar;C:\Users\drago\.m2\repository\com\vladsch\flexmark\flexmark-ext-abbreviation\0.62.2\flexmark-ext-abbreviation-0.62.2.jar;C:\Users\drago\.m2\repository\com\vladsch\flexmark\flexmark-util\0.62.2\flexmark-util-0.62.2.jar;C:\Users\drago\.m2\repository\com\vladsch\flexmark\flexmark-ext-admonition\0.62.2\flexmark-ext-admonition-0.62.2.jar;C:\Users\drago\.m2\repository\com\vladsch\flexmark\flexmark-ext-anchorlink\0.62.2\flexmark-ext-anchorlink-0.62.2.jar;C:\Users\drago\.m2\repository\com\vladsch\flexmark\flexmark-ext-aside\0.62.2\flexmark-ext-aside-0.62.2.jar;C:\Users\drago\.m2\repository\com\vladsch\flexmark\flexmark-ext-attributes\0.62.2\flexmark-ext-attributes-0.62.2.jar;C:\Users\drago\.m2\repository\com\vladsch\flexmark\flexmark-ext-autolink\0.62.2\flexmark-ext-autolink-0.62.2.jar;C:\Users\drago\.m2\repository\org\nibor\autolink\autolink\0.6.0\autolink-0.6.0.jar;C:\Users\drago\.m2\repository\com\vladsch\flexmark\flexmark-ext-definition\0.62.2\flexmark-ext-definition-0.62.2.jar;C:\Users\drago\.m2\repository\com\vladsch\flexmark\flexmark-ext-emoji\0.62.2\flexmark-ext-emoji-0.62.2.jar;C:\Users\drago\.m2\repository\com\vladsch\flexmark\flexmark-ext-enumerated-reference\0.62.2\flexmark-ext-enumerated-reference-0.62.2.jar;C:\Users\drago\.m2\repository\com\vladsch\flexmark\flexmark-ext-escaped-character\0.62.2\flexmark-ext-escaped-character-0.62.2.jar;C:\Users\drago\.m2\repository\com\vladsch\flexmark\flexmark-ext-footnotes\0.62.2\flexmark-ext-footnotes-0.62.2.jar;C:\Users\drago\.m2\repository\com\vladsch\flexmark\flexmark-ext-gfm-issues\0.62.2\flexmark-ext-gfm-issues-0.62.2.jar;C:\Users\drago\.m2\repository\com\vladsch\flexmark\flexmark-ext-gfm-strikethrough\0.62.2\flexmark-ext-gfm-strikethrough-0.62.2.jar;C:\Users\drago\.m2\repository\com\vladsch\flexmark\flexmark-ext-gfm-tasklist\0.62.2\flexmark-ext-gfm-tasklist-0.62.2.jar;C:\Users\drago\.m2\repository\com\vladsch\flexmark\flexmark-ext-gfm-users\0.62.2\flexmark-ext-gfm-users-0.62.2.jar;C:\Users\drago\.m2\repository\com\vladsch\flexmark\flexmark-ext-gitlab\0.62.2\flexmark-ext-gitlab-0.62.2.jar;C:\Users\drago\.m2\repository\com\vladsch\flexmark\flexmark-ext-jekyll-front-matter\0.62.2\flexmark-ext-jekyll-front-matter-0.62.2.jar;C:\Users\drago\.m2\repository\com\vladsch\flexmark\flexmark-ext-jekyll-tag\0.62.2\flexmark-ext-jekyll-tag-0.62.2.jar;C:\Users\drago\.m2\repository\com\vladsch\flexmark\flexmark-ext-media-tags\0.62.2\flexmark-ext-media-tags-0.62.2.jar;C:\Users\drago\.m2\repository\com\vladsch\flexmark\flexmark-ext-macros\0.62.2\flexmark-ext-macros-0.62.2.jar;C:\Users\drago\.m2\repository\com\vladsch\flexmark\flexmark-ext-ins\0.62.2\flexmark-ext-ins-0.62.2.jar;C:\Users\drago\.m2\repository\com\vladsch\flexmark\flexmark-ext-xwiki-macros\0.62.2\flexmark-ext-xwiki-macros-0.62.2.jar;C:\Users\drago\.m2\repository\com\vladsch\flexmark\flexmark-ext-superscript\0.62.2\flexmark-ext-superscript-0.62.2.jar;C:\Users\drago\.m2\repository\com\vladsch\flexmark\flexmark-ext-tables\0.62.2\flexmark-ext-tables-0.62.2.jar;C:\Users\drago\.m2\repository\com\vladsch\flexmark\flexmark-ext-toc\0.62.2\flexmark-ext-toc-0.62.2.jar;C:\Users\drago\.m2\repository\com\vladsch\flexmark\flexmark-ext-typographic\0.62.2\flexmark-ext-typographic-0.62.2.jar;C:\Users\drago\.m2\repository\com\vladsch\flexmark\flexmark-ext-wikilink\0.62.2\flexmark-ext-wikilink-0.62.2.jar;C:\Users\drago\.m2\repository\com\vladsch\flexmark\flexmark-ext-yaml-front-matter\0.62.2\flexmark-ext-yaml-front-matter-0.62.2.jar;C:\Users\drago\.m2\repository\com\vladsch\flexmark\flexmark-ext-youtube-embedded\0.62.2\flexmark-ext-youtube-embedded-0.62.2.jar;C:\Users\drago\.m2\repository\com\vladsch\flexmark\flexmark-html2md-converter\0.62.2\flexmark-html2md-converter-0.62.2.jar;C:\Users\drago\.m2\repository\com\vladsch\flexmark\flexmark-jira-converter\0.62.2\flexmark-jira-converter-0.62.2.jar;C:\Users\drago\.m2\repository\com\vladsch\flexmark\flexmark-pdf-converter\0.62.2\flexmark-pdf-converter-0.62.2.jar;C:\Users\drago\.m2\repository\com\openhtmltopdf\openhtmltopdf-core\1.0.0\openhtmltopdf-core-1.0.0.jar;C:\Users\drago\.m2\repository\com\openhtmltopdf\openhtmltopdf-pdfbox\1.0.0\openhtmltopdf-pdfbox-1.0.0.jar;C:\Users\drago\.m2\repository\org\apache\pdfbox\pdfbox\2.0.16\pdfbox-2.0.16.jar;C:\Users\drago\.m2\repository\org\apache\pdfbox\fontbox\2.0.16\fontbox-2.0.16.jar;C:\Users\drago\.m2\repository\org\apache\pdfbox\xmpbox\2.0.16\xmpbox-2.0.16.jar;C:\Users\drago\.m2\repository\de\rototor\pdfbox\graphics2d\0.24\graphics2d-0.24.jar;C:\Users\drago\.m2\repository\com\openhtmltopdf\openhtmltopdf-rtl-support\1.0.0\openhtmltopdf-rtl-support-1.0.0.jar;C:\Users\drago\.m2\repository\com\openhtmltopdf\openhtmltopdf-jsoup-dom-converter\1.0.0\openhtmltopdf-jsoup-dom-converter-1.0.0.jar;C:\Users\drago\.m2\repository\com\vladsch\flexmark\flexmark-profile-pegdown\0.62.2\flexmark-profile-pegdown-0.62.2.jar;C:\Users\drago\.m2\repository\com\vladsch\flexmark\flexmark-util-ast\0.62.2\flexmark-util-ast-0.62.2.jar;C:\Users\drago\.m2\repository\com\vladsch\flexmark\flexmark-util-builder\0.62.2\flexmark-util-builder-0.62.2.jar;C:\Users\drago\.m2\repository\com\vladsch\flexmark\flexmark-util-collection\0.62.2\flexmark-util-collection-0.62.2.jar;C:\Users\drago\.m2\repository\com\vladsch\flexmark\flexmark-util-data\0.62.2\flexmark-util-data-0.62.2.jar;C:\Users\drago\.m2\repository\com\vladsch\flexmark\flexmark-util-dependency\0.62.2\flexmark-util-dependency-0.62.2.jar;C:\Users\drago\.m2\repository\com\vladsch\flexmark\flexmark-util-format\0.62.2\flexmark-util-format-0.62.2.jar;C:\Users\drago\.m2\repository\com\vladsch\flexmark\flexmark-util-html\0.62.2\flexmark-util-html-0.62.2.jar;C:\Users\drago\.m2\repository\com\vladsch\flexmark\flexmark-util-misc\0.62.2\flexmark-util-misc-0.62.2.jar;C:\Users\drago\.m2\repository\com\vladsch\flexmark\flexmark-util-options\0.62.2\flexmark-util-options-0.62.2.jar;C:\Users\drago\.m2\repository\com\vladsch\flexmark\flexmark-util-sequence\0.62.2\flexmark-util-sequence-0.62.2.jar;C:\Users\drago\.m2\repository\com\vladsch\flexmark\flexmark-util-visitor\0.62.2\flexmark-util-visitor-0.62.2.jar;C:\Users\drago\.m2\repository\com\vladsch\flexmark\flexmark-youtrack-converter\0.62.2\flexmark-youtrack-converter-0.62.2.jar;C:\Users\drago\.m2\repository\com\ibm\icu\icu4j\72.1\icu4j-72.1.jar;C:\Users\drago\.m2\repository\es\nitaur\markdown\txtmark\0.16\txtmark-0.16.jar;C:\Users\drago\.m2\repository\net\serenity-bdd\serenity-report-resources\3.6.21\serenity-report-resources-3.6.21.jar;C:\Users\drago\.m2\repository\com\google\code\gson\gson\2.10.1\gson-2.10.1.jar;C:\Users\drago\.m2\repository\com\fasterxml\jackson\core\jackson-core\2.15.0-rc1\jackson-core-2.15.0-rc1.jar;C:\Users\drago\.m2\repository\com\fasterxml\jackson\core\jackson-databind\2.15.0-rc1\jackson-databind-2.15.0-rc1.jar;C:\Users\drago\.m2\repository\com\fasterxml\jackson\core\jackson-annotations\2.15.0-rc1\jackson-annotations-2.15.0-rc1.jar;C:\Users\drago\.m2\repository\commons-codec\commons-codec\1.15\commons-codec-1.15.jar;C:\Users\drago\.m2\repository\commons-io\commons-io\2.11.0\commons-io-2.11.0.jar;C:\Users\drago\.m2\repository\org\apache\httpcomponents\httpclient\4.5.13\httpclient-4.5.13.jar;C:\Users\drago\.m2\repository\org\apache\httpcomponents\httpcore\4.4.13\httpcore-4.4.13.jar;C:\Users\drago\.m2\repository\commons-logging\commons-logging\1.2\commons-logging-1.2.jar;C:\Users\drago\.m2\repository\org\seleniumhq\selenium\selenium-java\4.8.1\selenium-java-4.8.1.jar;C:\Users\drago\.m2\repository\org\seleniumhq\selenium\selenium-devtools-v108\4.8.1\selenium-devtools-v108-4.8.1.jar;C:\Users\drago\.m2\repository\org\seleniumhq\selenium\selenium-devtools-v109\4.8.1\selenium-devtools-v109-4.8.1.jar;C:\Users\drago\.m2\repository\org\seleniumhq\selenium\selenium-devtools-v110\4.8.1\selenium-devtools-v110-4.8.1.jar;C:\Users\drago\.m2\repository\org\seleniumhq\selenium\selenium-devtools-v85\4.8.1\selenium-devtools-v85-4.8.1.jar;C:\Users\drago\.m2\repository\org\seleniumhq\selenium\selenium-remote-driver\4.8.1\selenium-remote-driver-4.8.1.jar;C:\Users\drago\.m2\repository\com\beust\jcommander\1.82\jcommander-1.82.jar;C:\Users\drago\.m2\repository\io\netty\netty-buffer\4.1.87.Final\netty-buffer-4.1.87.Final.jar;C:\Users\drago\.m2\repository\io\netty\netty-codec-http\4.1.87.Final\netty-codec-http-4.1.87.Final.jar;C:\Users\drago\.m2\repository\io\netty\netty-codec\4.1.87.Final\netty-codec-4.1.87.Final.jar;C:\Users\drago\.m2\repository\io\netty\netty-handler\4.1.87.Final\netty-handler-4.1.87.Final.jar;C:\Users\drago\.m2\repository\io\netty\netty-common\4.1.87.Final\netty-common-4.1.87.Final.jar;C:\Users\drago\.m2\repository\io\netty\netty-transport-classes-epoll\4.1.87.Final\netty-transport-classes-epoll-4.1.87.Final.jar;C:\Users\drago\.m2\repository\io\netty\netty-transport-classes-kqueue\4.1.87.Final\netty-transport-classes-kqueue-4.1.87.Final.jar;C:\Users\drago\.m2\repository\io\netty\netty-transport-native-epoll\4.1.87.Final\netty-transport-native-epoll-4.1.87.Final.jar;C:\Users\drago\.m2\repository\io\netty\netty-transport-native-kqueue\4.1.87.Final\netty-transport-native-kqueue-4.1.87.Final.jar;C:\Users\drago\.m2\repository\io\netty\netty-transport-native-unix-common\4.1.87.Final\netty-transport-native-unix-common-4.1.87.Final.jar;C:\Users\drago\.m2\repository\io\netty\netty-transport\4.1.87.Final\netty-transport-4.1.87.Final.jar;C:\Users\drago\.m2\repository\io\netty\netty-resolver\4.1.87.Final\netty-resolver-4.1.87.Final.jar;C:\Users\drago\.m2\repository\io\opentelemetry\opentelemetry-api\1.22.0\opentelemetry-api-1.22.0.jar;C:\Users\drago\.m2\repository\io\opentelemetry\opentelemetry-context\1.22.0\opentelemetry-context-1.22.0.jar;C:\Users\drago\.m2\repository\io\opentelemetry\opentelemetry-exporter-logging\1.22.0\opentelemetry-exporter-logging-1.22.0.jar;C:\Users\drago\.m2\repository\io\opentelemetry\opentelemetry-sdk-metrics\1.22.0\opentelemetry-sdk-metrics-1.22.0.jar;C:\Users\drago\.m2\repository\io\opentelemetry\opentelemetry-sdk-logs\1.22.0-alpha\opentelemetry-sdk-logs-1.22.0-alpha.jar;C:\Users\drago\.m2\repository\io\opentelemetry\opentelemetry-api-logs\1.22.0-alpha\opentelemetry-api-logs-1.22.0-alpha.jar;C:\Users\drago\.m2\repository\io\opentelemetry\opentelemetry-sdk-common\1.22.0\opentelemetry-sdk-common-1.22.0.jar;C:\Users\drago\.m2\repository\io\opentelemetry\opentelemetry-sdk-extension-autoconfigure-spi\1.22.0\opentelemetry-sdk-extension-autoconfigure-spi-1.22.0.jar;C:\Users\drago\.m2\repository\io\opentelemetry\opentelemetry-sdk-extension-autoconfigure\1.22.0-alpha\opentelemetry-sdk-extension-autoconfigure-1.22.0-alpha.jar;C:\Users\drago\.m2\repository\io\opentelemetry\opentelemetry-sdk-trace\1.22.0\opentelemetry-sdk-trace-1.22.0.jar;C:\Users\drago\.m2\repository\io\opentelemetry\opentelemetry-sdk\1.22.0\opentelemetry-sdk-1.22.0.jar;C:\Users\drago\.m2\repository\io\opentelemetry\opentelemetry-semconv\1.22.0-alpha\opentelemetry-semconv-1.22.0-alpha.jar;C:\Users\drago\.m2\repository\io\ous\jtoml\2.0.0\jtoml-2.0.0.jar;C:\Users\drago\.m2\repository\org\apache\commons\commons-exec\1.3\commons-exec-1.3.jar;C:\Users\drago\.m2\repository\org\asynchttpclient\async-http-client\2.12.3\async-http-client-2.12.3.jar;C:\Users\drago\.m2\repository\org\asynchttpclient\async-http-client-netty-utils\2.12.3\async-http-client-netty-utils-2.12.3.jar;C:\Users\drago\.m2\repository\io\netty\netty-codec-socks\4.1.60.Final\netty-codec-socks-4.1.60.Final.jar;C:\Users\drago\.m2\repository\io\netty\netty-handler-proxy\4.1.60.Final\netty-handler-proxy-4.1.60.Final.jar;C:\Users\drago\.m2\repository\io\netty\netty-transport-native-epoll\4.1.60.Final\netty-transport-native-epoll-4.1.60.Final-linux-x86_64.jar;C:\Users\drago\.m2\repository\io\netty\netty-transport-native-kqueue\4.1.60.Final\netty-transport-native-kqueue-4.1.60.Final-osx-x86_64.jar;C:\Users\drago\.m2\repository\org\reactivestreams\reactive-streams\1.0.3\reactive-streams-1.0.3.jar;C:\Users\drago\.m2\repository\com\typesafe\netty\netty-reactive-streams\2.0.4\netty-reactive-streams-2.0.4.jar;C:\Users\drago\.m2\repository\org\seleniumhq\selenium\selenium-manager\4.8.1\selenium-manager-4.8.1.jar;C:\Users\drago\.m2\repository\org\seleniumhq\selenium\selenium-safari-driver\4.8.1\selenium-safari-driver-4.8.1.jar;C:\Users\drago\.m2\repository\org\seleniumhq\selenium\selenium-api\4.8.1\selenium-api-4.8.1.jar;C:\Users\drago\.m2\repository\org\seleniumhq\selenium\selenium-support\4.8.1\selenium-support-4.8.1.jar;C:\Users\drago\.m2\repository\com\google\auto\service\auto-service-annotations\1.0.1\auto-service-annotations-1.0.1.jar;C:\Users\drago\.m2\repository\com\google\auto\service\auto-service\1.0.1\auto-service-1.0.1.jar;C:\Users\drago\.m2\repository\com\google\auto\auto-common\1.2\auto-common-1.2.jar;C:\Users\drago\.m2\repository\org\seleniumhq\selenium\selenium-json\4.8.1\selenium-json-4.8.1.jar;C:\Users\drago\.m2\repository\org\seleniumhq\selenium\selenium-chrome-driver\4.8.1\selenium-chrome-driver-4.8.1.jar;C:\Users\drago\.m2\repository\org\seleniumhq\selenium\selenium-chromium-driver\4.8.1\selenium-chromium-driver-4.8.1.jar;C:\Users\drago\.m2\repository\org\seleniumhq\selenium\selenium-firefox-driver\4.8.1\selenium-firefox-driver-4.8.1.jar;C:\Users\drago\.m2\repository\org\seleniumhq\selenium\selenium-http\4.8.1\selenium-http-4.8.1.jar;C:\Users\drago\.m2\repository\dev\failsafe\failsafe\3.3.0\failsafe-3.3.0.jar;C:\Users\drago\.m2\repository\org\seleniumhq\selenium\selenium-edge-driver\4.8.1\selenium-edge-driver-4.8.1.jar;C:\Users\drago\.m2\repository\org\seleniumhq\selenium\selenium-ie-driver\4.8.1\selenium-ie-driver-4.8.1.jar;C:\Users\drago\.m2\repository\org\projectlombok\lombok\1.18.20\lombok-1.18.20.jar;C:\Users\drago\.m2\repository\io\appium\java-client\8.3.0\java-client-8.3.0.jar;C:\Users\drago\.m2\repository\commons-validator\commons-validator\1.7\commons-validator-1.7.jar;C:\Users\drago\.m2\repository\commons-digester\commons-digester\2.1\commons-digester-2.1.jar;C:\Users\drago\.m2\repository\org\apache\groovy\groovy\4.0.10\groovy-4.0.10.jar;C:\Users\drago\.m2\repository\net\sf\opencsv\opencsv\2.0\opencsv-2.0.jar;C:\Users\drago\.m2\repository\commons-beanutils\commons-beanutils\1.9.4\commons-beanutils-1.9.4.jar;C:\Users\drago\.m2\repository\org\apache\commons\commons-lang3\3.12.0\commons-lang3-3.12.0.jar;C:\Users\drago\.m2\repository\commons-collections\commons-collections\3.2.2\commons-collections-3.2.2.jar;C:\Users\drago\.m2\repository\org\fluentlenium\fluentlenium-core\0.10.2\fluentlenium-core-0.10.2.jar;C:\Users\drago\.m2\repository\io\github\bonigarcia\webdrivermanager\5.3.0\webdrivermanager-5.3.0.jar;C:\Users\drago\.m2\repository\com\github\docker-java\docker-java\3.2.13\docker-java-3.2.13.jar;C:\Users\drago\.m2\repository\com\github\docker-java\docker-java-core\3.2.13\docker-java-core-3.2.13.jar;C:\Users\drago\.m2\repository\com\github\docker-java\docker-java-api\3.2.13\docker-java-api-3.2.13.jar;C:\Users\drago\.m2\repository\org\apache\commons\commons-compress\1.21\commons-compress-1.21.jar;C:\Users\drago\.m2\repository\org\bouncycastle\bcpkix-jdk15on\1.64\bcpkix-jdk15on-1.64.jar;C:\Users\drago\.m2\repository\org\bouncycastle\bcprov-jdk15on\1.64\bcprov-jdk15on-1.64.jar;C:\Users\drago\.m2\repository\org\slf4j\jcl-over-slf4j\1.7.30\jcl-over-slf4j-1.7.30.jar;C:\Users\drago\.m2\repository\com\github\docker-java\docker-java-transport-httpclient5\3.2.13\docker-java-transport-httpclient5-3.2.13.jar;C:\Users\drago\.m2\repository\com\github\docker-java\docker-java-transport\3.2.13\docker-java-transport-3.2.13.jar;C:\Users\drago\.m2\repository\net\java\dev\jna\jna\5.8.0\jna-5.8.0.jar;C:\Users\drago\.m2\repository\org\brotli\dec\0.1.2\dec-0.1.2.jar;C:\Users\drago\.m2\repository\org\apache\httpcomponents\client5\httpclient5\5.1.3\httpclient5-5.1.3.jar;C:\Users\drago\.m2\repository\org\apache\httpcomponents\core5\httpcore5\5.1.3\httpcore5-5.1.3.jar;C:\Users\drago\.m2\repository\org\apache\httpcomponents\core5\httpcore5-h2\5.1.3\httpcore5-h2-5.1.3.jar;C:\Users\drago\.m2\repository\com\jhlabs\filters\2.0.235\filters-2.0.235.jar;C:\Users\drago\.m2\repository\com\paulhammant\ngwebdriver\1.1.6\ngwebdriver-1.1.6.jar;C:\Users\drago\.m2\repository\joda-time\joda-time\2.12.2\joda-time-2.12.2.jar;C:\Users\drago\.m2\repository\org\hamcrest\hamcrest\2.2\hamcrest-2.2.jar;C:\Users\drago\.m2\repository\com\google\jimfs\jimfs\1.2\jimfs-1.2.jar;C:\Users\drago\.m2\repository\org\mockito\mockito-core\3.3.3\mockito-core-3.3.3.jar;C:\Users\drago\.m2\repository\javax\xml\bind\jaxb-api\2.3.1\jaxb-api-2.3.1.jar;C:\Users\drago\.m2\repository\javax\activation\javax.activation-api\1.2.0\javax.activation-api-1.2.0.jar;C:\Users\drago\.m2\repository\com\sun\xml\bind\jaxb-core\2.3.0.1\jaxb-core-2.3.0.1.jar;C:\Users\drago\.m2\repository\com\sun\xml\bind\jaxb-impl\2.3.3\jaxb-impl-2.3.3.jar;C:\Users\drago\.m2\repository\jakarta\xml\bind\jakarta.xml.bind-api\2.3.3\jakarta.xml.bind-api-2.3.3.jar;C:\Users\drago\.m2\repository\com\sun\activation\jakarta.activation\1.2.2\jakarta.activation-1.2.2.jar;C:\Users\drago\.m2\repository\javax\activation\activation\1.1.1\activation-1.1.1.jar;C:\Users\drago\.m2\repository\net\serenity-bdd\serenity-cucumber\3.6.21\serenity-cucumber-3.6.21.jar;C:\Users\drago\.m2\repository\io\cucumber\cucumber-core\7.11.0\cucumber-core-7.11.0.jar;C:\Users\drago\.m2\repository\io\cucumber\cucumber-gherkin\7.11.0\cucumber-gherkin-7.11.0.jar;C:\Users\drago\.m2\repository\io\cucumber\cucumber-gherkin-messages\7.11.0\cucumber-gherkin-messages-7.11.0.jar;C:\Users\drago\.m2\repository\io\cucumber\gherkin\26.0.3\gherkin-26.0.3.jar;C:\Users\drago\.m2\repository\io\cucumber\messages\21.0.1\messages-21.0.1.jar;C:\Users\drago\.m2\repository\io\cucumber\tag-expressions\5.0.1\tag-expressions-5.0.1.jar;C:\Users\drago\.m2\repository\io\cucumber\cucumber-expressions\16.1.1\cucumber-expressions-16.1.1.jar;C:\Users\drago\.m2\repository\io\cucumber\datatable\7.11.0\datatable-7.11.0.jar;C:\Users\drago\.m2\repository\io\cucumber\cucumber-plugin\7.11.0\cucumber-plugin-7.11.0.jar;C:\Users\drago\.m2\repository\io\cucumber\docstring\7.11.0\docstring-7.11.0.jar;C:\Users\drago\.m2\repository\io\cucumber\html-formatter\20.2.1\html-formatter-20.2.1.jar;C:\Users\drago\.m2\repository\io\cucumber\junit-xml-formatter\0.1.0\junit-xml-formatter-0.1.0.jar;C:\Users\drago\.m2\repository\io\cucumber\ci-environment\9.1.0\ci-environment-9.1.0.jar;C:\Users\drago\.m2\repository\io\cucumber\cucumber-java\7.11.0\cucumber-java-7.11.0.jar;C:\Users\drago\.m2\repository\io\cucumber\cucumber-junit\7.11.0\cucumber-junit-7.11.0.jar;C:\Users\drago\.m2\repository\org\apache\commons\commons-csv\1.5\commons-csv-1.5.jar;C:\Users\drago\.m2\repository\net\serenity-bdd\serenity-screenplay\3.6.21\serenity-screenplay-3.6.21.jar;C:\Users\drago\.m2\repository\net\serenity-bdd\serenity-screenplay-webdriver\3.6.21\serenity-screenplay-webdriver-3.6.21.jar;C:\Users\drago\.m2\repository\net\serenity-bdd\serenity-ensure\3.6.21\serenity-ensure-3.6.21.jar;C:\Users\drago\.m2\repository\net\serenity-bdd\serenity-junit\3.6.21\serenity-junit-3.6.21.jar;C:\Users\drago\.m2\repository\org\jetbrains\kotlin\kotlin-stdlib\1.8.10\kotlin-stdlib-1.8.10.jar;C:\Users\drago\.m2\repository\org\jetbrains\kotlin\kotlin-stdlib-common\1.8.10\kotlin-stdlib-common-1.8.10.jar;C:\Users\drago\.m2\repository\org\jetbrains\annotations\13.0\annotations-13.0.jar;C:\Users\drago\.m2\repository\org\junit\platform\junit-platform-launcher\1.8.2\junit-platform-launcher-1.8.2.jar;C:\Users\drago\.m2\repository\org\junit\platform\junit-platform-engine\1.8.2\junit-platform-engine-1.8.2.jar;C:\Users\drago\.m2\repository\org\opentest4j\opentest4j\1.2.0\opentest4j-1.2.0.jar;C:\Users\drago\.m2\repository\org\junit\platform\junit-platform-commons\1.8.2\junit-platform-commons-1.8.2.jar;C:\Users\drago\.m2\repository\org\apiguardian\apiguardian-api\1.1.2\apiguardian-api-1.1.2.jar;C:\Users\drago\.m2\repository\org\junit\jupiter\junit-jupiter-engine\5.8.2\junit-jupiter-engine-5.8.2.jar;C:\Users\drago\.m2\repository\org\junit\jupiter\junit-jupiter-api\5.8.2\junit-jupiter-api-5.8.2.jar;C:\Users\drago\.m2\repository\org\junit\vintage\junit-vintage-engine\5.8.2\junit-vintage-engine-5.8.2.jar;C:\Users\drago\.m2\repository\junit\junit\4.13.2\junit-4.13.2.jar;C:\Users\drago\.m2\repository\org\hamcrest\hamcrest-core\1.3\hamcrest-core-1.3.jar;C:\Users\drago\.m2\repository\ch\qos\logback\logback-classic\1.2.10\logback-classic-1.2.10.jar;C:\Users\drago\.m2\repository\ch\qos\logback\logback-core\1.2.10\logback-core-1.2.10.jar;C:\Users\drago\.m2\repository\org\slf4j\slf4j-api\1.7.32\slf4j-api-1.7.32.jar;C:\Users\drago\.m2\repository\org\assertj\assertj-core\3.23.1\assertj-core-3.23.1.jar;C:\Users\drago\.m2\repository\net\bytebuddy\byte-buddy\1.12.10\byte-buddy-1.12.10.jar;C:\Users\drago\.m2\repository\org\apache\maven\surefire\surefire-junit-platform\3.0.0-M5\surefire-junit-platform-3.0.0-M5.jar;C:\Users\drago\.m2\repository\org\apache\maven\surefire\common-java5\3.0.0-M5\common-java5-3.0.0-M5.jar"/>
    <property name="user.script" value=""/>
    <property name="java.protocol.handler.pkgs" value="com.google.common"/>
    <property name="sun.management.compiler" value="HotSpot 64-Bit Tiered Compilers"/>
    <property name="java.runtime.version" value="19.0.2+7-44"/>
    <property name="user.name" value="drago"/>
    <property name="stdout.encoding" value="Cp1252"/>
    <property name="path.separator" value=";"/>
    <property name="os.version" value="10.0"/>
    <property name="java.runtime.name" value="Java(TM) SE Runtime Environment"/>
    <property name="file.encoding" value="UTF-8"/>
    <property name="webdriver.base.url" value=""/>
    <property name="java.vm.name" value="Java HotSpot(TM) 64-Bit Server VM"/>
    <property name="localRepository" value="C:\Users\drago\.m2\repository"/>
    <property name="java.vendor.url.bug" value="https://bugreport.java.com/bugreport/"/>
    <property name="java.io.tmpdir" value="C:\Users\drago\AppData\Local\Temp\"/>
    <property name="java.version" value="19.0.2"/>
    <property name="user.dir" value="D:\JAVA\manusia\MP-WEB"/>
    <property name="os.arch" value="amd64"/>
    <property name="java.vm.specification.name" value="Java Virtual Machine Specification"/>
    <property name="sun.os.patch.level" value=""/>
    <property name="native.encoding" value="Cp1252"/>
    <property name="java.library.path" value="C:\Program Files\Java\jdk-19\bin;C:\WINDOWS\Sun\Java\bin;C:\WINDOWS\system32;C:\WINDOWS;C:\Program Files\Common Files\Oracle\Java\javapath;C:\WINDOWS\system32;C:\WINDOWS;C:\WINDOWS\System32\Wbem;C:\WINDOWS\System32\WindowsPowerShell\v1.0\;C:\WINDOWS\System32\OpenSSH\;C:\Program Files\apache-maven-3.8.8\bin;C:\Program Files\Java\jdk-19\bin;C:\Program Files\Common Files\Oracle\Java\javapath;C:\Program Files\apache-maven-3.8.8\bin;C:\Users\drago\AppData\Local\Android\Sdk;C:\Users\drago\AppData\Local\Android\Sdk\platform-tools;C:\Program Files\nodejs\;C:\Users\drago\AppData\Local\Microsoft\WindowsApps;;C:\Program Files\JetBrains\Intellij IDEA 2022.3.3\bin;;C:\Users\drago\IntelliJ IDEA Community Edition 2022.3.3\bin;;C:\Users\drago\AppData\Roaming\npm;."/>
    <property name="java.vm.info" value="mixed mode"/>
    <property name="stderr.encoding" value="Cp1252"/>
    <property name="java.vendor" value="Oracle Corporation"/>
    <property name="java.vm.version" value="19.0.2+7-44"/>
    <property name="sun.io.unicode.encoding" value="UnicodeLittle"/>
    <property name="java.class.version" value="63.0"/>
  </properties>
  <testcase name="when i finish shopping i want to logout" classname="As User if i finished shopping so i want to log out" time="37.768">
    <system-out><![CDATA[16:09:00.972 [main] DEBUG net.thucydides.core.guice.Injectors - Created injector for module net.thucydides.core.guice.ThucydidesModule
16:09:01.387 [main] DEBUG io.cucumber.core.plugin.SerenityReporter - Running feature from file:///D:/JAVA/manusia/MP-WEB/src/test/resources/features.web/LogOut.feature
16:09:01.388 [main] WARN io.cucumber.core.plugin.SerenityReporter - Feature from file:///D:/JAVA/manusia/MP-WEB/src/test/resources/features.web/LogOut.feature is not under the 'features' directory. Requirements report will not be correctly generated!
16:09:01.634 [main] DEBUG net.thucydides.core.guice.Injectors - Created injector for module net.thucydides.core.guice.webdriver.WebDriverModule
16:09:01.667 [main] INFO  - 

-------------------------------------------------------------------------------------
     _______. _______ .______       _______ .__   __.  __  .___________.____    ____ 
    /       ||   ____||   _  \     |   ____||  \ |  | |  | |           |\   \  /   / 
   |   (----`|  |__   |  |_)  |    |  |__   |   \|  | |  | `---|  |----` \   \/   /  
    \   \    |   __|  |      /     |   __|  |  . `  | |  |     |  |       \_    _/   
.----)   |   |  |____ |  |\  \----.|  |____ |  |\   | |  |     |  |         |  |     
|_______/    |_______|| _| `._____||_______||__| \__| |__|     |__|         |__|    
                                                                                     
 News and tutorials at http://www.serenity-bdd.info                                  
 Documentation at https://wakaleo.gitbooks.io/the-serenity-book/content/             
 Join the Serenity Community on Gitter: https://gitter.im/serenity-bdd/serenity-core 
 Serenity BDD Support and Training at http://serenity-bdd.info/#/trainingandsupport  
-------------------------------------------------------------------------------------

16:09:01.669 [main] DEBUG net.thucydides.core.steps.StepEventBus - Test suite started for story net.thucydides.core.model.Story@9753e131
16:09:01.671 [main] INFO  - Test Suite Started: As User if i finished shopping so i want to log out
16:09:01.694 [main] DEBUG io.cucumber.core.plugin.SerenityReporter - Running feature from file:///D:/JAVA/manusia/MP-WEB/src/test/resources/features.web/Login.feature
16:09:01.694 [main] WARN io.cucumber.core.plugin.SerenityReporter - Feature from file:///D:/JAVA/manusia/MP-WEB/src/test/resources/features.web/Login.feature is not under the 'features' directory. Requirements report will not be correctly generated!
16:09:01.699 [main] DEBUG net.thucydides.core.steps.StepEventBus - Test suite started for story net.thucydides.core.model.Story@dddc2441
16:09:01.700 [main] INFO  - Test Suite Started: As a user i want to success login so that i can see product page
16:09:01.700 [main] DEBUG io.cucumber.core.plugin.SerenityReporter - Running feature from file:///D:/JAVA/manusia/MP-WEB/src/test/resources/features.web/product.feature
16:09:01.700 [main] WARN io.cucumber.core.plugin.SerenityReporter - Feature from file:///D:/JAVA/manusia/MP-WEB/src/test/resources/features.web/product.feature is not under the 'features' directory. Requirements report will not be correctly generated!
16:09:01.705 [main] DEBUG net.thucydides.core.steps.StepEventBus - Test suite started for story net.thucydides.core.model.Story@d1564f60
16:09:01.705 [main] INFO  - Test Suite Started: As user i want to choose the product in altashop
16:09:01.706 [main] DEBUG io.cucumber.core.plugin.SerenityReporter - Running feature from file:///D:/JAVA/manusia/MP-WEB/src/test/resources/features.web/LogOut.feature
16:09:01.706 [main] WARN io.cucumber.core.plugin.SerenityReporter - Feature from file:///D:/JAVA/manusia/MP-WEB/src/test/resources/features.web/LogOut.feature is not under the 'features' directory. Requirements report will not be correctly generated!
16:09:01.709 [main] DEBUG net.thucydides.core.steps.StepEventBus - Test suite started for story net.thucydides.core.model.Story@9753e131
16:09:01.709 [main] INFO  - Test Suite Started: As User if i finished shopping so i want to log out

Scenario: when i finish shopping i want to logout &amp#27;[90m# src/test/resources/features.web/LogOut.feature:3&amp#27;[0m
16:09:01.830 [main] DEBUG io.cucumber.core.plugin.SerenityReporter - Running feature from file:///D:/JAVA/manusia/MP-WEB/src/test/resources/features.web/LogOut.feature
16:09:01.831 [main] WARN io.cucumber.core.plugin.SerenityReporter - Feature from file:///D:/JAVA/manusia/MP-WEB/src/test/resources/features.web/LogOut.feature is not under the 'features' directory. Requirements report will not be correctly generated!
16:09:01.961 [main] INFO  - 
  _____   ___   ___   _____     ___   _____     _     ___   _____   ___   ___  
 |_   _| | __| / __| |_   _|   / __| |_   _|   /_\   | _ \ |_   _| | __| |   \ 
   | |   | _|  \__ \   | |     \__ \   | |    / _ \  |   /   | |   | _|  | |) |
   |_|   |___| |___/   |_|     |___/   |_|   /_/ \_\ |_|_\   |_|   |___| |___/ 

when i finish shopping i want to logout(as-user-if-i-finished-shopping-so-i-want-to-log-out;when-i-finish-shopping-i-want-to-logout)
--------------------------------------------------------------------------------
16:09:03.335 [main] DEBUG net.thucydides.core.steps.StepInterceptor - STARTING STEP: LogOutSteps.AUserOnLoginPage - AUserOnLoginPage
16:09:03.798 [main] INFO net.serenitybdd.core.webdriver.driverproviders.ChromeDriverProvider - Starting Chrome driver instance with capabilities:
16:09:03.799 [main] INFO net.serenitybdd.core.webdriver.driverproviders.ChromeDriverProvider - Capabilities {acceptInsecureCerts: true, browserName: chrome, goog:chromeOptions: {args: [remote-allow-origins=*, test-type, no-sandbox, ignore-certificate-errors, --window-size=1000,800, incognito, disable-infobars, disable-gpu, disable-default-apps, disable-popup-blocking, remote-allow-origins=*, test-type, no-sandbox, ignore-certificate-errors, --window-size=1000,800, incognito, disable-infobars, disable-gpu, disable-default-apps, disable-popup-blocking, remote-allow-origins=*], extensions: []}}
16:09:07.274 [main] DEBUG io.netty.util.internal.logging.InternalLoggerFactory - Using SLF4J as the default logging framework
16:09:07.283 [main] DEBUG io.netty.util.ResourceLeakDetector - -Dio.netty.leakDetection.level: simple
16:09:07.283 [main] DEBUG io.netty.util.ResourceLeakDetector - -Dio.netty.leakDetection.targetRecords: 4
16:09:07.304 [main] DEBUG io.netty.util.ResourceLeakDetectorFactory - Loaded default ResourceLeakDetector: io.netty.util.ResourceLeakDetector@3b97907c
16:09:07.344 [main] DEBUG io.netty.util.internal.PlatformDependent0 - -Dio.netty.noUnsafe: false
16:09:07.344 [main] DEBUG io.netty.util.internal.PlatformDependent0 - Java version: 19
16:09:07.346 [main] DEBUG io.netty.util.internal.PlatformDependent0 - sun.misc.Unsafe.theUnsafe: available
16:09:07.347 [main] DEBUG io.netty.util.internal.PlatformDependent0 - sun.misc.Unsafe.copyMemory: available
16:09:07.348 [main] DEBUG io.netty.util.internal.PlatformDependent0 - sun.misc.Unsafe.storeFence: available
16:09:07.349 [main] DEBUG io.netty.util.internal.PlatformDependent0 - java.nio.Buffer.address: available
16:09:07.349 [main] DEBUG io.netty.util.internal.PlatformDependent0 - direct buffer constructor: unavailable: Reflective setAccessible(true) disabled
16:09:07.351 [main] DEBUG io.netty.util.internal.PlatformDependent0 - java.nio.Bits.unaligned: available, true
16:09:07.353 [main] DEBUG io.netty.util.internal.PlatformDependent0 - jdk.internal.misc.Unsafe.allocateUninitializedArray(int): unavailable: class io.netty.util.internal.PlatformDependent0$7 cannot access class jdk.internal.misc.Unsafe (in module java.base) because module java.base does not export jdk.internal.misc to unnamed module @696da30b
16:09:07.354 [main] DEBUG io.netty.util.internal.PlatformDependent0 - java.nio.DirectByteBuffer.<init>(long, int): unavailable
16:09:07.354 [main] DEBUG io.netty.util.internal.PlatformDependent - sun.misc.Unsafe: available
16:09:07.357 [main] DEBUG io.netty.util.internal.PlatformDependent - maxDirectMemory: 2105540608 bytes (maybe)
16:09:07.357 [main] DEBUG io.netty.util.internal.PlatformDependent - -Dio.netty.tmpdir: C:\Users\drago\AppData\Local\Temp (java.io.tmpdir)
16:09:07.357 [main] DEBUG io.netty.util.internal.PlatformDependent - -Dio.netty.bitMode: 64 (sun.arch.data.model)
16:09:07.358 [main] DEBUG io.netty.util.internal.PlatformDependent - Platform: Windows
16:09:07.359 [main] DEBUG io.netty.util.internal.PlatformDependent - -Dio.netty.maxDirectMemory: -1 bytes
16:09:07.359 [main] DEBUG io.netty.util.internal.PlatformDependent - -Dio.netty.uninitializedArrayAllocationThreshold: -1
16:09:07.361 [main] DEBUG io.netty.util.internal.CleanerJava9 - java.nio.ByteBuffer.cleaner(): available
16:09:07.361 [main] DEBUG io.netty.util.internal.PlatformDependent - -Dio.netty.noPreferDirect: false
16:09:07.371 [main] DEBUG io.netty.util.internal.PlatformDependent - org.jctools-core.MpscChunkedArrayQueue: available
16:09:07.551 [main] DEBUG io.netty.util.internal.InternalThreadLocalMap - -Dio.netty.threadLocalMap.stringBuilder.initialSize: 1024
16:09:07.551 [main] DEBUG io.netty.util.internal.InternalThreadLocalMap - -Dio.netty.threadLocalMap.stringBuilder.maxSize: 4096
16:09:07.803 [main] DEBUG io.netty.handler.ssl.JdkSslContext - Default protocols (JDK): [TLSv1.3, TLSv1.2] 
16:09:07.803 [main] DEBUG io.netty.handler.ssl.JdkSslContext - Default cipher suites (JDK): [TLS_ECDHE_ECDSA_WITH_AES_256_GCM_SHA384, TLS_ECDHE_ECDSA_WITH_AES_128_GCM_SHA256, TLS_ECDHE_RSA_WITH_AES_128_GCM_SHA256, TLS_ECDHE_RSA_WITH_AES_256_GCM_SHA384, TLS_ECDHE_RSA_WITH_AES_128_CBC_SHA, TLS_ECDHE_RSA_WITH_AES_256_CBC_SHA, TLS_RSA_WITH_AES_128_GCM_SHA256, TLS_RSA_WITH_AES_128_CBC_SHA, TLS_RSA_WITH_AES_256_CBC_SHA, TLS_AES_128_GCM_SHA256, TLS_AES_256_GCM_SHA384]
16:09:07.872 [main] DEBUG io.netty.channel.MultithreadEventLoopGroup - -Dio.netty.eventLoopThreads: 16
16:09:07.891 [main] DEBUG io.netty.channel.nio.NioEventLoop - -Dio.netty.noKeySetOptimization: false
16:09:07.891 [main] DEBUG io.netty.channel.nio.NioEventLoop - -Dio.netty.selectorAutoRebuildThreshold: 512
16:09:08.022 [main] DEBUG io.netty.buffer.PooledByteBufAllocator - -Dio.netty.allocator.numHeapArenas: 16
16:09:08.022 [main] DEBUG io.netty.buffer.PooledByteBufAllocator - -Dio.netty.allocator.numDirectArenas: 16
16:09:08.022 [main] DEBUG io.netty.buffer.PooledByteBufAllocator - -Dio.netty.allocator.pageSize: 8192
16:09:08.022 [main] DEBUG io.netty.buffer.PooledByteBufAllocator - -Dio.netty.allocator.maxOrder: 9
16:09:08.022 [main] DEBUG io.netty.buffer.PooledByteBufAllocator - -Dio.netty.allocator.chunkSize: 4194304
16:09:08.022 [main] DEBUG io.netty.buffer.PooledByteBufAllocator - -Dio.netty.allocator.smallCacheSize: 256
16:09:08.022 [main] DEBUG io.netty.buffer.PooledByteBufAllocator - -Dio.netty.allocator.normalCacheSize: 64
16:09:08.022 [main] DEBUG io.netty.buffer.PooledByteBufAllocator - -Dio.netty.allocator.maxCachedBufferCapacity: 32768
16:09:08.023 [main] DEBUG io.netty.buffer.PooledByteBufAllocator - -Dio.netty.allocator.cacheTrimInterval: 8192
16:09:08.023 [main] DEBUG io.netty.buffer.PooledByteBufAllocator - -Dio.netty.allocator.cacheTrimIntervalMillis: 0
16:09:08.023 [main] DEBUG io.netty.buffer.PooledByteBufAllocator - -Dio.netty.allocator.useCacheForAllThreads: false
16:09:08.023 [main] DEBUG io.netty.buffer.PooledByteBufAllocator - -Dio.netty.allocator.maxCachedByteBuffersPerChunk: 1023
16:09:08.046 [main] DEBUG io.netty.buffer.ByteBufUtil - -Dio.netty.allocator.type: pooled
16:09:08.046 [main] DEBUG io.netty.buffer.ByteBufUtil - -Dio.netty.threadLocalDirectBufferSize: 0
16:09:08.046 [main] DEBUG io.netty.buffer.ByteBufUtil - -Dio.netty.maxThreadLocalCharBufferSize: 16384
16:09:11.875 [Forwarding newSession on session null to remote] DEBUG io.netty.channel.DefaultChannelId - -Dio.netty.processId: 10912 (auto-detected)
16:09:11.891 [Forwarding newSession on session null to remote] DEBUG io.netty.util.NetUtil - -Djava.net.preferIPv4Stack: false
16:09:11.891 [Forwarding newSession on session null to remote] DEBUG io.netty.util.NetUtil - -Djava.net.preferIPv6Addresses: false
16:09:11.929 [Forwarding newSession on session null to remote] DEBUG io.netty.util.NetUtilInitializations - Loopback interface: lo (Software Loopback Interface 1, 127.0.0.1)
16:09:11.930 [Forwarding newSession on session null to remote] DEBUG io.netty.util.NetUtil - Failed to get SOMAXCONN from sysctl and file \proc\sys\net\core\somaxconn. Default: 200
16:09:11.970 [Forwarding newSession on session null to remote] DEBUG io.netty.channel.DefaultChannelId - -Dio.netty.machineId: dc:fb:48:ff:fe:da:a0:de (auto-detected)
16:09:12.065 [AsyncHttpClient-1-2] DEBUG io.netty.buffer.AbstractByteBuf - -Dio.netty.buffer.checkAccessible: true
16:09:12.065 [AsyncHttpClient-1-2] DEBUG io.netty.buffer.AbstractByteBuf - -Dio.netty.buffer.checkBounds: true
16:09:12.065 [AsyncHttpClient-1-2] DEBUG io.netty.util.ResourceLeakDetectorFactory - Loaded default ResourceLeakDetector: io.netty.util.ResourceLeakDetector@3556051f
16:09:12.091 [AsyncHttpClient-1-2] DEBUG org.asynchttpclient.netty.channel.NettyConnectListener - Using new Channel '[id: 0x00791a21, L:/127.0.0.1:50290 - R:localhost/127.0.0.1:9599]' for 'POST' to '/session'
16:09:12.138 [AsyncHttpClient-1-2] DEBUG io.netty.util.Recycler - -Dio.netty.recycler.maxCapacityPerThread: 4096
16:09:12.138 [AsyncHttpClient-1-2] DEBUG io.netty.util.Recycler - -Dio.netty.recycler.ratio: 8
16:09:12.138 [AsyncHttpClient-1-2] DEBUG io.netty.util.Recycler - -Dio.netty.recycler.chunkSize: 32
16:09:12.138 [AsyncHttpClient-1-2] DEBUG io.netty.util.Recycler - -Dio.netty.recycler.blocking: false
16:09:15.956 [AsyncHttpClient-1-2] DEBUG io.netty.handler.codec.compression.Brotli - brotli4j not in the classpath; Brotli support will be unavailable.
16:09:15.956 [AsyncHttpClient-1-2] DEBUG org.asynchttpclient.netty.handler.HttpHandler - 

Request DefaultHttpRequest(decodeResult: success, version: HTTP/1.1)
POST /session HTTP/1.1
User-Agent: selenium/4.8.1 (java windows)
Content-Length: 1729
Content-Type: application/json; charset=utf-8
host: localhost:9599
accept: */*

Response DefaultHttpResponse(decodeResult: success, version: HTTP/1.1)
HTTP/1.1 200 OK
Content-Length: 857
Content-Type: application/json; charset=utf-8
cache-control: no-cache

16:09:16.070 [AsyncHttpClient-1-2] DEBUG org.asynchttpclient.netty.channel.ChannelManager - Adding key: http://localhost:9599 for channel [id: 0x00791a21, L:/127.0.0.1:50290 - R:localhost/127.0.0.1:9599]
16:09:16.580 [AsyncHttpClient-1-1] DEBUG org.asynchttpclient.netty.channel.DefaultChannelPool - Entry count for : http://localhost:9599 : 1
16:09:17.094 [AsyncHttpClient-1-3] DEBUG org.asynchttpclient.netty.channel.NettyConnectListener - Using new Channel '[id: 0x0500d2b8, L:/127.0.0.1:50298 - R:localhost/127.0.0.1:50291]' for 'GET' to '/json/version'
16:09:17.101 [AsyncHttpClient-1-3] DEBUG org.asynchttpclient.netty.handler.HttpHandler - 

Request DefaultFullHttpRequest(decodeResult: success, version: HTTP/1.1, content: EmptyByteBufBE)
GET /json/version HTTP/1.1
User-Agent: selenium/4.8.1 (java windows)
host: localhost:50291
accept: */*

Response DefaultHttpResponse(decodeResult: success, version: HTTP/1.1)
HTTP/1.1 200 OK
Content-Security-Policy: frame-ancestors 'none'
Content-Length: 422
Content-Type: application/json; charset=UTF-8

16:09:17.102 [AsyncHttpClient-1-3] DEBUG org.asynchttpclient.netty.channel.ChannelManager - Adding key: http://localhost:50291 for channel [id: 0x0500d2b8, L:/127.0.0.1:50298 - R:localhost/127.0.0.1:50291]
16:09:17.120 [main] DEBUG io.netty.util.internal.ThreadLocalRandom - -Dio.netty.initialSeedUniquifier: 0xb41ccce0faf3b999
16:09:17.126 [AsyncHttpClient-1-4] DEBUG org.asynchttpclient.netty.channel.NettyConnectListener - Using new Channel '[id: 0x696f18b4, L:/127.0.0.1:50299 - R:localhost/127.0.0.1:50291]' for 'GET' to '/devtools/browser/b21a564a-043d-4752-bf3e-3fa956a61460'
16:09:17.135 [AsyncHttpClient-1-4] DEBUG org.asynchttpclient.netty.handler.WebSocketHandler - 

Request DefaultFullHttpRequest(decodeResult: success, version: HTTP/1.1, content: EmptyByteBufBE)
GET /devtools/browser/b21a564a-043d-4752-bf3e-3fa956a61460 HTTP/1.1
upgrade: websocket
connection: upgrade
sec-websocket-key: rIvvOCmuCjR2BSghoUBvAA==
sec-websocket-version: 13
origin: http://localhost:50291
host: localhost:50291
accept: */*
user-agent: AHC/2.1

Response DefaultHttpResponse(decodeResult: success, version: HTTP/1.1)
HTTP/1.1 101 WebSocket Protocol Handshake
Upgrade: WebSocket
Connection: Upgrade
Sec-WebSocket-Accept: 2PD8u8RSp67kTCy16p1jY9RdLck=

16:09:17.691 [AsyncHttpClient-1-1] DEBUG org.asynchttpclient.netty.channel.DefaultChannelPool - Entry count for : http://localhost:50291 : 1
16:09:17.691 [AsyncHttpClient-1-1] DEBUG org.asynchttpclient.netty.channel.DefaultChannelPool - Entry count for : http://localhost:9599 : 1
16:09:18.781 [AsyncHttpClient-1-1] DEBUG org.asynchttpclient.netty.channel.DefaultChannelPool - Entry count for : http://localhost:50291 : 1
16:09:18.781 [AsyncHttpClient-1-1] DEBUG org.asynchttpclient.netty.channel.DefaultChannelPool - Entry count for : http://localhost:9599 : 1
16:09:19.465 [Forwarding get on session c53d8246807f09cab1a1e62b9f3bd216 to remote] DEBUG org.asynchttpclient.netty.request.NettyRequestSender - Using pooled Channel '[id: 0x00791a21, L:/127.0.0.1:50290 - R:localhost/127.0.0.1:9599]' for 'POST' to 'http://localhost:9599/session/c53d8246807f09cab1a1e62b9f3bd216/url'
16:09:19.465 [Forwarding get on session c53d8246807f09cab1a1e62b9f3bd216 to remote] DEBUG org.asynchttpclient.netty.request.NettyRequestSender - Using open Channel [id: 0x00791a21, L:/127.0.0.1:50290 - R:localhost/127.0.0.1:9599] for POST '/session/c53d8246807f09cab1a1e62b9f3bd216/url'
16:09:19.886 [AsyncHttpClient-1-1] DEBUG org.asynchttpclient.netty.channel.DefaultChannelPool - Entry count for : http://localhost:50291 : 1
16:09:20.283 [AsyncHttpClient-1-2] DEBUG org.asynchttpclient.netty.handler.HttpHandler - 

Request DefaultHttpRequest(decodeResult: success, version: HTTP/1.1)
POST /session/c53d8246807f09cab1a1e62b9f3bd216/url HTTP/1.1
User-Agent: selenium/4.8.1 (java windows)
Content-Length: 74
Content-Type: application/json; charset=utf-8
host: localhost:9599
accept: */*

Response DefaultHttpResponse(decodeResult: success, version: HTTP/1.1)
HTTP/1.1 200 OK
Content-Length: 14
Content-Type: application/json; charset=utf-8
cache-control: no-cache

16:09:20.284 [AsyncHttpClient-1-2] DEBUG org.asynchttpclient.netty.channel.ChannelManager - Adding key: http://localhost:9599 for channel [id: 0x00791a21, L:/127.0.0.1:50290 - R:localhost/127.0.0.1:9599]
16:09:20.295 [Forwarding setTimeout on session c53d8246807f09cab1a1e62b9f3bd216 to remote] DEBUG org.asynchttpclient.netty.request.NettyRequestSender - Using pooled Channel '[id: 0x00791a21, L:/127.0.0.1:50290 - R:localhost/127.0.0.1:9599]' for 'POST' to 'http://localhost:9599/session/c53d8246807f09cab1a1e62b9f3bd216/timeouts'
16:09:20.295 [Forwarding setTimeout on session c53d8246807f09cab1a1e62b9f3bd216 to remote] DEBUG org.asynchttpclient.netty.request.NettyRequestSender - Using open Channel [id: 0x00791a21, L:/127.0.0.1:50290 - R:localhost/127.0.0.1:9599] for POST '/session/c53d8246807f09cab1a1e62b9f3bd216/timeouts'
16:09:20.299 [AsyncHttpClient-1-2] DEBUG org.asynchttpclient.netty.handler.HttpHandler - 

Request DefaultHttpRequest(decodeResult: success, version: HTTP/1.1)
POST /session/c53d8246807f09cab1a1e62b9f3bd216/timeouts HTTP/1.1
User-Agent: selenium/4.8.1 (java windows)
Content-Length: 22
Content-Type: application/json; charset=utf-8
host: localhost:9599
accept: */*

Response DefaultHttpResponse(decodeResult: success, version: HTTP/1.1)
HTTP/1.1 200 OK
Content-Length: 14
Content-Type: application/json; charset=utf-8
cache-control: no-cache

16:09:20.300 [AsyncHttpClient-1-2] DEBUG org.asynchttpclient.netty.channel.ChannelManager - Adding key: http://localhost:9599 for channel [id: 0x00791a21, L:/127.0.0.1:50290 - R:localhost/127.0.0.1:9599]
16:09:20.338 [Forwarding findElement on session c53d8246807f09cab1a1e62b9f3bd216 to remote] DEBUG org.asynchttpclient.netty.request.NettyRequestSender - Using pooled Channel '[id: 0x00791a21, L:/127.0.0.1:50290 - R:localhost/127.0.0.1:9599]' for 'POST' to 'http://localhost:9599/session/c53d8246807f09cab1a1e62b9f3bd216/element'
16:09:20.338 [Forwarding findElement on session c53d8246807f09cab1a1e62b9f3bd216 to remote] DEBUG org.asynchttpclient.netty.request.NettyRequestSender - Using open Channel [id: 0x00791a21, L:/127.0.0.1:50290 - R:localhost/127.0.0.1:9599] for POST '/session/c53d8246807f09cab1a1e62b9f3bd216/element'
16:09:20.753 [AsyncHttpClient-1-2] DEBUG org.asynchttpclient.netty.handler.HttpHandler - 

Request DefaultHttpRequest(decodeResult: success, version: HTTP/1.1)
POST /session/c53d8246807f09cab1a1e62b9f3bd216/element HTTP/1.1
User-Agent: selenium/4.8.1 (java windows)
Content-Length: 168
Content-Type: application/json; charset=utf-8
host: localhost:9599
accept: */*

Response DefaultHttpResponse(decodeResult: success, version: HTTP/1.1)
HTTP/1.1 200 OK
Content-Length: 94
Content-Type: application/json; charset=utf-8
cache-control: no-cache

16:09:20.755 [AsyncHttpClient-1-2] DEBUG org.asynchttpclient.netty.channel.ChannelManager - Adding key: http://localhost:9599 for channel [id: 0x00791a21, L:/127.0.0.1:50290 - R:localhost/127.0.0.1:9599]
16:09:20.860 [Forwarding isElementDisplayed on session c53d8246807f09cab1a1e62b9f3bd216 to remote] DEBUG org.asynchttpclient.netty.request.NettyRequestSender - Using pooled Channel '[id: 0x00791a21, L:/127.0.0.1:50290 - R:localhost/127.0.0.1:9599]' for 'POST' to 'http://localhost:9599/session/c53d8246807f09cab1a1e62b9f3bd216/execute/sync'
16:09:20.861 [Forwarding isElementDisplayed on session c53d8246807f09cab1a1e62b9f3bd216 to remote] DEBUG org.asynchttpclient.netty.request.NettyRequestSender - Using open Channel [id: 0x00791a21, L:/127.0.0.1:50290 - R:localhost/127.0.0.1:9599] for POST '/session/c53d8246807f09cab1a1e62b9f3bd216/execute/sync'
16:09:20.945 [AsyncHttpClient-1-2] DEBUG org.asynchttpclient.netty.handler.HttpHandler - 

Request DefaultHttpRequest(decodeResult: success, version: HTTP/1.1)
POST /session/c53d8246807f09cab1a1e62b9f3bd216/execute/sync HTTP/1.1
User-Agent: selenium/4.8.1 (java windows)
Content-Length: 48813
Content-Type: application/json; charset=utf-8
host: localhost:9599
accept: */*

Response DefaultHttpResponse(decodeResult: success, version: HTTP/1.1)
HTTP/1.1 200 OK
Content-Length: 14
Content-Type: application/json; charset=utf-8
cache-control: no-cache

16:09:20.945 [AsyncHttpClient-1-2] DEBUG org.asynchttpclient.netty.channel.ChannelManager - Adding key: http://localhost:9599 for channel [id: 0x00791a21, L:/127.0.0.1:50290 - R:localhost/127.0.0.1:9599]
16:09:20.957 [Forwarding isElementDisplayed on session c53d8246807f09cab1a1e62b9f3bd216 to remote] DEBUG org.asynchttpclient.netty.request.NettyRequestSender - Using pooled Channel '[id: 0x00791a21, L:/127.0.0.1:50290 - R:localhost/127.0.0.1:9599]' for 'POST' to 'http://localhost:9599/session/c53d8246807f09cab1a1e62b9f3bd216/execute/sync'
16:09:20.957 [Forwarding isElementDisplayed on session c53d8246807f09cab1a1e62b9f3bd216 to remote] DEBUG org.asynchttpclient.netty.request.NettyRequestSender - Using open Channel [id: 0x00791a21, L:/127.0.0.1:50290 - R:localhost/127.0.0.1:9599] for POST '/session/c53d8246807f09cab1a1e62b9f3bd216/execute/sync'
16:09:20.981 [AsyncHttpClient-1-1] DEBUG org.asynchttpclient.netty.channel.DefaultChannelPool - Entry count for : http://localhost:50291 : 1
16:09:20.987 [AsyncHttpClient-1-2] DEBUG org.asynchttpclient.netty.handler.HttpHandler - 

Request DefaultHttpRequest(decodeResult: success, version: HTTP/1.1)
POST /session/c53d8246807f09cab1a1e62b9f3bd216/execute/sync HTTP/1.1
User-Agent: selenium/4.8.1 (java windows)
Content-Length: 48813
Content-Type: application/json; charset=utf-8
host: localhost:9599
accept: */*

Response DefaultHttpResponse(decodeResult: success, version: HTTP/1.1)
HTTP/1.1 200 OK
Content-Length: 14
Content-Type: application/json; charset=utf-8
cache-control: no-cache

16:09:20.987 [AsyncHttpClient-1-2] DEBUG org.asynchttpclient.netty.channel.ChannelManager - Adding key: http://localhost:9599 for channel [id: 0x00791a21, L:/127.0.0.1:50290 - R:localhost/127.0.0.1:9599]
16:09:21.047 [main] DEBUG net.serenitybdd.core.photography.Darkroom - Opening darkroom
16:09:21.050 [Darkroom Processing Line] DEBUG net.serenitybdd.core.photography.DarkroomProcessingLine - Darkroom processing line starting up
16:09:21.138 [Forwarding getAlertText on session c53d8246807f09cab1a1e62b9f3bd216 to remote] DEBUG org.asynchttpclient.netty.request.NettyRequestSender - Using pooled Channel '[id: 0x00791a21, L:/127.0.0.1:50290 - R:localhost/127.0.0.1:9599]' for 'GET' to 'http://localhost:9599/session/c53d8246807f09cab1a1e62b9f3bd216/alert/text'
16:09:21.138 [Forwarding getAlertText on session c53d8246807f09cab1a1e62b9f3bd216 to remote] DEBUG org.asynchttpclient.netty.request.NettyRequestSender - Using open Channel [id: 0x00791a21, L:/127.0.0.1:50290 - R:localhost/127.0.0.1:9599] for GET '/session/c53d8246807f09cab1a1e62b9f3bd216/alert/text'
16:09:21.145 [AsyncHttpClient-1-2] DEBUG org.asynchttpclient.netty.handler.HttpHandler - 

Request DefaultFullHttpRequest(decodeResult: success, version: HTTP/1.1, content: EmptyByteBufBE)
GET /session/c53d8246807f09cab1a1e62b9f3bd216/alert/text HTTP/1.1
User-Agent: selenium/4.8.1 (java windows)
Cache-Control: no-cache
Content-Type: application/json; charset=utf-8
host: localhost:9599
accept: */*

Response DefaultHttpResponse(decodeResult: success, version: HTTP/1.1)
HTTP/1.1 404 Not Found
Content-Length: 820
Content-Type: application/json; charset=utf-8
cache-control: no-cache

16:09:21.147 [AsyncHttpClient-1-2] DEBUG org.asynchttpclient.netty.channel.ChannelManager - Adding key: http://localhost:9599 for channel [id: 0x00791a21, L:/127.0.0.1:50290 - R:localhost/127.0.0.1:9599]
16:09:21.167 [Forwarding getCurrentUrl on session c53d8246807f09cab1a1e62b9f3bd216 to remote] DEBUG org.asynchttpclient.netty.request.NettyRequestSender - Using pooled Channel '[id: 0x00791a21, L:/127.0.0.1:50290 - R:localhost/127.0.0.1:9599]' for 'GET' to 'http://localhost:9599/session/c53d8246807f09cab1a1e62b9f3bd216/url'
16:09:21.168 [Forwarding getCurrentUrl on session c53d8246807f09cab1a1e62b9f3bd216 to remote] DEBUG org.asynchttpclient.netty.request.NettyRequestSender - Using open Channel [id: 0x00791a21, L:/127.0.0.1:50290 - R:localhost/127.0.0.1:9599] for GET '/session/c53d8246807f09cab1a1e62b9f3bd216/url'
16:09:21.180 [AsyncHttpClient-1-2] DEBUG org.asynchttpclient.netty.handler.HttpHandler - 

Request DefaultFullHttpRequest(decodeResult: success, version: HTTP/1.1, content: EmptyByteBufBE)
GET /session/c53d8246807f09cab1a1e62b9f3bd216/url HTTP/1.1
User-Agent: selenium/4.8.1 (java windows)
Cache-Control: no-cache
Content-Type: application/json; charset=utf-8
host: localhost:9599
accept: */*

Response DefaultHttpResponse(decodeResult: success, version: HTTP/1.1)
HTTP/1.1 200 OK
Content-Length: 51
Content-Type: application/json; charset=utf-8
cache-control: no-cache

16:09:21.181 [AsyncHttpClient-1-2] DEBUG org.asynchttpclient.netty.channel.ChannelManager - Adding key: http://localhost:9599 for channel [id: 0x00791a21, L:/127.0.0.1:50290 - R:localhost/127.0.0.1:9599]
16:09:21.188 [Forwarding screenshot on session c53d8246807f09cab1a1e62b9f3bd216 to remote] DEBUG org.asynchttpclient.netty.request.NettyRequestSender - Using pooled Channel '[id: 0x00791a21, L:/127.0.0.1:50290 - R:localhost/127.0.0.1:9599]' for 'GET' to 'http://localhost:9599/session/c53d8246807f09cab1a1e62b9f3bd216/screenshot'
16:09:21.188 [Forwarding screenshot on session c53d8246807f09cab1a1e62b9f3bd216 to remote] DEBUG org.asynchttpclient.netty.request.NettyRequestSender - Using open Channel [id: 0x00791a21, L:/127.0.0.1:50290 - R:localhost/127.0.0.1:9599] for GET '/session/c53d8246807f09cab1a1e62b9f3bd216/screenshot'
16:09:22.080 [AsyncHttpClient-1-1] DEBUG org.asynchttpclient.netty.channel.DefaultChannelPool - Entry count for : http://localhost:50291 : 1
16:09:23.181 [AsyncHttpClient-1-1] DEBUG org.asynchttpclient.netty.channel.DefaultChannelPool - Entry count for : http://localhost:50291 : 1
16:09:24.284 [AsyncHttpClient-1-1] DEBUG org.asynchttpclient.netty.channel.DefaultChannelPool - Entry count for : http://localhost:50291 : 1
16:09:24.950 [AsyncHttpClient-1-2] DEBUG org.asynchttpclient.netty.handler.HttpHandler - 

Request DefaultFullHttpRequest(decodeResult: success, version: HTTP/1.1, content: EmptyByteBufBE)
GET /session/c53d8246807f09cab1a1e62b9f3bd216/screenshot HTTP/1.1
User-Agent: selenium/4.8.1 (java windows)
Cache-Control: no-cache
Content-Type: application/json; charset=utf-8
host: localhost:9599
accept: */*

Response DefaultHttpResponse(decodeResult: success, version: HTTP/1.1)
HTTP/1.1 200 OK
Content-Length: 32020
Content-Type: application/json; charset=utf-8
cache-control: no-cache

16:09:24.951 [AsyncHttpClient-1-2] DEBUG org.asynchttpclient.netty.channel.ChannelManager - Adding key: http://localhost:9599 for channel [id: 0x00791a21, L:/127.0.0.1:50290 - R:localhost/127.0.0.1:9599]
16:09:25.382 [AsyncHttpClient-1-1] DEBUG org.asynchttpclient.netty.channel.DefaultChannelPool - Entry count for : http://localhost:50291 : 1
16:09:25.382 [AsyncHttpClient-1-1] DEBUG org.asynchttpclient.netty.channel.DefaultChannelPool - Entry count for : http://localhost:9599 : 1
16:09:26.031 [main] DEBUG net.serenitybdd.core.photography.Darkroom - Send negative for processing for target\site\serenity\64131d300e1f660b304d30f126733f9569293aa2d192474061bebad02b7a03d8.png
16:09:26.032 [Darkroom Processing Line] DEBUG net.serenitybdd.core.photography.DarkroomProcessingLine - Processing screenshot image in /var/screenshots/screenshot-5939516793461479686
16:09:26.032 [Darkroom Processing Line] DEBUG net.serenitybdd.core.photography.DarkroomProcessingLine - Saving screenshot to target\site\serenity\64131d300e1f660b304d30f126733f9569293aa2d192474061bebad02b7a03d8.png
16:09:26.097 [main] DEBUG net.thucydides.core.steps.StepInterceptor - STEP DONE: AUserOnLoginPage
  &amp#27;[32mGiven &amp#27;[0m&amp#27;[32ma user on login page&amp#27;[0m                      &amp#27;[90m# starter.stepdefinitions.LogOutSteps.AUserOnLoginPage()&amp#27;[0m
16:09:26.120 [Forwarding getAlertText on session c53d8246807f09cab1a1e62b9f3bd216 to remote] DEBUG org.asynchttpclient.netty.request.NettyRequestSender - Using pooled Channel '[id: 0x00791a21, L:/127.0.0.1:50290 - R:localhost/127.0.0.1:9599]' for 'GET' to 'http://localhost:9599/session/c53d8246807f09cab1a1e62b9f3bd216/alert/text'
16:09:26.120 [Forwarding getAlertText on session c53d8246807f09cab1a1e62b9f3bd216 to remote] DEBUG org.asynchttpclient.netty.request.NettyRequestSender - Using open Channel [id: 0x00791a21, L:/127.0.0.1:50290 - R:localhost/127.0.0.1:9599] for GET '/session/c53d8246807f09cab1a1e62b9f3bd216/alert/text'
16:09:26.124 [AsyncHttpClient-1-2] DEBUG org.asynchttpclient.netty.handler.HttpHandler - 

Request DefaultFullHttpRequest(decodeResult: success, version: HTTP/1.1, content: EmptyByteBufBE)
GET /session/c53d8246807f09cab1a1e62b9f3bd216/alert/text HTTP/1.1
User-Agent: selenium/4.8.1 (java windows)
Cache-Control: no-cache
Content-Type: application/json; charset=utf-8
host: localhost:9599
accept: */*

Response DefaultHttpResponse(decodeResult: success, version: HTTP/1.1)
HTTP/1.1 404 Not Found
Content-Length: 820
Content-Type: application/json; charset=utf-8
cache-control: no-cache

16:09:26.125 [AsyncHttpClient-1-2] DEBUG org.asynchttpclient.netty.channel.ChannelManager - Adding key: http://localhost:9599 for channel [id: 0x00791a21, L:/127.0.0.1:50290 - R:localhost/127.0.0.1:9599]
16:09:26.129 [Forwarding getCurrentUrl on session c53d8246807f09cab1a1e62b9f3bd216 to remote] DEBUG org.asynchttpclient.netty.request.NettyRequestSender - Using pooled Channel '[id: 0x00791a21, L:/127.0.0.1:50290 - R:localhost/127.0.0.1:9599]' for 'GET' to 'http://localhost:9599/session/c53d8246807f09cab1a1e62b9f3bd216/url'
16:09:26.129 [Forwarding getCurrentUrl on session c53d8246807f09cab1a1e62b9f3bd216 to remote] DEBUG org.asynchttpclient.netty.request.NettyRequestSender - Using open Channel [id: 0x00791a21, L:/127.0.0.1:50290 - R:localhost/127.0.0.1:9599] for GET '/session/c53d8246807f09cab1a1e62b9f3bd216/url'
16:09:26.138 [AsyncHttpClient-1-2] DEBUG org.asynchttpclient.netty.handler.HttpHandler - 

Request DefaultFullHttpRequest(decodeResult: success, version: HTTP/1.1, content: EmptyByteBufBE)
GET /session/c53d8246807f09cab1a1e62b9f3bd216/url HTTP/1.1
User-Agent: selenium/4.8.1 (java windows)
Cache-Control: no-cache
Content-Type: application/json; charset=utf-8
host: localhost:9599
accept: */*

Response DefaultHttpResponse(decodeResult: success, version: HTTP/1.1)
HTTP/1.1 200 OK
Content-Length: 51
Content-Type: application/json; charset=utf-8
cache-control: no-cache

16:09:26.139 [AsyncHttpClient-1-2] DEBUG org.asynchttpclient.netty.channel.ChannelManager - Adding key: http://localhost:9599 for channel [id: 0x00791a21, L:/127.0.0.1:50290 - R:localhost/127.0.0.1:9599]
16:09:26.142 [Forwarding screenshot on session c53d8246807f09cab1a1e62b9f3bd216 to remote] DEBUG org.asynchttpclient.netty.request.NettyRequestSender - Using pooled Channel '[id: 0x00791a21, L:/127.0.0.1:50290 - R:localhost/127.0.0.1:9599]' for 'GET' to 'http://localhost:9599/session/c53d8246807f09cab1a1e62b9f3bd216/screenshot'
16:09:26.143 [Forwarding screenshot on session c53d8246807f09cab1a1e62b9f3bd216 to remote] DEBUG org.asynchttpclient.netty.request.NettyRequestSender - Using open Channel [id: 0x00791a21, L:/127.0.0.1:50290 - R:localhost/127.0.0.1:9599] for GET '/session/c53d8246807f09cab1a1e62b9f3bd216/screenshot'
16:09:26.272 [AsyncHttpClient-1-2] DEBUG org.asynchttpclient.netty.handler.HttpHandler - 

Request DefaultFullHttpRequest(decodeResult: success, version: HTTP/1.1, content: EmptyByteBufBE)
GET /session/c53d8246807f09cab1a1e62b9f3bd216/screenshot HTTP/1.1
User-Agent: selenium/4.8.1 (java windows)
Cache-Control: no-cache
Content-Type: application/json; charset=utf-8
host: localhost:9599
accept: */*

Response DefaultHttpResponse(decodeResult: success, version: HTTP/1.1)
HTTP/1.1 200 OK
Content-Length: 32020
Content-Type: application/json; charset=utf-8
cache-control: no-cache

16:09:26.274 [AsyncHttpClient-1-2] DEBUG org.asynchttpclient.netty.channel.ChannelManager - Adding key: http://localhost:9599 for channel [id: 0x00791a21, L:/127.0.0.1:50290 - R:localhost/127.0.0.1:9599]
16:09:26.281 [main] DEBUG net.serenitybdd.core.photography.Darkroom - Send negative for processing for target\site\serenity\64131d300e1f660b304d30f126733f9569293aa2d192474061bebad02b7a03d8.png
16:09:26.312 [main] DEBUG net.thucydides.core.steps.StepInterceptor - STARTING STEP: LogOutSteps.aUserInputValidUsername - aUserInputValidUsername
16:09:26.319 [Forwarding get on session c53d8246807f09cab1a1e62b9f3bd216 to remote] DEBUG org.asynchttpclient.netty.request.NettyRequestSender - Using pooled Channel '[id: 0x00791a21, L:/127.0.0.1:50290 - R:localhost/127.0.0.1:9599]' for 'POST' to 'http://localhost:9599/session/c53d8246807f09cab1a1e62b9f3bd216/url'
16:09:26.320 [Forwarding get on session c53d8246807f09cab1a1e62b9f3bd216 to remote] DEBUG org.asynchttpclient.netty.request.NettyRequestSender - Using open Channel [id: 0x00791a21, L:/127.0.0.1:50290 - R:localhost/127.0.0.1:9599] for POST '/session/c53d8246807f09cab1a1e62b9f3bd216/url'
16:09:26.489 [AsyncHttpClient-1-1] DEBUG org.asynchttpclient.netty.channel.DefaultChannelPool - Entry count for : http://localhost:50291 : 1
16:09:26.628 [AsyncHttpClient-1-2] DEBUG org.asynchttpclient.netty.handler.HttpHandler - 

Request DefaultHttpRequest(decodeResult: success, version: HTTP/1.1)
POST /session/c53d8246807f09cab1a1e62b9f3bd216/url HTTP/1.1
User-Agent: selenium/4.8.1 (java windows)
Content-Length: 74
Content-Type: application/json; charset=utf-8
host: localhost:9599
accept: */*

Response DefaultHttpResponse(decodeResult: success, version: HTTP/1.1)
HTTP/1.1 200 OK
Content-Length: 14
Content-Type: application/json; charset=utf-8
cache-control: no-cache

16:09:26.629 [AsyncHttpClient-1-2] DEBUG org.asynchttpclient.netty.channel.ChannelManager - Adding key: http://localhost:9599 for channel [id: 0x00791a21, L:/127.0.0.1:50290 - R:localhost/127.0.0.1:9599]
16:09:26.647 [Forwarding findElement on session c53d8246807f09cab1a1e62b9f3bd216 to remote] DEBUG org.asynchttpclient.netty.request.NettyRequestSender - Using pooled Channel '[id: 0x00791a21, L:/127.0.0.1:50290 - R:localhost/127.0.0.1:9599]' for 'POST' to 'http://localhost:9599/session/c53d8246807f09cab1a1e62b9f3bd216/element'
16:09:26.647 [Forwarding findElement on session c53d8246807f09cab1a1e62b9f3bd216 to remote] DEBUG org.asynchttpclient.netty.request.NettyRequestSender - Using open Channel [id: 0x00791a21, L:/127.0.0.1:50290 - R:localhost/127.0.0.1:9599] for POST '/session/c53d8246807f09cab1a1e62b9f3bd216/element'
16:09:26.672 [AsyncHttpClient-1-2] DEBUG org.asynchttpclient.netty.handler.HttpHandler - 

Request DefaultHttpRequest(decodeResult: success, version: HTTP/1.1)
POST /session/c53d8246807f09cab1a1e62b9f3bd216/element HTTP/1.1
User-Agent: selenium/4.8.1 (java windows)
Content-Length: 187
Content-Type: application/json; charset=utf-8
host: localhost:9599
accept: */*

Response DefaultHttpResponse(decodeResult: success, version: HTTP/1.1)
HTTP/1.1 200 OK
Content-Length: 94
Content-Type: application/json; charset=utf-8
cache-control: no-cache

16:09:26.673 [AsyncHttpClient-1-2] DEBUG org.asynchttpclient.netty.channel.ChannelManager - Adding key: http://localhost:9599 for channel [id: 0x00791a21, L:/127.0.0.1:50290 - R:localhost/127.0.0.1:9599]
16:09:26.679 [Forwarding clearElement on session c53d8246807f09cab1a1e62b9f3bd216 to remote] DEBUG org.asynchttpclient.netty.request.NettyRequestSender - Using pooled Channel '[id: 0x00791a21, L:/127.0.0.1:50290 - R:localhost/127.0.0.1:9599]' for 'POST' to 'http://localhost:9599/session/c53d8246807f09cab1a1e62b9f3bd216/element/E24075C99955FD2BF27F617E8EA957BF_element_8/clear'
16:09:26.680 [Forwarding clearElement on session c53d8246807f09cab1a1e62b9f3bd216 to remote] DEBUG org.asynchttpclient.netty.request.NettyRequestSender - Using open Channel [id: 0x00791a21, L:/127.0.0.1:50290 - R:localhost/127.0.0.1:9599] for POST '/session/c53d8246807f09cab1a1e62b9f3bd216/element/E24075C99955FD2BF27F617E8EA957BF_element_8/clear'
16:09:26.765 [AsyncHttpClient-1-2] DEBUG org.asynchttpclient.netty.handler.HttpHandler - 

Request DefaultHttpRequest(decodeResult: success, version: HTTP/1.1)
POST /session/c53d8246807f09cab1a1e62b9f3bd216/element/E24075C99955FD2BF27F617E8EA957BF_element_8/clear HTTP/1.1
User-Agent: selenium/4.8.1 (java windows)
Content-Length: 56
Content-Type: application/json; charset=utf-8
host: localhost:9599
accept: */*

Response DefaultHttpResponse(decodeResult: success, version: HTTP/1.1)
HTTP/1.1 200 OK
Content-Length: 14
Content-Type: application/json; charset=utf-8
cache-control: no-cache

16:09:26.766 [AsyncHttpClient-1-2] DEBUG org.asynchttpclient.netty.channel.ChannelManager - Adding key: http://localhost:9599 for channel [id: 0x00791a21, L:/127.0.0.1:50290 - R:localhost/127.0.0.1:9599]
16:09:26.776 [Forwarding sendKeysToElement on session c53d8246807f09cab1a1e62b9f3bd216 to remote] DEBUG org.asynchttpclient.netty.request.NettyRequestSender - Using pooled Channel '[id: 0x00791a21, L:/127.0.0.1:50290 - R:localhost/127.0.0.1:9599]' for 'POST' to 'http://localhost:9599/session/c53d8246807f09cab1a1e62b9f3bd216/element/E24075C99955FD2BF27F617E8EA957BF_element_8/value'
16:09:26.776 [Forwarding sendKeysToElement on session c53d8246807f09cab1a1e62b9f3bd216 to remote] DEBUG org.asynchttpclient.netty.request.NettyRequestSender - Using open Channel [id: 0x00791a21, L:/127.0.0.1:50290 - R:localhost/127.0.0.1:9599] for POST '/session/c53d8246807f09cab1a1e62b9f3bd216/element/E24075C99955FD2BF27F617E8EA957BF_element_8/value'
16:09:27.013 [AsyncHttpClient-1-2] DEBUG org.asynchttpclient.netty.handler.HttpHandler - 

Request DefaultHttpRequest(decodeResult: success, version: HTTP/1.1)
POST /session/c53d8246807f09cab1a1e62b9f3bd216/element/E24075C99955FD2BF27F617E8EA957BF_element_8/value HTTP/1.1
User-Agent: selenium/4.8.1 (java windows)
Content-Length: 287
Content-Type: application/json; charset=utf-8
host: localhost:9599
accept: */*

Response DefaultHttpResponse(decodeResult: success, version: HTTP/1.1)
HTTP/1.1 200 OK
Content-Length: 14
Content-Type: application/json; charset=utf-8
cache-control: no-cache

16:09:27.014 [AsyncHttpClient-1-2] DEBUG org.asynchttpclient.netty.channel.ChannelManager - Adding key: http://localhost:9599 for channel [id: 0x00791a21, L:/127.0.0.1:50290 - R:localhost/127.0.0.1:9599]
16:09:27.582 [AsyncHttpClient-1-1] DEBUG org.asynchttpclient.netty.channel.DefaultChannelPool - Entry count for : http://localhost:50291 : 1
16:09:27.582 [AsyncHttpClient-1-1] DEBUG org.asynchttpclient.netty.channel.DefaultChannelPool - Entry count for : http://localhost:9599 : 1
16:09:28.052 [Forwarding getAlertText on session c53d8246807f09cab1a1e62b9f3bd216 to remote] DEBUG org.asynchttpclient.netty.request.NettyRequestSender - Using pooled Channel '[id: 0x00791a21, L:/127.0.0.1:50290 - R:localhost/127.0.0.1:9599]' for 'GET' to 'http://localhost:9599/session/c53d8246807f09cab1a1e62b9f3bd216/alert/text'
16:09:28.052 [Forwarding getAlertText on session c53d8246807f09cab1a1e62b9f3bd216 to remote] DEBUG org.asynchttpclient.netty.request.NettyRequestSender - Using open Channel [id: 0x00791a21, L:/127.0.0.1:50290 - R:localhost/127.0.0.1:9599] for GET '/session/c53d8246807f09cab1a1e62b9f3bd216/alert/text'
16:09:28.057 [AsyncHttpClient-1-2] DEBUG org.asynchttpclient.netty.handler.HttpHandler - 

Request DefaultFullHttpRequest(decodeResult: success, version: HTTP/1.1, content: EmptyByteBufBE)
GET /session/c53d8246807f09cab1a1e62b9f3bd216/alert/text HTTP/1.1
User-Agent: selenium/4.8.1 (java windows)
Cache-Control: no-cache
Content-Type: application/json; charset=utf-8
host: localhost:9599
accept: */*

Response DefaultHttpResponse(decodeResult: success, version: HTTP/1.1)
HTTP/1.1 404 Not Found
Content-Length: 820
Content-Type: application/json; charset=utf-8
cache-control: no-cache

16:09:28.057 [AsyncHttpClient-1-2] DEBUG org.asynchttpclient.netty.channel.ChannelManager - Adding key: http://localhost:9599 for channel [id: 0x00791a21, L:/127.0.0.1:50290 - R:localhost/127.0.0.1:9599]
16:09:28.062 [Forwarding getCurrentUrl on session c53d8246807f09cab1a1e62b9f3bd216 to remote] DEBUG org.asynchttpclient.netty.request.NettyRequestSender - Using pooled Channel '[id: 0x00791a21, L:/127.0.0.1:50290 - R:localhost/127.0.0.1:9599]' for 'GET' to 'http://localhost:9599/session/c53d8246807f09cab1a1e62b9f3bd216/url'
16:09:28.063 [Forwarding getCurrentUrl on session c53d8246807f09cab1a1e62b9f3bd216 to remote] DEBUG org.asynchttpclient.netty.request.NettyRequestSender - Using open Channel [id: 0x00791a21, L:/127.0.0.1:50290 - R:localhost/127.0.0.1:9599] for GET '/session/c53d8246807f09cab1a1e62b9f3bd216/url'
16:09:28.072 [AsyncHttpClient-1-2] DEBUG org.asynchttpclient.netty.handler.HttpHandler - 

Request DefaultFullHttpRequest(decodeResult: success, version: HTTP/1.1, content: EmptyByteBufBE)
GET /session/c53d8246807f09cab1a1e62b9f3bd216/url HTTP/1.1
User-Agent: selenium/4.8.1 (java windows)
Cache-Control: no-cache
Content-Type: application/json; charset=utf-8
host: localhost:9599
accept: */*

Response DefaultHttpResponse(decodeResult: success, version: HTTP/1.1)
HTTP/1.1 200 OK
Content-Length: 51
Content-Type: application/json; charset=utf-8
cache-control: no-cache

16:09:28.072 [AsyncHttpClient-1-2] DEBUG org.asynchttpclient.netty.channel.ChannelManager - Adding key: http://localhost:9599 for channel [id: 0x00791a21, L:/127.0.0.1:50290 - R:localhost/127.0.0.1:9599]
16:09:28.073 [Forwarding screenshot on session c53d8246807f09cab1a1e62b9f3bd216 to remote] DEBUG org.asynchttpclient.netty.request.NettyRequestSender - Using pooled Channel '[id: 0x00791a21, L:/127.0.0.1:50290 - R:localhost/127.0.0.1:9599]' for 'GET' to 'http://localhost:9599/session/c53d8246807f09cab1a1e62b9f3bd216/screenshot'
16:09:28.073 [Forwarding screenshot on session c53d8246807f09cab1a1e62b9f3bd216 to remote] DEBUG org.asynchttpclient.netty.request.NettyRequestSender - Using open Channel [id: 0x00791a21, L:/127.0.0.1:50290 - R:localhost/127.0.0.1:9599] for GET '/session/c53d8246807f09cab1a1e62b9f3bd216/screenshot'
16:09:28.163 [AsyncHttpClient-1-2] DEBUG org.asynchttpclient.netty.handler.HttpHandler - 

Request DefaultFullHttpRequest(decodeResult: success, version: HTTP/1.1, content: EmptyByteBufBE)
GET /session/c53d8246807f09cab1a1e62b9f3bd216/screenshot HTTP/1.1
User-Agent: selenium/4.8.1 (java windows)
Cache-Control: no-cache
Content-Type: application/json; charset=utf-8
host: localhost:9599
accept: */*

Response DefaultHttpResponse(decodeResult: success, version: HTTP/1.1)
HTTP/1.1 200 OK
Content-Length: 38520
Content-Type: application/json; charset=utf-8
cache-control: no-cache

16:09:28.163 [AsyncHttpClient-1-2] DEBUG org.asynchttpclient.netty.channel.ChannelManager - Adding key: http://localhost:9599 for channel [id: 0x00791a21, L:/127.0.0.1:50290 - R:localhost/127.0.0.1:9599]
16:09:28.166 [main] DEBUG net.serenitybdd.core.photography.Darkroom - Send negative for processing for target\site\serenity\2889eca374cf0ede9b6018c972efa8b6ebebffd63aa9796a29cab4fd5e7d4504.png
16:09:28.167 [Darkroom Processing Line] DEBUG net.serenitybdd.core.photography.DarkroomProcessingLine - Processing screenshot image in /var/screenshots/screenshot-1191194625794815424
16:09:28.167 [main] DEBUG net.thucydides.core.steps.StepInterceptor - STEP DONE: aUserInputValidUsername
16:09:28.167 [Darkroom Processing Line] DEBUG net.serenitybdd.core.photography.DarkroomProcessingLine - Saving screenshot to target\site\serenity\2889eca374cf0ede9b6018c972efa8b6ebebffd63aa9796a29cab4fd5e7d4504.png
  &amp#27;[32mWhen &amp#27;[0m&amp#27;[32ma user input valid username&amp#27;[0m                &amp#27;[90m# starter.stepdefinitions.LogOutSteps.aUserInputValidUsername()&amp#27;[0m
16:09:28.193 [main] DEBUG net.thucydides.core.steps.StepInterceptor - STARTING STEP: LogOutSteps.aUserInputValidPassword - aUserInputValidPassword
16:09:28.201 [Forwarding findElement on session c53d8246807f09cab1a1e62b9f3bd216 to remote] DEBUG org.asynchttpclient.netty.request.NettyRequestSender - Using pooled Channel '[id: 0x00791a21, L:/127.0.0.1:50290 - R:localhost/127.0.0.1:9599]' for 'POST' to 'http://localhost:9599/session/c53d8246807f09cab1a1e62b9f3bd216/element'
16:09:28.202 [Forwarding findElement on session c53d8246807f09cab1a1e62b9f3bd216 to remote] DEBUG org.asynchttpclient.netty.request.NettyRequestSender - Using open Channel [id: 0x00791a21, L:/127.0.0.1:50290 - R:localhost/127.0.0.1:9599] for POST '/session/c53d8246807f09cab1a1e62b9f3bd216/element'
16:09:28.223 [AsyncHttpClient-1-2] DEBUG org.asynchttpclient.netty.handler.HttpHandler - 

Request DefaultHttpRequest(decodeResult: success, version: HTTP/1.1)
POST /session/c53d8246807f09cab1a1e62b9f3bd216/element HTTP/1.1
User-Agent: selenium/4.8.1 (java windows)
Content-Length: 187
Content-Type: application/json; charset=utf-8
host: localhost:9599
accept: */*

Response DefaultHttpResponse(decodeResult: success, version: HTTP/1.1)
HTTP/1.1 200 OK
Content-Length: 95
Content-Type: application/json; charset=utf-8
cache-control: no-cache

16:09:28.224 [AsyncHttpClient-1-2] DEBUG org.asynchttpclient.netty.channel.ChannelManager - Adding key: http://localhost:9599 for channel [id: 0x00791a21, L:/127.0.0.1:50290 - R:localhost/127.0.0.1:9599]
16:09:28.227 [Forwarding clearElement on session c53d8246807f09cab1a1e62b9f3bd216 to remote] DEBUG org.asynchttpclient.netty.request.NettyRequestSender - Using pooled Channel '[id: 0x00791a21, L:/127.0.0.1:50290 - R:localhost/127.0.0.1:9599]' for 'POST' to 'http://localhost:9599/session/c53d8246807f09cab1a1e62b9f3bd216/element/E24075C99955FD2BF27F617E8EA957BF_element_10/clear'
16:09:28.227 [Forwarding clearElement on session c53d8246807f09cab1a1e62b9f3bd216 to remote] DEBUG org.asynchttpclient.netty.request.NettyRequestSender - Using open Channel [id: 0x00791a21, L:/127.0.0.1:50290 - R:localhost/127.0.0.1:9599] for POST '/session/c53d8246807f09cab1a1e62b9f3bd216/element/E24075C99955FD2BF27F617E8EA957BF_element_10/clear'
16:09:28.272 [AsyncHttpClient-1-2] DEBUG org.asynchttpclient.netty.handler.HttpHandler - 

Request DefaultHttpRequest(decodeResult: success, version: HTTP/1.1)
POST /session/c53d8246807f09cab1a1e62b9f3bd216/element/E24075C99955FD2BF27F617E8EA957BF_element_10/clear HTTP/1.1
User-Agent: selenium/4.8.1 (java windows)
Content-Length: 57
Content-Type: application/json; charset=utf-8
host: localhost:9599
accept: */*

Response DefaultHttpResponse(decodeResult: success, version: HTTP/1.1)
HTTP/1.1 200 OK
Content-Length: 14
Content-Type: application/json; charset=utf-8
cache-control: no-cache

16:09:28.272 [AsyncHttpClient-1-2] DEBUG org.asynchttpclient.netty.channel.ChannelManager - Adding key: http://localhost:9599 for channel [id: 0x00791a21, L:/127.0.0.1:50290 - R:localhost/127.0.0.1:9599]
16:09:28.275 [Forwarding sendKeysToElement on session c53d8246807f09cab1a1e62b9f3bd216 to remote] DEBUG org.asynchttpclient.netty.request.NettyRequestSender - Using pooled Channel '[id: 0x00791a21, L:/127.0.0.1:50290 - R:localhost/127.0.0.1:9599]' for 'POST' to 'http://localhost:9599/session/c53d8246807f09cab1a1e62b9f3bd216/element/E24075C99955FD2BF27F617E8EA957BF_element_10/value'
16:09:28.275 [Forwarding sendKeysToElement on session c53d8246807f09cab1a1e62b9f3bd216 to remote] DEBUG org.asynchttpclient.netty.request.NettyRequestSender - Using open Channel [id: 0x00791a21, L:/127.0.0.1:50290 - R:localhost/127.0.0.1:9599] for POST '/session/c53d8246807f09cab1a1e62b9f3bd216/element/E24075C99955FD2BF27F617E8EA957BF_element_10/value'
16:09:28.418 [AsyncHttpClient-1-2] DEBUG org.asynchttpclient.netty.handler.HttpHandler - 

Request DefaultHttpRequest(decodeResult: success, version: HTTP/1.1)
POST /session/c53d8246807f09cab1a1e62b9f3bd216/element/E24075C99955FD2BF27F617E8EA957BF_element_10/value HTTP/1.1
User-Agent: selenium/4.8.1 (java windows)
Content-Length: 208
Content-Type: application/json; charset=utf-8
host: localhost:9599
accept: */*

Response DefaultHttpResponse(decodeResult: success, version: HTTP/1.1)
HTTP/1.1 200 OK
Content-Length: 14
Content-Type: application/json; charset=utf-8
cache-control: no-cache

16:09:28.418 [AsyncHttpClient-1-2] DEBUG org.asynchttpclient.netty.channel.ChannelManager - Adding key: http://localhost:9599 for channel [id: 0x00791a21, L:/127.0.0.1:50290 - R:localhost/127.0.0.1:9599]
16:09:28.685 [AsyncHttpClient-1-1] DEBUG org.asynchttpclient.netty.channel.DefaultChannelPool - Entry count for : http://localhost:50291 : 1
16:09:28.685 [AsyncHttpClient-1-1] DEBUG org.asynchttpclient.netty.channel.DefaultChannelPool - Entry count for : http://localhost:9599 : 1
16:09:29.780 [AsyncHttpClient-1-1] DEBUG org.asynchttpclient.netty.channel.DefaultChannelPool - Entry count for : http://localhost:50291 : 1
16:09:29.780 [AsyncHttpClient-1-1] DEBUG org.asynchttpclient.netty.channel.DefaultChannelPool - Entry count for : http://localhost:9599 : 1
16:09:30.459 [Forwarding getAlertText on session c53d8246807f09cab1a1e62b9f3bd216 to remote] DEBUG org.asynchttpclient.netty.request.NettyRequestSender - Using pooled Channel '[id: 0x00791a21, L:/127.0.0.1:50290 - R:localhost/127.0.0.1:9599]' for 'GET' to 'http://localhost:9599/session/c53d8246807f09cab1a1e62b9f3bd216/alert/text'
16:09:30.459 [Forwarding getAlertText on session c53d8246807f09cab1a1e62b9f3bd216 to remote] DEBUG org.asynchttpclient.netty.request.NettyRequestSender - Using open Channel [id: 0x00791a21, L:/127.0.0.1:50290 - R:localhost/127.0.0.1:9599] for GET '/session/c53d8246807f09cab1a1e62b9f3bd216/alert/text'
16:09:30.463 [AsyncHttpClient-1-2] DEBUG org.asynchttpclient.netty.handler.HttpHandler - 

Request DefaultFullHttpRequest(decodeResult: success, version: HTTP/1.1, content: EmptyByteBufBE)
GET /session/c53d8246807f09cab1a1e62b9f3bd216/alert/text HTTP/1.1
User-Agent: selenium/4.8.1 (java windows)
Cache-Control: no-cache
Content-Type: application/json; charset=utf-8
host: localhost:9599
accept: */*

Response DefaultHttpResponse(decodeResult: success, version: HTTP/1.1)
HTTP/1.1 404 Not Found
Content-Length: 820
Content-Type: application/json; charset=utf-8
cache-control: no-cache

16:09:30.464 [AsyncHttpClient-1-2] DEBUG org.asynchttpclient.netty.channel.ChannelManager - Adding key: http://localhost:9599 for channel [id: 0x00791a21, L:/127.0.0.1:50290 - R:localhost/127.0.0.1:9599]
16:09:30.468 [Forwarding getCurrentUrl on session c53d8246807f09cab1a1e62b9f3bd216 to remote] DEBUG org.asynchttpclient.netty.request.NettyRequestSender - Using pooled Channel '[id: 0x00791a21, L:/127.0.0.1:50290 - R:localhost/127.0.0.1:9599]' for 'GET' to 'http://localhost:9599/session/c53d8246807f09cab1a1e62b9f3bd216/url'
16:09:30.468 [Forwarding getCurrentUrl on session c53d8246807f09cab1a1e62b9f3bd216 to remote] DEBUG org.asynchttpclient.netty.request.NettyRequestSender - Using open Channel [id: 0x00791a21, L:/127.0.0.1:50290 - R:localhost/127.0.0.1:9599] for GET '/session/c53d8246807f09cab1a1e62b9f3bd216/url'
16:09:30.478 [AsyncHttpClient-1-2] DEBUG org.asynchttpclient.netty.handler.HttpHandler - 

Request DefaultFullHttpRequest(decodeResult: success, version: HTTP/1.1, content: EmptyByteBufBE)
GET /session/c53d8246807f09cab1a1e62b9f3bd216/url HTTP/1.1
User-Agent: selenium/4.8.1 (java windows)
Cache-Control: no-cache
Content-Type: application/json; charset=utf-8
host: localhost:9599
accept: */*

Response DefaultHttpResponse(decodeResult: success, version: HTTP/1.1)
HTTP/1.1 200 OK
Content-Length: 51
Content-Type: application/json; charset=utf-8
cache-control: no-cache

16:09:30.479 [AsyncHttpClient-1-2] DEBUG org.asynchttpclient.netty.channel.ChannelManager - Adding key: http://localhost:9599 for channel [id: 0x00791a21, L:/127.0.0.1:50290 - R:localhost/127.0.0.1:9599]
16:09:30.481 [Forwarding screenshot on session c53d8246807f09cab1a1e62b9f3bd216 to remote] DEBUG org.asynchttpclient.netty.request.NettyRequestSender - Using pooled Channel '[id: 0x00791a21, L:/127.0.0.1:50290 - R:localhost/127.0.0.1:9599]' for 'GET' to 'http://localhost:9599/session/c53d8246807f09cab1a1e62b9f3bd216/screenshot'
16:09:30.481 [Forwarding screenshot on session c53d8246807f09cab1a1e62b9f3bd216 to remote] DEBUG org.asynchttpclient.netty.request.NettyRequestSender - Using open Channel [id: 0x00791a21, L:/127.0.0.1:50290 - R:localhost/127.0.0.1:9599] for GET '/session/c53d8246807f09cab1a1e62b9f3bd216/screenshot'
16:09:30.590 [AsyncHttpClient-1-2] DEBUG org.asynchttpclient.netty.handler.HttpHandler - 

Request DefaultFullHttpRequest(decodeResult: success, version: HTTP/1.1, content: EmptyByteBufBE)
GET /session/c53d8246807f09cab1a1e62b9f3bd216/screenshot HTTP/1.1
User-Agent: selenium/4.8.1 (java windows)
Cache-Control: no-cache
Content-Type: application/json; charset=utf-8
host: localhost:9599
accept: */*

Response DefaultHttpResponse(decodeResult: success, version: HTTP/1.1)
HTTP/1.1 200 OK
Content-Length: 40756
Content-Type: application/json; charset=utf-8
cache-control: no-cache

16:09:30.591 [AsyncHttpClient-1-2] DEBUG org.asynchttpclient.netty.channel.ChannelManager - Adding key: http://localhost:9599 for channel [id: 0x00791a21, L:/127.0.0.1:50290 - R:localhost/127.0.0.1:9599]
16:09:30.597 [main] DEBUG net.serenitybdd.core.photography.Darkroom - Send negative for processing for target\site\serenity\2fc307f384fe4fcccf3a9133276a13b0ca9669a399fbf89e23635d6cc5966163.png
16:09:30.597 [Darkroom Processing Line] DEBUG net.serenitybdd.core.photography.DarkroomProcessingLine - Processing screenshot image in /var/screenshots/screenshot-16348955419376726971
16:09:30.597 [main] DEBUG net.thucydides.core.steps.StepInterceptor - STEP DONE: aUserInputValidPassword
16:09:30.597 [Darkroom Processing Line] DEBUG net.serenitybdd.core.photography.DarkroomProcessingLine - Saving screenshot to target\site\serenity\2fc307f384fe4fcccf3a9133276a13b0ca9669a399fbf89e23635d6cc5966163.png
  &amp#27;[32mAnd &amp#27;[0m&amp#27;[32ma user input valid password&amp#27;[0m                 &amp#27;[90m# starter.stepdefinitions.LogOutSteps.aUserInputValidPassword()&amp#27;[0m
16:09:30.618 [main] DEBUG net.thucydides.core.steps.StepInterceptor - STARTING STEP: LogOutSteps.userClickBuutton - userClickBuutton
16:09:30.736 [Forwarding findElement on session c53d8246807f09cab1a1e62b9f3bd216 to remote] DEBUG org.asynchttpclient.netty.request.NettyRequestSender - Using pooled Channel '[id: 0x00791a21, L:/127.0.0.1:50290 - R:localhost/127.0.0.1:9599]' for 'POST' to 'http://localhost:9599/session/c53d8246807f09cab1a1e62b9f3bd216/element'
16:09:30.736 [Forwarding findElement on session c53d8246807f09cab1a1e62b9f3bd216 to remote] DEBUG org.asynchttpclient.netty.request.NettyRequestSender - Using open Channel [id: 0x00791a21, L:/127.0.0.1:50290 - R:localhost/127.0.0.1:9599] for POST '/session/c53d8246807f09cab1a1e62b9f3bd216/element'
16:09:30.754 [AsyncHttpClient-1-2] DEBUG org.asynchttpclient.netty.handler.HttpHandler - 

Request DefaultHttpRequest(decodeResult: success, version: HTTP/1.1)
POST /session/c53d8246807f09cab1a1e62b9f3bd216/element HTTP/1.1
User-Agent: selenium/4.8.1 (java windows)
Content-Length: 168
Content-Type: application/json; charset=utf-8
host: localhost:9599
accept: */*

Response DefaultHttpResponse(decodeResult: success, version: HTTP/1.1)
HTTP/1.1 200 OK
Content-Length: 95
Content-Type: application/json; charset=utf-8
cache-control: no-cache

16:09:30.755 [AsyncHttpClient-1-2] DEBUG org.asynchttpclient.netty.channel.ChannelManager - Adding key: http://localhost:9599 for channel [id: 0x00791a21, L:/127.0.0.1:50290 - R:localhost/127.0.0.1:9599]
16:09:30.757 [Forwarding getElementTagName on session c53d8246807f09cab1a1e62b9f3bd216 to remote] DEBUG org.asynchttpclient.netty.request.NettyRequestSender - Using pooled Channel '[id: 0x00791a21, L:/127.0.0.1:50290 - R:localhost/127.0.0.1:9599]' for 'GET' to 'http://localhost:9599/session/c53d8246807f09cab1a1e62b9f3bd216/element/E24075C99955FD2BF27F617E8EA957BF_element_11/name'
16:09:30.757 [Forwarding getElementTagName on session c53d8246807f09cab1a1e62b9f3bd216 to remote] DEBUG org.asynchttpclient.netty.request.NettyRequestSender - Using open Channel [id: 0x00791a21, L:/127.0.0.1:50290 - R:localhost/127.0.0.1:9599] for GET '/session/c53d8246807f09cab1a1e62b9f3bd216/element/E24075C99955FD2BF27F617E8EA957BF_element_11/name'
16:09:30.768 [AsyncHttpClient-1-2] DEBUG org.asynchttpclient.netty.handler.HttpHandler - 

Request DefaultFullHttpRequest(decodeResult: success, version: HTTP/1.1, content: EmptyByteBufBE)
GET /session/c53d8246807f09cab1a1e62b9f3bd216/element/E24075C99955FD2BF27F617E8EA957BF_element_11/name HTTP/1.1
User-Agent: selenium/4.8.1 (java windows)
Cache-Control: no-cache
Content-Type: application/json; charset=utf-8
host: localhost:9599
accept: */*

Response DefaultHttpResponse(decodeResult: success, version: HTTP/1.1)
HTTP/1.1 200 OK
Content-Length: 16
Content-Type: application/json; charset=utf-8
cache-control: no-cache

16:09:30.768 [AsyncHttpClient-1-2] DEBUG org.asynchttpclient.netty.channel.ChannelManager - Adding key: http://localhost:9599 for channel [id: 0x00791a21, L:/127.0.0.1:50290 - R:localhost/127.0.0.1:9599]
16:09:30.770 [Forwarding getElementTagName on session c53d8246807f09cab1a1e62b9f3bd216 to remote] DEBUG org.asynchttpclient.netty.request.NettyRequestSender - Using pooled Channel '[id: 0x00791a21, L:/127.0.0.1:50290 - R:localhost/127.0.0.1:9599]' for 'GET' to 'http://localhost:9599/session/c53d8246807f09cab1a1e62b9f3bd216/element/E24075C99955FD2BF27F617E8EA957BF_element_11/name'
16:09:30.770 [Forwarding getElementTagName on session c53d8246807f09cab1a1e62b9f3bd216 to remote] DEBUG org.asynchttpclient.netty.request.NettyRequestSender - Using open Channel [id: 0x00791a21, L:/127.0.0.1:50290 - R:localhost/127.0.0.1:9599] for GET '/session/c53d8246807f09cab1a1e62b9f3bd216/element/E24075C99955FD2BF27F617E8EA957BF_element_11/name'
16:09:30.779 [AsyncHttpClient-1-2] DEBUG org.asynchttpclient.netty.handler.HttpHandler - 

Request DefaultFullHttpRequest(decodeResult: success, version: HTTP/1.1, content: EmptyByteBufBE)
GET /session/c53d8246807f09cab1a1e62b9f3bd216/element/E24075C99955FD2BF27F617E8EA957BF_element_11/name HTTP/1.1
User-Agent: selenium/4.8.1 (java windows)
Cache-Control: no-cache
Content-Type: application/json; charset=utf-8
host: localhost:9599
accept: */*

Response DefaultHttpResponse(decodeResult: success, version: HTTP/1.1)
HTTP/1.1 200 OK
Content-Length: 16
Content-Type: application/json; charset=utf-8
cache-control: no-cache

16:09:30.779 [AsyncHttpClient-1-2] DEBUG org.asynchttpclient.netty.channel.ChannelManager - Adding key: http://localhost:9599 for channel [id: 0x00791a21, L:/127.0.0.1:50290 - R:localhost/127.0.0.1:9599]
16:09:30.783 [Forwarding findElement on session c53d8246807f09cab1a1e62b9f3bd216 to remote] DEBUG org.asynchttpclient.netty.request.NettyRequestSender - Using pooled Channel '[id: 0x00791a21, L:/127.0.0.1:50290 - R:localhost/127.0.0.1:9599]' for 'POST' to 'http://localhost:9599/session/c53d8246807f09cab1a1e62b9f3bd216/element'
16:09:30.783 [Forwarding findElement on session c53d8246807f09cab1a1e62b9f3bd216 to remote] DEBUG org.asynchttpclient.netty.request.NettyRequestSender - Using open Channel [id: 0x00791a21, L:/127.0.0.1:50290 - R:localhost/127.0.0.1:9599] for POST '/session/c53d8246807f09cab1a1e62b9f3bd216/element'
16:09:30.799 [AsyncHttpClient-1-2] DEBUG org.asynchttpclient.netty.handler.HttpHandler - 

Request DefaultHttpRequest(decodeResult: success, version: HTTP/1.1)
POST /session/c53d8246807f09cab1a1e62b9f3bd216/element HTTP/1.1
User-Agent: selenium/4.8.1 (java windows)
Content-Length: 168
Content-Type: application/json; charset=utf-8
host: localhost:9599
accept: */*

Response DefaultHttpResponse(decodeResult: success, version: HTTP/1.1)
HTTP/1.1 200 OK
Content-Length: 95
Content-Type: application/json; charset=utf-8
cache-control: no-cache

16:09:30.800 [AsyncHttpClient-1-2] DEBUG org.asynchttpclient.netty.channel.ChannelManager - Adding key: http://localhost:9599 for channel [id: 0x00791a21, L:/127.0.0.1:50290 - R:localhost/127.0.0.1:9599]
16:09:30.802 [Forwarding clickElement on session c53d8246807f09cab1a1e62b9f3bd216 to remote] DEBUG org.asynchttpclient.netty.request.NettyRequestSender - Using pooled Channel '[id: 0x00791a21, L:/127.0.0.1:50290 - R:localhost/127.0.0.1:9599]' for 'POST' to 'http://localhost:9599/session/c53d8246807f09cab1a1e62b9f3bd216/element/E24075C99955FD2BF27F617E8EA957BF_element_11/click'
16:09:30.802 [Forwarding clickElement on session c53d8246807f09cab1a1e62b9f3bd216 to remote] DEBUG org.asynchttpclient.netty.request.NettyRequestSender - Using open Channel [id: 0x00791a21, L:/127.0.0.1:50290 - R:localhost/127.0.0.1:9599] for POST '/session/c53d8246807f09cab1a1e62b9f3bd216/element/E24075C99955FD2BF27F617E8EA957BF_element_11/click'
16:09:30.880 [AsyncHttpClient-1-2] DEBUG org.asynchttpclient.netty.handler.HttpHandler - 

Request DefaultHttpRequest(decodeResult: success, version: HTTP/1.1)
POST /session/c53d8246807f09cab1a1e62b9f3bd216/element/E24075C99955FD2BF27F617E8EA957BF_element_11/click HTTP/1.1
User-Agent: selenium/4.8.1 (java windows)
Content-Length: 57
Content-Type: application/json; charset=utf-8
host: localhost:9599
accept: */*

Response DefaultHttpResponse(decodeResult: success, version: HTTP/1.1)
HTTP/1.1 200 OK
Content-Length: 14
Content-Type: application/json; charset=utf-8
cache-control: no-cache

16:09:30.881 [AsyncHttpClient-1-2] DEBUG org.asynchttpclient.netty.channel.ChannelManager - Adding key: http://localhost:9599 for channel [id: 0x00791a21, L:/127.0.0.1:50290 - R:localhost/127.0.0.1:9599]
16:09:30.885 [AsyncHttpClient-1-1] DEBUG org.asynchttpclient.netty.channel.DefaultChannelPool - Entry count for : http://localhost:50291 : 1
16:09:30.885 [AsyncHttpClient-1-1] DEBUG org.asynchttpclient.netty.channel.DefaultChannelPool - Entry count for : http://localhost:9599 : 1
16:09:31.979 [AsyncHttpClient-1-1] DEBUG org.asynchttpclient.netty.channel.DefaultChannelPool - Entry count for : http://localhost:50291 : 1
16:09:31.979 [AsyncHttpClient-1-1] DEBUG org.asynchttpclient.netty.channel.DefaultChannelPool - Entry count for : http://localhost:9599 : 1
16:09:32.922 [Forwarding getAlertText on session c53d8246807f09cab1a1e62b9f3bd216 to remote] DEBUG org.asynchttpclient.netty.request.NettyRequestSender - Using pooled Channel '[id: 0x00791a21, L:/127.0.0.1:50290 - R:localhost/127.0.0.1:9599]' for 'GET' to 'http://localhost:9599/session/c53d8246807f09cab1a1e62b9f3bd216/alert/text'
16:09:32.922 [Forwarding getAlertText on session c53d8246807f09cab1a1e62b9f3bd216 to remote] DEBUG org.asynchttpclient.netty.request.NettyRequestSender - Using open Channel [id: 0x00791a21, L:/127.0.0.1:50290 - R:localhost/127.0.0.1:9599] for GET '/session/c53d8246807f09cab1a1e62b9f3bd216/alert/text'
16:09:33.084 [AsyncHttpClient-1-1] DEBUG org.asynchttpclient.netty.channel.DefaultChannelPool - Entry count for : http://localhost:50291 : 1
16:09:33.975 [AsyncHttpClient-1-2] DEBUG org.asynchttpclient.netty.handler.HttpHandler - 

Request DefaultFullHttpRequest(decodeResult: success, version: HTTP/1.1, content: EmptyByteBufBE)
GET /session/c53d8246807f09cab1a1e62b9f3bd216/alert/text HTTP/1.1
User-Agent: selenium/4.8.1 (java windows)
Cache-Control: no-cache
Content-Type: application/json; charset=utf-8
host: localhost:9599
accept: */*

Response DefaultHttpResponse(decodeResult: success, version: HTTP/1.1)
HTTP/1.1 404 Not Found
Content-Length: 820
Content-Type: application/json; charset=utf-8
cache-control: no-cache

16:09:33.976 [AsyncHttpClient-1-2] DEBUG org.asynchttpclient.netty.channel.ChannelManager - Adding key: http://localhost:9599 for channel [id: 0x00791a21, L:/127.0.0.1:50290 - R:localhost/127.0.0.1:9599]
16:09:33.978 [Forwarding getCurrentUrl on session c53d8246807f09cab1a1e62b9f3bd216 to remote] DEBUG org.asynchttpclient.netty.request.NettyRequestSender - Using pooled Channel '[id: 0x00791a21, L:/127.0.0.1:50290 - R:localhost/127.0.0.1:9599]' for 'GET' to 'http://localhost:9599/session/c53d8246807f09cab1a1e62b9f3bd216/url'
16:09:33.978 [Forwarding getCurrentUrl on session c53d8246807f09cab1a1e62b9f3bd216 to remote] DEBUG org.asynchttpclient.netty.request.NettyRequestSender - Using open Channel [id: 0x00791a21, L:/127.0.0.1:50290 - R:localhost/127.0.0.1:9599] for GET '/session/c53d8246807f09cab1a1e62b9f3bd216/url'
16:09:33.989 [AsyncHttpClient-1-2] DEBUG org.asynchttpclient.netty.handler.HttpHandler - 

Request DefaultFullHttpRequest(decodeResult: success, version: HTTP/1.1, content: EmptyByteBufBE)
GET /session/c53d8246807f09cab1a1e62b9f3bd216/url HTTP/1.1
User-Agent: selenium/4.8.1 (java windows)
Cache-Control: no-cache
Content-Type: application/json; charset=utf-8
host: localhost:9599
accept: */*

Response DefaultHttpResponse(decodeResult: success, version: HTTP/1.1)
HTTP/1.1 200 OK
Content-Length: 41
Content-Type: application/json; charset=utf-8
cache-control: no-cache

16:09:33.990 [AsyncHttpClient-1-2] DEBUG org.asynchttpclient.netty.channel.ChannelManager - Adding key: http://localhost:9599 for channel [id: 0x00791a21, L:/127.0.0.1:50290 - R:localhost/127.0.0.1:9599]
16:09:33.991 [Forwarding screenshot on session c53d8246807f09cab1a1e62b9f3bd216 to remote] DEBUG org.asynchttpclient.netty.request.NettyRequestSender - Using pooled Channel '[id: 0x00791a21, L:/127.0.0.1:50290 - R:localhost/127.0.0.1:9599]' for 'GET' to 'http://localhost:9599/session/c53d8246807f09cab1a1e62b9f3bd216/screenshot'
16:09:33.991 [Forwarding screenshot on session c53d8246807f09cab1a1e62b9f3bd216 to remote] DEBUG org.asynchttpclient.netty.request.NettyRequestSender - Using open Channel [id: 0x00791a21, L:/127.0.0.1:50290 - R:localhost/127.0.0.1:9599] for GET '/session/c53d8246807f09cab1a1e62b9f3bd216/screenshot'
16:09:34.127 [AsyncHttpClient-1-2] DEBUG org.asynchttpclient.netty.handler.HttpHandler - 

Request DefaultFullHttpRequest(decodeResult: success, version: HTTP/1.1, content: EmptyByteBufBE)
GET /session/c53d8246807f09cab1a1e62b9f3bd216/screenshot HTTP/1.1
User-Agent: selenium/4.8.1 (java windows)
Cache-Control: no-cache
Content-Type: application/json; charset=utf-8
host: localhost:9599
accept: */*

Response DefaultHttpResponse(decodeResult: success, version: HTTP/1.1)
HTTP/1.1 200 OK
Content-Length: 97480
Content-Type: application/json; charset=utf-8
cache-control: no-cache

16:09:34.129 [AsyncHttpClient-1-2] DEBUG org.asynchttpclient.netty.channel.ChannelManager - Adding key: http://localhost:9599 for channel [id: 0x00791a21, L:/127.0.0.1:50290 - R:localhost/127.0.0.1:9599]
16:09:34.138 [main] DEBUG net.serenitybdd.core.photography.Darkroom - Send negative for processing for target\site\serenity\d97384cc2c114485ae8a6993da88915c45512068b21144c6410075684428f311.png
16:09:34.139 [Darkroom Processing Line] DEBUG net.serenitybdd.core.photography.DarkroomProcessingLine - Processing screenshot image in /var/screenshots/screenshot-12534849164478463131
16:09:34.139 [main] DEBUG net.thucydides.core.steps.StepInterceptor - STEP DONE: userClickBuutton
16:09:34.139 [Darkroom Processing Line] DEBUG net.serenitybdd.core.photography.DarkroomProcessingLine - Saving screenshot to target\site\serenity\d97384cc2c114485ae8a6993da88915c45512068b21144c6410075684428f311.png
  &amp#27;[32mAnd &amp#27;[0m&amp#27;[32muser click buutton&amp#27;[0m                          &amp#27;[90m# starter.stepdefinitions.LogOutSteps.userClickBuutton()&amp#27;[0m
16:09:34.162 [main] DEBUG net.thucydides.core.steps.StepInterceptor - STARTING STEP: LogOutSteps.lookAtTheMenuLogOut - lookAtTheMenuLogOut
16:09:34.169 [Forwarding findElement on session c53d8246807f09cab1a1e62b9f3bd216 to remote] DEBUG org.asynchttpclient.netty.request.NettyRequestSender - Using pooled Channel '[id: 0x00791a21, L:/127.0.0.1:50290 - R:localhost/127.0.0.1:9599]' for 'POST' to 'http://localhost:9599/session/c53d8246807f09cab1a1e62b9f3bd216/element'
16:09:34.169 [Forwarding findElement on session c53d8246807f09cab1a1e62b9f3bd216 to remote] DEBUG org.asynchttpclient.netty.request.NettyRequestSender - Using open Channel [id: 0x00791a21, L:/127.0.0.1:50290 - R:localhost/127.0.0.1:9599] for POST '/session/c53d8246807f09cab1a1e62b9f3bd216/element'
16:09:34.180 [AsyncHttpClient-1-1] DEBUG org.asynchttpclient.netty.channel.DefaultChannelPool - Entry count for : http://localhost:50291 : 1
16:09:34.207 [AsyncHttpClient-1-2] DEBUG org.asynchttpclient.netty.handler.HttpHandler - 

Request DefaultHttpRequest(decodeResult: success, version: HTTP/1.1)
POST /session/c53d8246807f09cab1a1e62b9f3bd216/element HTTP/1.1
User-Agent: selenium/4.8.1 (java windows)
Content-Length: 124
Content-Type: application/json; charset=utf-8
host: localhost:9599
accept: */*

Response DefaultHttpResponse(decodeResult: success, version: HTTP/1.1)
HTTP/1.1 200 OK
Content-Length: 95
Content-Type: application/json; charset=utf-8
cache-control: no-cache

16:09:34.208 [AsyncHttpClient-1-2] DEBUG org.asynchttpclient.netty.channel.ChannelManager - Adding key: http://localhost:9599 for channel [id: 0x00791a21, L:/127.0.0.1:50290 - R:localhost/127.0.0.1:9599]
16:09:34.210 [Forwarding getElementTagName on session c53d8246807f09cab1a1e62b9f3bd216 to remote] DEBUG org.asynchttpclient.netty.request.NettyRequestSender - Using pooled Channel '[id: 0x00791a21, L:/127.0.0.1:50290 - R:localhost/127.0.0.1:9599]' for 'GET' to 'http://localhost:9599/session/c53d8246807f09cab1a1e62b9f3bd216/element/E24075C99955FD2BF27F617E8EA957BF_element_14/name'
16:09:34.210 [Forwarding getElementTagName on session c53d8246807f09cab1a1e62b9f3bd216 to remote] DEBUG org.asynchttpclient.netty.request.NettyRequestSender - Using open Channel [id: 0x00791a21, L:/127.0.0.1:50290 - R:localhost/127.0.0.1:9599] for GET '/session/c53d8246807f09cab1a1e62b9f3bd216/element/E24075C99955FD2BF27F617E8EA957BF_element_14/name'
16:09:34.218 [AsyncHttpClient-1-2] DEBUG org.asynchttpclient.netty.handler.HttpHandler - 

Request DefaultFullHttpRequest(decodeResult: success, version: HTTP/1.1, content: EmptyByteBufBE)
GET /session/c53d8246807f09cab1a1e62b9f3bd216/element/E24075C99955FD2BF27F617E8EA957BF_element_14/name HTTP/1.1
User-Agent: selenium/4.8.1 (java windows)
Cache-Control: no-cache
Content-Type: application/json; charset=utf-8
host: localhost:9599
accept: */*

Response DefaultHttpResponse(decodeResult: success, version: HTTP/1.1)
HTTP/1.1 200 OK
Content-Length: 16
Content-Type: application/json; charset=utf-8
cache-control: no-cache

16:09:34.218 [AsyncHttpClient-1-2] DEBUG org.asynchttpclient.netty.channel.ChannelManager - Adding key: http://localhost:9599 for channel [id: 0x00791a21, L:/127.0.0.1:50290 - R:localhost/127.0.0.1:9599]
16:09:34.219 [Forwarding getElementTagName on session c53d8246807f09cab1a1e62b9f3bd216 to remote] DEBUG org.asynchttpclient.netty.request.NettyRequestSender - Using pooled Channel '[id: 0x00791a21, L:/127.0.0.1:50290 - R:localhost/127.0.0.1:9599]' for 'GET' to 'http://localhost:9599/session/c53d8246807f09cab1a1e62b9f3bd216/element/E24075C99955FD2BF27F617E8EA957BF_element_14/name'
16:09:34.219 [Forwarding getElementTagName on session c53d8246807f09cab1a1e62b9f3bd216 to remote] DEBUG org.asynchttpclient.netty.request.NettyRequestSender - Using open Channel [id: 0x00791a21, L:/127.0.0.1:50290 - R:localhost/127.0.0.1:9599] for GET '/session/c53d8246807f09cab1a1e62b9f3bd216/element/E24075C99955FD2BF27F617E8EA957BF_element_14/name'
16:09:34.227 [AsyncHttpClient-1-2] DEBUG org.asynchttpclient.netty.handler.HttpHandler - 

Request DefaultFullHttpRequest(decodeResult: success, version: HTTP/1.1, content: EmptyByteBufBE)
GET /session/c53d8246807f09cab1a1e62b9f3bd216/element/E24075C99955FD2BF27F617E8EA957BF_element_14/name HTTP/1.1
User-Agent: selenium/4.8.1 (java windows)
Cache-Control: no-cache
Content-Type: application/json; charset=utf-8
host: localhost:9599
accept: */*

Response DefaultHttpResponse(decodeResult: success, version: HTTP/1.1)
HTTP/1.1 200 OK
Content-Length: 16
Content-Type: application/json; charset=utf-8
cache-control: no-cache

16:09:34.228 [AsyncHttpClient-1-2] DEBUG org.asynchttpclient.netty.channel.ChannelManager - Adding key: http://localhost:9599 for channel [id: 0x00791a21, L:/127.0.0.1:50290 - R:localhost/127.0.0.1:9599]
16:09:34.231 [Forwarding findElement on session c53d8246807f09cab1a1e62b9f3bd216 to remote] DEBUG org.asynchttpclient.netty.request.NettyRequestSender - Using pooled Channel '[id: 0x00791a21, L:/127.0.0.1:50290 - R:localhost/127.0.0.1:9599]' for 'POST' to 'http://localhost:9599/session/c53d8246807f09cab1a1e62b9f3bd216/element'
16:09:34.231 [Forwarding findElement on session c53d8246807f09cab1a1e62b9f3bd216 to remote] DEBUG org.asynchttpclient.netty.request.NettyRequestSender - Using open Channel [id: 0x00791a21, L:/127.0.0.1:50290 - R:localhost/127.0.0.1:9599] for POST '/session/c53d8246807f09cab1a1e62b9f3bd216/element'
16:09:34.249 [AsyncHttpClient-1-2] DEBUG org.asynchttpclient.netty.handler.HttpHandler - 

Request DefaultHttpRequest(decodeResult: success, version: HTTP/1.1)
POST /session/c53d8246807f09cab1a1e62b9f3bd216/element HTTP/1.1
User-Agent: selenium/4.8.1 (java windows)
Content-Length: 124
Content-Type: application/json; charset=utf-8
host: localhost:9599
accept: */*

Response DefaultHttpResponse(decodeResult: success, version: HTTP/1.1)
HTTP/1.1 200 OK
Content-Length: 95
Content-Type: application/json; charset=utf-8
cache-control: no-cache

16:09:34.249 [AsyncHttpClient-1-2] DEBUG org.asynchttpclient.netty.channel.ChannelManager - Adding key: http://localhost:9599 for channel [id: 0x00791a21, L:/127.0.0.1:50290 - R:localhost/127.0.0.1:9599]
16:09:34.251 [Forwarding clickElement on session c53d8246807f09cab1a1e62b9f3bd216 to remote] DEBUG org.asynchttpclient.netty.request.NettyRequestSender - Using pooled Channel '[id: 0x00791a21, L:/127.0.0.1:50290 - R:localhost/127.0.0.1:9599]' for 'POST' to 'http://localhost:9599/session/c53d8246807f09cab1a1e62b9f3bd216/element/E24075C99955FD2BF27F617E8EA957BF_element_14/click'
16:09:34.251 [Forwarding clickElement on session c53d8246807f09cab1a1e62b9f3bd216 to remote] DEBUG org.asynchttpclient.netty.request.NettyRequestSender - Using open Channel [id: 0x00791a21, L:/127.0.0.1:50290 - R:localhost/127.0.0.1:9599] for POST '/session/c53d8246807f09cab1a1e62b9f3bd216/element/E24075C99955FD2BF27F617E8EA957BF_element_14/click'
16:09:34.424 [AsyncHttpClient-1-2] DEBUG org.asynchttpclient.netty.handler.HttpHandler - 

Request DefaultHttpRequest(decodeResult: success, version: HTTP/1.1)
POST /session/c53d8246807f09cab1a1e62b9f3bd216/element/E24075C99955FD2BF27F617E8EA957BF_element_14/click HTTP/1.1
User-Agent: selenium/4.8.1 (java windows)
Content-Length: 57
Content-Type: application/json; charset=utf-8
host: localhost:9599
accept: */*

Response DefaultHttpResponse(decodeResult: success, version: HTTP/1.1)
HTTP/1.1 200 OK
Content-Length: 14
Content-Type: application/json; charset=utf-8
cache-control: no-cache

16:09:34.425 [AsyncHttpClient-1-2] DEBUG org.asynchttpclient.netty.channel.ChannelManager - Adding key: http://localhost:9599 for channel [id: 0x00791a21, L:/127.0.0.1:50290 - R:localhost/127.0.0.1:9599]
16:09:35.283 [AsyncHttpClient-1-1] DEBUG org.asynchttpclient.netty.channel.DefaultChannelPool - Entry count for : http://localhost:50291 : 1
16:09:35.283 [AsyncHttpClient-1-1] DEBUG org.asynchttpclient.netty.channel.DefaultChannelPool - Entry count for : http://localhost:9599 : 1
16:09:36.380 [AsyncHttpClient-1-1] DEBUG org.asynchttpclient.netty.channel.DefaultChannelPool - Entry count for : http://localhost:50291 : 1
16:09:36.380 [AsyncHttpClient-1-1] DEBUG org.asynchttpclient.netty.channel.DefaultChannelPool - Entry count for : http://localhost:9599 : 1
16:09:36.450 [Forwarding getAlertText on session c53d8246807f09cab1a1e62b9f3bd216 to remote] DEBUG org.asynchttpclient.netty.request.NettyRequestSender - Using pooled Channel '[id: 0x00791a21, L:/127.0.0.1:50290 - R:localhost/127.0.0.1:9599]' for 'GET' to 'http://localhost:9599/session/c53d8246807f09cab1a1e62b9f3bd216/alert/text'
16:09:36.450 [Forwarding getAlertText on session c53d8246807f09cab1a1e62b9f3bd216 to remote] DEBUG org.asynchttpclient.netty.request.NettyRequestSender - Using open Channel [id: 0x00791a21, L:/127.0.0.1:50290 - R:localhost/127.0.0.1:9599] for GET '/session/c53d8246807f09cab1a1e62b9f3bd216/alert/text'
16:09:36.453 [AsyncHttpClient-1-2] DEBUG org.asynchttpclient.netty.handler.HttpHandler - 

Request DefaultFullHttpRequest(decodeResult: success, version: HTTP/1.1, content: EmptyByteBufBE)
GET /session/c53d8246807f09cab1a1e62b9f3bd216/alert/text HTTP/1.1
User-Agent: selenium/4.8.1 (java windows)
Cache-Control: no-cache
Content-Type: application/json; charset=utf-8
host: localhost:9599
accept: */*

Response DefaultHttpResponse(decodeResult: success, version: HTTP/1.1)
HTTP/1.1 404 Not Found
Content-Length: 820
Content-Type: application/json; charset=utf-8
cache-control: no-cache

16:09:36.453 [AsyncHttpClient-1-2] DEBUG org.asynchttpclient.netty.channel.ChannelManager - Adding key: http://localhost:9599 for channel [id: 0x00791a21, L:/127.0.0.1:50290 - R:localhost/127.0.0.1:9599]
16:09:36.456 [Forwarding getCurrentUrl on session c53d8246807f09cab1a1e62b9f3bd216 to remote] DEBUG org.asynchttpclient.netty.request.NettyRequestSender - Using pooled Channel '[id: 0x00791a21, L:/127.0.0.1:50290 - R:localhost/127.0.0.1:9599]' for 'GET' to 'http://localhost:9599/session/c53d8246807f09cab1a1e62b9f3bd216/url'
16:09:36.456 [Forwarding getCurrentUrl on session c53d8246807f09cab1a1e62b9f3bd216 to remote] DEBUG org.asynchttpclient.netty.request.NettyRequestSender - Using open Channel [id: 0x00791a21, L:/127.0.0.1:50290 - R:localhost/127.0.0.1:9599] for GET '/session/c53d8246807f09cab1a1e62b9f3bd216/url'
16:09:36.465 [AsyncHttpClient-1-2] DEBUG org.asynchttpclient.netty.handler.HttpHandler - 

Request DefaultFullHttpRequest(decodeResult: success, version: HTTP/1.1, content: EmptyByteBufBE)
GET /session/c53d8246807f09cab1a1e62b9f3bd216/url HTTP/1.1
User-Agent: selenium/4.8.1 (java windows)
Cache-Control: no-cache
Content-Type: application/json; charset=utf-8
host: localhost:9599
accept: */*

Response DefaultHttpResponse(decodeResult: success, version: HTTP/1.1)
HTTP/1.1 200 OK
Content-Length: 41
Content-Type: application/json; charset=utf-8
cache-control: no-cache

16:09:36.465 [AsyncHttpClient-1-2] DEBUG org.asynchttpclient.netty.channel.ChannelManager - Adding key: http://localhost:9599 for channel [id: 0x00791a21, L:/127.0.0.1:50290 - R:localhost/127.0.0.1:9599]
16:09:36.467 [Forwarding screenshot on session c53d8246807f09cab1a1e62b9f3bd216 to remote] DEBUG org.asynchttpclient.netty.request.NettyRequestSender - Using pooled Channel '[id: 0x00791a21, L:/127.0.0.1:50290 - R:localhost/127.0.0.1:9599]' for 'GET' to 'http://localhost:9599/session/c53d8246807f09cab1a1e62b9f3bd216/screenshot'
16:09:36.467 [Forwarding screenshot on session c53d8246807f09cab1a1e62b9f3bd216 to remote] DEBUG org.asynchttpclient.netty.request.NettyRequestSender - Using open Channel [id: 0x00791a21, L:/127.0.0.1:50290 - R:localhost/127.0.0.1:9599] for GET '/session/c53d8246807f09cab1a1e62b9f3bd216/screenshot'
16:09:36.549 [AsyncHttpClient-1-2] DEBUG org.asynchttpclient.netty.handler.HttpHandler - 

Request DefaultFullHttpRequest(decodeResult: success, version: HTTP/1.1, content: EmptyByteBufBE)
GET /session/c53d8246807f09cab1a1e62b9f3bd216/screenshot HTTP/1.1
User-Agent: selenium/4.8.1 (java windows)
Cache-Control: no-cache
Content-Type: application/json; charset=utf-8
host: localhost:9599
accept: */*

Response DefaultHttpResponse(decodeResult: success, version: HTTP/1.1)
HTTP/1.1 200 OK
Content-Length: 105712
Content-Type: application/json; charset=utf-8
cache-control: no-cache

16:09:36.551 [AsyncHttpClient-1-2] DEBUG org.asynchttpclient.netty.channel.ChannelManager - Adding key: http://localhost:9599 for channel [id: 0x00791a21, L:/127.0.0.1:50290 - R:localhost/127.0.0.1:9599]
16:09:36.560 [main] DEBUG net.serenitybdd.core.photography.Darkroom - Send negative for processing for target\site\serenity\d7101340cab3cc832cd8a0b578f43cba567a71a9fb457fe3d18902b65bcd38f7.png
16:09:36.560 [main] DEBUG net.thucydides.core.steps.StepInterceptor - STEP DONE: lookAtTheMenuLogOut
16:09:36.560 [Darkroom Processing Line] DEBUG net.serenitybdd.core.photography.DarkroomProcessingLine - Processing screenshot image in /var/screenshots/screenshot-3775255402431272854
16:09:36.560 [Darkroom Processing Line] DEBUG net.serenitybdd.core.photography.DarkroomProcessingLine - Saving screenshot to target\site\serenity\d7101340cab3cc832cd8a0b578f43cba567a71a9fb457fe3d18902b65bcd38f7.png
  &amp#27;[32mAnd &amp#27;[0m&amp#27;[32mlook at the menu log out&amp#27;[0m                    &amp#27;[90m# starter.stepdefinitions.LogOutSteps.lookAtTheMenuLogOut()&amp#27;[0m
16:09:36.582 [main] DEBUG net.thucydides.core.steps.StepInterceptor - STARTING STEP: LogOutSteps.userClickToLogout - userClickToLogout
16:09:36.592 [Forwarding findElement on session c53d8246807f09cab1a1e62b9f3bd216 to remote] DEBUG org.asynchttpclient.netty.request.NettyRequestSender - Using pooled Channel '[id: 0x00791a21, L:/127.0.0.1:50290 - R:localhost/127.0.0.1:9599]' for 'POST' to 'http://localhost:9599/session/c53d8246807f09cab1a1e62b9f3bd216/element'
16:09:36.592 [Forwarding findElement on session c53d8246807f09cab1a1e62b9f3bd216 to remote] DEBUG org.asynchttpclient.netty.request.NettyRequestSender - Using open Channel [id: 0x00791a21, L:/127.0.0.1:50290 - R:localhost/127.0.0.1:9599] for POST '/session/c53d8246807f09cab1a1e62b9f3bd216/element'
16:09:36.617 [AsyncHttpClient-1-2] DEBUG org.asynchttpclient.netty.handler.HttpHandler - 

Request DefaultHttpRequest(decodeResult: success, version: HTTP/1.1)
POST /session/c53d8246807f09cab1a1e62b9f3bd216/element HTTP/1.1
User-Agent: selenium/4.8.1 (java windows)
Content-Length: 111
Content-Type: application/json; charset=utf-8
host: localhost:9599
accept: */*

Response DefaultHttpResponse(decodeResult: success, version: HTTP/1.1)
HTTP/1.1 200 OK
Content-Length: 95
Content-Type: application/json; charset=utf-8
cache-control: no-cache

16:09:36.617 [AsyncHttpClient-1-2] DEBUG org.asynchttpclient.netty.channel.ChannelManager - Adding key: http://localhost:9599 for channel [id: 0x00791a21, L:/127.0.0.1:50290 - R:localhost/127.0.0.1:9599]
16:09:36.620 [Forwarding getElementTagName on session c53d8246807f09cab1a1e62b9f3bd216 to remote] DEBUG org.asynchttpclient.netty.request.NettyRequestSender - Using pooled Channel '[id: 0x00791a21, L:/127.0.0.1:50290 - R:localhost/127.0.0.1:9599]' for 'GET' to 'http://localhost:9599/session/c53d8246807f09cab1a1e62b9f3bd216/element/E24075C99955FD2BF27F617E8EA957BF_element_15/name'
16:09:36.620 [Forwarding getElementTagName on session c53d8246807f09cab1a1e62b9f3bd216 to remote] DEBUG org.asynchttpclient.netty.request.NettyRequestSender - Using open Channel [id: 0x00791a21, L:/127.0.0.1:50290 - R:localhost/127.0.0.1:9599] for GET '/session/c53d8246807f09cab1a1e62b9f3bd216/element/E24075C99955FD2BF27F617E8EA957BF_element_15/name'
16:09:36.631 [AsyncHttpClient-1-2] DEBUG org.asynchttpclient.netty.handler.HttpHandler - 

Request DefaultFullHttpRequest(decodeResult: success, version: HTTP/1.1, content: EmptyByteBufBE)
GET /session/c53d8246807f09cab1a1e62b9f3bd216/element/E24075C99955FD2BF27F617E8EA957BF_element_15/name HTTP/1.1
User-Agent: selenium/4.8.1 (java windows)
Cache-Control: no-cache
Content-Type: application/json; charset=utf-8
host: localhost:9599
accept: */*

Response DefaultHttpResponse(decodeResult: success, version: HTTP/1.1)
HTTP/1.1 200 OK
Content-Length: 15
Content-Type: application/json; charset=utf-8
cache-control: no-cache

16:09:36.632 [AsyncHttpClient-1-2] DEBUG org.asynchttpclient.netty.channel.ChannelManager - Adding key: http://localhost:9599 for channel [id: 0x00791a21, L:/127.0.0.1:50290 - R:localhost/127.0.0.1:9599]
16:09:36.634 [Forwarding getElementTagName on session c53d8246807f09cab1a1e62b9f3bd216 to remote] DEBUG org.asynchttpclient.netty.request.NettyRequestSender - Using pooled Channel '[id: 0x00791a21, L:/127.0.0.1:50290 - R:localhost/127.0.0.1:9599]' for 'GET' to 'http://localhost:9599/session/c53d8246807f09cab1a1e62b9f3bd216/element/E24075C99955FD2BF27F617E8EA957BF_element_15/name'
16:09:36.634 [Forwarding getElementTagName on session c53d8246807f09cab1a1e62b9f3bd216 to remote] DEBUG org.asynchttpclient.netty.request.NettyRequestSender - Using open Channel [id: 0x00791a21, L:/127.0.0.1:50290 - R:localhost/127.0.0.1:9599] for GET '/session/c53d8246807f09cab1a1e62b9f3bd216/element/E24075C99955FD2BF27F617E8EA957BF_element_15/name'
16:09:36.641 [AsyncHttpClient-1-2] DEBUG org.asynchttpclient.netty.handler.HttpHandler - 

Request DefaultFullHttpRequest(decodeResult: success, version: HTTP/1.1, content: EmptyByteBufBE)
GET /session/c53d8246807f09cab1a1e62b9f3bd216/element/E24075C99955FD2BF27F617E8EA957BF_element_15/name HTTP/1.1
User-Agent: selenium/4.8.1 (java windows)
Cache-Control: no-cache
Content-Type: application/json; charset=utf-8
host: localhost:9599
accept: */*

Response DefaultHttpResponse(decodeResult: success, version: HTTP/1.1)
HTTP/1.1 200 OK
Content-Length: 15
Content-Type: application/json; charset=utf-8
cache-control: no-cache

16:09:36.642 [AsyncHttpClient-1-2] DEBUG org.asynchttpclient.netty.channel.ChannelManager - Adding key: http://localhost:9599 for channel [id: 0x00791a21, L:/127.0.0.1:50290 - R:localhost/127.0.0.1:9599]
16:09:36.645 [Forwarding findElement on session c53d8246807f09cab1a1e62b9f3bd216 to remote] DEBUG org.asynchttpclient.netty.request.NettyRequestSender - Using pooled Channel '[id: 0x00791a21, L:/127.0.0.1:50290 - R:localhost/127.0.0.1:9599]' for 'POST' to 'http://localhost:9599/session/c53d8246807f09cab1a1e62b9f3bd216/element'
16:09:36.646 [Forwarding findElement on session c53d8246807f09cab1a1e62b9f3bd216 to remote] DEBUG org.asynchttpclient.netty.request.NettyRequestSender - Using open Channel [id: 0x00791a21, L:/127.0.0.1:50290 - R:localhost/127.0.0.1:9599] for POST '/session/c53d8246807f09cab1a1e62b9f3bd216/element'
16:09:36.659 [AsyncHttpClient-1-2] DEBUG org.asynchttpclient.netty.handler.HttpHandler - 

Request DefaultHttpRequest(decodeResult: success, version: HTTP/1.1)
POST /session/c53d8246807f09cab1a1e62b9f3bd216/element HTTP/1.1
User-Agent: selenium/4.8.1 (java windows)
Content-Length: 111
Content-Type: application/json; charset=utf-8
host: localhost:9599
accept: */*

Response DefaultHttpResponse(decodeResult: success, version: HTTP/1.1)
HTTP/1.1 200 OK
Content-Length: 95
Content-Type: application/json; charset=utf-8
cache-control: no-cache

16:09:36.660 [AsyncHttpClient-1-2] DEBUG org.asynchttpclient.netty.channel.ChannelManager - Adding key: http://localhost:9599 for channel [id: 0x00791a21, L:/127.0.0.1:50290 - R:localhost/127.0.0.1:9599]
16:09:36.661 [Forwarding clickElement on session c53d8246807f09cab1a1e62b9f3bd216 to remote] DEBUG org.asynchttpclient.netty.request.NettyRequestSender - Using pooled Channel '[id: 0x00791a21, L:/127.0.0.1:50290 - R:localhost/127.0.0.1:9599]' for 'POST' to 'http://localhost:9599/session/c53d8246807f09cab1a1e62b9f3bd216/element/E24075C99955FD2BF27F617E8EA957BF_element_15/click'
16:09:36.661 [Forwarding clickElement on session c53d8246807f09cab1a1e62b9f3bd216 to remote] DEBUG org.asynchttpclient.netty.request.NettyRequestSender - Using open Channel [id: 0x00791a21, L:/127.0.0.1:50290 - R:localhost/127.0.0.1:9599] for POST '/session/c53d8246807f09cab1a1e62b9f3bd216/element/E24075C99955FD2BF27F617E8EA957BF_element_15/click'
16:09:36.911 [AsyncHttpClient-1-2] DEBUG org.asynchttpclient.netty.handler.HttpHandler - 

Request DefaultHttpRequest(decodeResult: success, version: HTTP/1.1)
POST /session/c53d8246807f09cab1a1e62b9f3bd216/element/E24075C99955FD2BF27F617E8EA957BF_element_15/click HTTP/1.1
User-Agent: selenium/4.8.1 (java windows)
Content-Length: 57
Content-Type: application/json; charset=utf-8
host: localhost:9599
accept: */*

Response DefaultHttpResponse(decodeResult: success, version: HTTP/1.1)
HTTP/1.1 200 OK
Content-Length: 14
Content-Type: application/json; charset=utf-8
cache-control: no-cache

16:09:36.911 [AsyncHttpClient-1-2] DEBUG org.asynchttpclient.netty.channel.ChannelManager - Adding key: http://localhost:9599 for channel [id: 0x00791a21, L:/127.0.0.1:50290 - R:localhost/127.0.0.1:9599]
16:09:37.488 [AsyncHttpClient-1-1] DEBUG org.asynchttpclient.netty.channel.DefaultChannelPool - Entry count for : http://localhost:50291 : 1
16:09:37.488 [AsyncHttpClient-1-1] DEBUG org.asynchttpclient.netty.channel.DefaultChannelPool - Entry count for : http://localhost:9599 : 1
16:09:38.580 [AsyncHttpClient-1-1] DEBUG org.asynchttpclient.netty.channel.DefaultChannelPool - Entry count for : http://localhost:50291 : 1
16:09:38.580 [AsyncHttpClient-1-1] DEBUG org.asynchttpclient.netty.channel.DefaultChannelPool - Entry count for : http://localhost:9599 : 1
16:09:38.935 [Forwarding getAlertText on session c53d8246807f09cab1a1e62b9f3bd216 to remote] DEBUG org.asynchttpclient.netty.request.NettyRequestSender - Using pooled Channel '[id: 0x00791a21, L:/127.0.0.1:50290 - R:localhost/127.0.0.1:9599]' for 'GET' to 'http://localhost:9599/session/c53d8246807f09cab1a1e62b9f3bd216/alert/text'
16:09:38.935 [Forwarding getAlertText on session c53d8246807f09cab1a1e62b9f3bd216 to remote] DEBUG org.asynchttpclient.netty.request.NettyRequestSender - Using open Channel [id: 0x00791a21, L:/127.0.0.1:50290 - R:localhost/127.0.0.1:9599] for GET '/session/c53d8246807f09cab1a1e62b9f3bd216/alert/text'
16:09:38.939 [AsyncHttpClient-1-2] DEBUG org.asynchttpclient.netty.handler.HttpHandler - 

Request DefaultFullHttpRequest(decodeResult: success, version: HTTP/1.1, content: EmptyByteBufBE)
GET /session/c53d8246807f09cab1a1e62b9f3bd216/alert/text HTTP/1.1
User-Agent: selenium/4.8.1 (java windows)
Cache-Control: no-cache
Content-Type: application/json; charset=utf-8
host: localhost:9599
accept: */*

Response DefaultHttpResponse(decodeResult: success, version: HTTP/1.1)
HTTP/1.1 404 Not Found
Content-Length: 820
Content-Type: application/json; charset=utf-8
cache-control: no-cache

16:09:38.939 [AsyncHttpClient-1-2] DEBUG org.asynchttpclient.netty.channel.ChannelManager - Adding key: http://localhost:9599 for channel [id: 0x00791a21, L:/127.0.0.1:50290 - R:localhost/127.0.0.1:9599]
16:09:38.942 [Forwarding getCurrentUrl on session c53d8246807f09cab1a1e62b9f3bd216 to remote] DEBUG org.asynchttpclient.netty.request.NettyRequestSender - Using pooled Channel '[id: 0x00791a21, L:/127.0.0.1:50290 - R:localhost/127.0.0.1:9599]' for 'GET' to 'http://localhost:9599/session/c53d8246807f09cab1a1e62b9f3bd216/url'
16:09:38.942 [Forwarding getCurrentUrl on session c53d8246807f09cab1a1e62b9f3bd216 to remote] DEBUG org.asynchttpclient.netty.request.NettyRequestSender - Using open Channel [id: 0x00791a21, L:/127.0.0.1:50290 - R:localhost/127.0.0.1:9599] for GET '/session/c53d8246807f09cab1a1e62b9f3bd216/url'
16:09:38.951 [AsyncHttpClient-1-2] DEBUG org.asynchttpclient.netty.handler.HttpHandler - 

Request DefaultFullHttpRequest(decodeResult: success, version: HTTP/1.1, content: EmptyByteBufBE)
GET /session/c53d8246807f09cab1a1e62b9f3bd216/url HTTP/1.1
User-Agent: selenium/4.8.1 (java windows)
Cache-Control: no-cache
Content-Type: application/json; charset=utf-8
host: localhost:9599
accept: */*

Response DefaultHttpResponse(decodeResult: success, version: HTTP/1.1)
HTTP/1.1 200 OK
Content-Length: 51
Content-Type: application/json; charset=utf-8
cache-control: no-cache

16:09:38.952 [AsyncHttpClient-1-2] DEBUG org.asynchttpclient.netty.channel.ChannelManager - Adding key: http://localhost:9599 for channel [id: 0x00791a21, L:/127.0.0.1:50290 - R:localhost/127.0.0.1:9599]
16:09:38.953 [Forwarding screenshot on session c53d8246807f09cab1a1e62b9f3bd216 to remote] DEBUG org.asynchttpclient.netty.request.NettyRequestSender - Using pooled Channel '[id: 0x00791a21, L:/127.0.0.1:50290 - R:localhost/127.0.0.1:9599]' for 'GET' to 'http://localhost:9599/session/c53d8246807f09cab1a1e62b9f3bd216/screenshot'
16:09:38.953 [Forwarding screenshot on session c53d8246807f09cab1a1e62b9f3bd216 to remote] DEBUG org.asynchttpclient.netty.request.NettyRequestSender - Using open Channel [id: 0x00791a21, L:/127.0.0.1:50290 - R:localhost/127.0.0.1:9599] for GET '/session/c53d8246807f09cab1a1e62b9f3bd216/screenshot'
16:09:39.042 [AsyncHttpClient-1-2] DEBUG org.asynchttpclient.netty.handler.HttpHandler - 

Request DefaultFullHttpRequest(decodeResult: success, version: HTTP/1.1, content: EmptyByteBufBE)
GET /session/c53d8246807f09cab1a1e62b9f3bd216/screenshot HTTP/1.1
User-Agent: selenium/4.8.1 (java windows)
Cache-Control: no-cache
Content-Type: application/json; charset=utf-8
host: localhost:9599
accept: */*

Response DefaultHttpResponse(decodeResult: success, version: HTTP/1.1)
HTTP/1.1 200 OK
Content-Length: 32020
Content-Type: application/json; charset=utf-8
cache-control: no-cache

16:09:39.042 [AsyncHttpClient-1-2] DEBUG org.asynchttpclient.netty.channel.ChannelManager - Adding key: http://localhost:9599 for channel [id: 0x00791a21, L:/127.0.0.1:50290 - R:localhost/127.0.0.1:9599]
16:09:39.044 [main] DEBUG net.serenitybdd.core.photography.Darkroom - Send negative for processing for target\site\serenity\64131d300e1f660b304d30f126733f9569293aa2d192474061bebad02b7a03d8.png
16:09:39.045 [main] DEBUG net.thucydides.core.steps.StepInterceptor - STEP DONE: userClickToLogout
  &amp#27;[32mThen &amp#27;[0m&amp#27;[32muser click to logout&amp#27;[0m                       &amp#27;[90m# starter.stepdefinitions.LogOutSteps.userClickToLogout()&amp#27;[0m
16:09:39.057 [main] INFO  - 
  _____   ___   ___   _____     ___     _     ___   ___   ___   ___  
 |_   _| | __| / __| |_   _|   | _ \   /_\   / __| / __| | __| |   \ 
   | |   | _|  \__ \   | |     |  _/  / _ \  \__ \ \__ \ | _|  | |) |
   |_|   |___| |___/   |_|     |_|   /_/ \_\ |___/ |___/ |___| |___/ 

when i finish shopping i want to logout
----------------------------------------------------------------------
16:09:39.186 [Driver Command Executor] DEBUG org.asynchttpclient.netty.request.NettyRequestSender - Using pooled Channel '[id: 0x00791a21, L:/127.0.0.1:50290 - R:localhost/127.0.0.1:9599]' for 'DELETE' to 'http://localhost:9599/session/c53d8246807f09cab1a1e62b9f3bd216'
16:09:39.186 [Driver Command Executor] DEBUG org.asynchttpclient.netty.request.NettyRequestSender - Using open Channel [id: 0x00791a21, L:/127.0.0.1:50290 - R:localhost/127.0.0.1:9599] for DELETE '/session/c53d8246807f09cab1a1e62b9f3bd216'
16:09:39.228 [AsyncHttpClient-1-4] DEBUG org.asynchttpclient.netty.handler.WebSocketHandler - Unexpected I/O exception on channel [id: 0x696f18b4, L:/127.0.0.1:50299 - R:localhost/127.0.0.1:50291]
java.net.SocketException: Connection reset
	at java.base/sun.nio.ch.SocketChannelImpl.throwConnectionReset(SocketChannelImpl.java:401)
	at java.base/sun.nio.ch.SocketChannelImpl.read(SocketChannelImpl.java:434)
	at io.netty.buffer.PooledByteBuf.setBytes(PooledByteBuf.java:259)
	at io.netty.buffer.AbstractByteBuf.writeBytes(AbstractByteBuf.java:1132)
	at io.netty.channel.socket.nio.NioSocketChannel.doReadBytes(NioSocketChannel.java:357)
	at io.netty.channel.nio.AbstractNioByteChannel$NioByteUnsafe.read(AbstractNioByteChannel.java:151)
	at io.netty.channel.nio.NioEventLoop.processSelectedKey(NioEventLoop.java:788)
	at io.netty.channel.nio.NioEventLoop.processSelectedKeysOptimized(NioEventLoop.java:724)
	at io.netty.channel.nio.NioEventLoop.processSelectedKeys(NioEventLoop.java:650)
	at io.netty.channel.nio.NioEventLoop.run(NioEventLoop.java:562)
	at io.netty.util.concurrent.SingleThreadEventExecutor$4.run(SingleThreadEventExecutor.java:997)
	at io.netty.util.internal.ThreadExecutorMap$2.run(ThreadExecutorMap.java:74)
	at io.netty.util.concurrent.FastThreadLocalRunnable.run(FastThreadLocalRunnable.java:30)
	at java.base/java.lang.Thread.run(Thread.java:1589)
16:09:39.228 [AsyncHttpClient-1-3] DEBUG org.asynchttpclient.netty.handler.HttpHandler - Unexpected I/O exception on channel [id: 0x0500d2b8, L:/127.0.0.1:50298 - R:localhost/127.0.0.1:50291]
java.net.SocketException: Connection reset
	at java.base/sun.nio.ch.SocketChannelImpl.throwConnectionReset(SocketChannelImpl.java:401)
	at java.base/sun.nio.ch.SocketChannelImpl.read(SocketChannelImpl.java:434)
	at io.netty.buffer.PooledByteBuf.setBytes(PooledByteBuf.java:259)
	at io.netty.buffer.AbstractByteBuf.writeBytes(AbstractByteBuf.java:1132)
	at io.netty.channel.socket.nio.NioSocketChannel.doReadBytes(NioSocketChannel.java:357)
	at io.netty.channel.nio.AbstractNioByteChannel$NioByteUnsafe.read(AbstractNioByteChannel.java:151)
	at io.netty.channel.nio.NioEventLoop.processSelectedKey(NioEventLoop.java:788)
	at io.netty.channel.nio.NioEventLoop.processSelectedKeysOptimized(NioEventLoop.java:724)
	at io.netty.channel.nio.NioEventLoop.processSelectedKeys(NioEventLoop.java:650)
	at io.netty.channel.nio.NioEventLoop.run(NioEventLoop.java:562)
	at io.netty.util.concurrent.SingleThreadEventExecutor$4.run(SingleThreadEventExecutor.java:997)
	at io.netty.util.internal.ThreadExecutorMap$2.run(ThreadExecutorMap.java:74)
	at io.netty.util.concurrent.FastThreadLocalRunnable.run(FastThreadLocalRunnable.java:30)
	at java.base/java.lang.Thread.run(Thread.java:1589)
16:09:39.229 [AsyncHttpClient-1-3] DEBUG org.asynchttpclient.netty.channel.ChannelManager - Closing Channel [id: 0x0500d2b8, L:/127.0.0.1:50298 - R:localhost/127.0.0.1:50291] 
16:09:39.229 [AsyncHttpClient-1-4] DEBUG org.asynchttpclient.netty.handler.WebSocketHandler - Was unable to recover Future: NettyResponseFuture{currentRetry=0,
	isDone=1,
	isCancelled=0,
	asyncHandler=org.asynchttpclient.ws.WebSocketUpgradeHandler@121eea57,
	nettyRequest=org.asynchttpclient.netty.request.NettyRequest@b3374a8,
	future=java.util.concurrent.CompletableFuture@3f2b1c5a[Completed normally],
	uri=ws://localhost:50291/devtools/browser/b21a564a-043d-4752-bf3e-3fa956a61460,
	keepAlive=true,
	redirectCount=0,
	timeoutsHolder=null,
	inAuth=0,
	touch=1683709779228}
16:09:39.229 [AsyncHttpClient-1-4] DEBUG org.asynchttpclient.netty.channel.ChannelManager - Closing Channel [id: 0x696f18b4, L:/127.0.0.1:50299 - R:localhost/127.0.0.1:50291] 
16:09:39.230 [AsyncHttpClient-1-4] WARN org.asynchttpclient.netty.handler.WebSocketHandler - onError
java.net.SocketException: Connection reset
	at java.base/sun.nio.ch.SocketChannelImpl.throwConnectionReset(SocketChannelImpl.java:401)
	at java.base/sun.nio.ch.SocketChannelImpl.read(SocketChannelImpl.java:434)
	at io.netty.buffer.PooledByteBuf.setBytes(PooledByteBuf.java:259)
	at io.netty.buffer.AbstractByteBuf.writeBytes(AbstractByteBuf.java:1132)
	at io.netty.channel.socket.nio.NioSocketChannel.doReadBytes(NioSocketChannel.java:357)
	at io.netty.channel.nio.AbstractNioByteChannel$NioByteUnsafe.read(AbstractNioByteChannel.java:151)
	at io.netty.channel.nio.NioEventLoop.processSelectedKey(NioEventLoop.java:788)
	at io.netty.channel.nio.NioEventLoop.processSelectedKeysOptimized(NioEventLoop.java:724)
	at io.netty.channel.nio.NioEventLoop.processSelectedKeys(NioEventLoop.java:650)
	at io.netty.channel.nio.NioEventLoop.run(NioEventLoop.java:562)
	at io.netty.util.concurrent.SingleThreadEventExecutor$4.run(SingleThreadEventExecutor.java:997)
	at io.netty.util.internal.ThreadExecutorMap$2.run(ThreadExecutorMap.java:74)
	at io.netty.util.concurrent.FastThreadLocalRunnable.run(FastThreadLocalRunnable.java:30)
	at java.base/java.lang.Thread.run(Thread.java:1589)
16:09:39.232 [AsyncHttpClient-1-3] DEBUG org.asynchttpclient.netty.handler.HttpHandler - Channel Closed: [id: 0x0500d2b8, L:/127.0.0.1:50298 ! R:localhost/127.0.0.1:50291] with attribute DISCARD
16:09:39.234 [AsyncHttpClient-1-4] DEBUG org.asynchttpclient.netty.channel.ChannelManager - Closing Channel [id: 0x696f18b4, L:/127.0.0.1:50299 ! R:localhost/127.0.0.1:50291] 
16:09:39.235 [AsyncHttpClient-1-4] DEBUG org.asynchttpclient.netty.handler.WebSocketHandler - Channel Closed: [id: 0x696f18b4, L:/127.0.0.1:50299 ! R:localhost/127.0.0.1:50291] with attribute DISCARD
16:09:39.253 [AsyncHttpClient-1-2] DEBUG org.asynchttpclient.netty.handler.HttpHandler - 

Request DefaultFullHttpRequest(decodeResult: success, version: HTTP/1.1, content: EmptyByteBufBE)
DELETE /session/c53d8246807f09cab1a1e62b9f3bd216 HTTP/1.1
User-Agent: selenium/4.8.1 (java windows)
Content-Type: application/json; charset=utf-8
host: localhost:9599
accept: */*

Response DefaultHttpResponse(decodeResult: success, version: HTTP/1.1)
HTTP/1.1 200 OK
Content-Length: 14
Content-Type: application/json; charset=utf-8
cache-control: no-cache

16:09:39.254 [AsyncHttpClient-1-2] DEBUG org.asynchttpclient.netty.channel.ChannelManager - Adding key: http://localhost:9599 for channel [id: 0x00791a21, L:/127.0.0.1:50290 - R:localhost/127.0.0.1:9599]
16:09:39.392 [AsyncHttpClient-1-2] DEBUG org.asynchttpclient.netty.handler.HttpHandler - Channel Closed: [id: 0x00791a21, L:/127.0.0.1:50290 ! R:localhost/127.0.0.1:9599] with attribute DISCARD
]]></system-out>
    <system-err><![CDATA[Starting ChromeDriver 113.0.5672.63 (0e1a4471d5ae5bf128b1bd8f4d627c8cbd55f70c-refs/branch-heads/5672@{#912}) on port 9599
Only local connections are allowed.
Please see https://chromedriver.chromium.org/security-considerations for suggestions on keeping ChromeDriver safe.
ChromeDriver was started successfully.
May 10, 2023 4:09:18 PM org.openqa.selenium.devtools.CdpVersionFinder findNearestMatch
WARNING: Unable to find an exact match for CDP version 113, so returning the closest version found: 110
May 10, 2023 4:09:39 PM org.openqa.selenium.remote.http.WebSocket$Listener onError
WARNING: Connection reset
java.net.SocketException: Connection reset
	at java.base/sun.nio.ch.SocketChannelImpl.throwConnectionReset(SocketChannelImpl.java:401)
	at java.base/sun.nio.ch.SocketChannelImpl.read(SocketChannelImpl.java:434)
	at io.netty.buffer.PooledByteBuf.setBytes(PooledByteBuf.java:259)
	at io.netty.buffer.AbstractByteBuf.writeBytes(AbstractByteBuf.java:1132)
	at io.netty.channel.socket.nio.NioSocketChannel.doReadBytes(NioSocketChannel.java:357)
	at io.netty.channel.nio.AbstractNioByteChannel$NioByteUnsafe.read(AbstractNioByteChannel.java:151)
	at io.netty.channel.nio.NioEventLoop.processSelectedKey(NioEventLoop.java:788)
	at io.netty.channel.nio.NioEventLoop.processSelectedKeysOptimized(NioEventLoop.java:724)
	at io.netty.channel.nio.NioEventLoop.processSelectedKeys(NioEventLoop.java:650)
	at io.netty.channel.nio.NioEventLoop.run(NioEventLoop.java:562)
	at io.netty.util.concurrent.SingleThreadEventExecutor$4.run(SingleThreadEventExecutor.java:997)
	at io.netty.util.internal.ThreadExecutorMap$2.run(ThreadExecutorMap.java:74)
	at io.netty.util.concurrent.FastThreadLocalRunnable.run(FastThreadLocalRunnable.java:30)
	at java.base/java.lang.Thread.run(Thread.java:1589)

]]></system-err>
  </testcase>
  <testcase name="as user i want to input valid to then i can see success login" classname="As a user i want to success login so that i can see product page" time="18.313">
    <system-out><![CDATA[16:09:39.492 [main] DEBUG io.cucumber.core.plugin.SerenityReporter - Running feature from file:///D:/JAVA/manusia/MP-WEB/src/test/resources/features.web/Login.feature
16:09:39.492 [main] WARN io.cucumber.core.plugin.SerenityReporter - Feature from file:///D:/JAVA/manusia/MP-WEB/src/test/resources/features.web/Login.feature is not under the 'features' directory. Requirements report will not be correctly generated!
16:09:39.509 [main] DEBUG net.thucydides.core.steps.StepEventBus - Test suite started for story net.thucydides.core.model.Story@dddc2441
16:09:39.510 [main] INFO  - Test Suite Started: As a user i want to success login so that i can see product page

Scenario: as user i want to input valid to then i can see success login &amp#27;[90m# src/test/resources/features.web/Login.feature:3&amp#27;[0m
16:09:39.543 [main] DEBUG io.cucumber.core.plugin.SerenityReporter - Running feature from file:///D:/JAVA/manusia/MP-WEB/src/test/resources/features.web/Login.feature
16:09:39.543 [main] WARN io.cucumber.core.plugin.SerenityReporter - Feature from file:///D:/JAVA/manusia/MP-WEB/src/test/resources/features.web/Login.feature is not under the 'features' directory. Requirements report will not be correctly generated!
16:09:39.546 [main] INFO  - 
  _____   ___   ___   _____     ___   _____     _     ___   _____   ___   ___  
 |_   _| | __| / __| |_   _|   / __| |_   _|   /_\   | _ \ |_   _| | __| |   \ 
   | |   | _|  \__ \   | |     \__ \   | |    / _ \  |   /   | |   | _|  | |) |
   |_|   |___| |___/   |_|     |___/   |_|   /_/ \_\ |_|_\   |_|   |___| |___/ 

as user i want to input valid to then i can see success login(as-a-user-i-want-to-success-login-so-that-i-can-see-product-page;as-user-i-want-to-input-valid-to-then-i-can-see-success-login)
--------------------------------------------------------------------------------
16:09:39.687 [AsyncHttpClient-1-1] DEBUG org.asynchttpclient.netty.channel.DefaultChannelPool - Entry count for : http://localhost:50291 : 1
16:09:39.687 [AsyncHttpClient-1-1] DEBUG org.asynchttpclient.netty.channel.DefaultChannelPool - Entry count for : http://localhost:9599 : 1
16:09:39.688 [AsyncHttpClient-1-1] DEBUG org.asynchttpclient.netty.channel.DefaultChannelPool - Adding Candidate expired Channel [id: 0x0500d2b8, L:/127.0.0.1:50298 ! R:localhost/127.0.0.1:50291] isIdleTimeoutExpired=false isRemotelyClosed=true isTtlExpired=false
16:09:39.689 [AsyncHttpClient-1-1] DEBUG org.asynchttpclient.netty.channel.DefaultChannelPool - Closing Idle Channel [id: 0x0500d2b8, L:/127.0.0.1:50298 ! R:localhost/127.0.0.1:50291]
16:09:39.689 [AsyncHttpClient-1-1] DEBUG org.asynchttpclient.netty.channel.DefaultChannelPool - Adding Candidate expired Channel [id: 0x00791a21, L:/127.0.0.1:50290 ! R:localhost/127.0.0.1:9599] isIdleTimeoutExpired=false isRemotelyClosed=true isTtlExpired=false
16:09:39.690 [AsyncHttpClient-1-1] DEBUG org.asynchttpclient.netty.channel.DefaultChannelPool - Closing Idle Channel [id: 0x00791a21, L:/127.0.0.1:50290 ! R:localhost/127.0.0.1:9599]
16:09:39.690 [AsyncHttpClient-1-1] DEBUG org.asynchttpclient.netty.channel.DefaultChannelPool - Closed 2 connections out of 2 in 2 ms
16:09:39.846 [main] DEBUG net.thucydides.core.steps.StepInterceptor - STARTING STEP: LoginSteps.UserOnLoginPage - UserOnLoginPage
16:09:39.990 [main] INFO net.serenitybdd.core.webdriver.driverproviders.ChromeDriverProvider - Starting Chrome driver instance with capabilities:
16:09:39.991 [main] INFO net.serenitybdd.core.webdriver.driverproviders.ChromeDriverProvider - Capabilities {acceptInsecureCerts: true, browserName: chrome, goog:chromeOptions: {args: [remote-allow-origins=*, test-type, no-sandbox, ignore-certificate-errors, --window-size=1000,800, incognito, disable-infobars, disable-gpu, disable-default-apps, disable-popup-blocking, remote-allow-origins=*, test-type, no-sandbox, ignore-certificate-errors, --window-size=1000,800, incognito, disable-infobars, disable-gpu, disable-default-apps, disable-popup-blocking, remote-allow-origins=*], extensions: []}}
16:09:43.027 [AsyncHttpClient-1-5] DEBUG org.asynchttpclient.netty.channel.NettyConnectListener - Using new Channel '[id: 0x0b63b196, L:/127.0.0.1:50320 - R:localhost/127.0.0.1:36547]' for 'POST' to '/session'
16:09:44.927 [AsyncHttpClient-1-5] DEBUG org.asynchttpclient.netty.handler.HttpHandler - 

Request DefaultHttpRequest(decodeResult: success, version: HTTP/1.1)
POST /session HTTP/1.1
User-Agent: selenium/4.8.1 (java windows)
Content-Length: 1729
Content-Type: application/json; charset=utf-8
host: localhost:36547
accept: */*

Response DefaultHttpResponse(decodeResult: success, version: HTTP/1.1)
HTTP/1.1 200 OK
Content-Length: 857
Content-Type: application/json; charset=utf-8
cache-control: no-cache

16:09:44.928 [AsyncHttpClient-1-5] DEBUG org.asynchttpclient.netty.channel.ChannelManager - Adding key: http://localhost:36547 for channel [id: 0x0b63b196, L:/127.0.0.1:50320 - R:localhost/127.0.0.1:36547]
16:09:44.945 [AsyncHttpClient-1-6] DEBUG org.asynchttpclient.netty.channel.NettyConnectListener - Using new Channel '[id: 0x94822d7d, L:/127.0.0.1:50326 - R:localhost/127.0.0.1:50321]' for 'GET' to '/json/version'
16:09:44.950 [AsyncHttpClient-1-6] DEBUG org.asynchttpclient.netty.handler.HttpHandler - 

Request DefaultFullHttpRequest(decodeResult: success, version: HTTP/1.1, content: EmptyByteBufBE)
GET /json/version HTTP/1.1
User-Agent: selenium/4.8.1 (java windows)
host: localhost:50321
accept: */*

Response DefaultHttpResponse(decodeResult: success, version: HTTP/1.1)
HTTP/1.1 200 OK
Content-Security-Policy: frame-ancestors 'none'
Content-Length: 422
Content-Type: application/json; charset=UTF-8

16:09:44.952 [AsyncHttpClient-1-6] DEBUG org.asynchttpclient.netty.channel.ChannelManager - Adding key: http://localhost:50321 for channel [id: 0x94822d7d, L:/127.0.0.1:50326 - R:localhost/127.0.0.1:50321]
16:09:44.959 [AsyncHttpClient-1-7] DEBUG org.asynchttpclient.netty.channel.NettyConnectListener - Using new Channel '[id: 0x4a884c1f, L:/127.0.0.1:50327 - R:localhost/127.0.0.1:50321]' for 'GET' to '/devtools/browser/cc680f62-9b24-4a86-9eec-2cfcdc9d4bf4'
16:09:44.965 [AsyncHttpClient-1-7] DEBUG org.asynchttpclient.netty.handler.WebSocketHandler - 

Request DefaultFullHttpRequest(decodeResult: success, version: HTTP/1.1, content: EmptyByteBufBE)
GET /devtools/browser/cc680f62-9b24-4a86-9eec-2cfcdc9d4bf4 HTTP/1.1
upgrade: websocket
connection: upgrade
sec-websocket-key: /T8wXgFNceztjH8jz+fkxw==
sec-websocket-version: 13
origin: http://localhost:50321
host: localhost:50321
accept: */*
user-agent: AHC/2.1

Response DefaultHttpResponse(decodeResult: success, version: HTTP/1.1)
HTTP/1.1 101 WebSocket Protocol Handshake
Upgrade: WebSocket
Connection: Upgrade
Sec-WebSocket-Accept: VEzb0qZli9XMcSBF+CPXNwo27RQ=

16:09:44.976 [Forwarding get on session 878a1a54d2ab64b14833b687c7846ebe to remote] DEBUG org.asynchttpclient.netty.request.NettyRequestSender - Using pooled Channel '[id: 0x0b63b196, L:/127.0.0.1:50320 - R:localhost/127.0.0.1:36547]' for 'POST' to 'http://localhost:36547/session/878a1a54d2ab64b14833b687c7846ebe/url'
16:09:44.976 [Forwarding get on session 878a1a54d2ab64b14833b687c7846ebe to remote] DEBUG org.asynchttpclient.netty.request.NettyRequestSender - Using open Channel [id: 0x0b63b196, L:/127.0.0.1:50320 - R:localhost/127.0.0.1:36547] for POST '/session/878a1a54d2ab64b14833b687c7846ebe/url'
16:09:45.187 [AsyncHttpClient-1-1] DEBUG org.asynchttpclient.netty.channel.DefaultChannelPool - Entry count for : http://localhost:50321 : 1
16:09:46.044 [AsyncHttpClient-1-5] DEBUG org.asynchttpclient.netty.handler.HttpHandler - 

Request DefaultHttpRequest(decodeResult: success, version: HTTP/1.1)
POST /session/878a1a54d2ab64b14833b687c7846ebe/url HTTP/1.1
User-Agent: selenium/4.8.1 (java windows)
Content-Length: 74
Content-Type: application/json; charset=utf-8
host: localhost:36547
accept: */*

Response DefaultHttpResponse(decodeResult: success, version: HTTP/1.1)
HTTP/1.1 200 OK
Content-Length: 14
Content-Type: application/json; charset=utf-8
cache-control: no-cache

16:09:46.044 [AsyncHttpClient-1-5] DEBUG org.asynchttpclient.netty.channel.ChannelManager - Adding key: http://localhost:36547 for channel [id: 0x0b63b196, L:/127.0.0.1:50320 - R:localhost/127.0.0.1:36547]
16:09:46.048 [Forwarding setTimeout on session 878a1a54d2ab64b14833b687c7846ebe to remote] DEBUG org.asynchttpclient.netty.request.NettyRequestSender - Using pooled Channel '[id: 0x0b63b196, L:/127.0.0.1:50320 - R:localhost/127.0.0.1:36547]' for 'POST' to 'http://localhost:36547/session/878a1a54d2ab64b14833b687c7846ebe/timeouts'
16:09:46.048 [Forwarding setTimeout on session 878a1a54d2ab64b14833b687c7846ebe to remote] DEBUG org.asynchttpclient.netty.request.NettyRequestSender - Using open Channel [id: 0x0b63b196, L:/127.0.0.1:50320 - R:localhost/127.0.0.1:36547] for POST '/session/878a1a54d2ab64b14833b687c7846ebe/timeouts'
16:09:46.051 [AsyncHttpClient-1-5] DEBUG org.asynchttpclient.netty.handler.HttpHandler - 

Request DefaultHttpRequest(decodeResult: success, version: HTTP/1.1)
POST /session/878a1a54d2ab64b14833b687c7846ebe/timeouts HTTP/1.1
User-Agent: selenium/4.8.1 (java windows)
Content-Length: 22
Content-Type: application/json; charset=utf-8
host: localhost:36547
accept: */*

Response DefaultHttpResponse(decodeResult: success, version: HTTP/1.1)
HTTP/1.1 200 OK
Content-Length: 14
Content-Type: application/json; charset=utf-8
cache-control: no-cache

16:09:46.052 [AsyncHttpClient-1-5] DEBUG org.asynchttpclient.netty.channel.ChannelManager - Adding key: http://localhost:36547 for channel [id: 0x0b63b196, L:/127.0.0.1:50320 - R:localhost/127.0.0.1:36547]
16:09:46.057 [Forwarding findElement on session 878a1a54d2ab64b14833b687c7846ebe to remote] DEBUG org.asynchttpclient.netty.request.NettyRequestSender - Using pooled Channel '[id: 0x0b63b196, L:/127.0.0.1:50320 - R:localhost/127.0.0.1:36547]' for 'POST' to 'http://localhost:36547/session/878a1a54d2ab64b14833b687c7846ebe/element'
16:09:46.057 [Forwarding findElement on session 878a1a54d2ab64b14833b687c7846ebe to remote] DEBUG org.asynchttpclient.netty.request.NettyRequestSender - Using open Channel [id: 0x0b63b196, L:/127.0.0.1:50320 - R:localhost/127.0.0.1:36547] for POST '/session/878a1a54d2ab64b14833b687c7846ebe/element'
16:09:46.077 [AsyncHttpClient-1-5] DEBUG org.asynchttpclient.netty.handler.HttpHandler - 

Request DefaultHttpRequest(decodeResult: success, version: HTTP/1.1)
POST /session/878a1a54d2ab64b14833b687c7846ebe/element HTTP/1.1
User-Agent: selenium/4.8.1 (java windows)
Content-Length: 168
Content-Type: application/json; charset=utf-8
host: localhost:36547
accept: */*

Response DefaultHttpResponse(decodeResult: success, version: HTTP/1.1)
HTTP/1.1 200 OK
Content-Length: 94
Content-Type: application/json; charset=utf-8
cache-control: no-cache

16:09:46.078 [AsyncHttpClient-1-5] DEBUG org.asynchttpclient.netty.channel.ChannelManager - Adding key: http://localhost:36547 for channel [id: 0x0b63b196, L:/127.0.0.1:50320 - R:localhost/127.0.0.1:36547]
16:09:46.081 [Forwarding isElementDisplayed on session 878a1a54d2ab64b14833b687c7846ebe to remote] DEBUG org.asynchttpclient.netty.request.NettyRequestSender - Using pooled Channel '[id: 0x0b63b196, L:/127.0.0.1:50320 - R:localhost/127.0.0.1:36547]' for 'POST' to 'http://localhost:36547/session/878a1a54d2ab64b14833b687c7846ebe/execute/sync'
16:09:46.081 [Forwarding isElementDisplayed on session 878a1a54d2ab64b14833b687c7846ebe to remote] DEBUG org.asynchttpclient.netty.request.NettyRequestSender - Using open Channel [id: 0x0b63b196, L:/127.0.0.1:50320 - R:localhost/127.0.0.1:36547] for POST '/session/878a1a54d2ab64b14833b687c7846ebe/execute/sync'
16:09:46.106 [AsyncHttpClient-1-5] DEBUG org.asynchttpclient.netty.handler.HttpHandler - 

Request DefaultHttpRequest(decodeResult: success, version: HTTP/1.1)
POST /session/878a1a54d2ab64b14833b687c7846ebe/execute/sync HTTP/1.1
User-Agent: selenium/4.8.1 (java windows)
Content-Length: 48813
Content-Type: application/json; charset=utf-8
host: localhost:36547
accept: */*

Response DefaultHttpResponse(decodeResult: success, version: HTTP/1.1)
HTTP/1.1 200 OK
Content-Length: 14
Content-Type: application/json; charset=utf-8
cache-control: no-cache

16:09:46.106 [AsyncHttpClient-1-5] DEBUG org.asynchttpclient.netty.channel.ChannelManager - Adding key: http://localhost:36547 for channel [id: 0x0b63b196, L:/127.0.0.1:50320 - R:localhost/127.0.0.1:36547]
16:09:46.111 [Forwarding isElementDisplayed on session 878a1a54d2ab64b14833b687c7846ebe to remote] DEBUG org.asynchttpclient.netty.request.NettyRequestSender - Using pooled Channel '[id: 0x0b63b196, L:/127.0.0.1:50320 - R:localhost/127.0.0.1:36547]' for 'POST' to 'http://localhost:36547/session/878a1a54d2ab64b14833b687c7846ebe/execute/sync'
16:09:46.111 [Forwarding isElementDisplayed on session 878a1a54d2ab64b14833b687c7846ebe to remote] DEBUG org.asynchttpclient.netty.request.NettyRequestSender - Using open Channel [id: 0x0b63b196, L:/127.0.0.1:50320 - R:localhost/127.0.0.1:36547] for POST '/session/878a1a54d2ab64b14833b687c7846ebe/execute/sync'
16:09:46.129 [AsyncHttpClient-1-5] DEBUG org.asynchttpclient.netty.handler.HttpHandler - 

Request DefaultHttpRequest(decodeResult: success, version: HTTP/1.1)
POST /session/878a1a54d2ab64b14833b687c7846ebe/execute/sync HTTP/1.1
User-Agent: selenium/4.8.1 (java windows)
Content-Length: 48813
Content-Type: application/json; charset=utf-8
host: localhost:36547
accept: */*

Response DefaultHttpResponse(decodeResult: success, version: HTTP/1.1)
HTTP/1.1 200 OK
Content-Length: 14
Content-Type: application/json; charset=utf-8
cache-control: no-cache

16:09:46.129 [AsyncHttpClient-1-5] DEBUG org.asynchttpclient.netty.channel.ChannelManager - Adding key: http://localhost:36547 for channel [id: 0x0b63b196, L:/127.0.0.1:50320 - R:localhost/127.0.0.1:36547]
16:09:46.133 [main] DEBUG net.serenitybdd.core.photography.Darkroom - Opening darkroom
16:09:46.134 [Darkroom Processing Line] DEBUG net.serenitybdd.core.photography.DarkroomProcessingLine - Darkroom processing line starting up
16:09:46.134 [Forwarding getAlertText on session 878a1a54d2ab64b14833b687c7846ebe to remote] DEBUG org.asynchttpclient.netty.request.NettyRequestSender - Using pooled Channel '[id: 0x0b63b196, L:/127.0.0.1:50320 - R:localhost/127.0.0.1:36547]' for 'GET' to 'http://localhost:36547/session/878a1a54d2ab64b14833b687c7846ebe/alert/text'
16:09:46.134 [Forwarding getAlertText on session 878a1a54d2ab64b14833b687c7846ebe to remote] DEBUG org.asynchttpclient.netty.request.NettyRequestSender - Using open Channel [id: 0x0b63b196, L:/127.0.0.1:50320 - R:localhost/127.0.0.1:36547] for GET '/session/878a1a54d2ab64b14833b687c7846ebe/alert/text'
16:09:46.137 [AsyncHttpClient-1-5] DEBUG org.asynchttpclient.netty.handler.HttpHandler - 

Request DefaultFullHttpRequest(decodeResult: success, version: HTTP/1.1, content: EmptyByteBufBE)
GET /session/878a1a54d2ab64b14833b687c7846ebe/alert/text HTTP/1.1
User-Agent: selenium/4.8.1 (java windows)
Cache-Control: no-cache
Content-Type: application/json; charset=utf-8
host: localhost:36547
accept: */*

Response DefaultHttpResponse(decodeResult: success, version: HTTP/1.1)
HTTP/1.1 404 Not Found
Content-Length: 820
Content-Type: application/json; charset=utf-8
cache-control: no-cache

16:09:46.137 [AsyncHttpClient-1-5] DEBUG org.asynchttpclient.netty.channel.ChannelManager - Adding key: http://localhost:36547 for channel [id: 0x0b63b196, L:/127.0.0.1:50320 - R:localhost/127.0.0.1:36547]
16:09:46.140 [Forwarding getCurrentUrl on session 878a1a54d2ab64b14833b687c7846ebe to remote] DEBUG org.asynchttpclient.netty.request.NettyRequestSender - Using pooled Channel '[id: 0x0b63b196, L:/127.0.0.1:50320 - R:localhost/127.0.0.1:36547]' for 'GET' to 'http://localhost:36547/session/878a1a54d2ab64b14833b687c7846ebe/url'
16:09:46.140 [Forwarding getCurrentUrl on session 878a1a54d2ab64b14833b687c7846ebe to remote] DEBUG org.asynchttpclient.netty.request.NettyRequestSender - Using open Channel [id: 0x0b63b196, L:/127.0.0.1:50320 - R:localhost/127.0.0.1:36547] for GET '/session/878a1a54d2ab64b14833b687c7846ebe/url'
16:09:46.147 [AsyncHttpClient-1-5] DEBUG org.asynchttpclient.netty.handler.HttpHandler - 

Request DefaultFullHttpRequest(decodeResult: success, version: HTTP/1.1, content: EmptyByteBufBE)
GET /session/878a1a54d2ab64b14833b687c7846ebe/url HTTP/1.1
User-Agent: selenium/4.8.1 (java windows)
Cache-Control: no-cache
Content-Type: application/json; charset=utf-8
host: localhost:36547
accept: */*

Response DefaultHttpResponse(decodeResult: success, version: HTTP/1.1)
HTTP/1.1 200 OK
Content-Length: 51
Content-Type: application/json; charset=utf-8
cache-control: no-cache

16:09:46.147 [AsyncHttpClient-1-5] DEBUG org.asynchttpclient.netty.channel.ChannelManager - Adding key: http://localhost:36547 for channel [id: 0x0b63b196, L:/127.0.0.1:50320 - R:localhost/127.0.0.1:36547]
16:09:46.149 [Forwarding screenshot on session 878a1a54d2ab64b14833b687c7846ebe to remote] DEBUG org.asynchttpclient.netty.request.NettyRequestSender - Using pooled Channel '[id: 0x0b63b196, L:/127.0.0.1:50320 - R:localhost/127.0.0.1:36547]' for 'GET' to 'http://localhost:36547/session/878a1a54d2ab64b14833b687c7846ebe/screenshot'
16:09:46.149 [Forwarding screenshot on session 878a1a54d2ab64b14833b687c7846ebe to remote] DEBUG org.asynchttpclient.netty.request.NettyRequestSender - Using open Channel [id: 0x0b63b196, L:/127.0.0.1:50320 - R:localhost/127.0.0.1:36547] for GET '/session/878a1a54d2ab64b14833b687c7846ebe/screenshot'
16:09:46.224 [AsyncHttpClient-1-5] DEBUG org.asynchttpclient.netty.handler.HttpHandler - 

Request DefaultFullHttpRequest(decodeResult: success, version: HTTP/1.1, content: EmptyByteBufBE)
GET /session/878a1a54d2ab64b14833b687c7846ebe/screenshot HTTP/1.1
User-Agent: selenium/4.8.1 (java windows)
Cache-Control: no-cache
Content-Type: application/json; charset=utf-8
host: localhost:36547
accept: */*

Response DefaultHttpResponse(decodeResult: success, version: HTTP/1.1)
HTTP/1.1 200 OK
Content-Length: 32020
Content-Type: application/json; charset=utf-8
cache-control: no-cache

16:09:46.224 [AsyncHttpClient-1-5] DEBUG org.asynchttpclient.netty.channel.ChannelManager - Adding key: http://localhost:36547 for channel [id: 0x0b63b196, L:/127.0.0.1:50320 - R:localhost/127.0.0.1:36547]
16:09:46.226 [main] DEBUG net.serenitybdd.core.photography.Darkroom - Send negative for processing for target\site\serenity\64131d300e1f660b304d30f126733f9569293aa2d192474061bebad02b7a03d8.png
16:09:46.226 [main] DEBUG net.thucydides.core.steps.StepInterceptor - STEP DONE: UserOnLoginPage
  &amp#27;[32mGiven &amp#27;[0m&amp#27;[32muser on login page&amp#27;[0m                                              &amp#27;[90m# starter.stepdefinitions.LoginSteps.UserOnLoginPage()&amp#27;[0m
16:09:46.235 [main] DEBUG net.thucydides.core.steps.StepInterceptor - STARTING STEP: LoginSteps.UserInputValidEmail - UserInputValidEmail
16:09:46.236 [Forwarding get on session 878a1a54d2ab64b14833b687c7846ebe to remote] DEBUG org.asynchttpclient.netty.request.NettyRequestSender - Using pooled Channel '[id: 0x0b63b196, L:/127.0.0.1:50320 - R:localhost/127.0.0.1:36547]' for 'POST' to 'http://localhost:36547/session/878a1a54d2ab64b14833b687c7846ebe/url'
16:09:46.236 [Forwarding get on session 878a1a54d2ab64b14833b687c7846ebe to remote] DEBUG org.asynchttpclient.netty.request.NettyRequestSender - Using open Channel [id: 0x0b63b196, L:/127.0.0.1:50320 - R:localhost/127.0.0.1:36547] for POST '/session/878a1a54d2ab64b14833b687c7846ebe/url'
16:09:46.282 [AsyncHttpClient-1-1] DEBUG org.asynchttpclient.netty.channel.DefaultChannelPool - Entry count for : http://localhost:50321 : 1
16:09:46.403 [AsyncHttpClient-1-5] DEBUG org.asynchttpclient.netty.handler.HttpHandler - 

Request DefaultHttpRequest(decodeResult: success, version: HTTP/1.1)
POST /session/878a1a54d2ab64b14833b687c7846ebe/url HTTP/1.1
User-Agent: selenium/4.8.1 (java windows)
Content-Length: 74
Content-Type: application/json; charset=utf-8
host: localhost:36547
accept: */*

Response DefaultHttpResponse(decodeResult: success, version: HTTP/1.1)
HTTP/1.1 200 OK
Content-Length: 14
Content-Type: application/json; charset=utf-8
cache-control: no-cache

16:09:46.404 [AsyncHttpClient-1-5] DEBUG org.asynchttpclient.netty.channel.ChannelManager - Adding key: http://localhost:36547 for channel [id: 0x0b63b196, L:/127.0.0.1:50320 - R:localhost/127.0.0.1:36547]
16:09:46.410 [Forwarding findElement on session 878a1a54d2ab64b14833b687c7846ebe to remote] DEBUG org.asynchttpclient.netty.request.NettyRequestSender - Using pooled Channel '[id: 0x0b63b196, L:/127.0.0.1:50320 - R:localhost/127.0.0.1:36547]' for 'POST' to 'http://localhost:36547/session/878a1a54d2ab64b14833b687c7846ebe/element'
16:09:46.410 [Forwarding findElement on session 878a1a54d2ab64b14833b687c7846ebe to remote] DEBUG org.asynchttpclient.netty.request.NettyRequestSender - Using open Channel [id: 0x0b63b196, L:/127.0.0.1:50320 - R:localhost/127.0.0.1:36547] for POST '/session/878a1a54d2ab64b14833b687c7846ebe/element'
16:09:46.428 [AsyncHttpClient-1-5] DEBUG org.asynchttpclient.netty.handler.HttpHandler - 

Request DefaultHttpRequest(decodeResult: success, version: HTTP/1.1)
POST /session/878a1a54d2ab64b14833b687c7846ebe/element HTTP/1.1
User-Agent: selenium/4.8.1 (java windows)
Content-Length: 187
Content-Type: application/json; charset=utf-8
host: localhost:36547
accept: */*

Response DefaultHttpResponse(decodeResult: success, version: HTTP/1.1)
HTTP/1.1 200 OK
Content-Length: 94
Content-Type: application/json; charset=utf-8
cache-control: no-cache

16:09:46.428 [AsyncHttpClient-1-5] DEBUG org.asynchttpclient.netty.channel.ChannelManager - Adding key: http://localhost:36547 for channel [id: 0x0b63b196, L:/127.0.0.1:50320 - R:localhost/127.0.0.1:36547]
16:09:46.429 [Forwarding clearElement on session 878a1a54d2ab64b14833b687c7846ebe to remote] DEBUG org.asynchttpclient.netty.request.NettyRequestSender - Using pooled Channel '[id: 0x0b63b196, L:/127.0.0.1:50320 - R:localhost/127.0.0.1:36547]' for 'POST' to 'http://localhost:36547/session/878a1a54d2ab64b14833b687c7846ebe/element/8FED707D001633AFCD0F93BB2C3FB834_element_8/clear'
16:09:46.429 [Forwarding clearElement on session 878a1a54d2ab64b14833b687c7846ebe to remote] DEBUG org.asynchttpclient.netty.request.NettyRequestSender - Using open Channel [id: 0x0b63b196, L:/127.0.0.1:50320 - R:localhost/127.0.0.1:36547] for POST '/session/878a1a54d2ab64b14833b687c7846ebe/element/8FED707D001633AFCD0F93BB2C3FB834_element_8/clear'
16:09:46.480 [AsyncHttpClient-1-5] DEBUG org.asynchttpclient.netty.handler.HttpHandler - 

Request DefaultHttpRequest(decodeResult: success, version: HTTP/1.1)
POST /session/878a1a54d2ab64b14833b687c7846ebe/element/8FED707D001633AFCD0F93BB2C3FB834_element_8/clear HTTP/1.1
User-Agent: selenium/4.8.1 (java windows)
Content-Length: 56
Content-Type: application/json; charset=utf-8
host: localhost:36547
accept: */*

Response DefaultHttpResponse(decodeResult: success, version: HTTP/1.1)
HTTP/1.1 200 OK
Content-Length: 14
Content-Type: application/json; charset=utf-8
cache-control: no-cache

16:09:46.480 [AsyncHttpClient-1-5] DEBUG org.asynchttpclient.netty.channel.ChannelManager - Adding key: http://localhost:36547 for channel [id: 0x0b63b196, L:/127.0.0.1:50320 - R:localhost/127.0.0.1:36547]
16:09:46.482 [Forwarding sendKeysToElement on session 878a1a54d2ab64b14833b687c7846ebe to remote] DEBUG org.asynchttpclient.netty.request.NettyRequestSender - Using pooled Channel '[id: 0x0b63b196, L:/127.0.0.1:50320 - R:localhost/127.0.0.1:36547]' for 'POST' to 'http://localhost:36547/session/878a1a54d2ab64b14833b687c7846ebe/element/8FED707D001633AFCD0F93BB2C3FB834_element_8/value'
16:09:46.482 [Forwarding sendKeysToElement on session 878a1a54d2ab64b14833b687c7846ebe to remote] DEBUG org.asynchttpclient.netty.request.NettyRequestSender - Using open Channel [id: 0x0b63b196, L:/127.0.0.1:50320 - R:localhost/127.0.0.1:36547] for POST '/session/878a1a54d2ab64b14833b687c7846ebe/element/8FED707D001633AFCD0F93BB2C3FB834_element_8/value'
16:09:46.645 [AsyncHttpClient-1-5] DEBUG org.asynchttpclient.netty.handler.HttpHandler - 

Request DefaultHttpRequest(decodeResult: success, version: HTTP/1.1)
POST /session/878a1a54d2ab64b14833b687c7846ebe/element/8FED707D001633AFCD0F93BB2C3FB834_element_8/value HTTP/1.1
User-Agent: selenium/4.8.1 (java windows)
Content-Length: 287
Content-Type: application/json; charset=utf-8
host: localhost:36547
accept: */*

Response DefaultHttpResponse(decodeResult: success, version: HTTP/1.1)
HTTP/1.1 200 OK
Content-Length: 14
Content-Type: application/json; charset=utf-8
cache-control: no-cache

16:09:46.645 [AsyncHttpClient-1-5] DEBUG org.asynchttpclient.netty.channel.ChannelManager - Adding key: http://localhost:36547 for channel [id: 0x0b63b196, L:/127.0.0.1:50320 - R:localhost/127.0.0.1:36547]
16:09:47.386 [AsyncHttpClient-1-1] DEBUG org.asynchttpclient.netty.channel.DefaultChannelPool - Entry count for : http://localhost:36547 : 1
16:09:47.386 [AsyncHttpClient-1-1] DEBUG org.asynchttpclient.netty.channel.DefaultChannelPool - Entry count for : http://localhost:50321 : 1
16:09:48.480 [AsyncHttpClient-1-1] DEBUG org.asynchttpclient.netty.channel.DefaultChannelPool - Entry count for : http://localhost:36547 : 1
16:09:48.480 [AsyncHttpClient-1-1] DEBUG org.asynchttpclient.netty.channel.DefaultChannelPool - Entry count for : http://localhost:50321 : 1
16:09:48.669 [Forwarding getAlertText on session 878a1a54d2ab64b14833b687c7846ebe to remote] DEBUG org.asynchttpclient.netty.request.NettyRequestSender - Using pooled Channel '[id: 0x0b63b196, L:/127.0.0.1:50320 - R:localhost/127.0.0.1:36547]' for 'GET' to 'http://localhost:36547/session/878a1a54d2ab64b14833b687c7846ebe/alert/text'
16:09:48.669 [Forwarding getAlertText on session 878a1a54d2ab64b14833b687c7846ebe to remote] DEBUG org.asynchttpclient.netty.request.NettyRequestSender - Using open Channel [id: 0x0b63b196, L:/127.0.0.1:50320 - R:localhost/127.0.0.1:36547] for GET '/session/878a1a54d2ab64b14833b687c7846ebe/alert/text'
16:09:48.673 [AsyncHttpClient-1-5] DEBUG org.asynchttpclient.netty.handler.HttpHandler - 

Request DefaultFullHttpRequest(decodeResult: success, version: HTTP/1.1, content: EmptyByteBufBE)
GET /session/878a1a54d2ab64b14833b687c7846ebe/alert/text HTTP/1.1
User-Agent: selenium/4.8.1 (java windows)
Cache-Control: no-cache
Content-Type: application/json; charset=utf-8
host: localhost:36547
accept: */*

Response DefaultHttpResponse(decodeResult: success, version: HTTP/1.1)
HTTP/1.1 404 Not Found
Content-Length: 820
Content-Type: application/json; charset=utf-8
cache-control: no-cache

16:09:48.673 [AsyncHttpClient-1-5] DEBUG org.asynchttpclient.netty.channel.ChannelManager - Adding key: http://localhost:36547 for channel [id: 0x0b63b196, L:/127.0.0.1:50320 - R:localhost/127.0.0.1:36547]
16:09:48.675 [Forwarding getCurrentUrl on session 878a1a54d2ab64b14833b687c7846ebe to remote] DEBUG org.asynchttpclient.netty.request.NettyRequestSender - Using pooled Channel '[id: 0x0b63b196, L:/127.0.0.1:50320 - R:localhost/127.0.0.1:36547]' for 'GET' to 'http://localhost:36547/session/878a1a54d2ab64b14833b687c7846ebe/url'
16:09:48.675 [Forwarding getCurrentUrl on session 878a1a54d2ab64b14833b687c7846ebe to remote] DEBUG org.asynchttpclient.netty.request.NettyRequestSender - Using open Channel [id: 0x0b63b196, L:/127.0.0.1:50320 - R:localhost/127.0.0.1:36547] for GET '/session/878a1a54d2ab64b14833b687c7846ebe/url'
16:09:48.687 [AsyncHttpClient-1-5] DEBUG org.asynchttpclient.netty.handler.HttpHandler - 

Request DefaultFullHttpRequest(decodeResult: success, version: HTTP/1.1, content: EmptyByteBufBE)
GET /session/878a1a54d2ab64b14833b687c7846ebe/url HTTP/1.1
User-Agent: selenium/4.8.1 (java windows)
Cache-Control: no-cache
Content-Type: application/json; charset=utf-8
host: localhost:36547
accept: */*

Response DefaultHttpResponse(decodeResult: success, version: HTTP/1.1)
HTTP/1.1 200 OK
Content-Length: 51
Content-Type: application/json; charset=utf-8
cache-control: no-cache

16:09:48.687 [AsyncHttpClient-1-5] DEBUG org.asynchttpclient.netty.channel.ChannelManager - Adding key: http://localhost:36547 for channel [id: 0x0b63b196, L:/127.0.0.1:50320 - R:localhost/127.0.0.1:36547]
16:09:48.689 [Forwarding screenshot on session 878a1a54d2ab64b14833b687c7846ebe to remote] DEBUG org.asynchttpclient.netty.request.NettyRequestSender - Using pooled Channel '[id: 0x0b63b196, L:/127.0.0.1:50320 - R:localhost/127.0.0.1:36547]' for 'GET' to 'http://localhost:36547/session/878a1a54d2ab64b14833b687c7846ebe/screenshot'
16:09:48.689 [Forwarding screenshot on session 878a1a54d2ab64b14833b687c7846ebe to remote] DEBUG org.asynchttpclient.netty.request.NettyRequestSender - Using open Channel [id: 0x0b63b196, L:/127.0.0.1:50320 - R:localhost/127.0.0.1:36547] for GET '/session/878a1a54d2ab64b14833b687c7846ebe/screenshot'
16:09:48.781 [AsyncHttpClient-1-5] DEBUG org.asynchttpclient.netty.handler.HttpHandler - 

Request DefaultFullHttpRequest(decodeResult: success, version: HTTP/1.1, content: EmptyByteBufBE)
GET /session/878a1a54d2ab64b14833b687c7846ebe/screenshot HTTP/1.1
User-Agent: selenium/4.8.1 (java windows)
Cache-Control: no-cache
Content-Type: application/json; charset=utf-8
host: localhost:36547
accept: */*

Response DefaultHttpResponse(decodeResult: success, version: HTTP/1.1)
HTTP/1.1 200 OK
Content-Length: 38484
Content-Type: application/json; charset=utf-8
cache-control: no-cache

16:09:48.783 [AsyncHttpClient-1-5] DEBUG org.asynchttpclient.netty.channel.ChannelManager - Adding key: http://localhost:36547 for channel [id: 0x0b63b196, L:/127.0.0.1:50320 - R:localhost/127.0.0.1:36547]
16:09:48.784 [main] DEBUG net.serenitybdd.core.photography.Darkroom - Send negative for processing for target\site\serenity\1ad341015b49c61eefd0fc65c3ef703c602b86f28046fc43bddd6312cf7a0f0c.png
16:09:48.784 [main] DEBUG net.thucydides.core.steps.StepInterceptor - STEP DONE: UserInputValidEmail
16:09:48.785 [Darkroom Processing Line] DEBUG net.serenitybdd.core.photography.DarkroomProcessingLine - Processing screenshot image in /var/screenshots/screenshot-5838454898145615826
16:09:48.785 [Darkroom Processing Line] DEBUG net.serenitybdd.core.photography.DarkroomProcessingLine - Saving screenshot to target\site\serenity\1ad341015b49c61eefd0fc65c3ef703c602b86f28046fc43bddd6312cf7a0f0c.png
  &amp#27;[32mWhen &amp#27;[0m&amp#27;[32muser input valid email&amp#27;[0m                                           &amp#27;[90m# starter.stepdefinitions.LoginSteps.UserInputValidEmail()&amp#27;[0m
16:09:48.795 [main] DEBUG net.thucydides.core.steps.StepInterceptor - STARTING STEP: LoginSteps.UserInputValidPassword - UserInputValidPassword
16:09:48.798 [Forwarding findElement on session 878a1a54d2ab64b14833b687c7846ebe to remote] DEBUG org.asynchttpclient.netty.request.NettyRequestSender - Using pooled Channel '[id: 0x0b63b196, L:/127.0.0.1:50320 - R:localhost/127.0.0.1:36547]' for 'POST' to 'http://localhost:36547/session/878a1a54d2ab64b14833b687c7846ebe/element'
16:09:48.798 [Forwarding findElement on session 878a1a54d2ab64b14833b687c7846ebe to remote] DEBUG org.asynchttpclient.netty.request.NettyRequestSender - Using open Channel [id: 0x0b63b196, L:/127.0.0.1:50320 - R:localhost/127.0.0.1:36547] for POST '/session/878a1a54d2ab64b14833b687c7846ebe/element'
16:09:48.818 [AsyncHttpClient-1-5] DEBUG org.asynchttpclient.netty.handler.HttpHandler - 

Request DefaultHttpRequest(decodeResult: success, version: HTTP/1.1)
POST /session/878a1a54d2ab64b14833b687c7846ebe/element HTTP/1.1
User-Agent: selenium/4.8.1 (java windows)
Content-Length: 187
Content-Type: application/json; charset=utf-8
host: localhost:36547
accept: */*

Response DefaultHttpResponse(decodeResult: success, version: HTTP/1.1)
HTTP/1.1 200 OK
Content-Length: 95
Content-Type: application/json; charset=utf-8
cache-control: no-cache

16:09:48.818 [AsyncHttpClient-1-5] DEBUG org.asynchttpclient.netty.channel.ChannelManager - Adding key: http://localhost:36547 for channel [id: 0x0b63b196, L:/127.0.0.1:50320 - R:localhost/127.0.0.1:36547]
16:09:48.822 [Forwarding clearElement on session 878a1a54d2ab64b14833b687c7846ebe to remote] DEBUG org.asynchttpclient.netty.request.NettyRequestSender - Using pooled Channel '[id: 0x0b63b196, L:/127.0.0.1:50320 - R:localhost/127.0.0.1:36547]' for 'POST' to 'http://localhost:36547/session/878a1a54d2ab64b14833b687c7846ebe/element/8FED707D001633AFCD0F93BB2C3FB834_element_10/clear'
16:09:48.822 [Forwarding clearElement on session 878a1a54d2ab64b14833b687c7846ebe to remote] DEBUG org.asynchttpclient.netty.request.NettyRequestSender - Using open Channel [id: 0x0b63b196, L:/127.0.0.1:50320 - R:localhost/127.0.0.1:36547] for POST '/session/878a1a54d2ab64b14833b687c7846ebe/element/8FED707D001633AFCD0F93BB2C3FB834_element_10/clear'
16:09:48.878 [AsyncHttpClient-1-5] DEBUG org.asynchttpclient.netty.handler.HttpHandler - 

Request DefaultHttpRequest(decodeResult: success, version: HTTP/1.1)
POST /session/878a1a54d2ab64b14833b687c7846ebe/element/8FED707D001633AFCD0F93BB2C3FB834_element_10/clear HTTP/1.1
User-Agent: selenium/4.8.1 (java windows)
Content-Length: 57
Content-Type: application/json; charset=utf-8
host: localhost:36547
accept: */*

Response DefaultHttpResponse(decodeResult: success, version: HTTP/1.1)
HTTP/1.1 200 OK
Content-Length: 14
Content-Type: application/json; charset=utf-8
cache-control: no-cache

16:09:48.879 [AsyncHttpClient-1-5] DEBUG org.asynchttpclient.netty.channel.ChannelManager - Adding key: http://localhost:36547 for channel [id: 0x0b63b196, L:/127.0.0.1:50320 - R:localhost/127.0.0.1:36547]
16:09:48.883 [Forwarding sendKeysToElement on session 878a1a54d2ab64b14833b687c7846ebe to remote] DEBUG org.asynchttpclient.netty.request.NettyRequestSender - Using pooled Channel '[id: 0x0b63b196, L:/127.0.0.1:50320 - R:localhost/127.0.0.1:36547]' for 'POST' to 'http://localhost:36547/session/878a1a54d2ab64b14833b687c7846ebe/element/8FED707D001633AFCD0F93BB2C3FB834_element_10/value'
16:09:48.883 [Forwarding sendKeysToElement on session 878a1a54d2ab64b14833b687c7846ebe to remote] DEBUG org.asynchttpclient.netty.request.NettyRequestSender - Using open Channel [id: 0x0b63b196, L:/127.0.0.1:50320 - R:localhost/127.0.0.1:36547] for POST '/session/878a1a54d2ab64b14833b687c7846ebe/element/8FED707D001633AFCD0F93BB2C3FB834_element_10/value'
16:09:49.033 [AsyncHttpClient-1-5] DEBUG org.asynchttpclient.netty.handler.HttpHandler - 

Request DefaultHttpRequest(decodeResult: success, version: HTTP/1.1)
POST /session/878a1a54d2ab64b14833b687c7846ebe/element/8FED707D001633AFCD0F93BB2C3FB834_element_10/value HTTP/1.1
User-Agent: selenium/4.8.1 (java windows)
Content-Length: 208
Content-Type: application/json; charset=utf-8
host: localhost:36547
accept: */*

Response DefaultHttpResponse(decodeResult: success, version: HTTP/1.1)
HTTP/1.1 200 OK
Content-Length: 14
Content-Type: application/json; charset=utf-8
cache-control: no-cache

16:09:49.034 [AsyncHttpClient-1-5] DEBUG org.asynchttpclient.netty.channel.ChannelManager - Adding key: http://localhost:36547 for channel [id: 0x0b63b196, L:/127.0.0.1:50320 - R:localhost/127.0.0.1:36547]
16:09:49.583 [AsyncHttpClient-1-1] DEBUG org.asynchttpclient.netty.channel.DefaultChannelPool - Entry count for : http://localhost:36547 : 1
16:09:49.583 [AsyncHttpClient-1-1] DEBUG org.asynchttpclient.netty.channel.DefaultChannelPool - Entry count for : http://localhost:50321 : 1
16:09:50.681 [AsyncHttpClient-1-1] DEBUG org.asynchttpclient.netty.channel.DefaultChannelPool - Entry count for : http://localhost:36547 : 1
16:09:50.681 [AsyncHttpClient-1-1] DEBUG org.asynchttpclient.netty.channel.DefaultChannelPool - Entry count for : http://localhost:50321 : 1
16:09:51.056 [Forwarding getAlertText on session 878a1a54d2ab64b14833b687c7846ebe to remote] DEBUG org.asynchttpclient.netty.request.NettyRequestSender - Using pooled Channel '[id: 0x0b63b196, L:/127.0.0.1:50320 - R:localhost/127.0.0.1:36547]' for 'GET' to 'http://localhost:36547/session/878a1a54d2ab64b14833b687c7846ebe/alert/text'
16:09:51.056 [Forwarding getAlertText on session 878a1a54d2ab64b14833b687c7846ebe to remote] DEBUG org.asynchttpclient.netty.request.NettyRequestSender - Using open Channel [id: 0x0b63b196, L:/127.0.0.1:50320 - R:localhost/127.0.0.1:36547] for GET '/session/878a1a54d2ab64b14833b687c7846ebe/alert/text'
16:09:51.060 [AsyncHttpClient-1-5] DEBUG org.asynchttpclient.netty.handler.HttpHandler - 

Request DefaultFullHttpRequest(decodeResult: success, version: HTTP/1.1, content: EmptyByteBufBE)
GET /session/878a1a54d2ab64b14833b687c7846ebe/alert/text HTTP/1.1
User-Agent: selenium/4.8.1 (java windows)
Cache-Control: no-cache
Content-Type: application/json; charset=utf-8
host: localhost:36547
accept: */*

Response DefaultHttpResponse(decodeResult: success, version: HTTP/1.1)
HTTP/1.1 404 Not Found
Content-Length: 820
Content-Type: application/json; charset=utf-8
cache-control: no-cache

16:09:51.060 [AsyncHttpClient-1-5] DEBUG org.asynchttpclient.netty.channel.ChannelManager - Adding key: http://localhost:36547 for channel [id: 0x0b63b196, L:/127.0.0.1:50320 - R:localhost/127.0.0.1:36547]
16:09:51.062 [Forwarding getCurrentUrl on session 878a1a54d2ab64b14833b687c7846ebe to remote] DEBUG org.asynchttpclient.netty.request.NettyRequestSender - Using pooled Channel '[id: 0x0b63b196, L:/127.0.0.1:50320 - R:localhost/127.0.0.1:36547]' for 'GET' to 'http://localhost:36547/session/878a1a54d2ab64b14833b687c7846ebe/url'
16:09:51.062 [Forwarding getCurrentUrl on session 878a1a54d2ab64b14833b687c7846ebe to remote] DEBUG org.asynchttpclient.netty.request.NettyRequestSender - Using open Channel [id: 0x0b63b196, L:/127.0.0.1:50320 - R:localhost/127.0.0.1:36547] for GET '/session/878a1a54d2ab64b14833b687c7846ebe/url'
16:09:51.070 [AsyncHttpClient-1-5] DEBUG org.asynchttpclient.netty.handler.HttpHandler - 

Request DefaultFullHttpRequest(decodeResult: success, version: HTTP/1.1, content: EmptyByteBufBE)
GET /session/878a1a54d2ab64b14833b687c7846ebe/url HTTP/1.1
User-Agent: selenium/4.8.1 (java windows)
Cache-Control: no-cache
Content-Type: application/json; charset=utf-8
host: localhost:36547
accept: */*

Response DefaultHttpResponse(decodeResult: success, version: HTTP/1.1)
HTTP/1.1 200 OK
Content-Length: 51
Content-Type: application/json; charset=utf-8
cache-control: no-cache

16:09:51.071 [AsyncHttpClient-1-5] DEBUG org.asynchttpclient.netty.channel.ChannelManager - Adding key: http://localhost:36547 for channel [id: 0x0b63b196, L:/127.0.0.1:50320 - R:localhost/127.0.0.1:36547]
16:09:51.072 [Forwarding screenshot on session 878a1a54d2ab64b14833b687c7846ebe to remote] DEBUG org.asynchttpclient.netty.request.NettyRequestSender - Using pooled Channel '[id: 0x0b63b196, L:/127.0.0.1:50320 - R:localhost/127.0.0.1:36547]' for 'GET' to 'http://localhost:36547/session/878a1a54d2ab64b14833b687c7846ebe/screenshot'
16:09:51.072 [Forwarding screenshot on session 878a1a54d2ab64b14833b687c7846ebe to remote] DEBUG org.asynchttpclient.netty.request.NettyRequestSender - Using open Channel [id: 0x0b63b196, L:/127.0.0.1:50320 - R:localhost/127.0.0.1:36547] for GET '/session/878a1a54d2ab64b14833b687c7846ebe/screenshot'
16:09:51.166 [AsyncHttpClient-1-5] DEBUG org.asynchttpclient.netty.handler.HttpHandler - 

Request DefaultFullHttpRequest(decodeResult: success, version: HTTP/1.1, content: EmptyByteBufBE)
GET /session/878a1a54d2ab64b14833b687c7846ebe/screenshot HTTP/1.1
User-Agent: selenium/4.8.1 (java windows)
Cache-Control: no-cache
Content-Type: application/json; charset=utf-8
host: localhost:36547
accept: */*

Response DefaultHttpResponse(decodeResult: success, version: HTTP/1.1)
HTTP/1.1 200 OK
Content-Length: 40756
Content-Type: application/json; charset=utf-8
cache-control: no-cache

16:09:51.167 [AsyncHttpClient-1-5] DEBUG org.asynchttpclient.netty.channel.ChannelManager - Adding key: http://localhost:36547 for channel [id: 0x0b63b196, L:/127.0.0.1:50320 - R:localhost/127.0.0.1:36547]
16:09:51.169 [main] DEBUG net.serenitybdd.core.photography.Darkroom - Send negative for processing for target\site\serenity\2fc307f384fe4fcccf3a9133276a13b0ca9669a399fbf89e23635d6cc5966163.png
16:09:51.169 [main] DEBUG net.thucydides.core.steps.StepInterceptor - STEP DONE: UserInputValidPassword
  &amp#27;[32mAnd &amp#27;[0m&amp#27;[32muser input valid password&amp#27;[0m                                         &amp#27;[90m# starter.stepdefinitions.LoginSteps.UserInputValidPassword()&amp#27;[0m
16:09:51.190 [main] DEBUG net.thucydides.core.steps.StepInterceptor - STARTING STEP: LoginSteps.ClickLogin - ClickLogin
16:09:51.198 [Forwarding findElement on session 878a1a54d2ab64b14833b687c7846ebe to remote] DEBUG org.asynchttpclient.netty.request.NettyRequestSender - Using pooled Channel '[id: 0x0b63b196, L:/127.0.0.1:50320 - R:localhost/127.0.0.1:36547]' for 'POST' to 'http://localhost:36547/session/878a1a54d2ab64b14833b687c7846ebe/element'
16:09:51.198 [Forwarding findElement on session 878a1a54d2ab64b14833b687c7846ebe to remote] DEBUG org.asynchttpclient.netty.request.NettyRequestSender - Using open Channel [id: 0x0b63b196, L:/127.0.0.1:50320 - R:localhost/127.0.0.1:36547] for POST '/session/878a1a54d2ab64b14833b687c7846ebe/element'
16:09:51.218 [AsyncHttpClient-1-5] DEBUG org.asynchttpclient.netty.handler.HttpHandler - 

Request DefaultHttpRequest(decodeResult: success, version: HTTP/1.1)
POST /session/878a1a54d2ab64b14833b687c7846ebe/element HTTP/1.1
User-Agent: selenium/4.8.1 (java windows)
Content-Length: 168
Content-Type: application/json; charset=utf-8
host: localhost:36547
accept: */*

Response DefaultHttpResponse(decodeResult: success, version: HTTP/1.1)
HTTP/1.1 200 OK
Content-Length: 95
Content-Type: application/json; charset=utf-8
cache-control: no-cache

16:09:51.219 [AsyncHttpClient-1-5] DEBUG org.asynchttpclient.netty.channel.ChannelManager - Adding key: http://localhost:36547 for channel [id: 0x0b63b196, L:/127.0.0.1:50320 - R:localhost/127.0.0.1:36547]
16:09:51.221 [Forwarding getElementTagName on session 878a1a54d2ab64b14833b687c7846ebe to remote] DEBUG org.asynchttpclient.netty.request.NettyRequestSender - Using pooled Channel '[id: 0x0b63b196, L:/127.0.0.1:50320 - R:localhost/127.0.0.1:36547]' for 'GET' to 'http://localhost:36547/session/878a1a54d2ab64b14833b687c7846ebe/element/8FED707D001633AFCD0F93BB2C3FB834_element_11/name'
16:09:51.221 [Forwarding getElementTagName on session 878a1a54d2ab64b14833b687c7846ebe to remote] DEBUG org.asynchttpclient.netty.request.NettyRequestSender - Using open Channel [id: 0x0b63b196, L:/127.0.0.1:50320 - R:localhost/127.0.0.1:36547] for GET '/session/878a1a54d2ab64b14833b687c7846ebe/element/8FED707D001633AFCD0F93BB2C3FB834_element_11/name'
16:09:51.234 [AsyncHttpClient-1-5] DEBUG org.asynchttpclient.netty.handler.HttpHandler - 

Request DefaultFullHttpRequest(decodeResult: success, version: HTTP/1.1, content: EmptyByteBufBE)
GET /session/878a1a54d2ab64b14833b687c7846ebe/element/8FED707D001633AFCD0F93BB2C3FB834_element_11/name HTTP/1.1
User-Agent: selenium/4.8.1 (java windows)
Cache-Control: no-cache
Content-Type: application/json; charset=utf-8
host: localhost:36547
accept: */*

Response DefaultHttpResponse(decodeResult: success, version: HTTP/1.1)
HTTP/1.1 200 OK
Content-Length: 16
Content-Type: application/json; charset=utf-8
cache-control: no-cache

16:09:51.234 [AsyncHttpClient-1-5] DEBUG org.asynchttpclient.netty.channel.ChannelManager - Adding key: http://localhost:36547 for channel [id: 0x0b63b196, L:/127.0.0.1:50320 - R:localhost/127.0.0.1:36547]
16:09:51.237 [Forwarding getElementTagName on session 878a1a54d2ab64b14833b687c7846ebe to remote] DEBUG org.asynchttpclient.netty.request.NettyRequestSender - Using pooled Channel '[id: 0x0b63b196, L:/127.0.0.1:50320 - R:localhost/127.0.0.1:36547]' for 'GET' to 'http://localhost:36547/session/878a1a54d2ab64b14833b687c7846ebe/element/8FED707D001633AFCD0F93BB2C3FB834_element_11/name'
16:09:51.237 [Forwarding getElementTagName on session 878a1a54d2ab64b14833b687c7846ebe to remote] DEBUG org.asynchttpclient.netty.request.NettyRequestSender - Using open Channel [id: 0x0b63b196, L:/127.0.0.1:50320 - R:localhost/127.0.0.1:36547] for GET '/session/878a1a54d2ab64b14833b687c7846ebe/element/8FED707D001633AFCD0F93BB2C3FB834_element_11/name'
16:09:51.249 [AsyncHttpClient-1-5] DEBUG org.asynchttpclient.netty.handler.HttpHandler - 

Request DefaultFullHttpRequest(decodeResult: success, version: HTTP/1.1, content: EmptyByteBufBE)
GET /session/878a1a54d2ab64b14833b687c7846ebe/element/8FED707D001633AFCD0F93BB2C3FB834_element_11/name HTTP/1.1
User-Agent: selenium/4.8.1 (java windows)
Cache-Control: no-cache
Content-Type: application/json; charset=utf-8
host: localhost:36547
accept: */*

Response DefaultHttpResponse(decodeResult: success, version: HTTP/1.1)
HTTP/1.1 200 OK
Content-Length: 16
Content-Type: application/json; charset=utf-8
cache-control: no-cache

16:09:51.249 [AsyncHttpClient-1-5] DEBUG org.asynchttpclient.netty.channel.ChannelManager - Adding key: http://localhost:36547 for channel [id: 0x0b63b196, L:/127.0.0.1:50320 - R:localhost/127.0.0.1:36547]
16:09:51.252 [Forwarding findElement on session 878a1a54d2ab64b14833b687c7846ebe to remote] DEBUG org.asynchttpclient.netty.request.NettyRequestSender - Using pooled Channel '[id: 0x0b63b196, L:/127.0.0.1:50320 - R:localhost/127.0.0.1:36547]' for 'POST' to 'http://localhost:36547/session/878a1a54d2ab64b14833b687c7846ebe/element'
16:09:51.252 [Forwarding findElement on session 878a1a54d2ab64b14833b687c7846ebe to remote] DEBUG org.asynchttpclient.netty.request.NettyRequestSender - Using open Channel [id: 0x0b63b196, L:/127.0.0.1:50320 - R:localhost/127.0.0.1:36547] for POST '/session/878a1a54d2ab64b14833b687c7846ebe/element'
16:09:51.263 [AsyncHttpClient-1-5] DEBUG org.asynchttpclient.netty.handler.HttpHandler - 

Request DefaultHttpRequest(decodeResult: success, version: HTTP/1.1)
POST /session/878a1a54d2ab64b14833b687c7846ebe/element HTTP/1.1
User-Agent: selenium/4.8.1 (java windows)
Content-Length: 168
Content-Type: application/json; charset=utf-8
host: localhost:36547
accept: */*

Response DefaultHttpResponse(decodeResult: success, version: HTTP/1.1)
HTTP/1.1 200 OK
Content-Length: 95
Content-Type: application/json; charset=utf-8
cache-control: no-cache

16:09:51.263 [AsyncHttpClient-1-5] DEBUG org.asynchttpclient.netty.channel.ChannelManager - Adding key: http://localhost:36547 for channel [id: 0x0b63b196, L:/127.0.0.1:50320 - R:localhost/127.0.0.1:36547]
16:09:51.271 [Forwarding clickElement on session 878a1a54d2ab64b14833b687c7846ebe to remote] DEBUG org.asynchttpclient.netty.request.NettyRequestSender - Using pooled Channel '[id: 0x0b63b196, L:/127.0.0.1:50320 - R:localhost/127.0.0.1:36547]' for 'POST' to 'http://localhost:36547/session/878a1a54d2ab64b14833b687c7846ebe/element/8FED707D001633AFCD0F93BB2C3FB834_element_11/click'
16:09:51.272 [Forwarding clickElement on session 878a1a54d2ab64b14833b687c7846ebe to remote] DEBUG org.asynchttpclient.netty.request.NettyRequestSender - Using open Channel [id: 0x0b63b196, L:/127.0.0.1:50320 - R:localhost/127.0.0.1:36547] for POST '/session/878a1a54d2ab64b14833b687c7846ebe/element/8FED707D001633AFCD0F93BB2C3FB834_element_11/click'
16:09:51.359 [AsyncHttpClient-1-5] DEBUG org.asynchttpclient.netty.handler.HttpHandler - 

Request DefaultHttpRequest(decodeResult: success, version: HTTP/1.1)
POST /session/878a1a54d2ab64b14833b687c7846ebe/element/8FED707D001633AFCD0F93BB2C3FB834_element_11/click HTTP/1.1
User-Agent: selenium/4.8.1 (java windows)
Content-Length: 57
Content-Type: application/json; charset=utf-8
host: localhost:36547
accept: */*

Response DefaultHttpResponse(decodeResult: success, version: HTTP/1.1)
HTTP/1.1 200 OK
Content-Length: 14
Content-Type: application/json; charset=utf-8
cache-control: no-cache

16:09:51.360 [AsyncHttpClient-1-5] DEBUG org.asynchttpclient.netty.channel.ChannelManager - Adding key: http://localhost:36547 for channel [id: 0x0b63b196, L:/127.0.0.1:50320 - R:localhost/127.0.0.1:36547]
16:09:51.781 [AsyncHttpClient-1-1] DEBUG org.asynchttpclient.netty.channel.DefaultChannelPool - Entry count for : http://localhost:36547 : 1
16:09:51.781 [AsyncHttpClient-1-1] DEBUG org.asynchttpclient.netty.channel.DefaultChannelPool - Entry count for : http://localhost:50321 : 1
16:09:52.886 [AsyncHttpClient-1-1] DEBUG org.asynchttpclient.netty.channel.DefaultChannelPool - Entry count for : http://localhost:36547 : 1
16:09:52.886 [AsyncHttpClient-1-1] DEBUG org.asynchttpclient.netty.channel.DefaultChannelPool - Entry count for : http://localhost:50321 : 1
16:09:53.377 [Forwarding getAlertText on session 878a1a54d2ab64b14833b687c7846ebe to remote] DEBUG org.asynchttpclient.netty.request.NettyRequestSender - Using pooled Channel '[id: 0x0b63b196, L:/127.0.0.1:50320 - R:localhost/127.0.0.1:36547]' for 'GET' to 'http://localhost:36547/session/878a1a54d2ab64b14833b687c7846ebe/alert/text'
16:09:53.377 [Forwarding getAlertText on session 878a1a54d2ab64b14833b687c7846ebe to remote] DEBUG org.asynchttpclient.netty.request.NettyRequestSender - Using open Channel [id: 0x0b63b196, L:/127.0.0.1:50320 - R:localhost/127.0.0.1:36547] for GET '/session/878a1a54d2ab64b14833b687c7846ebe/alert/text'
16:09:53.981 [AsyncHttpClient-1-1] DEBUG org.asynchttpclient.netty.channel.DefaultChannelPool - Entry count for : http://localhost:50321 : 1
16:09:54.504 [AsyncHttpClient-1-5] DEBUG org.asynchttpclient.netty.handler.HttpHandler - 

Request DefaultFullHttpRequest(decodeResult: success, version: HTTP/1.1, content: EmptyByteBufBE)
GET /session/878a1a54d2ab64b14833b687c7846ebe/alert/text HTTP/1.1
User-Agent: selenium/4.8.1 (java windows)
Cache-Control: no-cache
Content-Type: application/json; charset=utf-8
host: localhost:36547
accept: */*

Response DefaultHttpResponse(decodeResult: success, version: HTTP/1.1)
HTTP/1.1 404 Not Found
Content-Length: 820
Content-Type: application/json; charset=utf-8
cache-control: no-cache

16:09:54.505 [AsyncHttpClient-1-5] DEBUG org.asynchttpclient.netty.channel.ChannelManager - Adding key: http://localhost:36547 for channel [id: 0x0b63b196, L:/127.0.0.1:50320 - R:localhost/127.0.0.1:36547]
16:09:54.506 [Forwarding getCurrentUrl on session 878a1a54d2ab64b14833b687c7846ebe to remote] DEBUG org.asynchttpclient.netty.request.NettyRequestSender - Using pooled Channel '[id: 0x0b63b196, L:/127.0.0.1:50320 - R:localhost/127.0.0.1:36547]' for 'GET' to 'http://localhost:36547/session/878a1a54d2ab64b14833b687c7846ebe/url'
16:09:54.506 [Forwarding getCurrentUrl on session 878a1a54d2ab64b14833b687c7846ebe to remote] DEBUG org.asynchttpclient.netty.request.NettyRequestSender - Using open Channel [id: 0x0b63b196, L:/127.0.0.1:50320 - R:localhost/127.0.0.1:36547] for GET '/session/878a1a54d2ab64b14833b687c7846ebe/url'
16:09:54.516 [AsyncHttpClient-1-5] DEBUG org.asynchttpclient.netty.handler.HttpHandler - 

Request DefaultFullHttpRequest(decodeResult: success, version: HTTP/1.1, content: EmptyByteBufBE)
GET /session/878a1a54d2ab64b14833b687c7846ebe/url HTTP/1.1
User-Agent: selenium/4.8.1 (java windows)
Cache-Control: no-cache
Content-Type: application/json; charset=utf-8
host: localhost:36547
accept: */*

Response DefaultHttpResponse(decodeResult: success, version: HTTP/1.1)
HTTP/1.1 200 OK
Content-Length: 41
Content-Type: application/json; charset=utf-8
cache-control: no-cache

16:09:54.516 [AsyncHttpClient-1-5] DEBUG org.asynchttpclient.netty.channel.ChannelManager - Adding key: http://localhost:36547 for channel [id: 0x0b63b196, L:/127.0.0.1:50320 - R:localhost/127.0.0.1:36547]
16:09:54.518 [Forwarding screenshot on session 878a1a54d2ab64b14833b687c7846ebe to remote] DEBUG org.asynchttpclient.netty.request.NettyRequestSender - Using pooled Channel '[id: 0x0b63b196, L:/127.0.0.1:50320 - R:localhost/127.0.0.1:36547]' for 'GET' to 'http://localhost:36547/session/878a1a54d2ab64b14833b687c7846ebe/screenshot'
16:09:54.518 [Forwarding screenshot on session 878a1a54d2ab64b14833b687c7846ebe to remote] DEBUG org.asynchttpclient.netty.request.NettyRequestSender - Using open Channel [id: 0x0b63b196, L:/127.0.0.1:50320 - R:localhost/127.0.0.1:36547] for GET '/session/878a1a54d2ab64b14833b687c7846ebe/screenshot'
16:09:54.654 [AsyncHttpClient-1-5] DEBUG org.asynchttpclient.netty.handler.HttpHandler - 

Request DefaultFullHttpRequest(decodeResult: success, version: HTTP/1.1, content: EmptyByteBufBE)
GET /session/878a1a54d2ab64b14833b687c7846ebe/screenshot HTTP/1.1
User-Agent: selenium/4.8.1 (java windows)
Cache-Control: no-cache
Content-Type: application/json; charset=utf-8
host: localhost:36547
accept: */*

Response DefaultHttpResponse(decodeResult: success, version: HTTP/1.1)
HTTP/1.1 200 OK
Content-Length: 97480
Content-Type: application/json; charset=utf-8
cache-control: no-cache

16:09:54.654 [AsyncHttpClient-1-5] DEBUG org.asynchttpclient.netty.channel.ChannelManager - Adding key: http://localhost:36547 for channel [id: 0x0b63b196, L:/127.0.0.1:50320 - R:localhost/127.0.0.1:36547]
16:09:54.658 [main] DEBUG net.serenitybdd.core.photography.Darkroom - Send negative for processing for target\site\serenity\d97384cc2c114485ae8a6993da88915c45512068b21144c6410075684428f311.png
16:09:54.658 [main] DEBUG net.thucydides.core.steps.StepInterceptor - STEP DONE: ClickLogin
  &amp#27;[32mAnd &amp#27;[0m&amp#27;[32mclick login&amp#27;[0m                                                       &amp#27;[90m# starter.stepdefinitions.LoginSteps.ClickLogin()&amp#27;[0m
16:09:54.670 [main] DEBUG net.thucydides.core.steps.StepInterceptor - STARTING STEP: LoginSteps.UserOnProductPage - UserOnProductPage
16:09:55.088 [AsyncHttpClient-1-1] DEBUG org.asynchttpclient.netty.channel.DefaultChannelPool - Entry count for : http://localhost:36547 : 1
16:09:55.088 [AsyncHttpClient-1-1] DEBUG org.asynchttpclient.netty.channel.DefaultChannelPool - Entry count for : http://localhost:50321 : 1
16:09:56.181 [AsyncHttpClient-1-1] DEBUG org.asynchttpclient.netty.channel.DefaultChannelPool - Entry count for : http://localhost:36547 : 1
16:09:56.181 [AsyncHttpClient-1-1] DEBUG org.asynchttpclient.netty.channel.DefaultChannelPool - Entry count for : http://localhost:50321 : 1
16:09:56.680 [Forwarding findElement on session 878a1a54d2ab64b14833b687c7846ebe to remote] DEBUG org.asynchttpclient.netty.request.NettyRequestSender - Using pooled Channel '[id: 0x0b63b196, L:/127.0.0.1:50320 - R:localhost/127.0.0.1:36547]' for 'POST' to 'http://localhost:36547/session/878a1a54d2ab64b14833b687c7846ebe/element'
16:09:56.680 [Forwarding findElement on session 878a1a54d2ab64b14833b687c7846ebe to remote] DEBUG org.asynchttpclient.netty.request.NettyRequestSender - Using open Channel [id: 0x0b63b196, L:/127.0.0.1:50320 - R:localhost/127.0.0.1:36547] for POST '/session/878a1a54d2ab64b14833b687c7846ebe/element'
16:09:56.696 [AsyncHttpClient-1-5] DEBUG org.asynchttpclient.netty.handler.HttpHandler - 

Request DefaultHttpRequest(decodeResult: success, version: HTTP/1.1)
POST /session/878a1a54d2ab64b14833b687c7846ebe/element HTTP/1.1
User-Agent: selenium/4.8.1 (java windows)
Content-Length: 75
Content-Type: application/json; charset=utf-8
host: localhost:36547
accept: */*

Response DefaultHttpResponse(decodeResult: success, version: HTTP/1.1)
HTTP/1.1 200 OK
Content-Length: 95
Content-Type: application/json; charset=utf-8
cache-control: no-cache

16:09:56.697 [AsyncHttpClient-1-5] DEBUG org.asynchttpclient.netty.channel.ChannelManager - Adding key: http://localhost:36547 for channel [id: 0x0b63b196, L:/127.0.0.1:50320 - R:localhost/127.0.0.1:36547]
16:09:56.699 [Forwarding isElementDisplayed on session 878a1a54d2ab64b14833b687c7846ebe to remote] DEBUG org.asynchttpclient.netty.request.NettyRequestSender - Using pooled Channel '[id: 0x0b63b196, L:/127.0.0.1:50320 - R:localhost/127.0.0.1:36547]' for 'POST' to 'http://localhost:36547/session/878a1a54d2ab64b14833b687c7846ebe/execute/sync'
16:09:56.699 [Forwarding isElementDisplayed on session 878a1a54d2ab64b14833b687c7846ebe to remote] DEBUG org.asynchttpclient.netty.request.NettyRequestSender - Using open Channel [id: 0x0b63b196, L:/127.0.0.1:50320 - R:localhost/127.0.0.1:36547] for POST '/session/878a1a54d2ab64b14833b687c7846ebe/execute/sync'
16:09:56.710 [AsyncHttpClient-1-5] DEBUG org.asynchttpclient.netty.handler.HttpHandler - 

Request DefaultHttpRequest(decodeResult: success, version: HTTP/1.1)
POST /session/878a1a54d2ab64b14833b687c7846ebe/execute/sync HTTP/1.1
User-Agent: selenium/4.8.1 (java windows)
Content-Length: 48814
Content-Type: application/json; charset=utf-8
host: localhost:36547
accept: */*

Response DefaultHttpResponse(decodeResult: success, version: HTTP/1.1)
HTTP/1.1 200 OK
Content-Length: 14
Content-Type: application/json; charset=utf-8
cache-control: no-cache

16:09:56.712 [AsyncHttpClient-1-5] DEBUG org.asynchttpclient.netty.channel.ChannelManager - Adding key: http://localhost:36547 for channel [id: 0x0b63b196, L:/127.0.0.1:50320 - R:localhost/127.0.0.1:36547]
16:09:56.713 [Forwarding isElementDisplayed on session 878a1a54d2ab64b14833b687c7846ebe to remote] DEBUG org.asynchttpclient.netty.request.NettyRequestSender - Using pooled Channel '[id: 0x0b63b196, L:/127.0.0.1:50320 - R:localhost/127.0.0.1:36547]' for 'POST' to 'http://localhost:36547/session/878a1a54d2ab64b14833b687c7846ebe/execute/sync'
16:09:56.713 [Forwarding isElementDisplayed on session 878a1a54d2ab64b14833b687c7846ebe to remote] DEBUG org.asynchttpclient.netty.request.NettyRequestSender - Using open Channel [id: 0x0b63b196, L:/127.0.0.1:50320 - R:localhost/127.0.0.1:36547] for POST '/session/878a1a54d2ab64b14833b687c7846ebe/execute/sync'
16:09:56.725 [AsyncHttpClient-1-5] DEBUG org.asynchttpclient.netty.handler.HttpHandler - 

Request DefaultHttpRequest(decodeResult: success, version: HTTP/1.1)
POST /session/878a1a54d2ab64b14833b687c7846ebe/execute/sync HTTP/1.1
User-Agent: selenium/4.8.1 (java windows)
Content-Length: 48814
Content-Type: application/json; charset=utf-8
host: localhost:36547
accept: */*

Response DefaultHttpResponse(decodeResult: success, version: HTTP/1.1)
HTTP/1.1 200 OK
Content-Length: 14
Content-Type: application/json; charset=utf-8
cache-control: no-cache

16:09:56.726 [AsyncHttpClient-1-5] DEBUG org.asynchttpclient.netty.channel.ChannelManager - Adding key: http://localhost:36547 for channel [id: 0x0b63b196, L:/127.0.0.1:50320 - R:localhost/127.0.0.1:36547]
16:09:56.731 [Forwarding getAlertText on session 878a1a54d2ab64b14833b687c7846ebe to remote] DEBUG org.asynchttpclient.netty.request.NettyRequestSender - Using pooled Channel '[id: 0x0b63b196, L:/127.0.0.1:50320 - R:localhost/127.0.0.1:36547]' for 'GET' to 'http://localhost:36547/session/878a1a54d2ab64b14833b687c7846ebe/alert/text'
16:09:56.731 [Forwarding getAlertText on session 878a1a54d2ab64b14833b687c7846ebe to remote] DEBUG org.asynchttpclient.netty.request.NettyRequestSender - Using open Channel [id: 0x0b63b196, L:/127.0.0.1:50320 - R:localhost/127.0.0.1:36547] for GET '/session/878a1a54d2ab64b14833b687c7846ebe/alert/text'
16:09:56.733 [AsyncHttpClient-1-5] DEBUG org.asynchttpclient.netty.handler.HttpHandler - 

Request DefaultFullHttpRequest(decodeResult: success, version: HTTP/1.1, content: EmptyByteBufBE)
GET /session/878a1a54d2ab64b14833b687c7846ebe/alert/text HTTP/1.1
User-Agent: selenium/4.8.1 (java windows)
Cache-Control: no-cache
Content-Type: application/json; charset=utf-8
host: localhost:36547
accept: */*

Response DefaultHttpResponse(decodeResult: success, version: HTTP/1.1)
HTTP/1.1 404 Not Found
Content-Length: 820
Content-Type: application/json; charset=utf-8
cache-control: no-cache

16:09:56.734 [AsyncHttpClient-1-5] DEBUG org.asynchttpclient.netty.channel.ChannelManager - Adding key: http://localhost:36547 for channel [id: 0x0b63b196, L:/127.0.0.1:50320 - R:localhost/127.0.0.1:36547]
16:09:56.735 [Forwarding getCurrentUrl on session 878a1a54d2ab64b14833b687c7846ebe to remote] DEBUG org.asynchttpclient.netty.request.NettyRequestSender - Using pooled Channel '[id: 0x0b63b196, L:/127.0.0.1:50320 - R:localhost/127.0.0.1:36547]' for 'GET' to 'http://localhost:36547/session/878a1a54d2ab64b14833b687c7846ebe/url'
16:09:56.735 [Forwarding getCurrentUrl on session 878a1a54d2ab64b14833b687c7846ebe to remote] DEBUG org.asynchttpclient.netty.request.NettyRequestSender - Using open Channel [id: 0x0b63b196, L:/127.0.0.1:50320 - R:localhost/127.0.0.1:36547] for GET '/session/878a1a54d2ab64b14833b687c7846ebe/url'
16:09:56.742 [AsyncHttpClient-1-5] DEBUG org.asynchttpclient.netty.handler.HttpHandler - 

Request DefaultFullHttpRequest(decodeResult: success, version: HTTP/1.1, content: EmptyByteBufBE)
GET /session/878a1a54d2ab64b14833b687c7846ebe/url HTTP/1.1
User-Agent: selenium/4.8.1 (java windows)
Cache-Control: no-cache
Content-Type: application/json; charset=utf-8
host: localhost:36547
accept: */*

Response DefaultHttpResponse(decodeResult: success, version: HTTP/1.1)
HTTP/1.1 200 OK
Content-Length: 41
Content-Type: application/json; charset=utf-8
cache-control: no-cache

16:09:56.742 [AsyncHttpClient-1-5] DEBUG org.asynchttpclient.netty.channel.ChannelManager - Adding key: http://localhost:36547 for channel [id: 0x0b63b196, L:/127.0.0.1:50320 - R:localhost/127.0.0.1:36547]
16:09:56.743 [Forwarding screenshot on session 878a1a54d2ab64b14833b687c7846ebe to remote] DEBUG org.asynchttpclient.netty.request.NettyRequestSender - Using pooled Channel '[id: 0x0b63b196, L:/127.0.0.1:50320 - R:localhost/127.0.0.1:36547]' for 'GET' to 'http://localhost:36547/session/878a1a54d2ab64b14833b687c7846ebe/screenshot'
16:09:56.743 [Forwarding screenshot on session 878a1a54d2ab64b14833b687c7846ebe to remote] DEBUG org.asynchttpclient.netty.request.NettyRequestSender - Using open Channel [id: 0x0b63b196, L:/127.0.0.1:50320 - R:localhost/127.0.0.1:36547] for GET '/session/878a1a54d2ab64b14833b687c7846ebe/screenshot'
16:09:56.829 [AsyncHttpClient-1-5] DEBUG org.asynchttpclient.netty.handler.HttpHandler - 

Request DefaultFullHttpRequest(decodeResult: success, version: HTTP/1.1, content: EmptyByteBufBE)
GET /session/878a1a54d2ab64b14833b687c7846ebe/screenshot HTTP/1.1
User-Agent: selenium/4.8.1 (java windows)
Cache-Control: no-cache
Content-Type: application/json; charset=utf-8
host: localhost:36547
accept: */*

Response DefaultHttpResponse(decodeResult: success, version: HTTP/1.1)
HTTP/1.1 200 OK
Content-Length: 97348
Content-Type: application/json; charset=utf-8
cache-control: no-cache

16:09:56.830 [AsyncHttpClient-1-5] DEBUG org.asynchttpclient.netty.channel.ChannelManager - Adding key: http://localhost:36547 for channel [id: 0x0b63b196, L:/127.0.0.1:50320 - R:localhost/127.0.0.1:36547]
16:09:56.832 [main] DEBUG net.serenitybdd.core.photography.Darkroom - Send negative for processing for target\site\serenity\c76595f52e95a9b3b3d83713f5499008fc9ed5a803ecea9b50ab4b5a5937ddf0.png
16:09:56.833 [Darkroom Processing Line] DEBUG net.serenitybdd.core.photography.DarkroomProcessingLine - Processing screenshot image in /var/screenshots/screenshot-15504374573646232572
16:09:56.833 [main] DEBUG net.thucydides.core.steps.StepInterceptor - STEP DONE: UserOnProductPage
16:09:56.833 [Darkroom Processing Line] DEBUG net.serenitybdd.core.photography.DarkroomProcessingLine - Saving screenshot to target\site\serenity\c76595f52e95a9b3b3d83713f5499008fc9ed5a803ecea9b50ab4b5a5937ddf0.png
  &amp#27;[32mThen &amp#27;[0m&amp#27;[32muser on product page&amp#27;[0m                                             &amp#27;[90m# starter.stepdefinitions.LoginSteps.UserOnProductPage()&amp#27;[0m
16:09:56.838 [main] INFO  - 
  _____   ___   ___   _____     ___     _     ___   ___   ___   ___  
 |_   _| | __| / __| |_   _|   | _ \   /_\   / __| / __| | __| |   \ 
   | |   | _|  \__ \   | |     |  _/  / _ \  \__ \ \__ \ | _|  | |) |
   |_|   |___| |___/   |_|     |_|   /_/ \_\ |___/ |___/ |___| |___/ 

as user i want to input valid to then i can see success login
----------------------------------------------------------------------
16:09:56.839 [AsyncHttpClient-1-7] DEBUG org.asynchttpclient.netty.handler.WebSocketHandler - Channel Closed: [id: 0x4a884c1f, L:/127.0.0.1:50327 ! R:localhost/127.0.0.1:50321] with attribute NettyResponseFuture{currentRetry=0,
	isDone=1,
	isCancelled=0,
	asyncHandler=org.asynchttpclient.ws.WebSocketUpgradeHandler@74cbcf62,
	nettyRequest=org.asynchttpclient.netty.request.NettyRequest@31c94f9f,
	future=java.util.concurrent.CompletableFuture@52b96e80[Completed normally],
	uri=ws://localhost:50321/devtools/browser/cc680f62-9b24-4a86-9eec-2cfcdc9d4bf4,
	keepAlive=true,
	redirectCount=0,
	timeoutsHolder=null,
	inAuth=0,
	touch=1683709784966}
16:09:56.839 [Driver Command Executor] DEBUG org.asynchttpclient.netty.request.NettyRequestSender - Using pooled Channel '[id: 0x0b63b196, L:/127.0.0.1:50320 - R:localhost/127.0.0.1:36547]' for 'DELETE' to 'http://localhost:36547/session/878a1a54d2ab64b14833b687c7846ebe'
16:09:56.840 [Driver Command Executor] DEBUG org.asynchttpclient.netty.request.NettyRequestSender - Using open Channel [id: 0x0b63b196, L:/127.0.0.1:50320 - R:localhost/127.0.0.1:36547] for DELETE '/session/878a1a54d2ab64b14833b687c7846ebe'
16:09:56.840 [AsyncHttpClient-1-7] DEBUG org.asynchttpclient.netty.channel.ChannelManager - Closing Channel [id: 0x4a884c1f, L:/127.0.0.1:50327 ! R:localhost/127.0.0.1:50321] 
16:09:56.873 [AsyncHttpClient-1-6] DEBUG org.asynchttpclient.netty.handler.HttpHandler - Unexpected I/O exception on channel [id: 0x94822d7d, L:/127.0.0.1:50326 - R:localhost/127.0.0.1:50321]
java.net.SocketException: Connection reset
	at java.base/sun.nio.ch.SocketChannelImpl.throwConnectionReset(SocketChannelImpl.java:401)
	at java.base/sun.nio.ch.SocketChannelImpl.read(SocketChannelImpl.java:434)
	at io.netty.buffer.PooledByteBuf.setBytes(PooledByteBuf.java:259)
	at io.netty.buffer.AbstractByteBuf.writeBytes(AbstractByteBuf.java:1132)
	at io.netty.channel.socket.nio.NioSocketChannel.doReadBytes(NioSocketChannel.java:357)
	at io.netty.channel.nio.AbstractNioByteChannel$NioByteUnsafe.read(AbstractNioByteChannel.java:151)
	at io.netty.channel.nio.NioEventLoop.processSelectedKey(NioEventLoop.java:788)
	at io.netty.channel.nio.NioEventLoop.processSelectedKeysOptimized(NioEventLoop.java:724)
	at io.netty.channel.nio.NioEventLoop.processSelectedKeys(NioEventLoop.java:650)
	at io.netty.channel.nio.NioEventLoop.run(NioEventLoop.java:562)
	at io.netty.util.concurrent.SingleThreadEventExecutor$4.run(SingleThreadEventExecutor.java:997)
	at io.netty.util.internal.ThreadExecutorMap$2.run(ThreadExecutorMap.java:74)
	at io.netty.util.concurrent.FastThreadLocalRunnable.run(FastThreadLocalRunnable.java:30)
	at java.base/java.lang.Thread.run(Thread.java:1589)
16:09:56.873 [AsyncHttpClient-1-6] DEBUG org.asynchttpclient.netty.channel.ChannelManager - Closing Channel [id: 0x94822d7d, L:/127.0.0.1:50326 - R:localhost/127.0.0.1:50321] 
16:09:56.873 [AsyncHttpClient-1-6] DEBUG org.asynchttpclient.netty.handler.HttpHandler - Channel Closed: [id: 0x94822d7d, L:/127.0.0.1:50326 ! R:localhost/127.0.0.1:50321] with attribute DISCARD
16:09:57.281 [AsyncHttpClient-1-1] DEBUG org.asynchttpclient.netty.channel.DefaultChannelPool - Entry count for : http://localhost:50321 : 1
16:09:57.281 [AsyncHttpClient-1-1] DEBUG org.asynchttpclient.netty.channel.DefaultChannelPool - Adding Candidate expired Channel [id: 0x94822d7d, L:/127.0.0.1:50326 ! R:localhost/127.0.0.1:50321] isIdleTimeoutExpired=false isRemotelyClosed=true isTtlExpired=false
16:09:57.281 [AsyncHttpClient-1-1] DEBUG org.asynchttpclient.netty.channel.DefaultChannelPool - Closing Idle Channel [id: 0x94822d7d, L:/127.0.0.1:50326 ! R:localhost/127.0.0.1:50321]
16:09:57.281 [AsyncHttpClient-1-1] DEBUG org.asynchttpclient.netty.channel.DefaultChannelPool - Closed 1 connections out of 1 in 0 ms
16:09:57.666 [AsyncHttpClient-1-5] DEBUG org.asynchttpclient.netty.handler.HttpHandler - 

Request DefaultFullHttpRequest(decodeResult: success, version: HTTP/1.1, content: EmptyByteBufBE)
DELETE /session/878a1a54d2ab64b14833b687c7846ebe HTTP/1.1
User-Agent: selenium/4.8.1 (java windows)
Content-Type: application/json; charset=utf-8
host: localhost:36547
accept: */*

Response DefaultHttpResponse(decodeResult: success, version: HTTP/1.1)
HTTP/1.1 200 OK
Content-Length: 14
Content-Type: application/json; charset=utf-8
cache-control: no-cache

16:09:57.667 [AsyncHttpClient-1-5] DEBUG org.asynchttpclient.netty.channel.ChannelManager - Adding key: http://localhost:36547 for channel [id: 0x0b63b196, L:/127.0.0.1:50320 - R:localhost/127.0.0.1:36547]
16:09:57.765 [AsyncHttpClient-1-5] DEBUG org.asynchttpclient.netty.handler.HttpHandler - Channel Closed: [id: 0x0b63b196, L:/127.0.0.1:50320 ! R:localhost/127.0.0.1:36547] with attribute DISCARD
]]></system-out>
    <system-err><![CDATA[Starting ChromeDriver 113.0.5672.63 (0e1a4471d5ae5bf128b1bd8f4d627c8cbd55f70c-refs/branch-heads/5672@{#912}) on port 36547
Only local connections are allowed.
Please see https://chromedriver.chromium.org/security-considerations for suggestions on keeping ChromeDriver safe.
ChromeDriver was started successfully.
May 10, 2023 4:09:44 PM org.openqa.selenium.devtools.CdpVersionFinder findNearestMatch
WARNING: Unable to find an exact match for CDP version 113, so returning the closest version found: 110
]]></system-err>
  </testcase>
  <testcase name="as user i want to see the failed login" classname="As a user i want to success login so that i can see product page" time="13.455">
    <system-out><![CDATA[
@negatif
Scenario: as user i want to see the failed login &amp#27;[90m# src/test/resources/features.web/Login.feature:11&amp#27;[0m
16:09:57.842 [main] DEBUG io.cucumber.core.plugin.SerenityReporter - Running feature from file:///D:/JAVA/manusia/MP-WEB/src/test/resources/features.web/Login.feature
16:09:57.842 [main] WARN io.cucumber.core.plugin.SerenityReporter - Feature from file:///D:/JAVA/manusia/MP-WEB/src/test/resources/features.web/Login.feature is not under the 'features' directory. Requirements report will not be correctly generated!
16:09:57.846 [main] INFO  - 
  _____   ___   ___   _____     ___   _____     _     ___   _____   ___   ___  
 |_   _| | __| / __| |_   _|   / __| |_   _|   /_\   | _ \ |_   _| | __| |   \ 
   | |   | _|  \__ \   | |     \__ \   | |    / _ \  |   /   | |   | _|  | |) |
   |_|   |___| |___/   |_|     |___/   |_|   /_/ \_\ |_|_\   |_|   |___| |___/ 

as user i want to see the failed login(as-a-user-i-want-to-success-login-so-that-i-can-see-product-page;as-user-i-want-to-see-the-failed-login)
--------------------------------------------------------------------------------
16:09:57.877 [main] DEBUG net.thucydides.core.steps.StepInterceptor - STARTING STEP: LoginSteps.UserOnPageAlta - UserOnPageAlta
16:09:57.964 [main] INFO net.serenitybdd.core.webdriver.driverproviders.ChromeDriverProvider - Starting Chrome driver instance with capabilities:
16:09:57.964 [main] INFO net.serenitybdd.core.webdriver.driverproviders.ChromeDriverProvider - Capabilities {acceptInsecureCerts: true, browserName: chrome, goog:chromeOptions: {args: [remote-allow-origins=*, test-type, no-sandbox, ignore-certificate-errors, --window-size=1000,800, incognito, disable-infobars, disable-gpu, disable-default-apps, disable-popup-blocking, remote-allow-origins=*, test-type, no-sandbox, ignore-certificate-errors, --window-size=1000,800, incognito, disable-infobars, disable-gpu, disable-default-apps, disable-popup-blocking, remote-allow-origins=*], extensions: []}}
16:09:58.381 [AsyncHttpClient-1-1] DEBUG org.asynchttpclient.netty.channel.DefaultChannelPool - Entry count for : http://localhost:36547 : 1
16:09:58.381 [AsyncHttpClient-1-1] DEBUG org.asynchttpclient.netty.channel.DefaultChannelPool - Adding Candidate expired Channel [id: 0x0b63b196, L:/127.0.0.1:50320 ! R:localhost/127.0.0.1:36547] isIdleTimeoutExpired=false isRemotelyClosed=true isTtlExpired=false
16:09:58.381 [AsyncHttpClient-1-1] DEBUG org.asynchttpclient.netty.channel.DefaultChannelPool - Closing Idle Channel [id: 0x0b63b196, L:/127.0.0.1:50320 ! R:localhost/127.0.0.1:36547]
16:09:58.381 [AsyncHttpClient-1-1] DEBUG org.asynchttpclient.netty.channel.DefaultChannelPool - Closed 1 connections out of 1 in 0 ms
16:10:00.247 [AsyncHttpClient-1-8] DEBUG org.asynchttpclient.netty.channel.NettyConnectListener - Using new Channel '[id: 0x88d1bfae, L:/127.0.0.1:50345 - R:localhost/127.0.0.1:13104]' for 'POST' to '/session'
16:10:02.402 [AsyncHttpClient-1-8] DEBUG org.asynchttpclient.netty.handler.HttpHandler - 

Request DefaultHttpRequest(decodeResult: success, version: HTTP/1.1)
POST /session HTTP/1.1
User-Agent: selenium/4.8.1 (java windows)
Content-Length: 1729
Content-Type: application/json; charset=utf-8
host: localhost:13104
accept: */*

Response DefaultHttpResponse(decodeResult: success, version: HTTP/1.1)
HTTP/1.1 200 OK
Content-Length: 858
Content-Type: application/json; charset=utf-8
cache-control: no-cache

16:10:02.402 [AsyncHttpClient-1-8] DEBUG org.asynchttpclient.netty.channel.ChannelManager - Adding key: http://localhost:13104 for channel [id: 0x88d1bfae, L:/127.0.0.1:50345 - R:localhost/127.0.0.1:13104]
16:10:02.410 [AsyncHttpClient-1-9] DEBUG org.asynchttpclient.netty.channel.NettyConnectListener - Using new Channel '[id: 0x9a44d401, L:/127.0.0.1:50351 - R:localhost/127.0.0.1:50346]' for 'GET' to '/json/version'
16:10:02.412 [AsyncHttpClient-1-9] DEBUG org.asynchttpclient.netty.handler.HttpHandler - 

Request DefaultFullHttpRequest(decodeResult: success, version: HTTP/1.1, content: EmptyByteBufBE)
GET /json/version HTTP/1.1
User-Agent: selenium/4.8.1 (java windows)
host: localhost:50346
accept: */*

Response DefaultHttpResponse(decodeResult: success, version: HTTP/1.1)
HTTP/1.1 200 OK
Content-Security-Policy: frame-ancestors 'none'
Content-Length: 422
Content-Type: application/json; charset=UTF-8

16:10:02.412 [AsyncHttpClient-1-9] DEBUG org.asynchttpclient.netty.channel.ChannelManager - Adding key: http://localhost:50346 for channel [id: 0x9a44d401, L:/127.0.0.1:50351 - R:localhost/127.0.0.1:50346]
16:10:02.415 [AsyncHttpClient-1-10] DEBUG org.asynchttpclient.netty.channel.NettyConnectListener - Using new Channel '[id: 0x4d71c3b9, L:/127.0.0.1:50352 - R:localhost/127.0.0.1:50346]' for 'GET' to '/devtools/browser/9dbb356c-872a-408b-a63e-f6ff68fbad6e'
16:10:02.416 [AsyncHttpClient-1-10] DEBUG org.asynchttpclient.netty.handler.WebSocketHandler - 

Request DefaultFullHttpRequest(decodeResult: success, version: HTTP/1.1, content: EmptyByteBufBE)
GET /devtools/browser/9dbb356c-872a-408b-a63e-f6ff68fbad6e HTTP/1.1
upgrade: websocket
connection: upgrade
sec-websocket-key: KF+GfUmAHfylx0/4Uh0w1g==
sec-websocket-version: 13
origin: http://localhost:50346
host: localhost:50346
accept: */*
user-agent: AHC/2.1

Response DefaultHttpResponse(decodeResult: success, version: HTTP/1.1)
HTTP/1.1 101 WebSocket Protocol Handshake
Upgrade: WebSocket
Connection: Upgrade
Sec-WebSocket-Accept: 3Mt1krSkOOPI6nqeqbHk+m26vgg=

16:10:02.420 [Forwarding get on session e510e535d0d3710c63c075de9e9a301d to remote] DEBUG org.asynchttpclient.netty.request.NettyRequestSender - Using pooled Channel '[id: 0x88d1bfae, L:/127.0.0.1:50345 - R:localhost/127.0.0.1:13104]' for 'POST' to 'http://localhost:13104/session/e510e535d0d3710c63c075de9e9a301d/url'
16:10:02.420 [Forwarding get on session e510e535d0d3710c63c075de9e9a301d to remote] DEBUG org.asynchttpclient.netty.request.NettyRequestSender - Using open Channel [id: 0x88d1bfae, L:/127.0.0.1:50345 - R:localhost/127.0.0.1:13104] for POST '/session/e510e535d0d3710c63c075de9e9a301d/url'
16:10:02.783 [AsyncHttpClient-1-1] DEBUG org.asynchttpclient.netty.channel.DefaultChannelPool - Entry count for : http://localhost:50346 : 1
16:10:03.889 [AsyncHttpClient-1-1] DEBUG org.asynchttpclient.netty.channel.DefaultChannelPool - Entry count for : http://localhost:50346 : 1
16:10:04.017 [AsyncHttpClient-1-8] DEBUG org.asynchttpclient.netty.handler.HttpHandler - 

Request DefaultHttpRequest(decodeResult: success, version: HTTP/1.1)
POST /session/e510e535d0d3710c63c075de9e9a301d/url HTTP/1.1
User-Agent: selenium/4.8.1 (java windows)
Content-Length: 74
Content-Type: application/json; charset=utf-8
host: localhost:13104
accept: */*

Response DefaultHttpResponse(decodeResult: success, version: HTTP/1.1)
HTTP/1.1 200 OK
Content-Length: 14
Content-Type: application/json; charset=utf-8
cache-control: no-cache

16:10:04.018 [AsyncHttpClient-1-8] DEBUG org.asynchttpclient.netty.channel.ChannelManager - Adding key: http://localhost:13104 for channel [id: 0x88d1bfae, L:/127.0.0.1:50345 - R:localhost/127.0.0.1:13104]
16:10:04.019 [Forwarding setTimeout on session e510e535d0d3710c63c075de9e9a301d to remote] DEBUG org.asynchttpclient.netty.request.NettyRequestSender - Using pooled Channel '[id: 0x88d1bfae, L:/127.0.0.1:50345 - R:localhost/127.0.0.1:13104]' for 'POST' to 'http://localhost:13104/session/e510e535d0d3710c63c075de9e9a301d/timeouts'
16:10:04.019 [Forwarding setTimeout on session e510e535d0d3710c63c075de9e9a301d to remote] DEBUG org.asynchttpclient.netty.request.NettyRequestSender - Using open Channel [id: 0x88d1bfae, L:/127.0.0.1:50345 - R:localhost/127.0.0.1:13104] for POST '/session/e510e535d0d3710c63c075de9e9a301d/timeouts'
16:10:04.022 [AsyncHttpClient-1-8] DEBUG org.asynchttpclient.netty.handler.HttpHandler - 

Request DefaultHttpRequest(decodeResult: success, version: HTTP/1.1)
POST /session/e510e535d0d3710c63c075de9e9a301d/timeouts HTTP/1.1
User-Agent: selenium/4.8.1 (java windows)
Content-Length: 22
Content-Type: application/json; charset=utf-8
host: localhost:13104
accept: */*

Response DefaultHttpResponse(decodeResult: success, version: HTTP/1.1)
HTTP/1.1 200 OK
Content-Length: 14
Content-Type: application/json; charset=utf-8
cache-control: no-cache

16:10:04.022 [AsyncHttpClient-1-8] DEBUG org.asynchttpclient.netty.channel.ChannelManager - Adding key: http://localhost:13104 for channel [id: 0x88d1bfae, L:/127.0.0.1:50345 - R:localhost/127.0.0.1:13104]
16:10:04.029 [Forwarding findElement on session e510e535d0d3710c63c075de9e9a301d to remote] DEBUG org.asynchttpclient.netty.request.NettyRequestSender - Using pooled Channel '[id: 0x88d1bfae, L:/127.0.0.1:50345 - R:localhost/127.0.0.1:13104]' for 'POST' to 'http://localhost:13104/session/e510e535d0d3710c63c075de9e9a301d/element'
16:10:04.030 [Forwarding findElement on session e510e535d0d3710c63c075de9e9a301d to remote] DEBUG org.asynchttpclient.netty.request.NettyRequestSender - Using open Channel [id: 0x88d1bfae, L:/127.0.0.1:50345 - R:localhost/127.0.0.1:13104] for POST '/session/e510e535d0d3710c63c075de9e9a301d/element'
16:10:04.049 [AsyncHttpClient-1-8] DEBUG org.asynchttpclient.netty.handler.HttpHandler - 

Request DefaultHttpRequest(decodeResult: success, version: HTTP/1.1)
POST /session/e510e535d0d3710c63c075de9e9a301d/element HTTP/1.1
User-Agent: selenium/4.8.1 (java windows)
Content-Length: 168
Content-Type: application/json; charset=utf-8
host: localhost:13104
accept: */*

Response DefaultHttpResponse(decodeResult: success, version: HTTP/1.1)
HTTP/1.1 200 OK
Content-Length: 94
Content-Type: application/json; charset=utf-8
cache-control: no-cache

16:10:04.049 [AsyncHttpClient-1-8] DEBUG org.asynchttpclient.netty.channel.ChannelManager - Adding key: http://localhost:13104 for channel [id: 0x88d1bfae, L:/127.0.0.1:50345 - R:localhost/127.0.0.1:13104]
16:10:04.055 [Forwarding isElementDisplayed on session e510e535d0d3710c63c075de9e9a301d to remote] DEBUG org.asynchttpclient.netty.request.NettyRequestSender - Using pooled Channel '[id: 0x88d1bfae, L:/127.0.0.1:50345 - R:localhost/127.0.0.1:13104]' for 'POST' to 'http://localhost:13104/session/e510e535d0d3710c63c075de9e9a301d/execute/sync'
16:10:04.055 [Forwarding isElementDisplayed on session e510e535d0d3710c63c075de9e9a301d to remote] DEBUG org.asynchttpclient.netty.request.NettyRequestSender - Using open Channel [id: 0x88d1bfae, L:/127.0.0.1:50345 - R:localhost/127.0.0.1:13104] for POST '/session/e510e535d0d3710c63c075de9e9a301d/execute/sync'
16:10:04.078 [AsyncHttpClient-1-8] DEBUG org.asynchttpclient.netty.handler.HttpHandler - 

Request DefaultHttpRequest(decodeResult: success, version: HTTP/1.1)
POST /session/e510e535d0d3710c63c075de9e9a301d/execute/sync HTTP/1.1
User-Agent: selenium/4.8.1 (java windows)
Content-Length: 48813
Content-Type: application/json; charset=utf-8
host: localhost:13104
accept: */*

Response DefaultHttpResponse(decodeResult: success, version: HTTP/1.1)
HTTP/1.1 200 OK
Content-Length: 14
Content-Type: application/json; charset=utf-8
cache-control: no-cache

16:10:04.078 [AsyncHttpClient-1-8] DEBUG org.asynchttpclient.netty.channel.ChannelManager - Adding key: http://localhost:13104 for channel [id: 0x88d1bfae, L:/127.0.0.1:50345 - R:localhost/127.0.0.1:13104]
16:10:04.081 [Forwarding isElementDisplayed on session e510e535d0d3710c63c075de9e9a301d to remote] DEBUG org.asynchttpclient.netty.request.NettyRequestSender - Using pooled Channel '[id: 0x88d1bfae, L:/127.0.0.1:50345 - R:localhost/127.0.0.1:13104]' for 'POST' to 'http://localhost:13104/session/e510e535d0d3710c63c075de9e9a301d/execute/sync'
16:10:04.081 [Forwarding isElementDisplayed on session e510e535d0d3710c63c075de9e9a301d to remote] DEBUG org.asynchttpclient.netty.request.NettyRequestSender - Using open Channel [id: 0x88d1bfae, L:/127.0.0.1:50345 - R:localhost/127.0.0.1:13104] for POST '/session/e510e535d0d3710c63c075de9e9a301d/execute/sync'
16:10:04.102 [AsyncHttpClient-1-8] DEBUG org.asynchttpclient.netty.handler.HttpHandler - 

Request DefaultHttpRequest(decodeResult: success, version: HTTP/1.1)
POST /session/e510e535d0d3710c63c075de9e9a301d/execute/sync HTTP/1.1
User-Agent: selenium/4.8.1 (java windows)
Content-Length: 48813
Content-Type: application/json; charset=utf-8
host: localhost:13104
accept: */*

Response DefaultHttpResponse(decodeResult: success, version: HTTP/1.1)
HTTP/1.1 200 OK
Content-Length: 14
Content-Type: application/json; charset=utf-8
cache-control: no-cache

16:10:04.102 [AsyncHttpClient-1-8] DEBUG org.asynchttpclient.netty.channel.ChannelManager - Adding key: http://localhost:13104 for channel [id: 0x88d1bfae, L:/127.0.0.1:50345 - R:localhost/127.0.0.1:13104]
16:10:04.110 [Forwarding getAlertText on session e510e535d0d3710c63c075de9e9a301d to remote] DEBUG org.asynchttpclient.netty.request.NettyRequestSender - Using pooled Channel '[id: 0x88d1bfae, L:/127.0.0.1:50345 - R:localhost/127.0.0.1:13104]' for 'GET' to 'http://localhost:13104/session/e510e535d0d3710c63c075de9e9a301d/alert/text'
16:10:04.110 [Forwarding getAlertText on session e510e535d0d3710c63c075de9e9a301d to remote] DEBUG org.asynchttpclient.netty.request.NettyRequestSender - Using open Channel [id: 0x88d1bfae, L:/127.0.0.1:50345 - R:localhost/127.0.0.1:13104] for GET '/session/e510e535d0d3710c63c075de9e9a301d/alert/text'
16:10:04.113 [AsyncHttpClient-1-8] DEBUG org.asynchttpclient.netty.handler.HttpHandler - 

Request DefaultFullHttpRequest(decodeResult: success, version: HTTP/1.1, content: EmptyByteBufBE)
GET /session/e510e535d0d3710c63c075de9e9a301d/alert/text HTTP/1.1
User-Agent: selenium/4.8.1 (java windows)
Cache-Control: no-cache
Content-Type: application/json; charset=utf-8
host: localhost:13104
accept: */*

Response DefaultHttpResponse(decodeResult: success, version: HTTP/1.1)
HTTP/1.1 404 Not Found
Content-Length: 820
Content-Type: application/json; charset=utf-8
cache-control: no-cache

16:10:04.114 [AsyncHttpClient-1-8] DEBUG org.asynchttpclient.netty.channel.ChannelManager - Adding key: http://localhost:13104 for channel [id: 0x88d1bfae, L:/127.0.0.1:50345 - R:localhost/127.0.0.1:13104]
16:10:04.116 [Forwarding getCurrentUrl on session e510e535d0d3710c63c075de9e9a301d to remote] DEBUG org.asynchttpclient.netty.request.NettyRequestSender - Using pooled Channel '[id: 0x88d1bfae, L:/127.0.0.1:50345 - R:localhost/127.0.0.1:13104]' for 'GET' to 'http://localhost:13104/session/e510e535d0d3710c63c075de9e9a301d/url'
16:10:04.116 [Forwarding getCurrentUrl on session e510e535d0d3710c63c075de9e9a301d to remote] DEBUG org.asynchttpclient.netty.request.NettyRequestSender - Using open Channel [id: 0x88d1bfae, L:/127.0.0.1:50345 - R:localhost/127.0.0.1:13104] for GET '/session/e510e535d0d3710c63c075de9e9a301d/url'
16:10:04.128 [AsyncHttpClient-1-8] DEBUG org.asynchttpclient.netty.handler.HttpHandler - 

Request DefaultFullHttpRequest(decodeResult: success, version: HTTP/1.1, content: EmptyByteBufBE)
GET /session/e510e535d0d3710c63c075de9e9a301d/url HTTP/1.1
User-Agent: selenium/4.8.1 (java windows)
Cache-Control: no-cache
Content-Type: application/json; charset=utf-8
host: localhost:13104
accept: */*

Response DefaultHttpResponse(decodeResult: success, version: HTTP/1.1)
HTTP/1.1 200 OK
Content-Length: 51
Content-Type: application/json; charset=utf-8
cache-control: no-cache

16:10:04.128 [AsyncHttpClient-1-8] DEBUG org.asynchttpclient.netty.channel.ChannelManager - Adding key: http://localhost:13104 for channel [id: 0x88d1bfae, L:/127.0.0.1:50345 - R:localhost/127.0.0.1:13104]
16:10:04.130 [Forwarding screenshot on session e510e535d0d3710c63c075de9e9a301d to remote] DEBUG org.asynchttpclient.netty.request.NettyRequestSender - Using pooled Channel '[id: 0x88d1bfae, L:/127.0.0.1:50345 - R:localhost/127.0.0.1:13104]' for 'GET' to 'http://localhost:13104/session/e510e535d0d3710c63c075de9e9a301d/screenshot'
16:10:04.130 [Forwarding screenshot on session e510e535d0d3710c63c075de9e9a301d to remote] DEBUG org.asynchttpclient.netty.request.NettyRequestSender - Using open Channel [id: 0x88d1bfae, L:/127.0.0.1:50345 - R:localhost/127.0.0.1:13104] for GET '/session/e510e535d0d3710c63c075de9e9a301d/screenshot'
16:10:04.235 [AsyncHttpClient-1-8] DEBUG org.asynchttpclient.netty.handler.HttpHandler - 

Request DefaultFullHttpRequest(decodeResult: success, version: HTTP/1.1, content: EmptyByteBufBE)
GET /session/e510e535d0d3710c63c075de9e9a301d/screenshot HTTP/1.1
User-Agent: selenium/4.8.1 (java windows)
Cache-Control: no-cache
Content-Type: application/json; charset=utf-8
host: localhost:13104
accept: */*

Response DefaultHttpResponse(decodeResult: success, version: HTTP/1.1)
HTTP/1.1 200 OK
Content-Length: 32020
Content-Type: application/json; charset=utf-8
cache-control: no-cache

16:10:04.236 [AsyncHttpClient-1-8] DEBUG org.asynchttpclient.netty.channel.ChannelManager - Adding key: http://localhost:13104 for channel [id: 0x88d1bfae, L:/127.0.0.1:50345 - R:localhost/127.0.0.1:13104]
16:10:04.238 [main] DEBUG net.serenitybdd.core.photography.Darkroom - Send negative for processing for target\site\serenity\64131d300e1f660b304d30f126733f9569293aa2d192474061bebad02b7a03d8.png
16:10:04.238 [main] DEBUG net.thucydides.core.steps.StepInterceptor - STEP DONE: UserOnPageAlta
  &amp#27;[32mGiven &amp#27;[0m&amp#27;[32muser on page alta&amp#27;[0m                        &amp#27;[90m# starter.stepdefinitions.LoginSteps.UserOnPageAlta()&amp#27;[0m
16:10:04.254 [main] DEBUG net.thucydides.core.steps.StepInterceptor - STARTING STEP: LoginSteps.UserInputEmail - UserInputEmail
16:10:04.256 [Forwarding get on session e510e535d0d3710c63c075de9e9a301d to remote] DEBUG org.asynchttpclient.netty.request.NettyRequestSender - Using pooled Channel '[id: 0x88d1bfae, L:/127.0.0.1:50345 - R:localhost/127.0.0.1:13104]' for 'POST' to 'http://localhost:13104/session/e510e535d0d3710c63c075de9e9a301d/url'
16:10:04.256 [Forwarding get on session e510e535d0d3710c63c075de9e9a301d to remote] DEBUG org.asynchttpclient.netty.request.NettyRequestSender - Using open Channel [id: 0x88d1bfae, L:/127.0.0.1:50345 - R:localhost/127.0.0.1:13104] for POST '/session/e510e535d0d3710c63c075de9e9a301d/url'
16:10:04.429 [AsyncHttpClient-1-8] DEBUG org.asynchttpclient.netty.handler.HttpHandler - 

Request DefaultHttpRequest(decodeResult: success, version: HTTP/1.1)
POST /session/e510e535d0d3710c63c075de9e9a301d/url HTTP/1.1
User-Agent: selenium/4.8.1 (java windows)
Content-Length: 74
Content-Type: application/json; charset=utf-8
host: localhost:13104
accept: */*

Response DefaultHttpResponse(decodeResult: success, version: HTTP/1.1)
HTTP/1.1 200 OK
Content-Length: 14
Content-Type: application/json; charset=utf-8
cache-control: no-cache

16:10:04.429 [AsyncHttpClient-1-8] DEBUG org.asynchttpclient.netty.channel.ChannelManager - Adding key: http://localhost:13104 for channel [id: 0x88d1bfae, L:/127.0.0.1:50345 - R:localhost/127.0.0.1:13104]
16:10:04.433 [Forwarding findElement on session e510e535d0d3710c63c075de9e9a301d to remote] DEBUG org.asynchttpclient.netty.request.NettyRequestSender - Using pooled Channel '[id: 0x88d1bfae, L:/127.0.0.1:50345 - R:localhost/127.0.0.1:13104]' for 'POST' to 'http://localhost:13104/session/e510e535d0d3710c63c075de9e9a301d/element'
16:10:04.434 [Forwarding findElement on session e510e535d0d3710c63c075de9e9a301d to remote] DEBUG org.asynchttpclient.netty.request.NettyRequestSender - Using open Channel [id: 0x88d1bfae, L:/127.0.0.1:50345 - R:localhost/127.0.0.1:13104] for POST '/session/e510e535d0d3710c63c075de9e9a301d/element'
16:10:04.451 [AsyncHttpClient-1-8] DEBUG org.asynchttpclient.netty.handler.HttpHandler - 

Request DefaultHttpRequest(decodeResult: success, version: HTTP/1.1)
POST /session/e510e535d0d3710c63c075de9e9a301d/element HTTP/1.1
User-Agent: selenium/4.8.1 (java windows)
Content-Length: 187
Content-Type: application/json; charset=utf-8
host: localhost:13104
accept: */*

Response DefaultHttpResponse(decodeResult: success, version: HTTP/1.1)
HTTP/1.1 200 OK
Content-Length: 94
Content-Type: application/json; charset=utf-8
cache-control: no-cache

16:10:04.451 [AsyncHttpClient-1-8] DEBUG org.asynchttpclient.netty.channel.ChannelManager - Adding key: http://localhost:13104 for channel [id: 0x88d1bfae, L:/127.0.0.1:50345 - R:localhost/127.0.0.1:13104]
16:10:04.453 [Forwarding clearElement on session e510e535d0d3710c63c075de9e9a301d to remote] DEBUG org.asynchttpclient.netty.request.NettyRequestSender - Using pooled Channel '[id: 0x88d1bfae, L:/127.0.0.1:50345 - R:localhost/127.0.0.1:13104]' for 'POST' to 'http://localhost:13104/session/e510e535d0d3710c63c075de9e9a301d/element/6FA3B96DE3FE248533AEA836E3626EFE_element_9/clear'
16:10:04.453 [Forwarding clearElement on session e510e535d0d3710c63c075de9e9a301d to remote] DEBUG org.asynchttpclient.netty.request.NettyRequestSender - Using open Channel [id: 0x88d1bfae, L:/127.0.0.1:50345 - R:localhost/127.0.0.1:13104] for POST '/session/e510e535d0d3710c63c075de9e9a301d/element/6FA3B96DE3FE248533AEA836E3626EFE_element_9/clear'
16:10:04.538 [AsyncHttpClient-1-8] DEBUG org.asynchttpclient.netty.handler.HttpHandler - 

Request DefaultHttpRequest(decodeResult: success, version: HTTP/1.1)
POST /session/e510e535d0d3710c63c075de9e9a301d/element/6FA3B96DE3FE248533AEA836E3626EFE_element_9/clear HTTP/1.1
User-Agent: selenium/4.8.1 (java windows)
Content-Length: 56
Content-Type: application/json; charset=utf-8
host: localhost:13104
accept: */*

Response DefaultHttpResponse(decodeResult: success, version: HTTP/1.1)
HTTP/1.1 200 OK
Content-Length: 14
Content-Type: application/json; charset=utf-8
cache-control: no-cache

16:10:04.539 [AsyncHttpClient-1-8] DEBUG org.asynchttpclient.netty.channel.ChannelManager - Adding key: http://localhost:13104 for channel [id: 0x88d1bfae, L:/127.0.0.1:50345 - R:localhost/127.0.0.1:13104]
16:10:04.541 [Forwarding sendKeysToElement on session e510e535d0d3710c63c075de9e9a301d to remote] DEBUG org.asynchttpclient.netty.request.NettyRequestSender - Using pooled Channel '[id: 0x88d1bfae, L:/127.0.0.1:50345 - R:localhost/127.0.0.1:13104]' for 'POST' to 'http://localhost:13104/session/e510e535d0d3710c63c075de9e9a301d/element/6FA3B96DE3FE248533AEA836E3626EFE_element_9/value'
16:10:04.541 [Forwarding sendKeysToElement on session e510e535d0d3710c63c075de9e9a301d to remote] DEBUG org.asynchttpclient.netty.request.NettyRequestSender - Using open Channel [id: 0x88d1bfae, L:/127.0.0.1:50345 - R:localhost/127.0.0.1:13104] for POST '/session/e510e535d0d3710c63c075de9e9a301d/element/6FA3B96DE3FE248533AEA836E3626EFE_element_9/value'
16:10:04.718 [AsyncHttpClient-1-8] DEBUG org.asynchttpclient.netty.handler.HttpHandler - 

Request DefaultHttpRequest(decodeResult: success, version: HTTP/1.1)
POST /session/e510e535d0d3710c63c075de9e9a301d/element/6FA3B96DE3FE248533AEA836E3626EFE_element_9/value HTTP/1.1
User-Agent: selenium/4.8.1 (java windows)
Content-Length: 207
Content-Type: application/json; charset=utf-8
host: localhost:13104
accept: */*

Response DefaultHttpResponse(decodeResult: success, version: HTTP/1.1)
HTTP/1.1 200 OK
Content-Length: 14
Content-Type: application/json; charset=utf-8
cache-control: no-cache

16:10:04.718 [AsyncHttpClient-1-8] DEBUG org.asynchttpclient.netty.channel.ChannelManager - Adding key: http://localhost:13104 for channel [id: 0x88d1bfae, L:/127.0.0.1:50345 - R:localhost/127.0.0.1:13104]
16:10:04.980 [AsyncHttpClient-1-1] DEBUG org.asynchttpclient.netty.channel.DefaultChannelPool - Entry count for : http://localhost:50346 : 1
16:10:04.980 [AsyncHttpClient-1-1] DEBUG org.asynchttpclient.netty.channel.DefaultChannelPool - Entry count for : http://localhost:13104 : 1
16:10:05.736 [Forwarding getAlertText on session e510e535d0d3710c63c075de9e9a301d to remote] DEBUG org.asynchttpclient.netty.request.NettyRequestSender - Using pooled Channel '[id: 0x88d1bfae, L:/127.0.0.1:50345 - R:localhost/127.0.0.1:13104]' for 'GET' to 'http://localhost:13104/session/e510e535d0d3710c63c075de9e9a301d/alert/text'
16:10:05.736 [Forwarding getAlertText on session e510e535d0d3710c63c075de9e9a301d to remote] DEBUG org.asynchttpclient.netty.request.NettyRequestSender - Using open Channel [id: 0x88d1bfae, L:/127.0.0.1:50345 - R:localhost/127.0.0.1:13104] for GET '/session/e510e535d0d3710c63c075de9e9a301d/alert/text'
16:10:05.743 [AsyncHttpClient-1-8] DEBUG org.asynchttpclient.netty.handler.HttpHandler - 

Request DefaultFullHttpRequest(decodeResult: success, version: HTTP/1.1, content: EmptyByteBufBE)
GET /session/e510e535d0d3710c63c075de9e9a301d/alert/text HTTP/1.1
User-Agent: selenium/4.8.1 (java windows)
Cache-Control: no-cache
Content-Type: application/json; charset=utf-8
host: localhost:13104
accept: */*

Response DefaultHttpResponse(decodeResult: success, version: HTTP/1.1)
HTTP/1.1 404 Not Found
Content-Length: 820
Content-Type: application/json; charset=utf-8
cache-control: no-cache

16:10:05.743 [AsyncHttpClient-1-8] DEBUG org.asynchttpclient.netty.channel.ChannelManager - Adding key: http://localhost:13104 for channel [id: 0x88d1bfae, L:/127.0.0.1:50345 - R:localhost/127.0.0.1:13104]
16:10:05.748 [Forwarding getCurrentUrl on session e510e535d0d3710c63c075de9e9a301d to remote] DEBUG org.asynchttpclient.netty.request.NettyRequestSender - Using pooled Channel '[id: 0x88d1bfae, L:/127.0.0.1:50345 - R:localhost/127.0.0.1:13104]' for 'GET' to 'http://localhost:13104/session/e510e535d0d3710c63c075de9e9a301d/url'
16:10:05.748 [Forwarding getCurrentUrl on session e510e535d0d3710c63c075de9e9a301d to remote] DEBUG org.asynchttpclient.netty.request.NettyRequestSender - Using open Channel [id: 0x88d1bfae, L:/127.0.0.1:50345 - R:localhost/127.0.0.1:13104] for GET '/session/e510e535d0d3710c63c075de9e9a301d/url'
16:10:05.763 [AsyncHttpClient-1-8] DEBUG org.asynchttpclient.netty.handler.HttpHandler - 

Request DefaultFullHttpRequest(decodeResult: success, version: HTTP/1.1, content: EmptyByteBufBE)
GET /session/e510e535d0d3710c63c075de9e9a301d/url HTTP/1.1
User-Agent: selenium/4.8.1 (java windows)
Cache-Control: no-cache
Content-Type: application/json; charset=utf-8
host: localhost:13104
accept: */*

Response DefaultHttpResponse(decodeResult: success, version: HTTP/1.1)
HTTP/1.1 200 OK
Content-Length: 51
Content-Type: application/json; charset=utf-8
cache-control: no-cache

16:10:05.763 [AsyncHttpClient-1-8] DEBUG org.asynchttpclient.netty.channel.ChannelManager - Adding key: http://localhost:13104 for channel [id: 0x88d1bfae, L:/127.0.0.1:50345 - R:localhost/127.0.0.1:13104]
16:10:05.765 [Forwarding screenshot on session e510e535d0d3710c63c075de9e9a301d to remote] DEBUG org.asynchttpclient.netty.request.NettyRequestSender - Using pooled Channel '[id: 0x88d1bfae, L:/127.0.0.1:50345 - R:localhost/127.0.0.1:13104]' for 'GET' to 'http://localhost:13104/session/e510e535d0d3710c63c075de9e9a301d/screenshot'
16:10:05.765 [Forwarding screenshot on session e510e535d0d3710c63c075de9e9a301d to remote] DEBUG org.asynchttpclient.netty.request.NettyRequestSender - Using open Channel [id: 0x88d1bfae, L:/127.0.0.1:50345 - R:localhost/127.0.0.1:13104] for GET '/session/e510e535d0d3710c63c075de9e9a301d/screenshot'
16:10:05.845 [AsyncHttpClient-1-8] DEBUG org.asynchttpclient.netty.handler.HttpHandler - 

Request DefaultFullHttpRequest(decodeResult: success, version: HTTP/1.1, content: EmptyByteBufBE)
GET /session/e510e535d0d3710c63c075de9e9a301d/screenshot HTTP/1.1
User-Agent: selenium/4.8.1 (java windows)
Cache-Control: no-cache
Content-Type: application/json; charset=utf-8
host: localhost:13104
accept: */*

Response DefaultHttpResponse(decodeResult: success, version: HTTP/1.1)
HTTP/1.1 200 OK
Content-Length: 35220
Content-Type: application/json; charset=utf-8
cache-control: no-cache

16:10:05.845 [AsyncHttpClient-1-8] DEBUG org.asynchttpclient.netty.channel.ChannelManager - Adding key: http://localhost:13104 for channel [id: 0x88d1bfae, L:/127.0.0.1:50345 - R:localhost/127.0.0.1:13104]
16:10:05.847 [main] DEBUG net.serenitybdd.core.photography.Darkroom - Send negative for processing for target\site\serenity\e3f7deb859bcae3208b4585c77cb6a181914dc7657d93d8e97427197598345ca.png
16:10:05.847 [main] DEBUG net.thucydides.core.steps.StepInterceptor - STEP DONE: UserInputEmail
16:10:05.847 [Darkroom Processing Line] DEBUG net.serenitybdd.core.photography.DarkroomProcessingLine - Processing screenshot image in /var/screenshots/screenshot-13639923757636567980
16:10:05.847 [Darkroom Processing Line] DEBUG net.serenitybdd.core.photography.DarkroomProcessingLine - Saving screenshot to target\site\serenity\e3f7deb859bcae3208b4585c77cb6a181914dc7657d93d8e97427197598345ca.png
  &amp#27;[32mWhen &amp#27;[0m&amp#27;[32muser input email&amp#27;[0m                          &amp#27;[90m# starter.stepdefinitions.LoginSteps.UserInputEmail()&amp#27;[0m
16:10:05.871 [main] DEBUG net.thucydides.core.steps.StepInterceptor - STARTING STEP: LoginSteps.UserInputPassword - UserInputPassword
16:10:05.875 [Forwarding findElement on session e510e535d0d3710c63c075de9e9a301d to remote] DEBUG org.asynchttpclient.netty.request.NettyRequestSender - Using pooled Channel '[id: 0x88d1bfae, L:/127.0.0.1:50345 - R:localhost/127.0.0.1:13104]' for 'POST' to 'http://localhost:13104/session/e510e535d0d3710c63c075de9e9a301d/element'
16:10:05.876 [Forwarding findElement on session e510e535d0d3710c63c075de9e9a301d to remote] DEBUG org.asynchttpclient.netty.request.NettyRequestSender - Using open Channel [id: 0x88d1bfae, L:/127.0.0.1:50345 - R:localhost/127.0.0.1:13104] for POST '/session/e510e535d0d3710c63c075de9e9a301d/element'
16:10:05.899 [AsyncHttpClient-1-8] DEBUG org.asynchttpclient.netty.handler.HttpHandler - 

Request DefaultHttpRequest(decodeResult: success, version: HTTP/1.1)
POST /session/e510e535d0d3710c63c075de9e9a301d/element HTTP/1.1
User-Agent: selenium/4.8.1 (java windows)
Content-Length: 187
Content-Type: application/json; charset=utf-8
host: localhost:13104
accept: */*

Response DefaultHttpResponse(decodeResult: success, version: HTTP/1.1)
HTTP/1.1 200 OK
Content-Length: 95
Content-Type: application/json; charset=utf-8
cache-control: no-cache

16:10:05.899 [AsyncHttpClient-1-8] DEBUG org.asynchttpclient.netty.channel.ChannelManager - Adding key: http://localhost:13104 for channel [id: 0x88d1bfae, L:/127.0.0.1:50345 - R:localhost/127.0.0.1:13104]
16:10:05.901 [Forwarding clearElement on session e510e535d0d3710c63c075de9e9a301d to remote] DEBUG org.asynchttpclient.netty.request.NettyRequestSender - Using pooled Channel '[id: 0x88d1bfae, L:/127.0.0.1:50345 - R:localhost/127.0.0.1:13104]' for 'POST' to 'http://localhost:13104/session/e510e535d0d3710c63c075de9e9a301d/element/6FA3B96DE3FE248533AEA836E3626EFE_element_11/clear'
16:10:05.901 [Forwarding clearElement on session e510e535d0d3710c63c075de9e9a301d to remote] DEBUG org.asynchttpclient.netty.request.NettyRequestSender - Using open Channel [id: 0x88d1bfae, L:/127.0.0.1:50345 - R:localhost/127.0.0.1:13104] for POST '/session/e510e535d0d3710c63c075de9e9a301d/element/6FA3B96DE3FE248533AEA836E3626EFE_element_11/clear'
16:10:05.949 [AsyncHttpClient-1-8] DEBUG org.asynchttpclient.netty.handler.HttpHandler - 

Request DefaultHttpRequest(decodeResult: success, version: HTTP/1.1)
POST /session/e510e535d0d3710c63c075de9e9a301d/element/6FA3B96DE3FE248533AEA836E3626EFE_element_11/clear HTTP/1.1
User-Agent: selenium/4.8.1 (java windows)
Content-Length: 57
Content-Type: application/json; charset=utf-8
host: localhost:13104
accept: */*

Response DefaultHttpResponse(decodeResult: success, version: HTTP/1.1)
HTTP/1.1 200 OK
Content-Length: 14
Content-Type: application/json; charset=utf-8
cache-control: no-cache

16:10:05.949 [AsyncHttpClient-1-8] DEBUG org.asynchttpclient.netty.channel.ChannelManager - Adding key: http://localhost:13104 for channel [id: 0x88d1bfae, L:/127.0.0.1:50345 - R:localhost/127.0.0.1:13104]
16:10:05.951 [Forwarding sendKeysToElement on session e510e535d0d3710c63c075de9e9a301d to remote] DEBUG org.asynchttpclient.netty.request.NettyRequestSender - Using pooled Channel '[id: 0x88d1bfae, L:/127.0.0.1:50345 - R:localhost/127.0.0.1:13104]' for 'POST' to 'http://localhost:13104/session/e510e535d0d3710c63c075de9e9a301d/element/6FA3B96DE3FE248533AEA836E3626EFE_element_11/value'
16:10:05.951 [Forwarding sendKeysToElement on session e510e535d0d3710c63c075de9e9a301d to remote] DEBUG org.asynchttpclient.netty.request.NettyRequestSender - Using open Channel [id: 0x88d1bfae, L:/127.0.0.1:50345 - R:localhost/127.0.0.1:13104] for POST '/session/e510e535d0d3710c63c075de9e9a301d/element/6FA3B96DE3FE248533AEA836E3626EFE_element_11/value'
16:10:06.083 [AsyncHttpClient-1-1] DEBUG org.asynchttpclient.netty.channel.DefaultChannelPool - Entry count for : http://localhost:50346 : 1
16:10:06.143 [AsyncHttpClient-1-8] DEBUG org.asynchttpclient.netty.handler.HttpHandler - 

Request DefaultHttpRequest(decodeResult: success, version: HTTP/1.1)
POST /session/e510e535d0d3710c63c075de9e9a301d/element/6FA3B96DE3FE248533AEA836E3626EFE_element_11/value HTTP/1.1
User-Agent: selenium/4.8.1 (java windows)
Content-Length: 288
Content-Type: application/json; charset=utf-8
host: localhost:13104
accept: */*

Response DefaultHttpResponse(decodeResult: success, version: HTTP/1.1)
HTTP/1.1 200 OK
Content-Length: 14
Content-Type: application/json; charset=utf-8
cache-control: no-cache

16:10:06.143 [AsyncHttpClient-1-8] DEBUG org.asynchttpclient.netty.channel.ChannelManager - Adding key: http://localhost:13104 for channel [id: 0x88d1bfae, L:/127.0.0.1:50345 - R:localhost/127.0.0.1:13104]
16:10:07.168 [Forwarding getAlertText on session e510e535d0d3710c63c075de9e9a301d to remote] DEBUG org.asynchttpclient.netty.request.NettyRequestSender - Using pooled Channel '[id: 0x88d1bfae, L:/127.0.0.1:50345 - R:localhost/127.0.0.1:13104]' for 'GET' to 'http://localhost:13104/session/e510e535d0d3710c63c075de9e9a301d/alert/text'
16:10:07.168 [Forwarding getAlertText on session e510e535d0d3710c63c075de9e9a301d to remote] DEBUG org.asynchttpclient.netty.request.NettyRequestSender - Using open Channel [id: 0x88d1bfae, L:/127.0.0.1:50345 - R:localhost/127.0.0.1:13104] for GET '/session/e510e535d0d3710c63c075de9e9a301d/alert/text'
16:10:07.173 [AsyncHttpClient-1-8] DEBUG org.asynchttpclient.netty.handler.HttpHandler - 

Request DefaultFullHttpRequest(decodeResult: success, version: HTTP/1.1, content: EmptyByteBufBE)
GET /session/e510e535d0d3710c63c075de9e9a301d/alert/text HTTP/1.1
User-Agent: selenium/4.8.1 (java windows)
Cache-Control: no-cache
Content-Type: application/json; charset=utf-8
host: localhost:13104
accept: */*

Response DefaultHttpResponse(decodeResult: success, version: HTTP/1.1)
HTTP/1.1 404 Not Found
Content-Length: 820
Content-Type: application/json; charset=utf-8
cache-control: no-cache

16:10:07.173 [AsyncHttpClient-1-8] DEBUG org.asynchttpclient.netty.channel.ChannelManager - Adding key: http://localhost:13104 for channel [id: 0x88d1bfae, L:/127.0.0.1:50345 - R:localhost/127.0.0.1:13104]
16:10:07.176 [Forwarding getCurrentUrl on session e510e535d0d3710c63c075de9e9a301d to remote] DEBUG org.asynchttpclient.netty.request.NettyRequestSender - Using pooled Channel '[id: 0x88d1bfae, L:/127.0.0.1:50345 - R:localhost/127.0.0.1:13104]' for 'GET' to 'http://localhost:13104/session/e510e535d0d3710c63c075de9e9a301d/url'
16:10:07.176 [Forwarding getCurrentUrl on session e510e535d0d3710c63c075de9e9a301d to remote] DEBUG org.asynchttpclient.netty.request.NettyRequestSender - Using open Channel [id: 0x88d1bfae, L:/127.0.0.1:50345 - R:localhost/127.0.0.1:13104] for GET '/session/e510e535d0d3710c63c075de9e9a301d/url'
16:10:07.181 [AsyncHttpClient-1-1] DEBUG org.asynchttpclient.netty.channel.DefaultChannelPool - Entry count for : http://localhost:50346 : 1
16:10:07.191 [AsyncHttpClient-1-8] DEBUG org.asynchttpclient.netty.handler.HttpHandler - 

Request DefaultFullHttpRequest(decodeResult: success, version: HTTP/1.1, content: EmptyByteBufBE)
GET /session/e510e535d0d3710c63c075de9e9a301d/url HTTP/1.1
User-Agent: selenium/4.8.1 (java windows)
Cache-Control: no-cache
Content-Type: application/json; charset=utf-8
host: localhost:13104
accept: */*

Response DefaultHttpResponse(decodeResult: success, version: HTTP/1.1)
HTTP/1.1 200 OK
Content-Length: 51
Content-Type: application/json; charset=utf-8
cache-control: no-cache

16:10:07.191 [AsyncHttpClient-1-8] DEBUG org.asynchttpclient.netty.channel.ChannelManager - Adding key: http://localhost:13104 for channel [id: 0x88d1bfae, L:/127.0.0.1:50345 - R:localhost/127.0.0.1:13104]
16:10:07.194 [Forwarding screenshot on session e510e535d0d3710c63c075de9e9a301d to remote] DEBUG org.asynchttpclient.netty.request.NettyRequestSender - Using pooled Channel '[id: 0x88d1bfae, L:/127.0.0.1:50345 - R:localhost/127.0.0.1:13104]' for 'GET' to 'http://localhost:13104/session/e510e535d0d3710c63c075de9e9a301d/screenshot'
16:10:07.194 [Forwarding screenshot on session e510e535d0d3710c63c075de9e9a301d to remote] DEBUG org.asynchttpclient.netty.request.NettyRequestSender - Using open Channel [id: 0x88d1bfae, L:/127.0.0.1:50345 - R:localhost/127.0.0.1:13104] for GET '/session/e510e535d0d3710c63c075de9e9a301d/screenshot'
16:10:07.305 [AsyncHttpClient-1-8] DEBUG org.asynchttpclient.netty.handler.HttpHandler - 

Request DefaultFullHttpRequest(decodeResult: success, version: HTTP/1.1, content: EmptyByteBufBE)
GET /session/e510e535d0d3710c63c075de9e9a301d/screenshot HTTP/1.1
User-Agent: selenium/4.8.1 (java windows)
Cache-Control: no-cache
Content-Type: application/json; charset=utf-8
host: localhost:13104
accept: */*

Response DefaultHttpResponse(decodeResult: success, version: HTTP/1.1)
HTTP/1.1 200 OK
Content-Length: 40816
Content-Type: application/json; charset=utf-8
cache-control: no-cache

16:10:07.305 [AsyncHttpClient-1-8] DEBUG org.asynchttpclient.netty.channel.ChannelManager - Adding key: http://localhost:13104 for channel [id: 0x88d1bfae, L:/127.0.0.1:50345 - R:localhost/127.0.0.1:13104]
16:10:07.307 [main] DEBUG net.serenitybdd.core.photography.Darkroom - Send negative for processing for target\site\serenity\9200520b8b7bfd1f27286090dff69d8d0a5a07075eacd8cf88707c2e62633365.png
16:10:07.307 [main] DEBUG net.thucydides.core.steps.StepInterceptor - STEP DONE: UserInputPassword
16:10:07.307 [Darkroom Processing Line] DEBUG net.serenitybdd.core.photography.DarkroomProcessingLine - Processing screenshot image in /var/screenshots/screenshot-14640417115573271002
16:10:07.307 [Darkroom Processing Line] DEBUG net.serenitybdd.core.photography.DarkroomProcessingLine - Saving screenshot to target\site\serenity\9200520b8b7bfd1f27286090dff69d8d0a5a07075eacd8cf88707c2e62633365.png
  &amp#27;[32mAnd &amp#27;[0m&amp#27;[32muser input password&amp#27;[0m                        &amp#27;[90m# starter.stepdefinitions.LoginSteps.UserInputPassword()&amp#27;[0m
16:10:07.324 [main] DEBUG net.thucydides.core.steps.StepInterceptor - STARTING STEP: LoginSteps.UserClickLogin - UserClickLogin
16:10:07.330 [Forwarding findElement on session e510e535d0d3710c63c075de9e9a301d to remote] DEBUG org.asynchttpclient.netty.request.NettyRequestSender - Using pooled Channel '[id: 0x88d1bfae, L:/127.0.0.1:50345 - R:localhost/127.0.0.1:13104]' for 'POST' to 'http://localhost:13104/session/e510e535d0d3710c63c075de9e9a301d/element'
16:10:07.330 [Forwarding findElement on session e510e535d0d3710c63c075de9e9a301d to remote] DEBUG org.asynchttpclient.netty.request.NettyRequestSender - Using open Channel [id: 0x88d1bfae, L:/127.0.0.1:50345 - R:localhost/127.0.0.1:13104] for POST '/session/e510e535d0d3710c63c075de9e9a301d/element'
16:10:07.347 [AsyncHttpClient-1-8] DEBUG org.asynchttpclient.netty.handler.HttpHandler - 

Request DefaultHttpRequest(decodeResult: success, version: HTTP/1.1)
POST /session/e510e535d0d3710c63c075de9e9a301d/element HTTP/1.1
User-Agent: selenium/4.8.1 (java windows)
Content-Length: 168
Content-Type: application/json; charset=utf-8
host: localhost:13104
accept: */*

Response DefaultHttpResponse(decodeResult: success, version: HTTP/1.1)
HTTP/1.1 200 OK
Content-Length: 95
Content-Type: application/json; charset=utf-8
cache-control: no-cache

16:10:07.347 [AsyncHttpClient-1-8] DEBUG org.asynchttpclient.netty.channel.ChannelManager - Adding key: http://localhost:13104 for channel [id: 0x88d1bfae, L:/127.0.0.1:50345 - R:localhost/127.0.0.1:13104]
16:10:07.349 [Forwarding getElementTagName on session e510e535d0d3710c63c075de9e9a301d to remote] DEBUG org.asynchttpclient.netty.request.NettyRequestSender - Using pooled Channel '[id: 0x88d1bfae, L:/127.0.0.1:50345 - R:localhost/127.0.0.1:13104]' for 'GET' to 'http://localhost:13104/session/e510e535d0d3710c63c075de9e9a301d/element/6FA3B96DE3FE248533AEA836E3626EFE_element_12/name'
16:10:07.349 [Forwarding getElementTagName on session e510e535d0d3710c63c075de9e9a301d to remote] DEBUG org.asynchttpclient.netty.request.NettyRequestSender - Using open Channel [id: 0x88d1bfae, L:/127.0.0.1:50345 - R:localhost/127.0.0.1:13104] for GET '/session/e510e535d0d3710c63c075de9e9a301d/element/6FA3B96DE3FE248533AEA836E3626EFE_element_12/name'
16:10:07.363 [AsyncHttpClient-1-8] DEBUG org.asynchttpclient.netty.handler.HttpHandler - 

Request DefaultFullHttpRequest(decodeResult: success, version: HTTP/1.1, content: EmptyByteBufBE)
GET /session/e510e535d0d3710c63c075de9e9a301d/element/6FA3B96DE3FE248533AEA836E3626EFE_element_12/name HTTP/1.1
User-Agent: selenium/4.8.1 (java windows)
Cache-Control: no-cache
Content-Type: application/json; charset=utf-8
host: localhost:13104
accept: */*

Response DefaultHttpResponse(decodeResult: success, version: HTTP/1.1)
HTTP/1.1 200 OK
Content-Length: 16
Content-Type: application/json; charset=utf-8
cache-control: no-cache

16:10:07.363 [AsyncHttpClient-1-8] DEBUG org.asynchttpclient.netty.channel.ChannelManager - Adding key: http://localhost:13104 for channel [id: 0x88d1bfae, L:/127.0.0.1:50345 - R:localhost/127.0.0.1:13104]
16:10:07.365 [Forwarding getElementTagName on session e510e535d0d3710c63c075de9e9a301d to remote] DEBUG org.asynchttpclient.netty.request.NettyRequestSender - Using pooled Channel '[id: 0x88d1bfae, L:/127.0.0.1:50345 - R:localhost/127.0.0.1:13104]' for 'GET' to 'http://localhost:13104/session/e510e535d0d3710c63c075de9e9a301d/element/6FA3B96DE3FE248533AEA836E3626EFE_element_12/name'
16:10:07.365 [Forwarding getElementTagName on session e510e535d0d3710c63c075de9e9a301d to remote] DEBUG org.asynchttpclient.netty.request.NettyRequestSender - Using open Channel [id: 0x88d1bfae, L:/127.0.0.1:50345 - R:localhost/127.0.0.1:13104] for GET '/session/e510e535d0d3710c63c075de9e9a301d/element/6FA3B96DE3FE248533AEA836E3626EFE_element_12/name'
16:10:07.376 [AsyncHttpClient-1-8] DEBUG org.asynchttpclient.netty.handler.HttpHandler - 

Request DefaultFullHttpRequest(decodeResult: success, version: HTTP/1.1, content: EmptyByteBufBE)
GET /session/e510e535d0d3710c63c075de9e9a301d/element/6FA3B96DE3FE248533AEA836E3626EFE_element_12/name HTTP/1.1
User-Agent: selenium/4.8.1 (java windows)
Cache-Control: no-cache
Content-Type: application/json; charset=utf-8
host: localhost:13104
accept: */*

Response DefaultHttpResponse(decodeResult: success, version: HTTP/1.1)
HTTP/1.1 200 OK
Content-Length: 16
Content-Type: application/json; charset=utf-8
cache-control: no-cache

16:10:07.377 [AsyncHttpClient-1-8] DEBUG org.asynchttpclient.netty.channel.ChannelManager - Adding key: http://localhost:13104 for channel [id: 0x88d1bfae, L:/127.0.0.1:50345 - R:localhost/127.0.0.1:13104]
16:10:07.380 [Forwarding findElement on session e510e535d0d3710c63c075de9e9a301d to remote] DEBUG org.asynchttpclient.netty.request.NettyRequestSender - Using pooled Channel '[id: 0x88d1bfae, L:/127.0.0.1:50345 - R:localhost/127.0.0.1:13104]' for 'POST' to 'http://localhost:13104/session/e510e535d0d3710c63c075de9e9a301d/element'
16:10:07.380 [Forwarding findElement on session e510e535d0d3710c63c075de9e9a301d to remote] DEBUG org.asynchttpclient.netty.request.NettyRequestSender - Using open Channel [id: 0x88d1bfae, L:/127.0.0.1:50345 - R:localhost/127.0.0.1:13104] for POST '/session/e510e535d0d3710c63c075de9e9a301d/element'
16:10:07.396 [AsyncHttpClient-1-8] DEBUG org.asynchttpclient.netty.handler.HttpHandler - 

Request DefaultHttpRequest(decodeResult: success, version: HTTP/1.1)
POST /session/e510e535d0d3710c63c075de9e9a301d/element HTTP/1.1
User-Agent: selenium/4.8.1 (java windows)
Content-Length: 168
Content-Type: application/json; charset=utf-8
host: localhost:13104
accept: */*

Response DefaultHttpResponse(decodeResult: success, version: HTTP/1.1)
HTTP/1.1 200 OK
Content-Length: 95
Content-Type: application/json; charset=utf-8
cache-control: no-cache

16:10:07.396 [AsyncHttpClient-1-8] DEBUG org.asynchttpclient.netty.channel.ChannelManager - Adding key: http://localhost:13104 for channel [id: 0x88d1bfae, L:/127.0.0.1:50345 - R:localhost/127.0.0.1:13104]
16:10:07.399 [Forwarding clickElement on session e510e535d0d3710c63c075de9e9a301d to remote] DEBUG org.asynchttpclient.netty.request.NettyRequestSender - Using pooled Channel '[id: 0x88d1bfae, L:/127.0.0.1:50345 - R:localhost/127.0.0.1:13104]' for 'POST' to 'http://localhost:13104/session/e510e535d0d3710c63c075de9e9a301d/element/6FA3B96DE3FE248533AEA836E3626EFE_element_12/click'
16:10:07.399 [Forwarding clickElement on session e510e535d0d3710c63c075de9e9a301d to remote] DEBUG org.asynchttpclient.netty.request.NettyRequestSender - Using open Channel [id: 0x88d1bfae, L:/127.0.0.1:50345 - R:localhost/127.0.0.1:13104] for POST '/session/e510e535d0d3710c63c075de9e9a301d/element/6FA3B96DE3FE248533AEA836E3626EFE_element_12/click'
16:10:07.489 [AsyncHttpClient-1-8] DEBUG org.asynchttpclient.netty.handler.HttpHandler - 

Request DefaultHttpRequest(decodeResult: success, version: HTTP/1.1)
POST /session/e510e535d0d3710c63c075de9e9a301d/element/6FA3B96DE3FE248533AEA836E3626EFE_element_12/click HTTP/1.1
User-Agent: selenium/4.8.1 (java windows)
Content-Length: 57
Content-Type: application/json; charset=utf-8
host: localhost:13104
accept: */*

Response DefaultHttpResponse(decodeResult: success, version: HTTP/1.1)
HTTP/1.1 200 OK
Content-Length: 14
Content-Type: application/json; charset=utf-8
cache-control: no-cache

16:10:07.489 [AsyncHttpClient-1-8] DEBUG org.asynchttpclient.netty.channel.ChannelManager - Adding key: http://localhost:13104 for channel [id: 0x88d1bfae, L:/127.0.0.1:50345 - R:localhost/127.0.0.1:13104]
16:10:08.281 [AsyncHttpClient-1-1] DEBUG org.asynchttpclient.netty.channel.DefaultChannelPool - Entry count for : http://localhost:50346 : 1
16:10:08.281 [AsyncHttpClient-1-1] DEBUG org.asynchttpclient.netty.channel.DefaultChannelPool - Entry count for : http://localhost:13104 : 1
16:10:08.509 [Forwarding getAlertText on session e510e535d0d3710c63c075de9e9a301d to remote] DEBUG org.asynchttpclient.netty.request.NettyRequestSender - Using pooled Channel '[id: 0x88d1bfae, L:/127.0.0.1:50345 - R:localhost/127.0.0.1:13104]' for 'GET' to 'http://localhost:13104/session/e510e535d0d3710c63c075de9e9a301d/alert/text'
16:10:08.509 [Forwarding getAlertText on session e510e535d0d3710c63c075de9e9a301d to remote] DEBUG org.asynchttpclient.netty.request.NettyRequestSender - Using open Channel [id: 0x88d1bfae, L:/127.0.0.1:50345 - R:localhost/127.0.0.1:13104] for GET '/session/e510e535d0d3710c63c075de9e9a301d/alert/text'
16:10:08.513 [AsyncHttpClient-1-8] DEBUG org.asynchttpclient.netty.handler.HttpHandler - 

Request DefaultFullHttpRequest(decodeResult: success, version: HTTP/1.1, content: EmptyByteBufBE)
GET /session/e510e535d0d3710c63c075de9e9a301d/alert/text HTTP/1.1
User-Agent: selenium/4.8.1 (java windows)
Cache-Control: no-cache
Content-Type: application/json; charset=utf-8
host: localhost:13104
accept: */*

Response DefaultHttpResponse(decodeResult: success, version: HTTP/1.1)
HTTP/1.1 404 Not Found
Content-Length: 820
Content-Type: application/json; charset=utf-8
cache-control: no-cache

16:10:08.514 [AsyncHttpClient-1-8] DEBUG org.asynchttpclient.netty.channel.ChannelManager - Adding key: http://localhost:13104 for channel [id: 0x88d1bfae, L:/127.0.0.1:50345 - R:localhost/127.0.0.1:13104]
16:10:08.517 [Forwarding getCurrentUrl on session e510e535d0d3710c63c075de9e9a301d to remote] DEBUG org.asynchttpclient.netty.request.NettyRequestSender - Using pooled Channel '[id: 0x88d1bfae, L:/127.0.0.1:50345 - R:localhost/127.0.0.1:13104]' for 'GET' to 'http://localhost:13104/session/e510e535d0d3710c63c075de9e9a301d/url'
16:10:08.517 [Forwarding getCurrentUrl on session e510e535d0d3710c63c075de9e9a301d to remote] DEBUG org.asynchttpclient.netty.request.NettyRequestSender - Using open Channel [id: 0x88d1bfae, L:/127.0.0.1:50345 - R:localhost/127.0.0.1:13104] for GET '/session/e510e535d0d3710c63c075de9e9a301d/url'
16:10:08.533 [AsyncHttpClient-1-8] DEBUG org.asynchttpclient.netty.handler.HttpHandler - 

Request DefaultFullHttpRequest(decodeResult: success, version: HTTP/1.1, content: EmptyByteBufBE)
GET /session/e510e535d0d3710c63c075de9e9a301d/url HTTP/1.1
User-Agent: selenium/4.8.1 (java windows)
Cache-Control: no-cache
Content-Type: application/json; charset=utf-8
host: localhost:13104
accept: */*

Response DefaultHttpResponse(decodeResult: success, version: HTTP/1.1)
HTTP/1.1 200 OK
Content-Length: 51
Content-Type: application/json; charset=utf-8
cache-control: no-cache

16:10:08.533 [AsyncHttpClient-1-8] DEBUG org.asynchttpclient.netty.channel.ChannelManager - Adding key: http://localhost:13104 for channel [id: 0x88d1bfae, L:/127.0.0.1:50345 - R:localhost/127.0.0.1:13104]
16:10:08.549 [Forwarding screenshot on session e510e535d0d3710c63c075de9e9a301d to remote] DEBUG org.asynchttpclient.netty.request.NettyRequestSender - Using pooled Channel '[id: 0x88d1bfae, L:/127.0.0.1:50345 - R:localhost/127.0.0.1:13104]' for 'GET' to 'http://localhost:13104/session/e510e535d0d3710c63c075de9e9a301d/screenshot'
16:10:08.550 [Forwarding screenshot on session e510e535d0d3710c63c075de9e9a301d to remote] DEBUG org.asynchttpclient.netty.request.NettyRequestSender - Using open Channel [id: 0x88d1bfae, L:/127.0.0.1:50345 - R:localhost/127.0.0.1:13104] for GET '/session/e510e535d0d3710c63c075de9e9a301d/screenshot'
16:10:08.664 [AsyncHttpClient-1-8] DEBUG org.asynchttpclient.netty.handler.HttpHandler - 

Request DefaultFullHttpRequest(decodeResult: success, version: HTTP/1.1, content: EmptyByteBufBE)
GET /session/e510e535d0d3710c63c075de9e9a301d/screenshot HTTP/1.1
User-Agent: selenium/4.8.1 (java windows)
Cache-Control: no-cache
Content-Type: application/json; charset=utf-8
host: localhost:13104
accept: */*

Response DefaultHttpResponse(decodeResult: success, version: HTTP/1.1)
HTTP/1.1 200 OK
Content-Length: 46052
Content-Type: application/json; charset=utf-8
cache-control: no-cache

16:10:08.665 [AsyncHttpClient-1-8] DEBUG org.asynchttpclient.netty.channel.ChannelManager - Adding key: http://localhost:13104 for channel [id: 0x88d1bfae, L:/127.0.0.1:50345 - R:localhost/127.0.0.1:13104]
16:10:08.668 [main] DEBUG net.serenitybdd.core.photography.Darkroom - Send negative for processing for target\site\serenity\7dcfddfee183f4b13529490e4664f50ad7562ec8f74de57148d6b1921e014119.png
16:10:08.668 [main] DEBUG net.thucydides.core.steps.StepInterceptor - STEP DONE: UserClickLogin
  &amp#27;[32mAnd &amp#27;[0m&amp#27;[32muser click login&amp#27;[0m                           &amp#27;[90m# starter.stepdefinitions.LoginSteps.UserClickLogin()&amp#27;[0m
16:10:08.668 [Darkroom Processing Line] DEBUG net.serenitybdd.core.photography.DarkroomProcessingLine - Processing screenshot image in /var/screenshots/screenshot-10362840619383501920
16:10:08.668 [Darkroom Processing Line] DEBUG net.serenitybdd.core.photography.DarkroomProcessingLine - Saving screenshot to target\site\serenity\7dcfddfee183f4b13529490e4664f50ad7562ec8f74de57148d6b1921e014119.png
16:10:08.685 [main] DEBUG net.thucydides.core.steps.StepInterceptor - STARTING STEP: LoginSteps.UserSeeProductPage - UserSeeProductPage
16:10:09.385 [AsyncHttpClient-1-1] DEBUG org.asynchttpclient.netty.channel.DefaultChannelPool - Entry count for : http://localhost:50346 : 1
16:10:09.385 [AsyncHttpClient-1-1] DEBUG org.asynchttpclient.netty.channel.DefaultChannelPool - Entry count for : http://localhost:13104 : 1
16:10:10.480 [AsyncHttpClient-1-1] DEBUG org.asynchttpclient.netty.channel.DefaultChannelPool - Entry count for : http://localhost:50346 : 1
16:10:10.480 [AsyncHttpClient-1-1] DEBUG org.asynchttpclient.netty.channel.DefaultChannelPool - Entry count for : http://localhost:13104 : 1
16:10:10.698 [Forwarding findElement on session e510e535d0d3710c63c075de9e9a301d to remote] DEBUG org.asynchttpclient.netty.request.NettyRequestSender - Using pooled Channel '[id: 0x88d1bfae, L:/127.0.0.1:50345 - R:localhost/127.0.0.1:13104]' for 'POST' to 'http://localhost:13104/session/e510e535d0d3710c63c075de9e9a301d/element'
16:10:10.698 [Forwarding findElement on session e510e535d0d3710c63c075de9e9a301d to remote] DEBUG org.asynchttpclient.netty.request.NettyRequestSender - Using open Channel [id: 0x88d1bfae, L:/127.0.0.1:50345 - R:localhost/127.0.0.1:13104] for POST '/session/e510e535d0d3710c63c075de9e9a301d/element'
16:10:10.723 [AsyncHttpClient-1-8] DEBUG org.asynchttpclient.netty.handler.HttpHandler - 

Request DefaultHttpRequest(decodeResult: success, version: HTTP/1.1)
POST /session/e510e535d0d3710c63c075de9e9a301d/element HTTP/1.1
User-Agent: selenium/4.8.1 (java windows)
Content-Length: 75
Content-Type: application/json; charset=utf-8
host: localhost:13104
accept: */*

Response DefaultHttpResponse(decodeResult: success, version: HTTP/1.1)
HTTP/1.1 200 OK
Content-Length: 95
Content-Type: application/json; charset=utf-8
cache-control: no-cache

16:10:10.723 [AsyncHttpClient-1-8] DEBUG org.asynchttpclient.netty.channel.ChannelManager - Adding key: http://localhost:13104 for channel [id: 0x88d1bfae, L:/127.0.0.1:50345 - R:localhost/127.0.0.1:13104]
16:10:10.727 [Forwarding isElementDisplayed on session e510e535d0d3710c63c075de9e9a301d to remote] DEBUG org.asynchttpclient.netty.request.NettyRequestSender - Using pooled Channel '[id: 0x88d1bfae, L:/127.0.0.1:50345 - R:localhost/127.0.0.1:13104]' for 'POST' to 'http://localhost:13104/session/e510e535d0d3710c63c075de9e9a301d/execute/sync'
16:10:10.727 [Forwarding isElementDisplayed on session e510e535d0d3710c63c075de9e9a301d to remote] DEBUG org.asynchttpclient.netty.request.NettyRequestSender - Using open Channel [id: 0x88d1bfae, L:/127.0.0.1:50345 - R:localhost/127.0.0.1:13104] for POST '/session/e510e535d0d3710c63c075de9e9a301d/execute/sync'
16:10:10.738 [AsyncHttpClient-1-8] DEBUG org.asynchttpclient.netty.handler.HttpHandler - 

Request DefaultHttpRequest(decodeResult: success, version: HTTP/1.1)
POST /session/e510e535d0d3710c63c075de9e9a301d/execute/sync HTTP/1.1
User-Agent: selenium/4.8.1 (java windows)
Content-Length: 48814
Content-Type: application/json; charset=utf-8
host: localhost:13104
accept: */*

Response DefaultHttpResponse(decodeResult: success, version: HTTP/1.1)
HTTP/1.1 200 OK
Content-Length: 14
Content-Type: application/json; charset=utf-8
cache-control: no-cache

16:10:10.738 [AsyncHttpClient-1-8] DEBUG org.asynchttpclient.netty.channel.ChannelManager - Adding key: http://localhost:13104 for channel [id: 0x88d1bfae, L:/127.0.0.1:50345 - R:localhost/127.0.0.1:13104]
16:10:10.741 [Forwarding isElementDisplayed on session e510e535d0d3710c63c075de9e9a301d to remote] DEBUG org.asynchttpclient.netty.request.NettyRequestSender - Using pooled Channel '[id: 0x88d1bfae, L:/127.0.0.1:50345 - R:localhost/127.0.0.1:13104]' for 'POST' to 'http://localhost:13104/session/e510e535d0d3710c63c075de9e9a301d/execute/sync'
16:10:10.741 [Forwarding isElementDisplayed on session e510e535d0d3710c63c075de9e9a301d to remote] DEBUG org.asynchttpclient.netty.request.NettyRequestSender - Using open Channel [id: 0x88d1bfae, L:/127.0.0.1:50345 - R:localhost/127.0.0.1:13104] for POST '/session/e510e535d0d3710c63c075de9e9a301d/execute/sync'
16:10:10.753 [AsyncHttpClient-1-8] DEBUG org.asynchttpclient.netty.handler.HttpHandler - 

Request DefaultHttpRequest(decodeResult: success, version: HTTP/1.1)
POST /session/e510e535d0d3710c63c075de9e9a301d/execute/sync HTTP/1.1
User-Agent: selenium/4.8.1 (java windows)
Content-Length: 48814
Content-Type: application/json; charset=utf-8
host: localhost:13104
accept: */*

Response DefaultHttpResponse(decodeResult: success, version: HTTP/1.1)
HTTP/1.1 200 OK
Content-Length: 14
Content-Type: application/json; charset=utf-8
cache-control: no-cache

16:10:10.753 [AsyncHttpClient-1-8] DEBUG org.asynchttpclient.netty.channel.ChannelManager - Adding key: http://localhost:13104 for channel [id: 0x88d1bfae, L:/127.0.0.1:50345 - R:localhost/127.0.0.1:13104]
16:10:10.758 [Forwarding getAlertText on session e510e535d0d3710c63c075de9e9a301d to remote] DEBUG org.asynchttpclient.netty.request.NettyRequestSender - Using pooled Channel '[id: 0x88d1bfae, L:/127.0.0.1:50345 - R:localhost/127.0.0.1:13104]' for 'GET' to 'http://localhost:13104/session/e510e535d0d3710c63c075de9e9a301d/alert/text'
16:10:10.758 [Forwarding getAlertText on session e510e535d0d3710c63c075de9e9a301d to remote] DEBUG org.asynchttpclient.netty.request.NettyRequestSender - Using open Channel [id: 0x88d1bfae, L:/127.0.0.1:50345 - R:localhost/127.0.0.1:13104] for GET '/session/e510e535d0d3710c63c075de9e9a301d/alert/text'
16:10:10.760 [AsyncHttpClient-1-8] DEBUG org.asynchttpclient.netty.handler.HttpHandler - 

Request DefaultFullHttpRequest(decodeResult: success, version: HTTP/1.1, content: EmptyByteBufBE)
GET /session/e510e535d0d3710c63c075de9e9a301d/alert/text HTTP/1.1
User-Agent: selenium/4.8.1 (java windows)
Cache-Control: no-cache
Content-Type: application/json; charset=utf-8
host: localhost:13104
accept: */*

Response DefaultHttpResponse(decodeResult: success, version: HTTP/1.1)
HTTP/1.1 404 Not Found
Content-Length: 820
Content-Type: application/json; charset=utf-8
cache-control: no-cache

16:10:10.761 [AsyncHttpClient-1-8] DEBUG org.asynchttpclient.netty.channel.ChannelManager - Adding key: http://localhost:13104 for channel [id: 0x88d1bfae, L:/127.0.0.1:50345 - R:localhost/127.0.0.1:13104]
16:10:10.762 [Forwarding getCurrentUrl on session e510e535d0d3710c63c075de9e9a301d to remote] DEBUG org.asynchttpclient.netty.request.NettyRequestSender - Using pooled Channel '[id: 0x88d1bfae, L:/127.0.0.1:50345 - R:localhost/127.0.0.1:13104]' for 'GET' to 'http://localhost:13104/session/e510e535d0d3710c63c075de9e9a301d/url'
16:10:10.762 [Forwarding getCurrentUrl on session e510e535d0d3710c63c075de9e9a301d to remote] DEBUG org.asynchttpclient.netty.request.NettyRequestSender - Using open Channel [id: 0x88d1bfae, L:/127.0.0.1:50345 - R:localhost/127.0.0.1:13104] for GET '/session/e510e535d0d3710c63c075de9e9a301d/url'
16:10:10.770 [AsyncHttpClient-1-8] DEBUG org.asynchttpclient.netty.handler.HttpHandler - 

Request DefaultFullHttpRequest(decodeResult: success, version: HTTP/1.1, content: EmptyByteBufBE)
GET /session/e510e535d0d3710c63c075de9e9a301d/url HTTP/1.1
User-Agent: selenium/4.8.1 (java windows)
Cache-Control: no-cache
Content-Type: application/json; charset=utf-8
host: localhost:13104
accept: */*

Response DefaultHttpResponse(decodeResult: success, version: HTTP/1.1)
HTTP/1.1 200 OK
Content-Length: 51
Content-Type: application/json; charset=utf-8
cache-control: no-cache

16:10:10.770 [AsyncHttpClient-1-8] DEBUG org.asynchttpclient.netty.channel.ChannelManager - Adding key: http://localhost:13104 for channel [id: 0x88d1bfae, L:/127.0.0.1:50345 - R:localhost/127.0.0.1:13104]
16:10:10.771 [Forwarding screenshot on session e510e535d0d3710c63c075de9e9a301d to remote] DEBUG org.asynchttpclient.netty.request.NettyRequestSender - Using pooled Channel '[id: 0x88d1bfae, L:/127.0.0.1:50345 - R:localhost/127.0.0.1:13104]' for 'GET' to 'http://localhost:13104/session/e510e535d0d3710c63c075de9e9a301d/screenshot'
16:10:10.771 [Forwarding screenshot on session e510e535d0d3710c63c075de9e9a301d to remote] DEBUG org.asynchttpclient.netty.request.NettyRequestSender - Using open Channel [id: 0x88d1bfae, L:/127.0.0.1:50345 - R:localhost/127.0.0.1:13104] for GET '/session/e510e535d0d3710c63c075de9e9a301d/screenshot'
16:10:10.844 [AsyncHttpClient-1-8] DEBUG org.asynchttpclient.netty.handler.HttpHandler - 

Request DefaultFullHttpRequest(decodeResult: success, version: HTTP/1.1, content: EmptyByteBufBE)
GET /session/e510e535d0d3710c63c075de9e9a301d/screenshot HTTP/1.1
User-Agent: selenium/4.8.1 (java windows)
Cache-Control: no-cache
Content-Type: application/json; charset=utf-8
host: localhost:13104
accept: */*

Response DefaultHttpResponse(decodeResult: success, version: HTTP/1.1)
HTTP/1.1 200 OK
Content-Length: 46052
Content-Type: application/json; charset=utf-8
cache-control: no-cache

16:10:10.845 [AsyncHttpClient-1-8] DEBUG org.asynchttpclient.netty.channel.ChannelManager - Adding key: http://localhost:13104 for channel [id: 0x88d1bfae, L:/127.0.0.1:50345 - R:localhost/127.0.0.1:13104]
16:10:10.849 [main] DEBUG net.serenitybdd.core.photography.Darkroom - Send negative for processing for target\site\serenity\7dcfddfee183f4b13529490e4664f50ad7562ec8f74de57148d6b1921e014119.png
16:10:10.849 [main] DEBUG net.thucydides.core.steps.StepInterceptor - STEP DONE: UserSeeProductPage
  &amp#27;[32mThen &amp#27;[0m&amp#27;[32muser see product page&amp#27;[0m                     &amp#27;[90m# starter.stepdefinitions.LoginSteps.UserSeeProductPage()&amp#27;[0m
16:10:10.858 [main] INFO  - 
  _____   ___   ___   _____     ___     _     ___   ___   ___   ___  
 |_   _| | __| / __| |_   _|   | _ \   /_\   / __| / __| | __| |   \ 
   | |   | _|  \__ \   | |     |  _/  / _ \  \__ \ \__ \ | _|  | |) |
   |_|   |___| |___/   |_|     |_|   /_/ \_\ |___/ |___/ |___| |___/ 

as user i want to see the failed login
----------------------------------------------------------------------
16:10:10.860 [AsyncHttpClient-1-10] DEBUG org.asynchttpclient.netty.handler.WebSocketHandler - Channel Closed: [id: 0x4d71c3b9, L:/127.0.0.1:50352 ! R:localhost/127.0.0.1:50346] with attribute NettyResponseFuture{currentRetry=0,
	isDone=1,
	isCancelled=0,
	asyncHandler=org.asynchttpclient.ws.WebSocketUpgradeHandler@63ac0c55,
	nettyRequest=org.asynchttpclient.netty.request.NettyRequest@481c52dc,
	future=java.util.concurrent.CompletableFuture@1bf56b2a[Completed normally],
	uri=ws://localhost:50346/devtools/browser/9dbb356c-872a-408b-a63e-f6ff68fbad6e,
	keepAlive=true,
	redirectCount=0,
	timeoutsHolder=null,
	inAuth=0,
	touch=1683709802417}
16:10:10.861 [AsyncHttpClient-1-10] DEBUG org.asynchttpclient.netty.channel.ChannelManager - Closing Channel [id: 0x4d71c3b9, L:/127.0.0.1:50352 ! R:localhost/127.0.0.1:50346] 
16:10:10.861 [Driver Command Executor] DEBUG org.asynchttpclient.netty.request.NettyRequestSender - Using pooled Channel '[id: 0x88d1bfae, L:/127.0.0.1:50345 - R:localhost/127.0.0.1:13104]' for 'DELETE' to 'http://localhost:13104/session/e510e535d0d3710c63c075de9e9a301d'
16:10:10.861 [Driver Command Executor] DEBUG org.asynchttpclient.netty.request.NettyRequestSender - Using open Channel [id: 0x88d1bfae, L:/127.0.0.1:50345 - R:localhost/127.0.0.1:13104] for DELETE '/session/e510e535d0d3710c63c075de9e9a301d'
16:10:10.969 [AsyncHttpClient-1-9] DEBUG org.asynchttpclient.netty.handler.HttpHandler - Unexpected I/O exception on channel [id: 0x9a44d401, L:/127.0.0.1:50351 - R:localhost/127.0.0.1:50346]
java.net.SocketException: Connection reset
	at java.base/sun.nio.ch.SocketChannelImpl.throwConnectionReset(SocketChannelImpl.java:401)
	at java.base/sun.nio.ch.SocketChannelImpl.read(SocketChannelImpl.java:434)
	at io.netty.buffer.PooledByteBuf.setBytes(PooledByteBuf.java:259)
	at io.netty.buffer.AbstractByteBuf.writeBytes(AbstractByteBuf.java:1132)
	at io.netty.channel.socket.nio.NioSocketChannel.doReadBytes(NioSocketChannel.java:357)
	at io.netty.channel.nio.AbstractNioByteChannel$NioByteUnsafe.read(AbstractNioByteChannel.java:151)
	at io.netty.channel.nio.NioEventLoop.processSelectedKey(NioEventLoop.java:788)
	at io.netty.channel.nio.NioEventLoop.processSelectedKeysOptimized(NioEventLoop.java:724)
	at io.netty.channel.nio.NioEventLoop.processSelectedKeys(NioEventLoop.java:650)
	at io.netty.channel.nio.NioEventLoop.run(NioEventLoop.java:562)
	at io.netty.util.concurrent.SingleThreadEventExecutor$4.run(SingleThreadEventExecutor.java:997)
	at io.netty.util.internal.ThreadExecutorMap$2.run(ThreadExecutorMap.java:74)
	at io.netty.util.concurrent.FastThreadLocalRunnable.run(FastThreadLocalRunnable.java:30)
	at java.base/java.lang.Thread.run(Thread.java:1589)
16:10:10.969 [AsyncHttpClient-1-9] DEBUG org.asynchttpclient.netty.channel.ChannelManager - Closing Channel [id: 0x9a44d401, L:/127.0.0.1:50351 - R:localhost/127.0.0.1:50346] 
16:10:10.969 [AsyncHttpClient-1-9] DEBUG org.asynchttpclient.netty.handler.HttpHandler - Channel Closed: [id: 0x9a44d401, L:/127.0.0.1:50351 ! R:localhost/127.0.0.1:50346] with attribute DISCARD
16:10:10.990 [AsyncHttpClient-1-8] DEBUG org.asynchttpclient.netty.handler.HttpHandler - 

Request DefaultFullHttpRequest(decodeResult: success, version: HTTP/1.1, content: EmptyByteBufBE)
DELETE /session/e510e535d0d3710c63c075de9e9a301d HTTP/1.1
User-Agent: selenium/4.8.1 (java windows)
Content-Type: application/json; charset=utf-8
host: localhost:13104
accept: */*

Response DefaultHttpResponse(decodeResult: success, version: HTTP/1.1)
HTTP/1.1 200 OK
Content-Length: 14
Content-Type: application/json; charset=utf-8
cache-control: no-cache

16:10:10.990 [AsyncHttpClient-1-8] DEBUG org.asynchttpclient.netty.channel.ChannelManager - Adding key: http://localhost:13104 for channel [id: 0x88d1bfae, L:/127.0.0.1:50345 - R:localhost/127.0.0.1:13104]
16:10:11.090 [AsyncHttpClient-1-8] DEBUG org.asynchttpclient.netty.handler.HttpHandler - Channel Closed: [id: 0x88d1bfae, L:/127.0.0.1:50345 ! R:localhost/127.0.0.1:13104] with attribute DISCARD
]]></system-out>
    <system-err><![CDATA[Starting ChromeDriver 113.0.5672.63 (0e1a4471d5ae5bf128b1bd8f4d627c8cbd55f70c-refs/branch-heads/5672@{#912}) on port 13104
Only local connections are allowed.
Please see https://chromedriver.chromium.org/security-considerations for suggestions on keeping ChromeDriver safe.
ChromeDriver was started successfully.
May 10, 2023 4:10:02 PM org.openqa.selenium.devtools.CdpVersionFinder findNearestMatch
WARNING: Unable to find an exact match for CDP version 113, so returning the closest version found: 110
]]></system-err>
  </testcase>
  <testcase name="as a user i want to add item in bucket" classname="As user i want to choose the product in altashop" time="16.218">
    <system-out><![CDATA[16:10:11.287 [main] DEBUG io.cucumber.core.plugin.SerenityReporter - Running feature from file:///D:/JAVA/manusia/MP-WEB/src/test/resources/features.web/product.feature
16:10:11.287 [main] WARN io.cucumber.core.plugin.SerenityReporter - Feature from file:///D:/JAVA/manusia/MP-WEB/src/test/resources/features.web/product.feature is not under the 'features' directory. Requirements report will not be correctly generated!
16:10:11.294 [main] DEBUG net.thucydides.core.steps.StepEventBus - Test suite started for story net.thucydides.core.model.Story@d1564f60
16:10:11.294 [main] INFO  - Test Suite Started: As user i want to choose the product in altashop

@positifcase
Scenario: as a user i want to add item in bucket &amp#27;[90m# src/test/resources/features.web/product.feature:4&amp#27;[0m
16:10:11.314 [main] DEBUG io.cucumber.core.plugin.SerenityReporter - Running feature from file:///D:/JAVA/manusia/MP-WEB/src/test/resources/features.web/product.feature
16:10:11.314 [main] WARN io.cucumber.core.plugin.SerenityReporter - Feature from file:///D:/JAVA/manusia/MP-WEB/src/test/resources/features.web/product.feature is not under the 'features' directory. Requirements report will not be correctly generated!
16:10:11.320 [main] INFO  - 
  _____   ___   ___   _____     ___   _____     _     ___   _____   ___   ___  
 |_   _| | __| / __| |_   _|   / __| |_   _|   /_\   | _ \ |_   _| | __| |   \ 
   | |   | _|  \__ \   | |     \__ \   | |    / _ \  |   /   | |   | _|  | |) |
   |_|   |___| |___/   |_|     |___/   |_|   /_/ \_\ |_|_\   |_|   |___| |___/ 

as a user i want to add item in bucket(as-user-i-want-to-choose-the-product-in-altashop;as-a-user-i-want-to-add-item-in-bucket)
--------------------------------------------------------------------------------
16:10:11.580 [AsyncHttpClient-1-1] DEBUG org.asynchttpclient.netty.channel.DefaultChannelPool - Entry count for : http://localhost:50346 : 1
16:10:11.580 [AsyncHttpClient-1-1] DEBUG org.asynchttpclient.netty.channel.DefaultChannelPool - Entry count for : http://localhost:13104 : 1
16:10:11.580 [AsyncHttpClient-1-1] DEBUG org.asynchttpclient.netty.channel.DefaultChannelPool - Adding Candidate expired Channel [id: 0x9a44d401, L:/127.0.0.1:50351 ! R:localhost/127.0.0.1:50346] isIdleTimeoutExpired=false isRemotelyClosed=true isTtlExpired=false
16:10:11.580 [AsyncHttpClient-1-1] DEBUG org.asynchttpclient.netty.channel.DefaultChannelPool - Closing Idle Channel [id: 0x9a44d401, L:/127.0.0.1:50351 ! R:localhost/127.0.0.1:50346]
16:10:11.580 [AsyncHttpClient-1-1] DEBUG org.asynchttpclient.netty.channel.DefaultChannelPool - Adding Candidate expired Channel [id: 0x88d1bfae, L:/127.0.0.1:50345 ! R:localhost/127.0.0.1:13104] isIdleTimeoutExpired=false isRemotelyClosed=true isTtlExpired=false
16:10:11.580 [AsyncHttpClient-1-1] DEBUG org.asynchttpclient.netty.channel.DefaultChannelPool - Closing Idle Channel [id: 0x88d1bfae, L:/127.0.0.1:50345 ! R:localhost/127.0.0.1:13104]
16:10:11.580 [AsyncHttpClient-1-1] DEBUG org.asynchttpclient.netty.channel.DefaultChannelPool - Closed 2 connections out of 2 in 0 ms
16:10:11.631 [main] DEBUG net.thucydides.core.steps.StepInterceptor - STARTING STEP: ProductSteps.AsAUserOnHomepage - AsAUserOnHomepage
16:10:11.699 [main] INFO net.serenitybdd.core.webdriver.driverproviders.ChromeDriverProvider - Starting Chrome driver instance with capabilities:
16:10:11.699 [main] INFO net.serenitybdd.core.webdriver.driverproviders.ChromeDriverProvider - Capabilities {acceptInsecureCerts: true, browserName: chrome, goog:chromeOptions: {args: [remote-allow-origins=*, test-type, no-sandbox, ignore-certificate-errors, --window-size=1000,800, incognito, disable-infobars, disable-gpu, disable-default-apps, disable-popup-blocking, remote-allow-origins=*, test-type, no-sandbox, ignore-certificate-errors, --window-size=1000,800, incognito, disable-infobars, disable-gpu, disable-default-apps, disable-popup-blocking, remote-allow-origins=*], extensions: []}}
16:10:12.715 [AsyncHttpClient-1-11] DEBUG org.asynchttpclient.netty.channel.NettyConnectListener - Using new Channel '[id: 0x328d16b6, L:/127.0.0.1:50371 - R:localhost/127.0.0.1:38575]' for 'POST' to '/session'
16:10:14.422 [AsyncHttpClient-1-11] DEBUG org.asynchttpclient.netty.handler.HttpHandler - 

Request DefaultHttpRequest(decodeResult: success, version: HTTP/1.1)
POST /session HTTP/1.1
User-Agent: selenium/4.8.1 (java windows)
Content-Length: 1729
Content-Type: application/json; charset=utf-8
host: localhost:38575
accept: */*

Response DefaultHttpResponse(decodeResult: success, version: HTTP/1.1)
HTTP/1.1 200 OK
Content-Length: 857
Content-Type: application/json; charset=utf-8
cache-control: no-cache

16:10:14.422 [AsyncHttpClient-1-11] DEBUG org.asynchttpclient.netty.channel.ChannelManager - Adding key: http://localhost:38575 for channel [id: 0x328d16b6, L:/127.0.0.1:50371 - R:localhost/127.0.0.1:38575]
16:10:14.439 [AsyncHttpClient-1-12] DEBUG org.asynchttpclient.netty.channel.NettyConnectListener - Using new Channel '[id: 0xca37abae, L:/127.0.0.1:50377 - R:localhost/127.0.0.1:50372]' for 'GET' to '/json/version'
16:10:14.444 [AsyncHttpClient-1-12] DEBUG org.asynchttpclient.netty.handler.HttpHandler - 

Request DefaultFullHttpRequest(decodeResult: success, version: HTTP/1.1, content: EmptyByteBufBE)
GET /json/version HTTP/1.1
User-Agent: selenium/4.8.1 (java windows)
host: localhost:50372
accept: */*

Response DefaultHttpResponse(decodeResult: success, version: HTTP/1.1)
HTTP/1.1 200 OK
Content-Security-Policy: frame-ancestors 'none'
Content-Length: 422
Content-Type: application/json; charset=UTF-8

16:10:14.446 [AsyncHttpClient-1-12] DEBUG org.asynchttpclient.netty.channel.ChannelManager - Adding key: http://localhost:50372 for channel [id: 0xca37abae, L:/127.0.0.1:50377 - R:localhost/127.0.0.1:50372]
16:10:14.453 [AsyncHttpClient-1-13] DEBUG org.asynchttpclient.netty.channel.NettyConnectListener - Using new Channel '[id: 0xf92d0f4f, L:/127.0.0.1:50378 - R:localhost/127.0.0.1:50372]' for 'GET' to '/devtools/browser/7cf6a19f-a847-4057-8576-6b14615890db'
16:10:14.459 [AsyncHttpClient-1-13] DEBUG org.asynchttpclient.netty.handler.WebSocketHandler - 

Request DefaultFullHttpRequest(decodeResult: success, version: HTTP/1.1, content: EmptyByteBufBE)
GET /devtools/browser/7cf6a19f-a847-4057-8576-6b14615890db HTTP/1.1
upgrade: websocket
connection: upgrade
sec-websocket-key: 0HWQ/8wVv0whsjFoTAsATg==
sec-websocket-version: 13
origin: http://localhost:50372
host: localhost:50372
accept: */*
user-agent: AHC/2.1

Response DefaultHttpResponse(decodeResult: success, version: HTTP/1.1)
HTTP/1.1 101 WebSocket Protocol Handshake
Upgrade: WebSocket
Connection: Upgrade
Sec-WebSocket-Accept: P3oQPzt4MlKhTSwRzMeIRKnaaqQ=

16:10:14.475 [Forwarding get on session a0e74f456880685bd85fd0226397e5c7 to remote] DEBUG org.asynchttpclient.netty.request.NettyRequestSender - Using pooled Channel '[id: 0x328d16b6, L:/127.0.0.1:50371 - R:localhost/127.0.0.1:38575]' for 'POST' to 'http://localhost:38575/session/a0e74f456880685bd85fd0226397e5c7/url'
16:10:14.475 [Forwarding get on session a0e74f456880685bd85fd0226397e5c7 to remote] DEBUG org.asynchttpclient.netty.request.NettyRequestSender - Using open Channel [id: 0x328d16b6, L:/127.0.0.1:50371 - R:localhost/127.0.0.1:38575] for POST '/session/a0e74f456880685bd85fd0226397e5c7/url'
16:10:14.880 [AsyncHttpClient-1-1] DEBUG org.asynchttpclient.netty.channel.DefaultChannelPool - Entry count for : http://localhost:50372 : 1
16:10:15.025 [AsyncHttpClient-1-11] DEBUG org.asynchttpclient.netty.handler.HttpHandler - 

Request DefaultHttpRequest(decodeResult: success, version: HTTP/1.1)
POST /session/a0e74f456880685bd85fd0226397e5c7/url HTTP/1.1
User-Agent: selenium/4.8.1 (java windows)
Content-Length: 74
Content-Type: application/json; charset=utf-8
host: localhost:38575
accept: */*

Response DefaultHttpResponse(decodeResult: success, version: HTTP/1.1)
HTTP/1.1 200 OK
Content-Length: 14
Content-Type: application/json; charset=utf-8
cache-control: no-cache

16:10:15.025 [AsyncHttpClient-1-11] DEBUG org.asynchttpclient.netty.channel.ChannelManager - Adding key: http://localhost:38575 for channel [id: 0x328d16b6, L:/127.0.0.1:50371 - R:localhost/127.0.0.1:38575]
16:10:15.026 [Forwarding setTimeout on session a0e74f456880685bd85fd0226397e5c7 to remote] DEBUG org.asynchttpclient.netty.request.NettyRequestSender - Using pooled Channel '[id: 0x328d16b6, L:/127.0.0.1:50371 - R:localhost/127.0.0.1:38575]' for 'POST' to 'http://localhost:38575/session/a0e74f456880685bd85fd0226397e5c7/timeouts'
16:10:15.026 [Forwarding setTimeout on session a0e74f456880685bd85fd0226397e5c7 to remote] DEBUG org.asynchttpclient.netty.request.NettyRequestSender - Using open Channel [id: 0x328d16b6, L:/127.0.0.1:50371 - R:localhost/127.0.0.1:38575] for POST '/session/a0e74f456880685bd85fd0226397e5c7/timeouts'
16:10:15.029 [AsyncHttpClient-1-11] DEBUG org.asynchttpclient.netty.handler.HttpHandler - 

Request DefaultHttpRequest(decodeResult: success, version: HTTP/1.1)
POST /session/a0e74f456880685bd85fd0226397e5c7/timeouts HTTP/1.1
User-Agent: selenium/4.8.1 (java windows)
Content-Length: 22
Content-Type: application/json; charset=utf-8
host: localhost:38575
accept: */*

Response DefaultHttpResponse(decodeResult: success, version: HTTP/1.1)
HTTP/1.1 200 OK
Content-Length: 14
Content-Type: application/json; charset=utf-8
cache-control: no-cache

16:10:15.029 [AsyncHttpClient-1-11] DEBUG org.asynchttpclient.netty.channel.ChannelManager - Adding key: http://localhost:38575 for channel [id: 0x328d16b6, L:/127.0.0.1:50371 - R:localhost/127.0.0.1:38575]
16:10:15.046 [Forwarding findElement on session a0e74f456880685bd85fd0226397e5c7 to remote] DEBUG org.asynchttpclient.netty.request.NettyRequestSender - Using pooled Channel '[id: 0x328d16b6, L:/127.0.0.1:50371 - R:localhost/127.0.0.1:38575]' for 'POST' to 'http://localhost:38575/session/a0e74f456880685bd85fd0226397e5c7/element'
16:10:15.046 [Forwarding findElement on session a0e74f456880685bd85fd0226397e5c7 to remote] DEBUG org.asynchttpclient.netty.request.NettyRequestSender - Using open Channel [id: 0x328d16b6, L:/127.0.0.1:50371 - R:localhost/127.0.0.1:38575] for POST '/session/a0e74f456880685bd85fd0226397e5c7/element'
16:10:15.075 [AsyncHttpClient-1-11] DEBUG org.asynchttpclient.netty.handler.HttpHandler - 

Request DefaultHttpRequest(decodeResult: success, version: HTTP/1.1)
POST /session/a0e74f456880685bd85fd0226397e5c7/element HTTP/1.1
User-Agent: selenium/4.8.1 (java windows)
Content-Length: 168
Content-Type: application/json; charset=utf-8
host: localhost:38575
accept: */*

Response DefaultHttpResponse(decodeResult: success, version: HTTP/1.1)
HTTP/1.1 200 OK
Content-Length: 94
Content-Type: application/json; charset=utf-8
cache-control: no-cache

16:10:15.075 [AsyncHttpClient-1-11] DEBUG org.asynchttpclient.netty.channel.ChannelManager - Adding key: http://localhost:38575 for channel [id: 0x328d16b6, L:/127.0.0.1:50371 - R:localhost/127.0.0.1:38575]
16:10:15.080 [Forwarding isElementDisplayed on session a0e74f456880685bd85fd0226397e5c7 to remote] DEBUG org.asynchttpclient.netty.request.NettyRequestSender - Using pooled Channel '[id: 0x328d16b6, L:/127.0.0.1:50371 - R:localhost/127.0.0.1:38575]' for 'POST' to 'http://localhost:38575/session/a0e74f456880685bd85fd0226397e5c7/execute/sync'
16:10:15.081 [Forwarding isElementDisplayed on session a0e74f456880685bd85fd0226397e5c7 to remote] DEBUG org.asynchttpclient.netty.request.NettyRequestSender - Using open Channel [id: 0x328d16b6, L:/127.0.0.1:50371 - R:localhost/127.0.0.1:38575] for POST '/session/a0e74f456880685bd85fd0226397e5c7/execute/sync'
16:10:15.110 [AsyncHttpClient-1-11] DEBUG org.asynchttpclient.netty.handler.HttpHandler - 

Request DefaultHttpRequest(decodeResult: success, version: HTTP/1.1)
POST /session/a0e74f456880685bd85fd0226397e5c7/execute/sync HTTP/1.1
User-Agent: selenium/4.8.1 (java windows)
Content-Length: 48813
Content-Type: application/json; charset=utf-8
host: localhost:38575
accept: */*

Response DefaultHttpResponse(decodeResult: success, version: HTTP/1.1)
HTTP/1.1 200 OK
Content-Length: 14
Content-Type: application/json; charset=utf-8
cache-control: no-cache

16:10:15.110 [AsyncHttpClient-1-11] DEBUG org.asynchttpclient.netty.channel.ChannelManager - Adding key: http://localhost:38575 for channel [id: 0x328d16b6, L:/127.0.0.1:50371 - R:localhost/127.0.0.1:38575]
16:10:15.114 [Forwarding isElementDisplayed on session a0e74f456880685bd85fd0226397e5c7 to remote] DEBUG org.asynchttpclient.netty.request.NettyRequestSender - Using pooled Channel '[id: 0x328d16b6, L:/127.0.0.1:50371 - R:localhost/127.0.0.1:38575]' for 'POST' to 'http://localhost:38575/session/a0e74f456880685bd85fd0226397e5c7/execute/sync'
16:10:15.114 [Forwarding isElementDisplayed on session a0e74f456880685bd85fd0226397e5c7 to remote] DEBUG org.asynchttpclient.netty.request.NettyRequestSender - Using open Channel [id: 0x328d16b6, L:/127.0.0.1:50371 - R:localhost/127.0.0.1:38575] for POST '/session/a0e74f456880685bd85fd0226397e5c7/execute/sync'
16:10:15.141 [AsyncHttpClient-1-11] DEBUG org.asynchttpclient.netty.handler.HttpHandler - 

Request DefaultHttpRequest(decodeResult: success, version: HTTP/1.1)
POST /session/a0e74f456880685bd85fd0226397e5c7/execute/sync HTTP/1.1
User-Agent: selenium/4.8.1 (java windows)
Content-Length: 48813
Content-Type: application/json; charset=utf-8
host: localhost:38575
accept: */*

Response DefaultHttpResponse(decodeResult: success, version: HTTP/1.1)
HTTP/1.1 200 OK
Content-Length: 14
Content-Type: application/json; charset=utf-8
cache-control: no-cache

16:10:15.142 [AsyncHttpClient-1-11] DEBUG org.asynchttpclient.netty.channel.ChannelManager - Adding key: http://localhost:38575 for channel [id: 0x328d16b6, L:/127.0.0.1:50371 - R:localhost/127.0.0.1:38575]
16:10:15.148 [main] DEBUG net.serenitybdd.core.photography.Darkroom - Opening darkroom
16:10:15.149 [Darkroom Processing Line] DEBUG net.serenitybdd.core.photography.DarkroomProcessingLine - Darkroom processing line starting up
16:10:15.150 [Forwarding getAlertText on session a0e74f456880685bd85fd0226397e5c7 to remote] DEBUG org.asynchttpclient.netty.request.NettyRequestSender - Using pooled Channel '[id: 0x328d16b6, L:/127.0.0.1:50371 - R:localhost/127.0.0.1:38575]' for 'GET' to 'http://localhost:38575/session/a0e74f456880685bd85fd0226397e5c7/alert/text'
16:10:15.150 [Forwarding getAlertText on session a0e74f456880685bd85fd0226397e5c7 to remote] DEBUG org.asynchttpclient.netty.request.NettyRequestSender - Using open Channel [id: 0x328d16b6, L:/127.0.0.1:50371 - R:localhost/127.0.0.1:38575] for GET '/session/a0e74f456880685bd85fd0226397e5c7/alert/text'
16:10:15.152 [AsyncHttpClient-1-11] DEBUG org.asynchttpclient.netty.handler.HttpHandler - 

Request DefaultFullHttpRequest(decodeResult: success, version: HTTP/1.1, content: EmptyByteBufBE)
GET /session/a0e74f456880685bd85fd0226397e5c7/alert/text HTTP/1.1
User-Agent: selenium/4.8.1 (java windows)
Cache-Control: no-cache
Content-Type: application/json; charset=utf-8
host: localhost:38575
accept: */*

Response DefaultHttpResponse(decodeResult: success, version: HTTP/1.1)
HTTP/1.1 404 Not Found
Content-Length: 820
Content-Type: application/json; charset=utf-8
cache-control: no-cache

16:10:15.154 [AsyncHttpClient-1-11] DEBUG org.asynchttpclient.netty.channel.ChannelManager - Adding key: http://localhost:38575 for channel [id: 0x328d16b6, L:/127.0.0.1:50371 - R:localhost/127.0.0.1:38575]
16:10:15.156 [Forwarding getCurrentUrl on session a0e74f456880685bd85fd0226397e5c7 to remote] DEBUG org.asynchttpclient.netty.request.NettyRequestSender - Using pooled Channel '[id: 0x328d16b6, L:/127.0.0.1:50371 - R:localhost/127.0.0.1:38575]' for 'GET' to 'http://localhost:38575/session/a0e74f456880685bd85fd0226397e5c7/url'
16:10:15.156 [Forwarding getCurrentUrl on session a0e74f456880685bd85fd0226397e5c7 to remote] DEBUG org.asynchttpclient.netty.request.NettyRequestSender - Using open Channel [id: 0x328d16b6, L:/127.0.0.1:50371 - R:localhost/127.0.0.1:38575] for GET '/session/a0e74f456880685bd85fd0226397e5c7/url'
16:10:15.168 [AsyncHttpClient-1-11] DEBUG org.asynchttpclient.netty.handler.HttpHandler - 

Request DefaultFullHttpRequest(decodeResult: success, version: HTTP/1.1, content: EmptyByteBufBE)
GET /session/a0e74f456880685bd85fd0226397e5c7/url HTTP/1.1
User-Agent: selenium/4.8.1 (java windows)
Cache-Control: no-cache
Content-Type: application/json; charset=utf-8
host: localhost:38575
accept: */*

Response DefaultHttpResponse(decodeResult: success, version: HTTP/1.1)
HTTP/1.1 200 OK
Content-Length: 51
Content-Type: application/json; charset=utf-8
cache-control: no-cache

16:10:15.168 [AsyncHttpClient-1-11] DEBUG org.asynchttpclient.netty.channel.ChannelManager - Adding key: http://localhost:38575 for channel [id: 0x328d16b6, L:/127.0.0.1:50371 - R:localhost/127.0.0.1:38575]
16:10:15.170 [Forwarding screenshot on session a0e74f456880685bd85fd0226397e5c7 to remote] DEBUG org.asynchttpclient.netty.request.NettyRequestSender - Using pooled Channel '[id: 0x328d16b6, L:/127.0.0.1:50371 - R:localhost/127.0.0.1:38575]' for 'GET' to 'http://localhost:38575/session/a0e74f456880685bd85fd0226397e5c7/screenshot'
16:10:15.170 [Forwarding screenshot on session a0e74f456880685bd85fd0226397e5c7 to remote] DEBUG org.asynchttpclient.netty.request.NettyRequestSender - Using open Channel [id: 0x328d16b6, L:/127.0.0.1:50371 - R:localhost/127.0.0.1:38575] for GET '/session/a0e74f456880685bd85fd0226397e5c7/screenshot'
16:10:15.246 [AsyncHttpClient-1-11] DEBUG org.asynchttpclient.netty.handler.HttpHandler - 

Request DefaultFullHttpRequest(decodeResult: success, version: HTTP/1.1, content: EmptyByteBufBE)
GET /session/a0e74f456880685bd85fd0226397e5c7/screenshot HTTP/1.1
User-Agent: selenium/4.8.1 (java windows)
Cache-Control: no-cache
Content-Type: application/json; charset=utf-8
host: localhost:38575
accept: */*

Response DefaultHttpResponse(decodeResult: success, version: HTTP/1.1)
HTTP/1.1 200 OK
Content-Length: 32020
Content-Type: application/json; charset=utf-8
cache-control: no-cache

16:10:15.246 [AsyncHttpClient-1-11] DEBUG org.asynchttpclient.netty.channel.ChannelManager - Adding key: http://localhost:38575 for channel [id: 0x328d16b6, L:/127.0.0.1:50371 - R:localhost/127.0.0.1:38575]
16:10:15.248 [main] DEBUG net.serenitybdd.core.photography.Darkroom - Send negative for processing for target\site\serenity\64131d300e1f660b304d30f126733f9569293aa2d192474061bebad02b7a03d8.png
16:10:15.248 [main] DEBUG net.thucydides.core.steps.StepInterceptor - STEP DONE: AsAUserOnHomepage
  &amp#27;[32mGiven &amp#27;[0m&amp#27;[32mas a user on homepage&amp#27;[0m                    &amp#27;[90m# starter.stepdefinitions.ProductSteps.AsAUserOnHomepage()&amp#27;[0m
16:10:15.264 [main] DEBUG net.thucydides.core.steps.StepInterceptor - STARTING STEP: ProductSteps.UserInputUsernamee - UserInputUsernamee
16:10:15.266 [Forwarding get on session a0e74f456880685bd85fd0226397e5c7 to remote] DEBUG org.asynchttpclient.netty.request.NettyRequestSender - Using pooled Channel '[id: 0x328d16b6, L:/127.0.0.1:50371 - R:localhost/127.0.0.1:38575]' for 'POST' to 'http://localhost:38575/session/a0e74f456880685bd85fd0226397e5c7/url'
16:10:15.266 [Forwarding get on session a0e74f456880685bd85fd0226397e5c7 to remote] DEBUG org.asynchttpclient.netty.request.NettyRequestSender - Using open Channel [id: 0x328d16b6, L:/127.0.0.1:50371 - R:localhost/127.0.0.1:38575] for POST '/session/a0e74f456880685bd85fd0226397e5c7/url'
16:10:15.447 [AsyncHttpClient-1-11] DEBUG org.asynchttpclient.netty.handler.HttpHandler - 

Request DefaultHttpRequest(decodeResult: success, version: HTTP/1.1)
POST /session/a0e74f456880685bd85fd0226397e5c7/url HTTP/1.1
User-Agent: selenium/4.8.1 (java windows)
Content-Length: 74
Content-Type: application/json; charset=utf-8
host: localhost:38575
accept: */*

Response DefaultHttpResponse(decodeResult: success, version: HTTP/1.1)
HTTP/1.1 200 OK
Content-Length: 14
Content-Type: application/json; charset=utf-8
cache-control: no-cache

16:10:15.447 [AsyncHttpClient-1-11] DEBUG org.asynchttpclient.netty.channel.ChannelManager - Adding key: http://localhost:38575 for channel [id: 0x328d16b6, L:/127.0.0.1:50371 - R:localhost/127.0.0.1:38575]
16:10:15.451 [Forwarding findElement on session a0e74f456880685bd85fd0226397e5c7 to remote] DEBUG org.asynchttpclient.netty.request.NettyRequestSender - Using pooled Channel '[id: 0x328d16b6, L:/127.0.0.1:50371 - R:localhost/127.0.0.1:38575]' for 'POST' to 'http://localhost:38575/session/a0e74f456880685bd85fd0226397e5c7/element'
16:10:15.451 [Forwarding findElement on session a0e74f456880685bd85fd0226397e5c7 to remote] DEBUG org.asynchttpclient.netty.request.NettyRequestSender - Using open Channel [id: 0x328d16b6, L:/127.0.0.1:50371 - R:localhost/127.0.0.1:38575] for POST '/session/a0e74f456880685bd85fd0226397e5c7/element'
16:10:15.467 [AsyncHttpClient-1-11] DEBUG org.asynchttpclient.netty.handler.HttpHandler - 

Request DefaultHttpRequest(decodeResult: success, version: HTTP/1.1)
POST /session/a0e74f456880685bd85fd0226397e5c7/element HTTP/1.1
User-Agent: selenium/4.8.1 (java windows)
Content-Length: 187
Content-Type: application/json; charset=utf-8
host: localhost:38575
accept: */*

Response DefaultHttpResponse(decodeResult: success, version: HTTP/1.1)
HTTP/1.1 200 OK
Content-Length: 94
Content-Type: application/json; charset=utf-8
cache-control: no-cache

16:10:15.468 [AsyncHttpClient-1-11] DEBUG org.asynchttpclient.netty.channel.ChannelManager - Adding key: http://localhost:38575 for channel [id: 0x328d16b6, L:/127.0.0.1:50371 - R:localhost/127.0.0.1:38575]
16:10:15.470 [Forwarding clearElement on session a0e74f456880685bd85fd0226397e5c7 to remote] DEBUG org.asynchttpclient.netty.request.NettyRequestSender - Using pooled Channel '[id: 0x328d16b6, L:/127.0.0.1:50371 - R:localhost/127.0.0.1:38575]' for 'POST' to 'http://localhost:38575/session/a0e74f456880685bd85fd0226397e5c7/element/0119831290293F3DCBF276207ACFDC48_element_9/clear'
16:10:15.470 [Forwarding clearElement on session a0e74f456880685bd85fd0226397e5c7 to remote] DEBUG org.asynchttpclient.netty.request.NettyRequestSender - Using open Channel [id: 0x328d16b6, L:/127.0.0.1:50371 - R:localhost/127.0.0.1:38575] for POST '/session/a0e74f456880685bd85fd0226397e5c7/element/0119831290293F3DCBF276207ACFDC48_element_9/clear'
16:10:15.517 [AsyncHttpClient-1-11] DEBUG org.asynchttpclient.netty.handler.HttpHandler - 

Request DefaultHttpRequest(decodeResult: success, version: HTTP/1.1)
POST /session/a0e74f456880685bd85fd0226397e5c7/element/0119831290293F3DCBF276207ACFDC48_element_9/clear HTTP/1.1
User-Agent: selenium/4.8.1 (java windows)
Content-Length: 56
Content-Type: application/json; charset=utf-8
host: localhost:38575
accept: */*

Response DefaultHttpResponse(decodeResult: success, version: HTTP/1.1)
HTTP/1.1 200 OK
Content-Length: 14
Content-Type: application/json; charset=utf-8
cache-control: no-cache

16:10:15.517 [AsyncHttpClient-1-11] DEBUG org.asynchttpclient.netty.channel.ChannelManager - Adding key: http://localhost:38575 for channel [id: 0x328d16b6, L:/127.0.0.1:50371 - R:localhost/127.0.0.1:38575]
16:10:15.519 [Forwarding sendKeysToElement on session a0e74f456880685bd85fd0226397e5c7 to remote] DEBUG org.asynchttpclient.netty.request.NettyRequestSender - Using pooled Channel '[id: 0x328d16b6, L:/127.0.0.1:50371 - R:localhost/127.0.0.1:38575]' for 'POST' to 'http://localhost:38575/session/a0e74f456880685bd85fd0226397e5c7/element/0119831290293F3DCBF276207ACFDC48_element_9/value'
16:10:15.519 [Forwarding sendKeysToElement on session a0e74f456880685bd85fd0226397e5c7 to remote] DEBUG org.asynchttpclient.netty.request.NettyRequestSender - Using open Channel [id: 0x328d16b6, L:/127.0.0.1:50371 - R:localhost/127.0.0.1:38575] for POST '/session/a0e74f456880685bd85fd0226397e5c7/element/0119831290293F3DCBF276207ACFDC48_element_9/value'
16:10:15.680 [AsyncHttpClient-1-11] DEBUG org.asynchttpclient.netty.handler.HttpHandler - 

Request DefaultHttpRequest(decodeResult: success, version: HTTP/1.1)
POST /session/a0e74f456880685bd85fd0226397e5c7/element/0119831290293F3DCBF276207ACFDC48_element_9/value HTTP/1.1
User-Agent: selenium/4.8.1 (java windows)
Content-Length: 287
Content-Type: application/json; charset=utf-8
host: localhost:38575
accept: */*

Response DefaultHttpResponse(decodeResult: success, version: HTTP/1.1)
HTTP/1.1 200 OK
Content-Length: 14
Content-Type: application/json; charset=utf-8
cache-control: no-cache

16:10:15.680 [AsyncHttpClient-1-11] DEBUG org.asynchttpclient.netty.channel.ChannelManager - Adding key: http://localhost:38575 for channel [id: 0x328d16b6, L:/127.0.0.1:50371 - R:localhost/127.0.0.1:38575]
16:10:15.982 [AsyncHttpClient-1-1] DEBUG org.asynchttpclient.netty.channel.DefaultChannelPool - Entry count for : http://localhost:38575 : 1
16:10:15.982 [AsyncHttpClient-1-1] DEBUG org.asynchttpclient.netty.channel.DefaultChannelPool - Entry count for : http://localhost:50372 : 1
16:10:16.695 [Forwarding getAlertText on session a0e74f456880685bd85fd0226397e5c7 to remote] DEBUG org.asynchttpclient.netty.request.NettyRequestSender - Using pooled Channel '[id: 0x328d16b6, L:/127.0.0.1:50371 - R:localhost/127.0.0.1:38575]' for 'GET' to 'http://localhost:38575/session/a0e74f456880685bd85fd0226397e5c7/alert/text'
16:10:16.695 [Forwarding getAlertText on session a0e74f456880685bd85fd0226397e5c7 to remote] DEBUG org.asynchttpclient.netty.request.NettyRequestSender - Using open Channel [id: 0x328d16b6, L:/127.0.0.1:50371 - R:localhost/127.0.0.1:38575] for GET '/session/a0e74f456880685bd85fd0226397e5c7/alert/text'
16:10:16.700 [AsyncHttpClient-1-11] DEBUG org.asynchttpclient.netty.handler.HttpHandler - 

Request DefaultFullHttpRequest(decodeResult: success, version: HTTP/1.1, content: EmptyByteBufBE)
GET /session/a0e74f456880685bd85fd0226397e5c7/alert/text HTTP/1.1
User-Agent: selenium/4.8.1 (java windows)
Cache-Control: no-cache
Content-Type: application/json; charset=utf-8
host: localhost:38575
accept: */*

Response DefaultHttpResponse(decodeResult: success, version: HTTP/1.1)
HTTP/1.1 404 Not Found
Content-Length: 820
Content-Type: application/json; charset=utf-8
cache-control: no-cache

16:10:16.701 [AsyncHttpClient-1-11] DEBUG org.asynchttpclient.netty.channel.ChannelManager - Adding key: http://localhost:38575 for channel [id: 0x328d16b6, L:/127.0.0.1:50371 - R:localhost/127.0.0.1:38575]
16:10:16.702 [Forwarding getCurrentUrl on session a0e74f456880685bd85fd0226397e5c7 to remote] DEBUG org.asynchttpclient.netty.request.NettyRequestSender - Using pooled Channel '[id: 0x328d16b6, L:/127.0.0.1:50371 - R:localhost/127.0.0.1:38575]' for 'GET' to 'http://localhost:38575/session/a0e74f456880685bd85fd0226397e5c7/url'
16:10:16.702 [Forwarding getCurrentUrl on session a0e74f456880685bd85fd0226397e5c7 to remote] DEBUG org.asynchttpclient.netty.request.NettyRequestSender - Using open Channel [id: 0x328d16b6, L:/127.0.0.1:50371 - R:localhost/127.0.0.1:38575] for GET '/session/a0e74f456880685bd85fd0226397e5c7/url'
16:10:16.718 [AsyncHttpClient-1-11] DEBUG org.asynchttpclient.netty.handler.HttpHandler - 

Request DefaultFullHttpRequest(decodeResult: success, version: HTTP/1.1, content: EmptyByteBufBE)
GET /session/a0e74f456880685bd85fd0226397e5c7/url HTTP/1.1
User-Agent: selenium/4.8.1 (java windows)
Cache-Control: no-cache
Content-Type: application/json; charset=utf-8
host: localhost:38575
accept: */*

Response DefaultHttpResponse(decodeResult: success, version: HTTP/1.1)
HTTP/1.1 200 OK
Content-Length: 51
Content-Type: application/json; charset=utf-8
cache-control: no-cache

16:10:16.718 [AsyncHttpClient-1-11] DEBUG org.asynchttpclient.netty.channel.ChannelManager - Adding key: http://localhost:38575 for channel [id: 0x328d16b6, L:/127.0.0.1:50371 - R:localhost/127.0.0.1:38575]
16:10:16.719 [Forwarding screenshot on session a0e74f456880685bd85fd0226397e5c7 to remote] DEBUG org.asynchttpclient.netty.request.NettyRequestSender - Using pooled Channel '[id: 0x328d16b6, L:/127.0.0.1:50371 - R:localhost/127.0.0.1:38575]' for 'GET' to 'http://localhost:38575/session/a0e74f456880685bd85fd0226397e5c7/screenshot'
16:10:16.719 [Forwarding screenshot on session a0e74f456880685bd85fd0226397e5c7 to remote] DEBUG org.asynchttpclient.netty.request.NettyRequestSender - Using open Channel [id: 0x328d16b6, L:/127.0.0.1:50371 - R:localhost/127.0.0.1:38575] for GET '/session/a0e74f456880685bd85fd0226397e5c7/screenshot'
16:10:16.788 [AsyncHttpClient-1-11] DEBUG org.asynchttpclient.netty.handler.HttpHandler - 

Request DefaultFullHttpRequest(decodeResult: success, version: HTTP/1.1, content: EmptyByteBufBE)
GET /session/a0e74f456880685bd85fd0226397e5c7/screenshot HTTP/1.1
User-Agent: selenium/4.8.1 (java windows)
Cache-Control: no-cache
Content-Type: application/json; charset=utf-8
host: localhost:38575
accept: */*

Response DefaultHttpResponse(decodeResult: success, version: HTTP/1.1)
HTTP/1.1 200 OK
Content-Length: 38484
Content-Type: application/json; charset=utf-8
cache-control: no-cache

16:10:16.788 [AsyncHttpClient-1-11] DEBUG org.asynchttpclient.netty.channel.ChannelManager - Adding key: http://localhost:38575 for channel [id: 0x328d16b6, L:/127.0.0.1:50371 - R:localhost/127.0.0.1:38575]
16:10:16.789 [main] DEBUG net.serenitybdd.core.photography.Darkroom - Send negative for processing for target\site\serenity\1ad341015b49c61eefd0fc65c3ef703c602b86f28046fc43bddd6312cf7a0f0c.png
16:10:16.789 [main] DEBUG net.thucydides.core.steps.StepInterceptor - STEP DONE: UserInputUsernamee
  &amp#27;[32mWhen &amp#27;[0m&amp#27;[32muser input usernamee&amp#27;[0m                      &amp#27;[90m# starter.stepdefinitions.ProductSteps.UserInputUsernamee()&amp#27;[0m
16:10:16.797 [main] DEBUG net.thucydides.core.steps.StepInterceptor - STARTING STEP: ProductSteps.UserInputPasswordd - UserInputPasswordd
16:10:16.800 [Forwarding findElement on session a0e74f456880685bd85fd0226397e5c7 to remote] DEBUG org.asynchttpclient.netty.request.NettyRequestSender - Using pooled Channel '[id: 0x328d16b6, L:/127.0.0.1:50371 - R:localhost/127.0.0.1:38575]' for 'POST' to 'http://localhost:38575/session/a0e74f456880685bd85fd0226397e5c7/element'
16:10:16.800 [Forwarding findElement on session a0e74f456880685bd85fd0226397e5c7 to remote] DEBUG org.asynchttpclient.netty.request.NettyRequestSender - Using open Channel [id: 0x328d16b6, L:/127.0.0.1:50371 - R:localhost/127.0.0.1:38575] for POST '/session/a0e74f456880685bd85fd0226397e5c7/element'
16:10:16.814 [AsyncHttpClient-1-11] DEBUG org.asynchttpclient.netty.handler.HttpHandler - 

Request DefaultHttpRequest(decodeResult: success, version: HTTP/1.1)
POST /session/a0e74f456880685bd85fd0226397e5c7/element HTTP/1.1
User-Agent: selenium/4.8.1 (java windows)
Content-Length: 187
Content-Type: application/json; charset=utf-8
host: localhost:38575
accept: */*

Response DefaultHttpResponse(decodeResult: success, version: HTTP/1.1)
HTTP/1.1 200 OK
Content-Length: 95
Content-Type: application/json; charset=utf-8
cache-control: no-cache

16:10:16.814 [AsyncHttpClient-1-11] DEBUG org.asynchttpclient.netty.channel.ChannelManager - Adding key: http://localhost:38575 for channel [id: 0x328d16b6, L:/127.0.0.1:50371 - R:localhost/127.0.0.1:38575]
16:10:16.815 [Forwarding clearElement on session a0e74f456880685bd85fd0226397e5c7 to remote] DEBUG org.asynchttpclient.netty.request.NettyRequestSender - Using pooled Channel '[id: 0x328d16b6, L:/127.0.0.1:50371 - R:localhost/127.0.0.1:38575]' for 'POST' to 'http://localhost:38575/session/a0e74f456880685bd85fd0226397e5c7/element/0119831290293F3DCBF276207ACFDC48_element_11/clear'
16:10:16.815 [Forwarding clearElement on session a0e74f456880685bd85fd0226397e5c7 to remote] DEBUG org.asynchttpclient.netty.request.NettyRequestSender - Using open Channel [id: 0x328d16b6, L:/127.0.0.1:50371 - R:localhost/127.0.0.1:38575] for POST '/session/a0e74f456880685bd85fd0226397e5c7/element/0119831290293F3DCBF276207ACFDC48_element_11/clear'
16:10:16.853 [AsyncHttpClient-1-11] DEBUG org.asynchttpclient.netty.handler.HttpHandler - 

Request DefaultHttpRequest(decodeResult: success, version: HTTP/1.1)
POST /session/a0e74f456880685bd85fd0226397e5c7/element/0119831290293F3DCBF276207ACFDC48_element_11/clear HTTP/1.1
User-Agent: selenium/4.8.1 (java windows)
Content-Length: 57
Content-Type: application/json; charset=utf-8
host: localhost:38575
accept: */*

Response DefaultHttpResponse(decodeResult: success, version: HTTP/1.1)
HTTP/1.1 200 OK
Content-Length: 14
Content-Type: application/json; charset=utf-8
cache-control: no-cache

16:10:16.853 [AsyncHttpClient-1-11] DEBUG org.asynchttpclient.netty.channel.ChannelManager - Adding key: http://localhost:38575 for channel [id: 0x328d16b6, L:/127.0.0.1:50371 - R:localhost/127.0.0.1:38575]
16:10:16.855 [Forwarding sendKeysToElement on session a0e74f456880685bd85fd0226397e5c7 to remote] DEBUG org.asynchttpclient.netty.request.NettyRequestSender - Using pooled Channel '[id: 0x328d16b6, L:/127.0.0.1:50371 - R:localhost/127.0.0.1:38575]' for 'POST' to 'http://localhost:38575/session/a0e74f456880685bd85fd0226397e5c7/element/0119831290293F3DCBF276207ACFDC48_element_11/value'
16:10:16.855 [Forwarding sendKeysToElement on session a0e74f456880685bd85fd0226397e5c7 to remote] DEBUG org.asynchttpclient.netty.request.NettyRequestSender - Using open Channel [id: 0x328d16b6, L:/127.0.0.1:50371 - R:localhost/127.0.0.1:38575] for POST '/session/a0e74f456880685bd85fd0226397e5c7/element/0119831290293F3DCBF276207ACFDC48_element_11/value'
16:10:16.987 [AsyncHttpClient-1-11] DEBUG org.asynchttpclient.netty.handler.HttpHandler - 

Request DefaultHttpRequest(decodeResult: success, version: HTTP/1.1)
POST /session/a0e74f456880685bd85fd0226397e5c7/element/0119831290293F3DCBF276207ACFDC48_element_11/value HTTP/1.1
User-Agent: selenium/4.8.1 (java windows)
Content-Length: 208
Content-Type: application/json; charset=utf-8
host: localhost:38575
accept: */*

Response DefaultHttpResponse(decodeResult: success, version: HTTP/1.1)
HTTP/1.1 200 OK
Content-Length: 14
Content-Type: application/json; charset=utf-8
cache-control: no-cache

16:10:16.987 [AsyncHttpClient-1-11] DEBUG org.asynchttpclient.netty.channel.ChannelManager - Adding key: http://localhost:38575 for channel [id: 0x328d16b6, L:/127.0.0.1:50371 - R:localhost/127.0.0.1:38575]
16:10:17.089 [AsyncHttpClient-1-1] DEBUG org.asynchttpclient.netty.channel.DefaultChannelPool - Entry count for : http://localhost:38575 : 1
16:10:17.089 [AsyncHttpClient-1-1] DEBUG org.asynchttpclient.netty.channel.DefaultChannelPool - Entry count for : http://localhost:50372 : 1
16:10:18.001 [Forwarding getAlertText on session a0e74f456880685bd85fd0226397e5c7 to remote] DEBUG org.asynchttpclient.netty.request.NettyRequestSender - Using pooled Channel '[id: 0x328d16b6, L:/127.0.0.1:50371 - R:localhost/127.0.0.1:38575]' for 'GET' to 'http://localhost:38575/session/a0e74f456880685bd85fd0226397e5c7/alert/text'
16:10:18.001 [Forwarding getAlertText on session a0e74f456880685bd85fd0226397e5c7 to remote] DEBUG org.asynchttpclient.netty.request.NettyRequestSender - Using open Channel [id: 0x328d16b6, L:/127.0.0.1:50371 - R:localhost/127.0.0.1:38575] for GET '/session/a0e74f456880685bd85fd0226397e5c7/alert/text'
16:10:18.005 [AsyncHttpClient-1-11] DEBUG org.asynchttpclient.netty.handler.HttpHandler - 

Request DefaultFullHttpRequest(decodeResult: success, version: HTTP/1.1, content: EmptyByteBufBE)
GET /session/a0e74f456880685bd85fd0226397e5c7/alert/text HTTP/1.1
User-Agent: selenium/4.8.1 (java windows)
Cache-Control: no-cache
Content-Type: application/json; charset=utf-8
host: localhost:38575
accept: */*

Response DefaultHttpResponse(decodeResult: success, version: HTTP/1.1)
HTTP/1.1 404 Not Found
Content-Length: 820
Content-Type: application/json; charset=utf-8
cache-control: no-cache

16:10:18.005 [AsyncHttpClient-1-11] DEBUG org.asynchttpclient.netty.channel.ChannelManager - Adding key: http://localhost:38575 for channel [id: 0x328d16b6, L:/127.0.0.1:50371 - R:localhost/127.0.0.1:38575]
16:10:18.006 [Forwarding getCurrentUrl on session a0e74f456880685bd85fd0226397e5c7 to remote] DEBUG org.asynchttpclient.netty.request.NettyRequestSender - Using pooled Channel '[id: 0x328d16b6, L:/127.0.0.1:50371 - R:localhost/127.0.0.1:38575]' for 'GET' to 'http://localhost:38575/session/a0e74f456880685bd85fd0226397e5c7/url'
16:10:18.006 [Forwarding getCurrentUrl on session a0e74f456880685bd85fd0226397e5c7 to remote] DEBUG org.asynchttpclient.netty.request.NettyRequestSender - Using open Channel [id: 0x328d16b6, L:/127.0.0.1:50371 - R:localhost/127.0.0.1:38575] for GET '/session/a0e74f456880685bd85fd0226397e5c7/url'
16:10:18.017 [AsyncHttpClient-1-11] DEBUG org.asynchttpclient.netty.handler.HttpHandler - 

Request DefaultFullHttpRequest(decodeResult: success, version: HTTP/1.1, content: EmptyByteBufBE)
GET /session/a0e74f456880685bd85fd0226397e5c7/url HTTP/1.1
User-Agent: selenium/4.8.1 (java windows)
Cache-Control: no-cache
Content-Type: application/json; charset=utf-8
host: localhost:38575
accept: */*

Response DefaultHttpResponse(decodeResult: success, version: HTTP/1.1)
HTTP/1.1 200 OK
Content-Length: 51
Content-Type: application/json; charset=utf-8
cache-control: no-cache

16:10:18.017 [AsyncHttpClient-1-11] DEBUG org.asynchttpclient.netty.channel.ChannelManager - Adding key: http://localhost:38575 for channel [id: 0x328d16b6, L:/127.0.0.1:50371 - R:localhost/127.0.0.1:38575]
16:10:18.018 [Forwarding screenshot on session a0e74f456880685bd85fd0226397e5c7 to remote] DEBUG org.asynchttpclient.netty.request.NettyRequestSender - Using pooled Channel '[id: 0x328d16b6, L:/127.0.0.1:50371 - R:localhost/127.0.0.1:38575]' for 'GET' to 'http://localhost:38575/session/a0e74f456880685bd85fd0226397e5c7/screenshot'
16:10:18.018 [Forwarding screenshot on session a0e74f456880685bd85fd0226397e5c7 to remote] DEBUG org.asynchttpclient.netty.request.NettyRequestSender - Using open Channel [id: 0x328d16b6, L:/127.0.0.1:50371 - R:localhost/127.0.0.1:38575] for GET '/session/a0e74f456880685bd85fd0226397e5c7/screenshot'
16:10:18.101 [AsyncHttpClient-1-11] DEBUG org.asynchttpclient.netty.handler.HttpHandler - 

Request DefaultFullHttpRequest(decodeResult: success, version: HTTP/1.1, content: EmptyByteBufBE)
GET /session/a0e74f456880685bd85fd0226397e5c7/screenshot HTTP/1.1
User-Agent: selenium/4.8.1 (java windows)
Cache-Control: no-cache
Content-Type: application/json; charset=utf-8
host: localhost:38575
accept: */*

Response DefaultHttpResponse(decodeResult: success, version: HTTP/1.1)
HTTP/1.1 200 OK
Content-Length: 40756
Content-Type: application/json; charset=utf-8
cache-control: no-cache

16:10:18.101 [AsyncHttpClient-1-11] DEBUG org.asynchttpclient.netty.channel.ChannelManager - Adding key: http://localhost:38575 for channel [id: 0x328d16b6, L:/127.0.0.1:50371 - R:localhost/127.0.0.1:38575]
16:10:18.103 [main] DEBUG net.serenitybdd.core.photography.Darkroom - Send negative for processing for target\site\serenity\2fc307f384fe4fcccf3a9133276a13b0ca9669a399fbf89e23635d6cc5966163.png
16:10:18.103 [main] DEBUG net.thucydides.core.steps.StepInterceptor - STEP DONE: UserInputPasswordd
  &amp#27;[32mAnd &amp#27;[0m&amp#27;[32muser input passwordd&amp#27;[0m                       &amp#27;[90m# starter.stepdefinitions.ProductSteps.UserInputPasswordd()&amp#27;[0m
16:10:18.112 [main] DEBUG net.thucydides.core.steps.StepInterceptor - STARTING STEP: ProductSteps.ClickkButton - ClickkButton
16:10:18.115 [Forwarding findElement on session a0e74f456880685bd85fd0226397e5c7 to remote] DEBUG org.asynchttpclient.netty.request.NettyRequestSender - Using pooled Channel '[id: 0x328d16b6, L:/127.0.0.1:50371 - R:localhost/127.0.0.1:38575]' for 'POST' to 'http://localhost:38575/session/a0e74f456880685bd85fd0226397e5c7/element'
16:10:18.115 [Forwarding findElement on session a0e74f456880685bd85fd0226397e5c7 to remote] DEBUG org.asynchttpclient.netty.request.NettyRequestSender - Using open Channel [id: 0x328d16b6, L:/127.0.0.1:50371 - R:localhost/127.0.0.1:38575] for POST '/session/a0e74f456880685bd85fd0226397e5c7/element'
16:10:18.125 [AsyncHttpClient-1-11] DEBUG org.asynchttpclient.netty.handler.HttpHandler - 

Request DefaultHttpRequest(decodeResult: success, version: HTTP/1.1)
POST /session/a0e74f456880685bd85fd0226397e5c7/element HTTP/1.1
User-Agent: selenium/4.8.1 (java windows)
Content-Length: 168
Content-Type: application/json; charset=utf-8
host: localhost:38575
accept: */*

Response DefaultHttpResponse(decodeResult: success, version: HTTP/1.1)
HTTP/1.1 200 OK
Content-Length: 95
Content-Type: application/json; charset=utf-8
cache-control: no-cache

16:10:18.125 [AsyncHttpClient-1-11] DEBUG org.asynchttpclient.netty.channel.ChannelManager - Adding key: http://localhost:38575 for channel [id: 0x328d16b6, L:/127.0.0.1:50371 - R:localhost/127.0.0.1:38575]
16:10:18.125 [Forwarding getElementTagName on session a0e74f456880685bd85fd0226397e5c7 to remote] DEBUG org.asynchttpclient.netty.request.NettyRequestSender - Using pooled Channel '[id: 0x328d16b6, L:/127.0.0.1:50371 - R:localhost/127.0.0.1:38575]' for 'GET' to 'http://localhost:38575/session/a0e74f456880685bd85fd0226397e5c7/element/0119831290293F3DCBF276207ACFDC48_element_12/name'
16:10:18.127 [Forwarding getElementTagName on session a0e74f456880685bd85fd0226397e5c7 to remote] DEBUG org.asynchttpclient.netty.request.NettyRequestSender - Using open Channel [id: 0x328d16b6, L:/127.0.0.1:50371 - R:localhost/127.0.0.1:38575] for GET '/session/a0e74f456880685bd85fd0226397e5c7/element/0119831290293F3DCBF276207ACFDC48_element_12/name'
16:10:18.134 [AsyncHttpClient-1-11] DEBUG org.asynchttpclient.netty.handler.HttpHandler - 

Request DefaultFullHttpRequest(decodeResult: success, version: HTTP/1.1, content: EmptyByteBufBE)
GET /session/a0e74f456880685bd85fd0226397e5c7/element/0119831290293F3DCBF276207ACFDC48_element_12/name HTTP/1.1
User-Agent: selenium/4.8.1 (java windows)
Cache-Control: no-cache
Content-Type: application/json; charset=utf-8
host: localhost:38575
accept: */*

Response DefaultHttpResponse(decodeResult: success, version: HTTP/1.1)
HTTP/1.1 200 OK
Content-Length: 16
Content-Type: application/json; charset=utf-8
cache-control: no-cache

16:10:18.136 [AsyncHttpClient-1-11] DEBUG org.asynchttpclient.netty.channel.ChannelManager - Adding key: http://localhost:38575 for channel [id: 0x328d16b6, L:/127.0.0.1:50371 - R:localhost/127.0.0.1:38575]
16:10:18.136 [Forwarding getElementTagName on session a0e74f456880685bd85fd0226397e5c7 to remote] DEBUG org.asynchttpclient.netty.request.NettyRequestSender - Using pooled Channel '[id: 0x328d16b6, L:/127.0.0.1:50371 - R:localhost/127.0.0.1:38575]' for 'GET' to 'http://localhost:38575/session/a0e74f456880685bd85fd0226397e5c7/element/0119831290293F3DCBF276207ACFDC48_element_12/name'
16:10:18.136 [Forwarding getElementTagName on session a0e74f456880685bd85fd0226397e5c7 to remote] DEBUG org.asynchttpclient.netty.request.NettyRequestSender - Using open Channel [id: 0x328d16b6, L:/127.0.0.1:50371 - R:localhost/127.0.0.1:38575] for GET '/session/a0e74f456880685bd85fd0226397e5c7/element/0119831290293F3DCBF276207ACFDC48_element_12/name'
16:10:18.145 [AsyncHttpClient-1-11] DEBUG org.asynchttpclient.netty.handler.HttpHandler - 

Request DefaultFullHttpRequest(decodeResult: success, version: HTTP/1.1, content: EmptyByteBufBE)
GET /session/a0e74f456880685bd85fd0226397e5c7/element/0119831290293F3DCBF276207ACFDC48_element_12/name HTTP/1.1
User-Agent: selenium/4.8.1 (java windows)
Cache-Control: no-cache
Content-Type: application/json; charset=utf-8
host: localhost:38575
accept: */*

Response DefaultHttpResponse(decodeResult: success, version: HTTP/1.1)
HTTP/1.1 200 OK
Content-Length: 16
Content-Type: application/json; charset=utf-8
cache-control: no-cache

16:10:18.145 [AsyncHttpClient-1-11] DEBUG org.asynchttpclient.netty.channel.ChannelManager - Adding key: http://localhost:38575 for channel [id: 0x328d16b6, L:/127.0.0.1:50371 - R:localhost/127.0.0.1:38575]
16:10:18.146 [Forwarding findElement on session a0e74f456880685bd85fd0226397e5c7 to remote] DEBUG org.asynchttpclient.netty.request.NettyRequestSender - Using pooled Channel '[id: 0x328d16b6, L:/127.0.0.1:50371 - R:localhost/127.0.0.1:38575]' for 'POST' to 'http://localhost:38575/session/a0e74f456880685bd85fd0226397e5c7/element'
16:10:18.146 [Forwarding findElement on session a0e74f456880685bd85fd0226397e5c7 to remote] DEBUG org.asynchttpclient.netty.request.NettyRequestSender - Using open Channel [id: 0x328d16b6, L:/127.0.0.1:50371 - R:localhost/127.0.0.1:38575] for POST '/session/a0e74f456880685bd85fd0226397e5c7/element'
16:10:18.158 [AsyncHttpClient-1-11] DEBUG org.asynchttpclient.netty.handler.HttpHandler - 

Request DefaultHttpRequest(decodeResult: success, version: HTTP/1.1)
POST /session/a0e74f456880685bd85fd0226397e5c7/element HTTP/1.1
User-Agent: selenium/4.8.1 (java windows)
Content-Length: 168
Content-Type: application/json; charset=utf-8
host: localhost:38575
accept: */*

Response DefaultHttpResponse(decodeResult: success, version: HTTP/1.1)
HTTP/1.1 200 OK
Content-Length: 95
Content-Type: application/json; charset=utf-8
cache-control: no-cache

16:10:18.158 [AsyncHttpClient-1-11] DEBUG org.asynchttpclient.netty.channel.ChannelManager - Adding key: http://localhost:38575 for channel [id: 0x328d16b6, L:/127.0.0.1:50371 - R:localhost/127.0.0.1:38575]
16:10:18.159 [Forwarding clickElement on session a0e74f456880685bd85fd0226397e5c7 to remote] DEBUG org.asynchttpclient.netty.request.NettyRequestSender - Using pooled Channel '[id: 0x328d16b6, L:/127.0.0.1:50371 - R:localhost/127.0.0.1:38575]' for 'POST' to 'http://localhost:38575/session/a0e74f456880685bd85fd0226397e5c7/element/0119831290293F3DCBF276207ACFDC48_element_12/click'
16:10:18.159 [Forwarding clickElement on session a0e74f456880685bd85fd0226397e5c7 to remote] DEBUG org.asynchttpclient.netty.request.NettyRequestSender - Using open Channel [id: 0x328d16b6, L:/127.0.0.1:50371 - R:localhost/127.0.0.1:38575] for POST '/session/a0e74f456880685bd85fd0226397e5c7/element/0119831290293F3DCBF276207ACFDC48_element_12/click'
16:10:18.180 [AsyncHttpClient-1-1] DEBUG org.asynchttpclient.netty.channel.DefaultChannelPool - Entry count for : http://localhost:50372 : 1
16:10:18.229 [AsyncHttpClient-1-11] DEBUG org.asynchttpclient.netty.handler.HttpHandler - 

Request DefaultHttpRequest(decodeResult: success, version: HTTP/1.1)
POST /session/a0e74f456880685bd85fd0226397e5c7/element/0119831290293F3DCBF276207ACFDC48_element_12/click HTTP/1.1
User-Agent: selenium/4.8.1 (java windows)
Content-Length: 57
Content-Type: application/json; charset=utf-8
host: localhost:38575
accept: */*

Response DefaultHttpResponse(decodeResult: success, version: HTTP/1.1)
HTTP/1.1 200 OK
Content-Length: 14
Content-Type: application/json; charset=utf-8
cache-control: no-cache

16:10:18.229 [AsyncHttpClient-1-11] DEBUG org.asynchttpclient.netty.channel.ChannelManager - Adding key: http://localhost:38575 for channel [id: 0x328d16b6, L:/127.0.0.1:50371 - R:localhost/127.0.0.1:38575]
16:10:19.251 [Forwarding getAlertText on session a0e74f456880685bd85fd0226397e5c7 to remote] DEBUG org.asynchttpclient.netty.request.NettyRequestSender - Using pooled Channel '[id: 0x328d16b6, L:/127.0.0.1:50371 - R:localhost/127.0.0.1:38575]' for 'GET' to 'http://localhost:38575/session/a0e74f456880685bd85fd0226397e5c7/alert/text'
16:10:19.251 [Forwarding getAlertText on session a0e74f456880685bd85fd0226397e5c7 to remote] DEBUG org.asynchttpclient.netty.request.NettyRequestSender - Using open Channel [id: 0x328d16b6, L:/127.0.0.1:50371 - R:localhost/127.0.0.1:38575] for GET '/session/a0e74f456880685bd85fd0226397e5c7/alert/text'
16:10:19.281 [AsyncHttpClient-1-1] DEBUG org.asynchttpclient.netty.channel.DefaultChannelPool - Entry count for : http://localhost:50372 : 1
16:10:20.380 [AsyncHttpClient-1-1] DEBUG org.asynchttpclient.netty.channel.DefaultChannelPool - Entry count for : http://localhost:50372 : 1
16:10:21.036 [AsyncHttpClient-1-11] DEBUG org.asynchttpclient.netty.handler.HttpHandler - 

Request DefaultFullHttpRequest(decodeResult: success, version: HTTP/1.1, content: EmptyByteBufBE)
GET /session/a0e74f456880685bd85fd0226397e5c7/alert/text HTTP/1.1
User-Agent: selenium/4.8.1 (java windows)
Cache-Control: no-cache
Content-Type: application/json; charset=utf-8
host: localhost:38575
accept: */*

Response DefaultHttpResponse(decodeResult: success, version: HTTP/1.1)
HTTP/1.1 404 Not Found
Content-Length: 820
Content-Type: application/json; charset=utf-8
cache-control: no-cache

16:10:21.036 [AsyncHttpClient-1-11] DEBUG org.asynchttpclient.netty.channel.ChannelManager - Adding key: http://localhost:38575 for channel [id: 0x328d16b6, L:/127.0.0.1:50371 - R:localhost/127.0.0.1:38575]
16:10:21.037 [Forwarding getCurrentUrl on session a0e74f456880685bd85fd0226397e5c7 to remote] DEBUG org.asynchttpclient.netty.request.NettyRequestSender - Using pooled Channel '[id: 0x328d16b6, L:/127.0.0.1:50371 - R:localhost/127.0.0.1:38575]' for 'GET' to 'http://localhost:38575/session/a0e74f456880685bd85fd0226397e5c7/url'
16:10:21.037 [Forwarding getCurrentUrl on session a0e74f456880685bd85fd0226397e5c7 to remote] DEBUG org.asynchttpclient.netty.request.NettyRequestSender - Using open Channel [id: 0x328d16b6, L:/127.0.0.1:50371 - R:localhost/127.0.0.1:38575] for GET '/session/a0e74f456880685bd85fd0226397e5c7/url'
16:10:21.052 [AsyncHttpClient-1-11] DEBUG org.asynchttpclient.netty.handler.HttpHandler - 

Request DefaultFullHttpRequest(decodeResult: success, version: HTTP/1.1, content: EmptyByteBufBE)
GET /session/a0e74f456880685bd85fd0226397e5c7/url HTTP/1.1
User-Agent: selenium/4.8.1 (java windows)
Cache-Control: no-cache
Content-Type: application/json; charset=utf-8
host: localhost:38575
accept: */*

Response DefaultHttpResponse(decodeResult: success, version: HTTP/1.1)
HTTP/1.1 200 OK
Content-Length: 41
Content-Type: application/json; charset=utf-8
cache-control: no-cache

16:10:21.052 [AsyncHttpClient-1-11] DEBUG org.asynchttpclient.netty.channel.ChannelManager - Adding key: http://localhost:38575 for channel [id: 0x328d16b6, L:/127.0.0.1:50371 - R:localhost/127.0.0.1:38575]
16:10:21.053 [Forwarding screenshot on session a0e74f456880685bd85fd0226397e5c7 to remote] DEBUG org.asynchttpclient.netty.request.NettyRequestSender - Using pooled Channel '[id: 0x328d16b6, L:/127.0.0.1:50371 - R:localhost/127.0.0.1:38575]' for 'GET' to 'http://localhost:38575/session/a0e74f456880685bd85fd0226397e5c7/screenshot'
16:10:21.053 [Forwarding screenshot on session a0e74f456880685bd85fd0226397e5c7 to remote] DEBUG org.asynchttpclient.netty.request.NettyRequestSender - Using open Channel [id: 0x328d16b6, L:/127.0.0.1:50371 - R:localhost/127.0.0.1:38575] for GET '/session/a0e74f456880685bd85fd0226397e5c7/screenshot'
16:10:21.227 [AsyncHttpClient-1-11] DEBUG org.asynchttpclient.netty.handler.HttpHandler - 

Request DefaultFullHttpRequest(decodeResult: success, version: HTTP/1.1, content: EmptyByteBufBE)
GET /session/a0e74f456880685bd85fd0226397e5c7/screenshot HTTP/1.1
User-Agent: selenium/4.8.1 (java windows)
Cache-Control: no-cache
Content-Type: application/json; charset=utf-8
host: localhost:38575
accept: */*

Response DefaultHttpResponse(decodeResult: success, version: HTTP/1.1)
HTTP/1.1 200 OK
Content-Length: 97512
Content-Type: application/json; charset=utf-8
cache-control: no-cache

16:10:21.228 [AsyncHttpClient-1-11] DEBUG org.asynchttpclient.netty.channel.ChannelManager - Adding key: http://localhost:38575 for channel [id: 0x328d16b6, L:/127.0.0.1:50371 - R:localhost/127.0.0.1:38575]
16:10:21.230 [main] DEBUG net.serenitybdd.core.photography.Darkroom - Send negative for processing for target\site\serenity\d0da2d90b0f33d176584f0d65aca389c92f219cd83fb588395c2e81e8757e213.png
16:10:21.230 [main] DEBUG net.thucydides.core.steps.StepInterceptor - STEP DONE: ClickkButton
16:10:21.230 [Darkroom Processing Line] DEBUG net.serenitybdd.core.photography.DarkroomProcessingLine - Processing screenshot image in /var/screenshots/screenshot-17396058813524750085
16:10:21.230 [Darkroom Processing Line] DEBUG net.serenitybdd.core.photography.DarkroomProcessingLine - Saving screenshot to target\site\serenity\d0da2d90b0f33d176584f0d65aca389c92f219cd83fb588395c2e81e8757e213.png
  &amp#27;[32mAnd &amp#27;[0m&amp#27;[32mclickk button&amp#27;[0m                              &amp#27;[90m# starter.stepdefinitions.ProductSteps.ClickkButton()&amp#27;[0m
16:10:21.239 [main] DEBUG net.thucydides.core.steps.StepInterceptor - STARTING STEP: ProductSteps.UserClickProduct - UserClickProduct
16:10:21.240 [Forwarding findElement on session a0e74f456880685bd85fd0226397e5c7 to remote] DEBUG org.asynchttpclient.netty.request.NettyRequestSender - Using pooled Channel '[id: 0x328d16b6, L:/127.0.0.1:50371 - R:localhost/127.0.0.1:38575]' for 'POST' to 'http://localhost:38575/session/a0e74f456880685bd85fd0226397e5c7/element'
16:10:21.240 [Forwarding findElement on session a0e74f456880685bd85fd0226397e5c7 to remote] DEBUG org.asynchttpclient.netty.request.NettyRequestSender - Using open Channel [id: 0x328d16b6, L:/127.0.0.1:50371 - R:localhost/127.0.0.1:38575] for POST '/session/a0e74f456880685bd85fd0226397e5c7/element'
16:10:21.259 [AsyncHttpClient-1-11] DEBUG org.asynchttpclient.netty.handler.HttpHandler - 

Request DefaultHttpRequest(decodeResult: success, version: HTTP/1.1)
POST /session/a0e74f456880685bd85fd0226397e5c7/element HTTP/1.1
User-Agent: selenium/4.8.1 (java windows)
Content-Length: 184
Content-Type: application/json; charset=utf-8
host: localhost:38575
accept: */*

Response DefaultHttpResponse(decodeResult: success, version: HTTP/1.1)
HTTP/1.1 200 OK
Content-Length: 95
Content-Type: application/json; charset=utf-8
cache-control: no-cache

16:10:21.260 [AsyncHttpClient-1-11] DEBUG org.asynchttpclient.netty.channel.ChannelManager - Adding key: http://localhost:38575 for channel [id: 0x328d16b6, L:/127.0.0.1:50371 - R:localhost/127.0.0.1:38575]
16:10:21.261 [Forwarding getElementTagName on session a0e74f456880685bd85fd0226397e5c7 to remote] DEBUG org.asynchttpclient.netty.request.NettyRequestSender - Using pooled Channel '[id: 0x328d16b6, L:/127.0.0.1:50371 - R:localhost/127.0.0.1:38575]' for 'GET' to 'http://localhost:38575/session/a0e74f456880685bd85fd0226397e5c7/element/0119831290293F3DCBF276207ACFDC48_element_15/name'
16:10:21.261 [Forwarding getElementTagName on session a0e74f456880685bd85fd0226397e5c7 to remote] DEBUG org.asynchttpclient.netty.request.NettyRequestSender - Using open Channel [id: 0x328d16b6, L:/127.0.0.1:50371 - R:localhost/127.0.0.1:38575] for GET '/session/a0e74f456880685bd85fd0226397e5c7/element/0119831290293F3DCBF276207ACFDC48_element_15/name'
16:10:21.270 [AsyncHttpClient-1-11] DEBUG org.asynchttpclient.netty.handler.HttpHandler - 

Request DefaultFullHttpRequest(decodeResult: success, version: HTTP/1.1, content: EmptyByteBufBE)
GET /session/a0e74f456880685bd85fd0226397e5c7/element/0119831290293F3DCBF276207ACFDC48_element_15/name HTTP/1.1
User-Agent: selenium/4.8.1 (java windows)
Cache-Control: no-cache
Content-Type: application/json; charset=utf-8
host: localhost:38575
accept: */*

Response DefaultHttpResponse(decodeResult: success, version: HTTP/1.1)
HTTP/1.1 200 OK
Content-Length: 18
Content-Type: application/json; charset=utf-8
cache-control: no-cache

16:10:21.270 [AsyncHttpClient-1-11] DEBUG org.asynchttpclient.netty.channel.ChannelManager - Adding key: http://localhost:38575 for channel [id: 0x328d16b6, L:/127.0.0.1:50371 - R:localhost/127.0.0.1:38575]
16:10:21.270 [Forwarding getElementTagName on session a0e74f456880685bd85fd0226397e5c7 to remote] DEBUG org.asynchttpclient.netty.request.NettyRequestSender - Using pooled Channel '[id: 0x328d16b6, L:/127.0.0.1:50371 - R:localhost/127.0.0.1:38575]' for 'GET' to 'http://localhost:38575/session/a0e74f456880685bd85fd0226397e5c7/element/0119831290293F3DCBF276207ACFDC48_element_15/name'
16:10:21.270 [Forwarding getElementTagName on session a0e74f456880685bd85fd0226397e5c7 to remote] DEBUG org.asynchttpclient.netty.request.NettyRequestSender - Using open Channel [id: 0x328d16b6, L:/127.0.0.1:50371 - R:localhost/127.0.0.1:38575] for GET '/session/a0e74f456880685bd85fd0226397e5c7/element/0119831290293F3DCBF276207ACFDC48_element_15/name'
16:10:21.280 [AsyncHttpClient-1-11] DEBUG org.asynchttpclient.netty.handler.HttpHandler - 

Request DefaultFullHttpRequest(decodeResult: success, version: HTTP/1.1, content: EmptyByteBufBE)
GET /session/a0e74f456880685bd85fd0226397e5c7/element/0119831290293F3DCBF276207ACFDC48_element_15/name HTTP/1.1
User-Agent: selenium/4.8.1 (java windows)
Cache-Control: no-cache
Content-Type: application/json; charset=utf-8
host: localhost:38575
accept: */*

Response DefaultHttpResponse(decodeResult: success, version: HTTP/1.1)
HTTP/1.1 200 OK
Content-Length: 18
Content-Type: application/json; charset=utf-8
cache-control: no-cache

16:10:21.280 [AsyncHttpClient-1-11] DEBUG org.asynchttpclient.netty.channel.ChannelManager - Adding key: http://localhost:38575 for channel [id: 0x328d16b6, L:/127.0.0.1:50371 - R:localhost/127.0.0.1:38575]
16:10:21.282 [Forwarding isElementEnabled on session a0e74f456880685bd85fd0226397e5c7 to remote] DEBUG org.asynchttpclient.netty.request.NettyRequestSender - Using pooled Channel '[id: 0x328d16b6, L:/127.0.0.1:50371 - R:localhost/127.0.0.1:38575]' for 'GET' to 'http://localhost:38575/session/a0e74f456880685bd85fd0226397e5c7/element/0119831290293F3DCBF276207ACFDC48_element_15/enabled'
16:10:21.282 [Forwarding isElementEnabled on session a0e74f456880685bd85fd0226397e5c7 to remote] DEBUG org.asynchttpclient.netty.request.NettyRequestSender - Using open Channel [id: 0x328d16b6, L:/127.0.0.1:50371 - R:localhost/127.0.0.1:38575] for GET '/session/a0e74f456880685bd85fd0226397e5c7/element/0119831290293F3DCBF276207ACFDC48_element_15/enabled'
16:10:21.293 [AsyncHttpClient-1-11] DEBUG org.asynchttpclient.netty.handler.HttpHandler - 

Request DefaultFullHttpRequest(decodeResult: success, version: HTTP/1.1, content: EmptyByteBufBE)
GET /session/a0e74f456880685bd85fd0226397e5c7/element/0119831290293F3DCBF276207ACFDC48_element_15/enabled HTTP/1.1
User-Agent: selenium/4.8.1 (java windows)
Cache-Control: no-cache
Content-Type: application/json; charset=utf-8
host: localhost:38575
accept: */*

Response DefaultHttpResponse(decodeResult: success, version: HTTP/1.1)
HTTP/1.1 200 OK
Content-Length: 14
Content-Type: application/json; charset=utf-8
cache-control: no-cache

16:10:21.294 [AsyncHttpClient-1-11] DEBUG org.asynchttpclient.netty.channel.ChannelManager - Adding key: http://localhost:38575 for channel [id: 0x328d16b6, L:/127.0.0.1:50371 - R:localhost/127.0.0.1:38575]
16:10:21.295 [Forwarding isElementEnabled on session a0e74f456880685bd85fd0226397e5c7 to remote] DEBUG org.asynchttpclient.netty.request.NettyRequestSender - Using pooled Channel '[id: 0x328d16b6, L:/127.0.0.1:50371 - R:localhost/127.0.0.1:38575]' for 'GET' to 'http://localhost:38575/session/a0e74f456880685bd85fd0226397e5c7/element/0119831290293F3DCBF276207ACFDC48_element_15/enabled'
16:10:21.295 [Forwarding isElementEnabled on session a0e74f456880685bd85fd0226397e5c7 to remote] DEBUG org.asynchttpclient.netty.request.NettyRequestSender - Using open Channel [id: 0x328d16b6, L:/127.0.0.1:50371 - R:localhost/127.0.0.1:38575] for GET '/session/a0e74f456880685bd85fd0226397e5c7/element/0119831290293F3DCBF276207ACFDC48_element_15/enabled'
16:10:21.305 [AsyncHttpClient-1-11] DEBUG org.asynchttpclient.netty.handler.HttpHandler - 

Request DefaultFullHttpRequest(decodeResult: success, version: HTTP/1.1, content: EmptyByteBufBE)
GET /session/a0e74f456880685bd85fd0226397e5c7/element/0119831290293F3DCBF276207ACFDC48_element_15/enabled HTTP/1.1
User-Agent: selenium/4.8.1 (java windows)
Cache-Control: no-cache
Content-Type: application/json; charset=utf-8
host: localhost:38575
accept: */*

Response DefaultHttpResponse(decodeResult: success, version: HTTP/1.1)
HTTP/1.1 200 OK
Content-Length: 14
Content-Type: application/json; charset=utf-8
cache-control: no-cache

16:10:21.305 [AsyncHttpClient-1-11] DEBUG org.asynchttpclient.netty.channel.ChannelManager - Adding key: http://localhost:38575 for channel [id: 0x328d16b6, L:/127.0.0.1:50371 - R:localhost/127.0.0.1:38575]
16:10:21.307 [Forwarding findElement on session a0e74f456880685bd85fd0226397e5c7 to remote] DEBUG org.asynchttpclient.netty.request.NettyRequestSender - Using pooled Channel '[id: 0x328d16b6, L:/127.0.0.1:50371 - R:localhost/127.0.0.1:38575]' for 'POST' to 'http://localhost:38575/session/a0e74f456880685bd85fd0226397e5c7/element'
16:10:21.307 [Forwarding findElement on session a0e74f456880685bd85fd0226397e5c7 to remote] DEBUG org.asynchttpclient.netty.request.NettyRequestSender - Using open Channel [id: 0x328d16b6, L:/127.0.0.1:50371 - R:localhost/127.0.0.1:38575] for POST '/session/a0e74f456880685bd85fd0226397e5c7/element'
16:10:21.323 [AsyncHttpClient-1-11] DEBUG org.asynchttpclient.netty.handler.HttpHandler - 

Request DefaultHttpRequest(decodeResult: success, version: HTTP/1.1)
POST /session/a0e74f456880685bd85fd0226397e5c7/element HTTP/1.1
User-Agent: selenium/4.8.1 (java windows)
Content-Length: 184
Content-Type: application/json; charset=utf-8
host: localhost:38575
accept: */*

Response DefaultHttpResponse(decodeResult: success, version: HTTP/1.1)
HTTP/1.1 200 OK
Content-Length: 95
Content-Type: application/json; charset=utf-8
cache-control: no-cache

16:10:21.323 [AsyncHttpClient-1-11] DEBUG org.asynchttpclient.netty.channel.ChannelManager - Adding key: http://localhost:38575 for channel [id: 0x328d16b6, L:/127.0.0.1:50371 - R:localhost/127.0.0.1:38575]
16:10:21.323 [Forwarding clickElement on session a0e74f456880685bd85fd0226397e5c7 to remote] DEBUG org.asynchttpclient.netty.request.NettyRequestSender - Using pooled Channel '[id: 0x328d16b6, L:/127.0.0.1:50371 - R:localhost/127.0.0.1:38575]' for 'POST' to 'http://localhost:38575/session/a0e74f456880685bd85fd0226397e5c7/element/0119831290293F3DCBF276207ACFDC48_element_15/click'
16:10:21.324 [Forwarding clickElement on session a0e74f456880685bd85fd0226397e5c7 to remote] DEBUG org.asynchttpclient.netty.request.NettyRequestSender - Using open Channel [id: 0x328d16b6, L:/127.0.0.1:50371 - R:localhost/127.0.0.1:38575] for POST '/session/a0e74f456880685bd85fd0226397e5c7/element/0119831290293F3DCBF276207ACFDC48_element_15/click'
16:10:21.465 [AsyncHttpClient-1-11] DEBUG org.asynchttpclient.netty.handler.HttpHandler - 

Request DefaultHttpRequest(decodeResult: success, version: HTTP/1.1)
POST /session/a0e74f456880685bd85fd0226397e5c7/element/0119831290293F3DCBF276207ACFDC48_element_15/click HTTP/1.1
User-Agent: selenium/4.8.1 (java windows)
Content-Length: 57
Content-Type: application/json; charset=utf-8
host: localhost:38575
accept: */*

Response DefaultHttpResponse(decodeResult: success, version: HTTP/1.1)
HTTP/1.1 200 OK
Content-Length: 14
Content-Type: application/json; charset=utf-8
cache-control: no-cache

16:10:21.466 [AsyncHttpClient-1-11] DEBUG org.asynchttpclient.netty.channel.ChannelManager - Adding key: http://localhost:38575 for channel [id: 0x328d16b6, L:/127.0.0.1:50371 - R:localhost/127.0.0.1:38575]
16:10:21.480 [AsyncHttpClient-1-1] DEBUG org.asynchttpclient.netty.channel.DefaultChannelPool - Entry count for : http://localhost:38575 : 1
16:10:21.480 [AsyncHttpClient-1-1] DEBUG org.asynchttpclient.netty.channel.DefaultChannelPool - Entry count for : http://localhost:50372 : 1
16:10:22.483 [Forwarding getAlertText on session a0e74f456880685bd85fd0226397e5c7 to remote] DEBUG org.asynchttpclient.netty.request.NettyRequestSender - Using pooled Channel '[id: 0x328d16b6, L:/127.0.0.1:50371 - R:localhost/127.0.0.1:38575]' for 'GET' to 'http://localhost:38575/session/a0e74f456880685bd85fd0226397e5c7/alert/text'
16:10:22.483 [Forwarding getAlertText on session a0e74f456880685bd85fd0226397e5c7 to remote] DEBUG org.asynchttpclient.netty.request.NettyRequestSender - Using open Channel [id: 0x328d16b6, L:/127.0.0.1:50371 - R:localhost/127.0.0.1:38575] for GET '/session/a0e74f456880685bd85fd0226397e5c7/alert/text'
16:10:22.485 [AsyncHttpClient-1-11] DEBUG org.asynchttpclient.netty.handler.HttpHandler - 

Request DefaultFullHttpRequest(decodeResult: success, version: HTTP/1.1, content: EmptyByteBufBE)
GET /session/a0e74f456880685bd85fd0226397e5c7/alert/text HTTP/1.1
User-Agent: selenium/4.8.1 (java windows)
Cache-Control: no-cache
Content-Type: application/json; charset=utf-8
host: localhost:38575
accept: */*

Response DefaultHttpResponse(decodeResult: success, version: HTTP/1.1)
HTTP/1.1 404 Not Found
Content-Length: 820
Content-Type: application/json; charset=utf-8
cache-control: no-cache

16:10:22.485 [AsyncHttpClient-1-11] DEBUG org.asynchttpclient.netty.channel.ChannelManager - Adding key: http://localhost:38575 for channel [id: 0x328d16b6, L:/127.0.0.1:50371 - R:localhost/127.0.0.1:38575]
16:10:22.486 [Forwarding getCurrentUrl on session a0e74f456880685bd85fd0226397e5c7 to remote] DEBUG org.asynchttpclient.netty.request.NettyRequestSender - Using pooled Channel '[id: 0x328d16b6, L:/127.0.0.1:50371 - R:localhost/127.0.0.1:38575]' for 'GET' to 'http://localhost:38575/session/a0e74f456880685bd85fd0226397e5c7/url'
16:10:22.486 [Forwarding getCurrentUrl on session a0e74f456880685bd85fd0226397e5c7 to remote] DEBUG org.asynchttpclient.netty.request.NettyRequestSender - Using open Channel [id: 0x328d16b6, L:/127.0.0.1:50371 - R:localhost/127.0.0.1:38575] for GET '/session/a0e74f456880685bd85fd0226397e5c7/url'
16:10:22.493 [AsyncHttpClient-1-11] DEBUG org.asynchttpclient.netty.handler.HttpHandler - 

Request DefaultFullHttpRequest(decodeResult: success, version: HTTP/1.1, content: EmptyByteBufBE)
GET /session/a0e74f456880685bd85fd0226397e5c7/url HTTP/1.1
User-Agent: selenium/4.8.1 (java windows)
Cache-Control: no-cache
Content-Type: application/json; charset=utf-8
host: localhost:38575
accept: */*

Response DefaultHttpResponse(decodeResult: success, version: HTTP/1.1)
HTTP/1.1 200 OK
Content-Length: 41
Content-Type: application/json; charset=utf-8
cache-control: no-cache

16:10:22.494 [AsyncHttpClient-1-11] DEBUG org.asynchttpclient.netty.channel.ChannelManager - Adding key: http://localhost:38575 for channel [id: 0x328d16b6, L:/127.0.0.1:50371 - R:localhost/127.0.0.1:38575]
16:10:22.494 [Forwarding screenshot on session a0e74f456880685bd85fd0226397e5c7 to remote] DEBUG org.asynchttpclient.netty.request.NettyRequestSender - Using pooled Channel '[id: 0x328d16b6, L:/127.0.0.1:50371 - R:localhost/127.0.0.1:38575]' for 'GET' to 'http://localhost:38575/session/a0e74f456880685bd85fd0226397e5c7/screenshot'
16:10:22.494 [Forwarding screenshot on session a0e74f456880685bd85fd0226397e5c7 to remote] DEBUG org.asynchttpclient.netty.request.NettyRequestSender - Using open Channel [id: 0x328d16b6, L:/127.0.0.1:50371 - R:localhost/127.0.0.1:38575] for GET '/session/a0e74f456880685bd85fd0226397e5c7/screenshot'
16:10:22.582 [AsyncHttpClient-1-11] DEBUG org.asynchttpclient.netty.handler.HttpHandler - 

Request DefaultFullHttpRequest(decodeResult: success, version: HTTP/1.1, content: EmptyByteBufBE)
GET /session/a0e74f456880685bd85fd0226397e5c7/screenshot HTTP/1.1
User-Agent: selenium/4.8.1 (java windows)
Cache-Control: no-cache
Content-Type: application/json; charset=utf-8
host: localhost:38575
accept: */*

Response DefaultHttpResponse(decodeResult: success, version: HTTP/1.1)
HTTP/1.1 200 OK
Content-Length: 98360
Content-Type: application/json; charset=utf-8
cache-control: no-cache

16:10:22.582 [AsyncHttpClient-1-11] DEBUG org.asynchttpclient.netty.channel.ChannelManager - Adding key: http://localhost:38575 for channel [id: 0x328d16b6, L:/127.0.0.1:50371 - R:localhost/127.0.0.1:38575]
16:10:22.585 [main] DEBUG net.serenitybdd.core.photography.Darkroom - Send negative for processing for target\site\serenity\5f6e1be6529f834b2d97623a27dbe0b368bc6b11e5dff07bc66876456aa8c030.png
16:10:22.585 [main] DEBUG net.thucydides.core.steps.StepInterceptor - STEP DONE: UserClickProduct
16:10:22.585 [Darkroom Processing Line] DEBUG net.serenitybdd.core.photography.DarkroomProcessingLine - Processing screenshot image in /var/screenshots/screenshot-5926355680703840256
16:10:22.585 [Darkroom Processing Line] DEBUG net.serenitybdd.core.photography.DarkroomProcessingLine - Saving screenshot to target\site\serenity\5f6e1be6529f834b2d97623a27dbe0b368bc6b11e5dff07bc66876456aa8c030.png
  &amp#27;[32mAnd &amp#27;[0m&amp#27;[32muser click product&amp#27;[0m                         &amp#27;[90m# starter.stepdefinitions.ProductSteps.UserClickProduct()&amp#27;[0m
16:10:22.591 [AsyncHttpClient-1-1] DEBUG org.asynchttpclient.netty.channel.DefaultChannelPool - Entry count for : http://localhost:38575 : 1
16:10:22.591 [AsyncHttpClient-1-1] DEBUG org.asynchttpclient.netty.channel.DefaultChannelPool - Entry count for : http://localhost:50372 : 1
16:10:22.595 [main] DEBUG net.thucydides.core.steps.StepInterceptor - STARTING STEP: ProductSteps.ItemGoesToBucket - ItemGoesToBucket
16:10:22.598 [Forwarding findElement on session a0e74f456880685bd85fd0226397e5c7 to remote] DEBUG org.asynchttpclient.netty.request.NettyRequestSender - Using pooled Channel '[id: 0x328d16b6, L:/127.0.0.1:50371 - R:localhost/127.0.0.1:38575]' for 'POST' to 'http://localhost:38575/session/a0e74f456880685bd85fd0226397e5c7/element'
16:10:22.598 [Forwarding findElement on session a0e74f456880685bd85fd0226397e5c7 to remote] DEBUG org.asynchttpclient.netty.request.NettyRequestSender - Using open Channel [id: 0x328d16b6, L:/127.0.0.1:50371 - R:localhost/127.0.0.1:38575] for POST '/session/a0e74f456880685bd85fd0226397e5c7/element'
16:10:22.616 [AsyncHttpClient-1-11] DEBUG org.asynchttpclient.netty.handler.HttpHandler - 

Request DefaultHttpRequest(decodeResult: success, version: HTTP/1.1)
POST /session/a0e74f456880685bd85fd0226397e5c7/element HTTP/1.1
User-Agent: selenium/4.8.1 (java windows)
Content-Length: 131
Content-Type: application/json; charset=utf-8
host: localhost:38575
accept: */*

Response DefaultHttpResponse(decodeResult: success, version: HTTP/1.1)
HTTP/1.1 200 OK
Content-Length: 95
Content-Type: application/json; charset=utf-8
cache-control: no-cache

16:10:22.616 [AsyncHttpClient-1-11] DEBUG org.asynchttpclient.netty.channel.ChannelManager - Adding key: http://localhost:38575 for channel [id: 0x328d16b6, L:/127.0.0.1:50371 - R:localhost/127.0.0.1:38575]
16:10:22.617 [Forwarding getElementTagName on session a0e74f456880685bd85fd0226397e5c7 to remote] DEBUG org.asynchttpclient.netty.request.NettyRequestSender - Using pooled Channel '[id: 0x328d16b6, L:/127.0.0.1:50371 - R:localhost/127.0.0.1:38575]' for 'GET' to 'http://localhost:38575/session/a0e74f456880685bd85fd0226397e5c7/element/0119831290293F3DCBF276207ACFDC48_element_16/name'
16:10:22.617 [Forwarding getElementTagName on session a0e74f456880685bd85fd0226397e5c7 to remote] DEBUG org.asynchttpclient.netty.request.NettyRequestSender - Using open Channel [id: 0x328d16b6, L:/127.0.0.1:50371 - R:localhost/127.0.0.1:38575] for GET '/session/a0e74f456880685bd85fd0226397e5c7/element/0119831290293F3DCBF276207ACFDC48_element_16/name'
16:10:22.624 [AsyncHttpClient-1-11] DEBUG org.asynchttpclient.netty.handler.HttpHandler - 

Request DefaultFullHttpRequest(decodeResult: success, version: HTTP/1.1, content: EmptyByteBufBE)
GET /session/a0e74f456880685bd85fd0226397e5c7/element/0119831290293F3DCBF276207ACFDC48_element_16/name HTTP/1.1
User-Agent: selenium/4.8.1 (java windows)
Cache-Control: no-cache
Content-Type: application/json; charset=utf-8
host: localhost:38575
accept: */*

Response DefaultHttpResponse(decodeResult: success, version: HTTP/1.1)
HTTP/1.1 200 OK
Content-Length: 16
Content-Type: application/json; charset=utf-8
cache-control: no-cache

16:10:22.624 [AsyncHttpClient-1-11] DEBUG org.asynchttpclient.netty.channel.ChannelManager - Adding key: http://localhost:38575 for channel [id: 0x328d16b6, L:/127.0.0.1:50371 - R:localhost/127.0.0.1:38575]
16:10:22.626 [Forwarding getElementTagName on session a0e74f456880685bd85fd0226397e5c7 to remote] DEBUG org.asynchttpclient.netty.request.NettyRequestSender - Using pooled Channel '[id: 0x328d16b6, L:/127.0.0.1:50371 - R:localhost/127.0.0.1:38575]' for 'GET' to 'http://localhost:38575/session/a0e74f456880685bd85fd0226397e5c7/element/0119831290293F3DCBF276207ACFDC48_element_16/name'
16:10:22.626 [Forwarding getElementTagName on session a0e74f456880685bd85fd0226397e5c7 to remote] DEBUG org.asynchttpclient.netty.request.NettyRequestSender - Using open Channel [id: 0x328d16b6, L:/127.0.0.1:50371 - R:localhost/127.0.0.1:38575] for GET '/session/a0e74f456880685bd85fd0226397e5c7/element/0119831290293F3DCBF276207ACFDC48_element_16/name'
16:10:22.633 [AsyncHttpClient-1-11] DEBUG org.asynchttpclient.netty.handler.HttpHandler - 

Request DefaultFullHttpRequest(decodeResult: success, version: HTTP/1.1, content: EmptyByteBufBE)
GET /session/a0e74f456880685bd85fd0226397e5c7/element/0119831290293F3DCBF276207ACFDC48_element_16/name HTTP/1.1
User-Agent: selenium/4.8.1 (java windows)
Cache-Control: no-cache
Content-Type: application/json; charset=utf-8
host: localhost:38575
accept: */*

Response DefaultHttpResponse(decodeResult: success, version: HTTP/1.1)
HTTP/1.1 200 OK
Content-Length: 16
Content-Type: application/json; charset=utf-8
cache-control: no-cache

16:10:22.633 [AsyncHttpClient-1-11] DEBUG org.asynchttpclient.netty.channel.ChannelManager - Adding key: http://localhost:38575 for channel [id: 0x328d16b6, L:/127.0.0.1:50371 - R:localhost/127.0.0.1:38575]
16:10:22.635 [Forwarding findElement on session a0e74f456880685bd85fd0226397e5c7 to remote] DEBUG org.asynchttpclient.netty.request.NettyRequestSender - Using pooled Channel '[id: 0x328d16b6, L:/127.0.0.1:50371 - R:localhost/127.0.0.1:38575]' for 'POST' to 'http://localhost:38575/session/a0e74f456880685bd85fd0226397e5c7/element'
16:10:22.635 [Forwarding findElement on session a0e74f456880685bd85fd0226397e5c7 to remote] DEBUG org.asynchttpclient.netty.request.NettyRequestSender - Using open Channel [id: 0x328d16b6, L:/127.0.0.1:50371 - R:localhost/127.0.0.1:38575] for POST '/session/a0e74f456880685bd85fd0226397e5c7/element'
16:10:22.650 [AsyncHttpClient-1-11] DEBUG org.asynchttpclient.netty.handler.HttpHandler - 

Request DefaultHttpRequest(decodeResult: success, version: HTTP/1.1)
POST /session/a0e74f456880685bd85fd0226397e5c7/element HTTP/1.1
User-Agent: selenium/4.8.1 (java windows)
Content-Length: 131
Content-Type: application/json; charset=utf-8
host: localhost:38575
accept: */*

Response DefaultHttpResponse(decodeResult: success, version: HTTP/1.1)
HTTP/1.1 200 OK
Content-Length: 95
Content-Type: application/json; charset=utf-8
cache-control: no-cache

16:10:22.650 [AsyncHttpClient-1-11] DEBUG org.asynchttpclient.netty.channel.ChannelManager - Adding key: http://localhost:38575 for channel [id: 0x328d16b6, L:/127.0.0.1:50371 - R:localhost/127.0.0.1:38575]
16:10:22.652 [Forwarding clickElement on session a0e74f456880685bd85fd0226397e5c7 to remote] DEBUG org.asynchttpclient.netty.request.NettyRequestSender - Using pooled Channel '[id: 0x328d16b6, L:/127.0.0.1:50371 - R:localhost/127.0.0.1:38575]' for 'POST' to 'http://localhost:38575/session/a0e74f456880685bd85fd0226397e5c7/element/0119831290293F3DCBF276207ACFDC48_element_16/click'
16:10:22.652 [Forwarding clickElement on session a0e74f456880685bd85fd0226397e5c7 to remote] DEBUG org.asynchttpclient.netty.request.NettyRequestSender - Using open Channel [id: 0x328d16b6, L:/127.0.0.1:50371 - R:localhost/127.0.0.1:38575] for POST '/session/a0e74f456880685bd85fd0226397e5c7/element/0119831290293F3DCBF276207ACFDC48_element_16/click'
16:10:22.735 [AsyncHttpClient-1-11] DEBUG org.asynchttpclient.netty.handler.HttpHandler - 

Request DefaultHttpRequest(decodeResult: success, version: HTTP/1.1)
POST /session/a0e74f456880685bd85fd0226397e5c7/element/0119831290293F3DCBF276207ACFDC48_element_16/click HTTP/1.1
User-Agent: selenium/4.8.1 (java windows)
Content-Length: 57
Content-Type: application/json; charset=utf-8
host: localhost:38575
accept: */*

Response DefaultHttpResponse(decodeResult: success, version: HTTP/1.1)
HTTP/1.1 200 OK
Content-Length: 14
Content-Type: application/json; charset=utf-8
cache-control: no-cache

16:10:22.735 [AsyncHttpClient-1-11] DEBUG org.asynchttpclient.netty.channel.ChannelManager - Adding key: http://localhost:38575 for channel [id: 0x328d16b6, L:/127.0.0.1:50371 - R:localhost/127.0.0.1:38575]
16:10:23.686 [AsyncHttpClient-1-1] DEBUG org.asynchttpclient.netty.channel.DefaultChannelPool - Entry count for : http://localhost:38575 : 1
16:10:23.686 [AsyncHttpClient-1-1] DEBUG org.asynchttpclient.netty.channel.DefaultChannelPool - Entry count for : http://localhost:50372 : 1
16:10:23.751 [Forwarding getAlertText on session a0e74f456880685bd85fd0226397e5c7 to remote] DEBUG org.asynchttpclient.netty.request.NettyRequestSender - Using pooled Channel '[id: 0x328d16b6, L:/127.0.0.1:50371 - R:localhost/127.0.0.1:38575]' for 'GET' to 'http://localhost:38575/session/a0e74f456880685bd85fd0226397e5c7/alert/text'
16:10:23.751 [Forwarding getAlertText on session a0e74f456880685bd85fd0226397e5c7 to remote] DEBUG org.asynchttpclient.netty.request.NettyRequestSender - Using open Channel [id: 0x328d16b6, L:/127.0.0.1:50371 - R:localhost/127.0.0.1:38575] for GET '/session/a0e74f456880685bd85fd0226397e5c7/alert/text'
16:10:23.754 [AsyncHttpClient-1-11] DEBUG org.asynchttpclient.netty.handler.HttpHandler - 

Request DefaultFullHttpRequest(decodeResult: success, version: HTTP/1.1, content: EmptyByteBufBE)
GET /session/a0e74f456880685bd85fd0226397e5c7/alert/text HTTP/1.1
User-Agent: selenium/4.8.1 (java windows)
Cache-Control: no-cache
Content-Type: application/json; charset=utf-8
host: localhost:38575
accept: */*

Response DefaultHttpResponse(decodeResult: success, version: HTTP/1.1)
HTTP/1.1 404 Not Found
Content-Length: 820
Content-Type: application/json; charset=utf-8
cache-control: no-cache

16:10:23.754 [AsyncHttpClient-1-11] DEBUG org.asynchttpclient.netty.channel.ChannelManager - Adding key: http://localhost:38575 for channel [id: 0x328d16b6, L:/127.0.0.1:50371 - R:localhost/127.0.0.1:38575]
16:10:23.755 [Forwarding getCurrentUrl on session a0e74f456880685bd85fd0226397e5c7 to remote] DEBUG org.asynchttpclient.netty.request.NettyRequestSender - Using pooled Channel '[id: 0x328d16b6, L:/127.0.0.1:50371 - R:localhost/127.0.0.1:38575]' for 'GET' to 'http://localhost:38575/session/a0e74f456880685bd85fd0226397e5c7/url'
16:10:23.755 [Forwarding getCurrentUrl on session a0e74f456880685bd85fd0226397e5c7 to remote] DEBUG org.asynchttpclient.netty.request.NettyRequestSender - Using open Channel [id: 0x328d16b6, L:/127.0.0.1:50371 - R:localhost/127.0.0.1:38575] for GET '/session/a0e74f456880685bd85fd0226397e5c7/url'
16:10:23.762 [AsyncHttpClient-1-11] DEBUG org.asynchttpclient.netty.handler.HttpHandler - 

Request DefaultFullHttpRequest(decodeResult: success, version: HTTP/1.1, content: EmptyByteBufBE)
GET /session/a0e74f456880685bd85fd0226397e5c7/url HTTP/1.1
User-Agent: selenium/4.8.1 (java windows)
Cache-Control: no-cache
Content-Type: application/json; charset=utf-8
host: localhost:38575
accept: */*

Response DefaultHttpResponse(decodeResult: success, version: HTTP/1.1)
HTTP/1.1 200 OK
Content-Length: 46
Content-Type: application/json; charset=utf-8
cache-control: no-cache

16:10:23.762 [AsyncHttpClient-1-11] DEBUG org.asynchttpclient.netty.channel.ChannelManager - Adding key: http://localhost:38575 for channel [id: 0x328d16b6, L:/127.0.0.1:50371 - R:localhost/127.0.0.1:38575]
16:10:23.763 [Forwarding screenshot on session a0e74f456880685bd85fd0226397e5c7 to remote] DEBUG org.asynchttpclient.netty.request.NettyRequestSender - Using pooled Channel '[id: 0x328d16b6, L:/127.0.0.1:50371 - R:localhost/127.0.0.1:38575]' for 'GET' to 'http://localhost:38575/session/a0e74f456880685bd85fd0226397e5c7/screenshot'
16:10:23.763 [Forwarding screenshot on session a0e74f456880685bd85fd0226397e5c7 to remote] DEBUG org.asynchttpclient.netty.request.NettyRequestSender - Using open Channel [id: 0x328d16b6, L:/127.0.0.1:50371 - R:localhost/127.0.0.1:38575] for GET '/session/a0e74f456880685bd85fd0226397e5c7/screenshot'
16:10:23.837 [AsyncHttpClient-1-11] DEBUG org.asynchttpclient.netty.handler.HttpHandler - 

Request DefaultFullHttpRequest(decodeResult: success, version: HTTP/1.1, content: EmptyByteBufBE)
GET /session/a0e74f456880685bd85fd0226397e5c7/screenshot HTTP/1.1
User-Agent: selenium/4.8.1 (java windows)
Cache-Control: no-cache
Content-Type: application/json; charset=utf-8
host: localhost:38575
accept: */*

Response DefaultHttpResponse(decodeResult: success, version: HTTP/1.1)
HTTP/1.1 200 OK
Content-Length: 39512
Content-Type: application/json; charset=utf-8
cache-control: no-cache

16:10:23.837 [AsyncHttpClient-1-11] DEBUG org.asynchttpclient.netty.channel.ChannelManager - Adding key: http://localhost:38575 for channel [id: 0x328d16b6, L:/127.0.0.1:50371 - R:localhost/127.0.0.1:38575]
16:10:23.839 [main] DEBUG net.serenitybdd.core.photography.Darkroom - Send negative for processing for target\site\serenity\b38d8067940645a6d1fb107b92b18d147515804dca9d5f53ffc1f2be891ad251.png
16:10:23.839 [main] DEBUG net.thucydides.core.steps.StepInterceptor - STEP DONE: ItemGoesToBucket
  &amp#27;[32mAnd &amp#27;[0m&amp#27;[32mitem goes to bucket&amp#27;[0m                        &amp#27;[90m# starter.stepdefinitions.ProductSteps.ItemGoesToBucket()&amp#27;[0m
16:10:23.839 [Darkroom Processing Line] DEBUG net.serenitybdd.core.photography.DarkroomProcessingLine - Processing screenshot image in /var/screenshots/screenshot-2181659548982102105
16:10:23.839 [Darkroom Processing Line] DEBUG net.serenitybdd.core.photography.DarkroomProcessingLine - Saving screenshot to target\site\serenity\b38d8067940645a6d1fb107b92b18d147515804dca9d5f53ffc1f2be891ad251.png
16:10:23.852 [main] DEBUG net.thucydides.core.steps.StepInterceptor - STARTING STEP: ProductSteps.IWantToPay - IWantToPay
16:10:23.854 [Forwarding findElement on session a0e74f456880685bd85fd0226397e5c7 to remote] DEBUG org.asynchttpclient.netty.request.NettyRequestSender - Using pooled Channel '[id: 0x328d16b6, L:/127.0.0.1:50371 - R:localhost/127.0.0.1:38575]' for 'POST' to 'http://localhost:38575/session/a0e74f456880685bd85fd0226397e5c7/element'
16:10:23.854 [Forwarding findElement on session a0e74f456880685bd85fd0226397e5c7 to remote] DEBUG org.asynchttpclient.netty.request.NettyRequestSender - Using open Channel [id: 0x328d16b6, L:/127.0.0.1:50371 - R:localhost/127.0.0.1:38575] for POST '/session/a0e74f456880685bd85fd0226397e5c7/element'
16:10:23.867 [AsyncHttpClient-1-11] DEBUG org.asynchttpclient.netty.handler.HttpHandler - 

Request DefaultHttpRequest(decodeResult: success, version: HTTP/1.1)
POST /session/a0e74f456880685bd85fd0226397e5c7/element HTTP/1.1
User-Agent: selenium/4.8.1 (java windows)
Content-Length: 127
Content-Type: application/json; charset=utf-8
host: localhost:38575
accept: */*

Response DefaultHttpResponse(decodeResult: success, version: HTTP/1.1)
HTTP/1.1 200 OK
Content-Length: 95
Content-Type: application/json; charset=utf-8
cache-control: no-cache

16:10:23.868 [AsyncHttpClient-1-11] DEBUG org.asynchttpclient.netty.channel.ChannelManager - Adding key: http://localhost:38575 for channel [id: 0x328d16b6, L:/127.0.0.1:50371 - R:localhost/127.0.0.1:38575]
16:10:23.869 [Forwarding getElementTagName on session a0e74f456880685bd85fd0226397e5c7 to remote] DEBUG org.asynchttpclient.netty.request.NettyRequestSender - Using pooled Channel '[id: 0x328d16b6, L:/127.0.0.1:50371 - R:localhost/127.0.0.1:38575]' for 'GET' to 'http://localhost:38575/session/a0e74f456880685bd85fd0226397e5c7/element/0119831290293F3DCBF276207ACFDC48_element_18/name'
16:10:23.869 [Forwarding getElementTagName on session a0e74f456880685bd85fd0226397e5c7 to remote] DEBUG org.asynchttpclient.netty.request.NettyRequestSender - Using open Channel [id: 0x328d16b6, L:/127.0.0.1:50371 - R:localhost/127.0.0.1:38575] for GET '/session/a0e74f456880685bd85fd0226397e5c7/element/0119831290293F3DCBF276207ACFDC48_element_18/name'
16:10:23.876 [AsyncHttpClient-1-11] DEBUG org.asynchttpclient.netty.handler.HttpHandler - 

Request DefaultFullHttpRequest(decodeResult: success, version: HTTP/1.1, content: EmptyByteBufBE)
GET /session/a0e74f456880685bd85fd0226397e5c7/element/0119831290293F3DCBF276207ACFDC48_element_18/name HTTP/1.1
User-Agent: selenium/4.8.1 (java windows)
Cache-Control: no-cache
Content-Type: application/json; charset=utf-8
host: localhost:38575
accept: */*

Response DefaultHttpResponse(decodeResult: success, version: HTTP/1.1)
HTTP/1.1 200 OK
Content-Length: 18
Content-Type: application/json; charset=utf-8
cache-control: no-cache

16:10:23.876 [AsyncHttpClient-1-11] DEBUG org.asynchttpclient.netty.channel.ChannelManager - Adding key: http://localhost:38575 for channel [id: 0x328d16b6, L:/127.0.0.1:50371 - R:localhost/127.0.0.1:38575]
16:10:23.877 [Forwarding getElementTagName on session a0e74f456880685bd85fd0226397e5c7 to remote] DEBUG org.asynchttpclient.netty.request.NettyRequestSender - Using pooled Channel '[id: 0x328d16b6, L:/127.0.0.1:50371 - R:localhost/127.0.0.1:38575]' for 'GET' to 'http://localhost:38575/session/a0e74f456880685bd85fd0226397e5c7/element/0119831290293F3DCBF276207ACFDC48_element_18/name'
16:10:23.877 [Forwarding getElementTagName on session a0e74f456880685bd85fd0226397e5c7 to remote] DEBUG org.asynchttpclient.netty.request.NettyRequestSender - Using open Channel [id: 0x328d16b6, L:/127.0.0.1:50371 - R:localhost/127.0.0.1:38575] for GET '/session/a0e74f456880685bd85fd0226397e5c7/element/0119831290293F3DCBF276207ACFDC48_element_18/name'
16:10:23.885 [AsyncHttpClient-1-11] DEBUG org.asynchttpclient.netty.handler.HttpHandler - 

Request DefaultFullHttpRequest(decodeResult: success, version: HTTP/1.1, content: EmptyByteBufBE)
GET /session/a0e74f456880685bd85fd0226397e5c7/element/0119831290293F3DCBF276207ACFDC48_element_18/name HTTP/1.1
User-Agent: selenium/4.8.1 (java windows)
Cache-Control: no-cache
Content-Type: application/json; charset=utf-8
host: localhost:38575
accept: */*

Response DefaultHttpResponse(decodeResult: success, version: HTTP/1.1)
HTTP/1.1 200 OK
Content-Length: 18
Content-Type: application/json; charset=utf-8
cache-control: no-cache

16:10:23.885 [AsyncHttpClient-1-11] DEBUG org.asynchttpclient.netty.channel.ChannelManager - Adding key: http://localhost:38575 for channel [id: 0x328d16b6, L:/127.0.0.1:50371 - R:localhost/127.0.0.1:38575]
16:10:23.887 [Forwarding isElementEnabled on session a0e74f456880685bd85fd0226397e5c7 to remote] DEBUG org.asynchttpclient.netty.request.NettyRequestSender - Using pooled Channel '[id: 0x328d16b6, L:/127.0.0.1:50371 - R:localhost/127.0.0.1:38575]' for 'GET' to 'http://localhost:38575/session/a0e74f456880685bd85fd0226397e5c7/element/0119831290293F3DCBF276207ACFDC48_element_18/enabled'
16:10:23.887 [Forwarding isElementEnabled on session a0e74f456880685bd85fd0226397e5c7 to remote] DEBUG org.asynchttpclient.netty.request.NettyRequestSender - Using open Channel [id: 0x328d16b6, L:/127.0.0.1:50371 - R:localhost/127.0.0.1:38575] for GET '/session/a0e74f456880685bd85fd0226397e5c7/element/0119831290293F3DCBF276207ACFDC48_element_18/enabled'
16:10:23.896 [AsyncHttpClient-1-11] DEBUG org.asynchttpclient.netty.handler.HttpHandler - 

Request DefaultFullHttpRequest(decodeResult: success, version: HTTP/1.1, content: EmptyByteBufBE)
GET /session/a0e74f456880685bd85fd0226397e5c7/element/0119831290293F3DCBF276207ACFDC48_element_18/enabled HTTP/1.1
User-Agent: selenium/4.8.1 (java windows)
Cache-Control: no-cache
Content-Type: application/json; charset=utf-8
host: localhost:38575
accept: */*

Response DefaultHttpResponse(decodeResult: success, version: HTTP/1.1)
HTTP/1.1 200 OK
Content-Length: 14
Content-Type: application/json; charset=utf-8
cache-control: no-cache

16:10:23.896 [AsyncHttpClient-1-11] DEBUG org.asynchttpclient.netty.channel.ChannelManager - Adding key: http://localhost:38575 for channel [id: 0x328d16b6, L:/127.0.0.1:50371 - R:localhost/127.0.0.1:38575]
16:10:23.898 [Forwarding isElementEnabled on session a0e74f456880685bd85fd0226397e5c7 to remote] DEBUG org.asynchttpclient.netty.request.NettyRequestSender - Using pooled Channel '[id: 0x328d16b6, L:/127.0.0.1:50371 - R:localhost/127.0.0.1:38575]' for 'GET' to 'http://localhost:38575/session/a0e74f456880685bd85fd0226397e5c7/element/0119831290293F3DCBF276207ACFDC48_element_18/enabled'
16:10:23.898 [Forwarding isElementEnabled on session a0e74f456880685bd85fd0226397e5c7 to remote] DEBUG org.asynchttpclient.netty.request.NettyRequestSender - Using open Channel [id: 0x328d16b6, L:/127.0.0.1:50371 - R:localhost/127.0.0.1:38575] for GET '/session/a0e74f456880685bd85fd0226397e5c7/element/0119831290293F3DCBF276207ACFDC48_element_18/enabled'
16:10:23.908 [AsyncHttpClient-1-11] DEBUG org.asynchttpclient.netty.handler.HttpHandler - 

Request DefaultFullHttpRequest(decodeResult: success, version: HTTP/1.1, content: EmptyByteBufBE)
GET /session/a0e74f456880685bd85fd0226397e5c7/element/0119831290293F3DCBF276207ACFDC48_element_18/enabled HTTP/1.1
User-Agent: selenium/4.8.1 (java windows)
Cache-Control: no-cache
Content-Type: application/json; charset=utf-8
host: localhost:38575
accept: */*

Response DefaultHttpResponse(decodeResult: success, version: HTTP/1.1)
HTTP/1.1 200 OK
Content-Length: 14
Content-Type: application/json; charset=utf-8
cache-control: no-cache

16:10:23.908 [AsyncHttpClient-1-11] DEBUG org.asynchttpclient.netty.channel.ChannelManager - Adding key: http://localhost:38575 for channel [id: 0x328d16b6, L:/127.0.0.1:50371 - R:localhost/127.0.0.1:38575]
16:10:23.909 [Forwarding findElement on session a0e74f456880685bd85fd0226397e5c7 to remote] DEBUG org.asynchttpclient.netty.request.NettyRequestSender - Using pooled Channel '[id: 0x328d16b6, L:/127.0.0.1:50371 - R:localhost/127.0.0.1:38575]' for 'POST' to 'http://localhost:38575/session/a0e74f456880685bd85fd0226397e5c7/element'
16:10:23.909 [Forwarding findElement on session a0e74f456880685bd85fd0226397e5c7 to remote] DEBUG org.asynchttpclient.netty.request.NettyRequestSender - Using open Channel [id: 0x328d16b6, L:/127.0.0.1:50371 - R:localhost/127.0.0.1:38575] for POST '/session/a0e74f456880685bd85fd0226397e5c7/element'
16:10:23.919 [AsyncHttpClient-1-11] DEBUG org.asynchttpclient.netty.handler.HttpHandler - 

Request DefaultHttpRequest(decodeResult: success, version: HTTP/1.1)
POST /session/a0e74f456880685bd85fd0226397e5c7/element HTTP/1.1
User-Agent: selenium/4.8.1 (java windows)
Content-Length: 127
Content-Type: application/json; charset=utf-8
host: localhost:38575
accept: */*

Response DefaultHttpResponse(decodeResult: success, version: HTTP/1.1)
HTTP/1.1 200 OK
Content-Length: 95
Content-Type: application/json; charset=utf-8
cache-control: no-cache

16:10:23.919 [AsyncHttpClient-1-11] DEBUG org.asynchttpclient.netty.channel.ChannelManager - Adding key: http://localhost:38575 for channel [id: 0x328d16b6, L:/127.0.0.1:50371 - R:localhost/127.0.0.1:38575]
16:10:23.920 [Forwarding clickElement on session a0e74f456880685bd85fd0226397e5c7 to remote] DEBUG org.asynchttpclient.netty.request.NettyRequestSender - Using pooled Channel '[id: 0x328d16b6, L:/127.0.0.1:50371 - R:localhost/127.0.0.1:38575]' for 'POST' to 'http://localhost:38575/session/a0e74f456880685bd85fd0226397e5c7/element/0119831290293F3DCBF276207ACFDC48_element_18/click'
16:10:23.920 [Forwarding clickElement on session a0e74f456880685bd85fd0226397e5c7 to remote] DEBUG org.asynchttpclient.netty.request.NettyRequestSender - Using open Channel [id: 0x328d16b6, L:/127.0.0.1:50371 - R:localhost/127.0.0.1:38575] for POST '/session/a0e74f456880685bd85fd0226397e5c7/element/0119831290293F3DCBF276207ACFDC48_element_18/click'
16:10:23.968 [AsyncHttpClient-1-11] DEBUG org.asynchttpclient.netty.handler.HttpHandler - 

Request DefaultHttpRequest(decodeResult: success, version: HTTP/1.1)
POST /session/a0e74f456880685bd85fd0226397e5c7/element/0119831290293F3DCBF276207ACFDC48_element_18/click HTTP/1.1
User-Agent: selenium/4.8.1 (java windows)
Content-Length: 57
Content-Type: application/json; charset=utf-8
host: localhost:38575
accept: */*

Response DefaultHttpResponse(decodeResult: success, version: HTTP/1.1)
HTTP/1.1 200 OK
Content-Length: 14
Content-Type: application/json; charset=utf-8
cache-control: no-cache

16:10:23.968 [AsyncHttpClient-1-11] DEBUG org.asynchttpclient.netty.channel.ChannelManager - Adding key: http://localhost:38575 for channel [id: 0x328d16b6, L:/127.0.0.1:50371 - R:localhost/127.0.0.1:38575]
16:10:24.781 [AsyncHttpClient-1-1] DEBUG org.asynchttpclient.netty.channel.DefaultChannelPool - Entry count for : http://localhost:38575 : 1
16:10:24.781 [AsyncHttpClient-1-1] DEBUG org.asynchttpclient.netty.channel.DefaultChannelPool - Entry count for : http://localhost:50372 : 1
16:10:24.991 [Forwarding getAlertText on session a0e74f456880685bd85fd0226397e5c7 to remote] DEBUG org.asynchttpclient.netty.request.NettyRequestSender - Using pooled Channel '[id: 0x328d16b6, L:/127.0.0.1:50371 - R:localhost/127.0.0.1:38575]' for 'GET' to 'http://localhost:38575/session/a0e74f456880685bd85fd0226397e5c7/alert/text'
16:10:24.991 [Forwarding getAlertText on session a0e74f456880685bd85fd0226397e5c7 to remote] DEBUG org.asynchttpclient.netty.request.NettyRequestSender - Using open Channel [id: 0x328d16b6, L:/127.0.0.1:50371 - R:localhost/127.0.0.1:38575] for GET '/session/a0e74f456880685bd85fd0226397e5c7/alert/text'
16:10:24.993 [AsyncHttpClient-1-11] DEBUG org.asynchttpclient.netty.handler.HttpHandler - 

Request DefaultFullHttpRequest(decodeResult: success, version: HTTP/1.1, content: EmptyByteBufBE)
GET /session/a0e74f456880685bd85fd0226397e5c7/alert/text HTTP/1.1
User-Agent: selenium/4.8.1 (java windows)
Cache-Control: no-cache
Content-Type: application/json; charset=utf-8
host: localhost:38575
accept: */*

Response DefaultHttpResponse(decodeResult: success, version: HTTP/1.1)
HTTP/1.1 404 Not Found
Content-Length: 820
Content-Type: application/json; charset=utf-8
cache-control: no-cache

16:10:24.995 [AsyncHttpClient-1-11] DEBUG org.asynchttpclient.netty.channel.ChannelManager - Adding key: http://localhost:38575 for channel [id: 0x328d16b6, L:/127.0.0.1:50371 - R:localhost/127.0.0.1:38575]
16:10:24.996 [Forwarding getCurrentUrl on session a0e74f456880685bd85fd0226397e5c7 to remote] DEBUG org.asynchttpclient.netty.request.NettyRequestSender - Using pooled Channel '[id: 0x328d16b6, L:/127.0.0.1:50371 - R:localhost/127.0.0.1:38575]' for 'GET' to 'http://localhost:38575/session/a0e74f456880685bd85fd0226397e5c7/url'
16:10:24.996 [Forwarding getCurrentUrl on session a0e74f456880685bd85fd0226397e5c7 to remote] DEBUG org.asynchttpclient.netty.request.NettyRequestSender - Using open Channel [id: 0x328d16b6, L:/127.0.0.1:50371 - R:localhost/127.0.0.1:38575] for GET '/session/a0e74f456880685bd85fd0226397e5c7/url'
16:10:25.007 [AsyncHttpClient-1-11] DEBUG org.asynchttpclient.netty.handler.HttpHandler - 

Request DefaultFullHttpRequest(decodeResult: success, version: HTTP/1.1, content: EmptyByteBufBE)
GET /session/a0e74f456880685bd85fd0226397e5c7/url HTTP/1.1
User-Agent: selenium/4.8.1 (java windows)
Cache-Control: no-cache
Content-Type: application/json; charset=utf-8
host: localhost:38575
accept: */*

Response DefaultHttpResponse(decodeResult: success, version: HTTP/1.1)
HTTP/1.1 200 OK
Content-Length: 52
Content-Type: application/json; charset=utf-8
cache-control: no-cache

16:10:25.008 [AsyncHttpClient-1-11] DEBUG org.asynchttpclient.netty.channel.ChannelManager - Adding key: http://localhost:38575 for channel [id: 0x328d16b6, L:/127.0.0.1:50371 - R:localhost/127.0.0.1:38575]
16:10:25.009 [Forwarding screenshot on session a0e74f456880685bd85fd0226397e5c7 to remote] DEBUG org.asynchttpclient.netty.request.NettyRequestSender - Using pooled Channel '[id: 0x328d16b6, L:/127.0.0.1:50371 - R:localhost/127.0.0.1:38575]' for 'GET' to 'http://localhost:38575/session/a0e74f456880685bd85fd0226397e5c7/screenshot'
16:10:25.009 [Forwarding screenshot on session a0e74f456880685bd85fd0226397e5c7 to remote] DEBUG org.asynchttpclient.netty.request.NettyRequestSender - Using open Channel [id: 0x328d16b6, L:/127.0.0.1:50371 - R:localhost/127.0.0.1:38575] for GET '/session/a0e74f456880685bd85fd0226397e5c7/screenshot'
16:10:25.090 [AsyncHttpClient-1-11] DEBUG org.asynchttpclient.netty.handler.HttpHandler - 

Request DefaultFullHttpRequest(decodeResult: success, version: HTTP/1.1, content: EmptyByteBufBE)
GET /session/a0e74f456880685bd85fd0226397e5c7/screenshot HTTP/1.1
User-Agent: selenium/4.8.1 (java windows)
Cache-Control: no-cache
Content-Type: application/json; charset=utf-8
host: localhost:38575
accept: */*

Response DefaultHttpResponse(decodeResult: success, version: HTTP/1.1)
HTTP/1.1 200 OK
Content-Length: 36812
Content-Type: application/json; charset=utf-8
cache-control: no-cache

16:10:25.090 [AsyncHttpClient-1-11] DEBUG org.asynchttpclient.netty.channel.ChannelManager - Adding key: http://localhost:38575 for channel [id: 0x328d16b6, L:/127.0.0.1:50371 - R:localhost/127.0.0.1:38575]
16:10:25.092 [main] DEBUG net.serenitybdd.core.photography.Darkroom - Send negative for processing for target\site\serenity\1cf171cfd4a96bdb3d2d70ec7c686056c94fe0dba27d3adc8b7c2d2a995be6b7.png
16:10:25.092 [main] DEBUG net.thucydides.core.steps.StepInterceptor - STEP DONE: IWantToPay
  &amp#27;[32mAnd &amp#27;[0m&amp#27;[32mi want to pay&amp#27;[0m                              &amp#27;[90m# starter.stepdefinitions.ProductSteps.IWantToPay()&amp#27;[0m
16:10:25.092 [Darkroom Processing Line] DEBUG net.serenitybdd.core.photography.DarkroomProcessingLine - Processing screenshot image in /var/screenshots/screenshot-9957777914371707588
16:10:25.092 [Darkroom Processing Line] DEBUG net.serenitybdd.core.photography.DarkroomProcessingLine - Saving screenshot to target\site\serenity\1cf171cfd4a96bdb3d2d70ec7c686056c94fe0dba27d3adc8b7c2d2a995be6b7.png
16:10:25.101 [main] DEBUG net.thucydides.core.steps.StepInterceptor - STARTING STEP: ProductSteps.ISeeAllPurchaseTrasactions - ISeeAllPurchaseTrasactions
16:10:25.103 [Forwarding findElement on session a0e74f456880685bd85fd0226397e5c7 to remote] DEBUG org.asynchttpclient.netty.request.NettyRequestSender - Using pooled Channel '[id: 0x328d16b6, L:/127.0.0.1:50371 - R:localhost/127.0.0.1:38575]' for 'POST' to 'http://localhost:38575/session/a0e74f456880685bd85fd0226397e5c7/element'
16:10:25.103 [Forwarding findElement on session a0e74f456880685bd85fd0226397e5c7 to remote] DEBUG org.asynchttpclient.netty.request.NettyRequestSender - Using open Channel [id: 0x328d16b6, L:/127.0.0.1:50371 - R:localhost/127.0.0.1:38575] for POST '/session/a0e74f456880685bd85fd0226397e5c7/element'
16:10:25.118 [AsyncHttpClient-1-11] DEBUG org.asynchttpclient.netty.handler.HttpHandler - 

Request DefaultHttpRequest(decodeResult: success, version: HTTP/1.1)
POST /session/a0e74f456880685bd85fd0226397e5c7/element HTTP/1.1
User-Agent: selenium/4.8.1 (java windows)
Content-Length: 94
Content-Type: application/json; charset=utf-8
host: localhost:38575
accept: */*

Response DefaultHttpResponse(decodeResult: success, version: HTTP/1.1)
HTTP/1.1 200 OK
Content-Length: 95
Content-Type: application/json; charset=utf-8
cache-control: no-cache

16:10:25.118 [AsyncHttpClient-1-11] DEBUG org.asynchttpclient.netty.channel.ChannelManager - Adding key: http://localhost:38575 for channel [id: 0x328d16b6, L:/127.0.0.1:50371 - R:localhost/127.0.0.1:38575]
16:10:25.120 [Forwarding isElementDisplayed on session a0e74f456880685bd85fd0226397e5c7 to remote] DEBUG org.asynchttpclient.netty.request.NettyRequestSender - Using pooled Channel '[id: 0x328d16b6, L:/127.0.0.1:50371 - R:localhost/127.0.0.1:38575]' for 'POST' to 'http://localhost:38575/session/a0e74f456880685bd85fd0226397e5c7/execute/sync'
16:10:25.120 [Forwarding isElementDisplayed on session a0e74f456880685bd85fd0226397e5c7 to remote] DEBUG org.asynchttpclient.netty.request.NettyRequestSender - Using open Channel [id: 0x328d16b6, L:/127.0.0.1:50371 - R:localhost/127.0.0.1:38575] for POST '/session/a0e74f456880685bd85fd0226397e5c7/execute/sync'
16:10:25.133 [AsyncHttpClient-1-11] DEBUG org.asynchttpclient.netty.handler.HttpHandler - 

Request DefaultHttpRequest(decodeResult: success, version: HTTP/1.1)
POST /session/a0e74f456880685bd85fd0226397e5c7/execute/sync HTTP/1.1
User-Agent: selenium/4.8.1 (java windows)
Content-Length: 48814
Content-Type: application/json; charset=utf-8
host: localhost:38575
accept: */*

Response DefaultHttpResponse(decodeResult: success, version: HTTP/1.1)
HTTP/1.1 200 OK
Content-Length: 14
Content-Type: application/json; charset=utf-8
cache-control: no-cache

16:10:25.133 [AsyncHttpClient-1-11] DEBUG org.asynchttpclient.netty.channel.ChannelManager - Adding key: http://localhost:38575 for channel [id: 0x328d16b6, L:/127.0.0.1:50371 - R:localhost/127.0.0.1:38575]
16:10:25.135 [Forwarding isElementDisplayed on session a0e74f456880685bd85fd0226397e5c7 to remote] DEBUG org.asynchttpclient.netty.request.NettyRequestSender - Using pooled Channel '[id: 0x328d16b6, L:/127.0.0.1:50371 - R:localhost/127.0.0.1:38575]' for 'POST' to 'http://localhost:38575/session/a0e74f456880685bd85fd0226397e5c7/execute/sync'
16:10:25.135 [Forwarding isElementDisplayed on session a0e74f456880685bd85fd0226397e5c7 to remote] DEBUG org.asynchttpclient.netty.request.NettyRequestSender - Using open Channel [id: 0x328d16b6, L:/127.0.0.1:50371 - R:localhost/127.0.0.1:38575] for POST '/session/a0e74f456880685bd85fd0226397e5c7/execute/sync'
16:10:25.147 [AsyncHttpClient-1-11] DEBUG org.asynchttpclient.netty.handler.HttpHandler - 

Request DefaultHttpRequest(decodeResult: success, version: HTTP/1.1)
POST /session/a0e74f456880685bd85fd0226397e5c7/execute/sync HTTP/1.1
User-Agent: selenium/4.8.1 (java windows)
Content-Length: 48814
Content-Type: application/json; charset=utf-8
host: localhost:38575
accept: */*

Response DefaultHttpResponse(decodeResult: success, version: HTTP/1.1)
HTTP/1.1 200 OK
Content-Length: 14
Content-Type: application/json; charset=utf-8
cache-control: no-cache

16:10:25.147 [AsyncHttpClient-1-11] DEBUG org.asynchttpclient.netty.channel.ChannelManager - Adding key: http://localhost:38575 for channel [id: 0x328d16b6, L:/127.0.0.1:50371 - R:localhost/127.0.0.1:38575]
16:10:25.889 [AsyncHttpClient-1-1] DEBUG org.asynchttpclient.netty.channel.DefaultChannelPool - Entry count for : http://localhost:38575 : 1
16:10:25.889 [AsyncHttpClient-1-1] DEBUG org.asynchttpclient.netty.channel.DefaultChannelPool - Entry count for : http://localhost:50372 : 1
16:10:26.982 [AsyncHttpClient-1-1] DEBUG org.asynchttpclient.netty.channel.DefaultChannelPool - Entry count for : http://localhost:38575 : 1
16:10:26.983 [AsyncHttpClient-1-1] DEBUG org.asynchttpclient.netty.channel.DefaultChannelPool - Entry count for : http://localhost:50372 : 1
16:10:27.158 [Forwarding getAlertText on session a0e74f456880685bd85fd0226397e5c7 to remote] DEBUG org.asynchttpclient.netty.request.NettyRequestSender - Using pooled Channel '[id: 0x328d16b6, L:/127.0.0.1:50371 - R:localhost/127.0.0.1:38575]' for 'GET' to 'http://localhost:38575/session/a0e74f456880685bd85fd0226397e5c7/alert/text'
16:10:27.158 [Forwarding getAlertText on session a0e74f456880685bd85fd0226397e5c7 to remote] DEBUG org.asynchttpclient.netty.request.NettyRequestSender - Using open Channel [id: 0x328d16b6, L:/127.0.0.1:50371 - R:localhost/127.0.0.1:38575] for GET '/session/a0e74f456880685bd85fd0226397e5c7/alert/text'
16:10:27.161 [AsyncHttpClient-1-11] DEBUG org.asynchttpclient.netty.handler.HttpHandler - 

Request DefaultFullHttpRequest(decodeResult: success, version: HTTP/1.1, content: EmptyByteBufBE)
GET /session/a0e74f456880685bd85fd0226397e5c7/alert/text HTTP/1.1
User-Agent: selenium/4.8.1 (java windows)
Cache-Control: no-cache
Content-Type: application/json; charset=utf-8
host: localhost:38575
accept: */*

Response DefaultHttpResponse(decodeResult: success, version: HTTP/1.1)
HTTP/1.1 404 Not Found
Content-Length: 820
Content-Type: application/json; charset=utf-8
cache-control: no-cache

16:10:27.161 [AsyncHttpClient-1-11] DEBUG org.asynchttpclient.netty.channel.ChannelManager - Adding key: http://localhost:38575 for channel [id: 0x328d16b6, L:/127.0.0.1:50371 - R:localhost/127.0.0.1:38575]
16:10:27.162 [Forwarding getCurrentUrl on session a0e74f456880685bd85fd0226397e5c7 to remote] DEBUG org.asynchttpclient.netty.request.NettyRequestSender - Using pooled Channel '[id: 0x328d16b6, L:/127.0.0.1:50371 - R:localhost/127.0.0.1:38575]' for 'GET' to 'http://localhost:38575/session/a0e74f456880685bd85fd0226397e5c7/url'
16:10:27.162 [Forwarding getCurrentUrl on session a0e74f456880685bd85fd0226397e5c7 to remote] DEBUG org.asynchttpclient.netty.request.NettyRequestSender - Using open Channel [id: 0x328d16b6, L:/127.0.0.1:50371 - R:localhost/127.0.0.1:38575] for GET '/session/a0e74f456880685bd85fd0226397e5c7/url'
16:10:27.169 [AsyncHttpClient-1-11] DEBUG org.asynchttpclient.netty.handler.HttpHandler - 

Request DefaultFullHttpRequest(decodeResult: success, version: HTTP/1.1, content: EmptyByteBufBE)
GET /session/a0e74f456880685bd85fd0226397e5c7/url HTTP/1.1
User-Agent: selenium/4.8.1 (java windows)
Cache-Control: no-cache
Content-Type: application/json; charset=utf-8
host: localhost:38575
accept: */*

Response DefaultHttpResponse(decodeResult: success, version: HTTP/1.1)
HTTP/1.1 200 OK
Content-Length: 52
Content-Type: application/json; charset=utf-8
cache-control: no-cache

16:10:27.169 [AsyncHttpClient-1-11] DEBUG org.asynchttpclient.netty.channel.ChannelManager - Adding key: http://localhost:38575 for channel [id: 0x328d16b6, L:/127.0.0.1:50371 - R:localhost/127.0.0.1:38575]
16:10:27.170 [Forwarding screenshot on session a0e74f456880685bd85fd0226397e5c7 to remote] DEBUG org.asynchttpclient.netty.request.NettyRequestSender - Using pooled Channel '[id: 0x328d16b6, L:/127.0.0.1:50371 - R:localhost/127.0.0.1:38575]' for 'GET' to 'http://localhost:38575/session/a0e74f456880685bd85fd0226397e5c7/screenshot'
16:10:27.170 [Forwarding screenshot on session a0e74f456880685bd85fd0226397e5c7 to remote] DEBUG org.asynchttpclient.netty.request.NettyRequestSender - Using open Channel [id: 0x328d16b6, L:/127.0.0.1:50371 - R:localhost/127.0.0.1:38575] for GET '/session/a0e74f456880685bd85fd0226397e5c7/screenshot'
16:10:27.239 [AsyncHttpClient-1-11] DEBUG org.asynchttpclient.netty.handler.HttpHandler - 

Request DefaultFullHttpRequest(decodeResult: success, version: HTTP/1.1, content: EmptyByteBufBE)
GET /session/a0e74f456880685bd85fd0226397e5c7/screenshot HTTP/1.1
User-Agent: selenium/4.8.1 (java windows)
Cache-Control: no-cache
Content-Type: application/json; charset=utf-8
host: localhost:38575
accept: */*

Response DefaultHttpResponse(decodeResult: success, version: HTTP/1.1)
HTTP/1.1 200 OK
Content-Length: 36812
Content-Type: application/json; charset=utf-8
cache-control: no-cache

16:10:27.239 [AsyncHttpClient-1-11] DEBUG org.asynchttpclient.netty.channel.ChannelManager - Adding key: http://localhost:38575 for channel [id: 0x328d16b6, L:/127.0.0.1:50371 - R:localhost/127.0.0.1:38575]
16:10:27.241 [main] DEBUG net.serenitybdd.core.photography.Darkroom - Send negative for processing for target\site\serenity\1cf171cfd4a96bdb3d2d70ec7c686056c94fe0dba27d3adc8b7c2d2a995be6b7.png
16:10:27.241 [main] DEBUG net.thucydides.core.steps.StepInterceptor - STEP DONE: ISeeAllPurchaseTrasactions
  &amp#27;[32mThen &amp#27;[0m&amp#27;[32mI see all purchase transactions&amp#27;[0m           &amp#27;[90m# starter.stepdefinitions.ProductSteps.ISeeAllPurchaseTrasactions()&amp#27;[0m
16:10:27.246 [main] INFO  - 
  _____   ___   ___   _____     ___     _     ___   ___   ___   ___  
 |_   _| | __| / __| |_   _|   | _ \   /_\   / __| / __| | __| |   \ 
   | |   | _|  \__ \   | |     |  _/  / _ \  \__ \ \__ \ | _|  | |) |
   |_|   |___| |___/   |_|     |_|   /_/ \_\ |___/ |___/ |___| |___/ 

as a user i want to add item in bucket
----------------------------------------------------------------------
16:10:27.246 [Driver Command Executor] DEBUG org.asynchttpclient.netty.request.NettyRequestSender - Using pooled Channel '[id: 0x328d16b6, L:/127.0.0.1:50371 - R:localhost/127.0.0.1:38575]' for 'DELETE' to 'http://localhost:38575/session/a0e74f456880685bd85fd0226397e5c7'
16:10:27.246 [Driver Command Executor] DEBUG org.asynchttpclient.netty.request.NettyRequestSender - Using open Channel [id: 0x328d16b6, L:/127.0.0.1:50371 - R:localhost/127.0.0.1:38575] for DELETE '/session/a0e74f456880685bd85fd0226397e5c7'
16:10:27.246 [AsyncHttpClient-1-13] DEBUG org.asynchttpclient.netty.handler.WebSocketHandler - Channel Closed: [id: 0xf92d0f4f, L:/127.0.0.1:50378 ! R:localhost/127.0.0.1:50372] with attribute NettyResponseFuture{currentRetry=0,
	isDone=1,
	isCancelled=0,
	asyncHandler=org.asynchttpclient.ws.WebSocketUpgradeHandler@3545b870,
	nettyRequest=org.asynchttpclient.netty.request.NettyRequest@704730bc,
	future=java.util.concurrent.CompletableFuture@2133c867[Completed normally],
	uri=ws://localhost:50372/devtools/browser/7cf6a19f-a847-4057-8576-6b14615890db,
	keepAlive=true,
	redirectCount=0,
	timeoutsHolder=null,
	inAuth=0,
	touch=1683709814460}
16:10:27.247 [AsyncHttpClient-1-13] DEBUG org.asynchttpclient.netty.channel.ChannelManager - Closing Channel [id: 0xf92d0f4f, L:/127.0.0.1:50378 ! R:localhost/127.0.0.1:50372] 
16:10:27.265 [AsyncHttpClient-1-12] DEBUG org.asynchttpclient.netty.handler.HttpHandler - Unexpected I/O exception on channel [id: 0xca37abae, L:/127.0.0.1:50377 - R:localhost/127.0.0.1:50372]
java.net.SocketException: Connection reset
	at java.base/sun.nio.ch.SocketChannelImpl.throwConnectionReset(SocketChannelImpl.java:401)
	at java.base/sun.nio.ch.SocketChannelImpl.read(SocketChannelImpl.java:434)
	at io.netty.buffer.PooledByteBuf.setBytes(PooledByteBuf.java:259)
	at io.netty.buffer.AbstractByteBuf.writeBytes(AbstractByteBuf.java:1132)
	at io.netty.channel.socket.nio.NioSocketChannel.doReadBytes(NioSocketChannel.java:357)
	at io.netty.channel.nio.AbstractNioByteChannel$NioByteUnsafe.read(AbstractNioByteChannel.java:151)
	at io.netty.channel.nio.NioEventLoop.processSelectedKey(NioEventLoop.java:788)
	at io.netty.channel.nio.NioEventLoop.processSelectedKeysOptimized(NioEventLoop.java:724)
	at io.netty.channel.nio.NioEventLoop.processSelectedKeys(NioEventLoop.java:650)
	at io.netty.channel.nio.NioEventLoop.run(NioEventLoop.java:562)
	at io.netty.util.concurrent.SingleThreadEventExecutor$4.run(SingleThreadEventExecutor.java:997)
	at io.netty.util.internal.ThreadExecutorMap$2.run(ThreadExecutorMap.java:74)
	at io.netty.util.concurrent.FastThreadLocalRunnable.run(FastThreadLocalRunnable.java:30)
	at java.base/java.lang.Thread.run(Thread.java:1589)
16:10:27.265 [AsyncHttpClient-1-12] DEBUG org.asynchttpclient.netty.channel.ChannelManager - Closing Channel [id: 0xca37abae, L:/127.0.0.1:50377 - R:localhost/127.0.0.1:50372] 
16:10:27.265 [AsyncHttpClient-1-12] DEBUG org.asynchttpclient.netty.handler.HttpHandler - Channel Closed: [id: 0xca37abae, L:/127.0.0.1:50377 ! R:localhost/127.0.0.1:50372] with attribute DISCARD
16:10:27.300 [AsyncHttpClient-1-11] DEBUG org.asynchttpclient.netty.handler.HttpHandler - 

Request DefaultFullHttpRequest(decodeResult: success, version: HTTP/1.1, content: EmptyByteBufBE)
DELETE /session/a0e74f456880685bd85fd0226397e5c7 HTTP/1.1
User-Agent: selenium/4.8.1 (java windows)
Content-Type: application/json; charset=utf-8
host: localhost:38575
accept: */*

Response DefaultHttpResponse(decodeResult: success, version: HTTP/1.1)
HTTP/1.1 200 OK
Content-Length: 14
Content-Type: application/json; charset=utf-8
cache-control: no-cache

16:10:27.301 [AsyncHttpClient-1-11] DEBUG org.asynchttpclient.netty.channel.ChannelManager - Adding key: http://localhost:38575 for channel [id: 0x328d16b6, L:/127.0.0.1:50371 - R:localhost/127.0.0.1:38575]
16:10:27.426 [AsyncHttpClient-1-11] DEBUG org.asynchttpclient.netty.handler.HttpHandler - Channel Closed: [id: 0x328d16b6, L:/127.0.0.1:50371 ! R:localhost/127.0.0.1:38575] with attribute DISCARD
]]></system-out>
    <system-err><![CDATA[Starting ChromeDriver 113.0.5672.63 (0e1a4471d5ae5bf128b1bd8f4d627c8cbd55f70c-refs/branch-heads/5672@{#912}) on port 38575
Only local connections are allowed.
Please see https://chromedriver.chromium.org/security-considerations for suggestions on keeping ChromeDriver safe.
ChromeDriver was started successfully.
May 10, 2023 4:10:14 PM org.openqa.selenium.devtools.CdpVersionFinder findNearestMatch
WARNING: Unable to find an exact match for CDP version 113, so returning the closest version found: 110
]]></system-err>
  </testcase>
  <testcase name="as a user I want to add a missing product to a bucket" classname="As user i want to choose the product in altashop" time="19.793">
    <error type="net.thucydides.core.webdriver.exceptions.ElementShouldBeEnabledException"><![CDATA[net.thucydides.core.webdriver.exceptions.ElementShouldBeEnabledException: Expected enabled element was not enabled
Caused by: org.openqa.selenium.TimeoutException: Expected condition failed: waiting for By.xpath: Power Ranger Mystic Force to be enabled (tried for 5 second(s) with 100 milliseconds interval)
Caused by: org.openqa.selenium.InvalidSelectorException: 
invalid selector: Unable to locate an element with the xpath expression Power Ranger Mystic Force because of the following error:
SyntaxError: Failed to execute 'evaluate' on 'Document': The string 'Power Ranger Mystic Force' is not a valid XPath expression.
  (Session info: chrome=113.0.5672.93)
For documentation on this error, please visit: https://selenium.dev/exceptions/#invalid_selector_exception
Build info: version: '4.8.1', revision: '8ebccac989'
System info: os.name: 'Windows 11', os.arch: 'amd64', os.version: '10.0', java.version: '19.0.2'
Driver info: org.openqa.selenium.chrome.ChromeDriver
Command: [e5a9c8b4f5192fa942fa7b479fa67c21, findElement {using=xpath, value=Power Ranger Mystic Force}]
Capabilities {acceptInsecureCerts: true, browserName: chrome, browserVersion: 113.0.5672.93, chrome: {chromedriverVersion: 113.0.5672.63 (0e1a4471d5ae..., userDataDir: C:\Users\drago\AppData\Loca...}, goog:chromeOptions: {debuggerAddress: localhost:50401}, networkConnectionEnabled: false, pageLoadStrategy: normal, platformName: WINDOWS, proxy: Proxy(), se:cdp: ws://localhost:50401/devtoo..., se:cdpVersion: 113.0.5672.93, setWindowRect: true, strictFileInteractability: false, timeouts: {implicit: 0, pageLoad: 300000, script: 30000}, unhandledPromptBehavior: dismiss and notify, webauthn:extension:credBlob: true, webauthn:extension:largeBlob: true, webauthn:extension:minPinLength: true, webauthn:extension:prf: true, webauthn:virtualAuthenticators: true}
Session ID: e5a9c8b4f5192fa942fa7b479fa67c21
]]></error>
    <system-out><![CDATA[
@NegatifCase
Scenario: as a user I want to add a missing product to a bucket &amp#27;[90m# src/test/resources/features.web/product.feature:15&amp#27;[0m
16:10:27.529 [main] DEBUG io.cucumber.core.plugin.SerenityReporter - Running feature from file:///D:/JAVA/manusia/MP-WEB/src/test/resources/features.web/product.feature
16:10:27.529 [main] WARN io.cucumber.core.plugin.SerenityReporter - Feature from file:///D:/JAVA/manusia/MP-WEB/src/test/resources/features.web/product.feature is not under the 'features' directory. Requirements report will not be correctly generated!
16:10:27.533 [main] INFO  - 
  _____   ___   ___   _____     ___   _____     _     ___   _____   ___   ___  
 |_   _| | __| / __| |_   _|   / __| |_   _|   /_\   | _ \ |_   _| | __| |   \ 
   | |   | _|  \__ \   | |     \__ \   | |    / _ \  |   /   | |   | _|  | |) |
   |_|   |___| |___/   |_|     |___/   |_|   /_/ \_\ |_|_\   |_|   |___| |___/ 

as a user I want to add a missing product to a bucket(as-user-i-want-to-choose-the-product-in-altashop;as-a-user-i-want-to-add-a-missing-product-to-a-bucket)
--------------------------------------------------------------------------------
16:10:27.588 [main] DEBUG net.thucydides.core.steps.StepInterceptor - STARTING STEP: ProductSteps.AsAUserOnHomePagee - AsAUserOnHomePagee
16:10:27.696 [main] INFO net.serenitybdd.core.webdriver.driverproviders.ChromeDriverProvider - Starting Chrome driver instance with capabilities:
16:10:27.697 [main] INFO net.serenitybdd.core.webdriver.driverproviders.ChromeDriverProvider - Capabilities {acceptInsecureCerts: true, browserName: chrome, goog:chromeOptions: {args: [remote-allow-origins=*, test-type, no-sandbox, ignore-certificate-errors, --window-size=1000,800, incognito, disable-infobars, disable-gpu, disable-default-apps, disable-popup-blocking, remote-allow-origins=*, test-type, no-sandbox, ignore-certificate-errors, --window-size=1000,800, incognito, disable-infobars, disable-gpu, disable-default-apps, disable-popup-blocking, remote-allow-origins=*], extensions: []}}
16:10:28.081 [AsyncHttpClient-1-1] DEBUG org.asynchttpclient.netty.channel.DefaultChannelPool - Entry count for : http://localhost:38575 : 1
16:10:28.081 [AsyncHttpClient-1-1] DEBUG org.asynchttpclient.netty.channel.DefaultChannelPool - Entry count for : http://localhost:50372 : 1
16:10:28.081 [AsyncHttpClient-1-1] DEBUG org.asynchttpclient.netty.channel.DefaultChannelPool - Adding Candidate expired Channel [id: 0x328d16b6, L:/127.0.0.1:50371 ! R:localhost/127.0.0.1:38575] isIdleTimeoutExpired=false isRemotelyClosed=true isTtlExpired=false
16:10:28.081 [AsyncHttpClient-1-1] DEBUG org.asynchttpclient.netty.channel.DefaultChannelPool - Closing Idle Channel [id: 0x328d16b6, L:/127.0.0.1:50371 ! R:localhost/127.0.0.1:38575]
16:10:28.081 [AsyncHttpClient-1-1] DEBUG org.asynchttpclient.netty.channel.DefaultChannelPool - Adding Candidate expired Channel [id: 0xca37abae, L:/127.0.0.1:50377 ! R:localhost/127.0.0.1:50372] isIdleTimeoutExpired=false isRemotelyClosed=true isTtlExpired=false
16:10:28.081 [AsyncHttpClient-1-1] DEBUG org.asynchttpclient.netty.channel.DefaultChannelPool - Closing Idle Channel [id: 0xca37abae, L:/127.0.0.1:50377 ! R:localhost/127.0.0.1:50372]
16:10:28.081 [AsyncHttpClient-1-1] DEBUG org.asynchttpclient.netty.channel.DefaultChannelPool - Closed 2 connections out of 2 in 0 ms
16:10:30.639 [AsyncHttpClient-1-14] DEBUG org.asynchttpclient.netty.channel.NettyConnectListener - Using new Channel '[id: 0x93881530, L:/127.0.0.1:50400 - R:localhost/127.0.0.1:45202]' for 'POST' to '/session'
16:10:32.498 [AsyncHttpClient-1-14] DEBUG org.asynchttpclient.netty.handler.HttpHandler - 

Request DefaultHttpRequest(decodeResult: success, version: HTTP/1.1)
POST /session HTTP/1.1
User-Agent: selenium/4.8.1 (java windows)
Content-Length: 1729
Content-Type: application/json; charset=utf-8
host: localhost:45202
accept: */*

Response DefaultHttpResponse(decodeResult: success, version: HTTP/1.1)
HTTP/1.1 200 OK
Content-Length: 857
Content-Type: application/json; charset=utf-8
cache-control: no-cache

16:10:32.498 [AsyncHttpClient-1-14] DEBUG org.asynchttpclient.netty.channel.ChannelManager - Adding key: http://localhost:45202 for channel [id: 0x93881530, L:/127.0.0.1:50400 - R:localhost/127.0.0.1:45202]
16:10:32.505 [AsyncHttpClient-1-15] DEBUG org.asynchttpclient.netty.channel.NettyConnectListener - Using new Channel '[id: 0xf94c6e9e, L:/127.0.0.1:50406 - R:localhost/127.0.0.1:50401]' for 'GET' to '/json/version'
16:10:32.507 [AsyncHttpClient-1-15] DEBUG org.asynchttpclient.netty.handler.HttpHandler - 

Request DefaultFullHttpRequest(decodeResult: success, version: HTTP/1.1, content: EmptyByteBufBE)
GET /json/version HTTP/1.1
User-Agent: selenium/4.8.1 (java windows)
host: localhost:50401
accept: */*

Response DefaultHttpResponse(decodeResult: success, version: HTTP/1.1)
HTTP/1.1 200 OK
Content-Security-Policy: frame-ancestors 'none'
Content-Length: 422
Content-Type: application/json; charset=UTF-8

16:10:32.507 [AsyncHttpClient-1-15] DEBUG org.asynchttpclient.netty.channel.ChannelManager - Adding key: http://localhost:50401 for channel [id: 0xf94c6e9e, L:/127.0.0.1:50406 - R:localhost/127.0.0.1:50401]
16:10:32.510 [AsyncHttpClient-1-16] DEBUG org.asynchttpclient.netty.channel.NettyConnectListener - Using new Channel '[id: 0x262242cf, L:/127.0.0.1:50407 - R:localhost/127.0.0.1:50401]' for 'GET' to '/devtools/browser/4be1cafd-0ee8-474c-b893-46dd6855e163'
16:10:32.513 [AsyncHttpClient-1-16] DEBUG org.asynchttpclient.netty.handler.WebSocketHandler - 

Request DefaultFullHttpRequest(decodeResult: success, version: HTTP/1.1, content: EmptyByteBufBE)
GET /devtools/browser/4be1cafd-0ee8-474c-b893-46dd6855e163 HTTP/1.1
upgrade: websocket
connection: upgrade
sec-websocket-key: uMsafONHK9xt3a8+rWB6OA==
sec-websocket-version: 13
origin: http://localhost:50401
host: localhost:50401
accept: */*
user-agent: AHC/2.1

Response DefaultHttpResponse(decodeResult: success, version: HTTP/1.1)
HTTP/1.1 101 WebSocket Protocol Handshake
Upgrade: WebSocket
Connection: Upgrade
Sec-WebSocket-Accept: WAyy3DBniNQt6CgU8v1L0doDKr4=

16:10:32.518 [Forwarding get on session e5a9c8b4f5192fa942fa7b479fa67c21 to remote] DEBUG org.asynchttpclient.netty.request.NettyRequestSender - Using pooled Channel '[id: 0x93881530, L:/127.0.0.1:50400 - R:localhost/127.0.0.1:45202]' for 'POST' to 'http://localhost:45202/session/e5a9c8b4f5192fa942fa7b479fa67c21/url'
16:10:32.518 [Forwarding get on session e5a9c8b4f5192fa942fa7b479fa67c21 to remote] DEBUG org.asynchttpclient.netty.request.NettyRequestSender - Using open Channel [id: 0x93881530, L:/127.0.0.1:50400 - R:localhost/127.0.0.1:45202] for POST '/session/e5a9c8b4f5192fa942fa7b479fa67c21/url'
16:10:33.278 [AsyncHttpClient-1-14] DEBUG org.asynchttpclient.netty.handler.HttpHandler - 

Request DefaultHttpRequest(decodeResult: success, version: HTTP/1.1)
POST /session/e5a9c8b4f5192fa942fa7b479fa67c21/url HTTP/1.1
User-Agent: selenium/4.8.1 (java windows)
Content-Length: 74
Content-Type: application/json; charset=utf-8
host: localhost:45202
accept: */*

Response DefaultHttpResponse(decodeResult: success, version: HTTP/1.1)
HTTP/1.1 200 OK
Content-Length: 14
Content-Type: application/json; charset=utf-8
cache-control: no-cache

16:10:33.279 [AsyncHttpClient-1-14] DEBUG org.asynchttpclient.netty.channel.ChannelManager - Adding key: http://localhost:45202 for channel [id: 0x93881530, L:/127.0.0.1:50400 - R:localhost/127.0.0.1:45202]
16:10:33.280 [Forwarding setTimeout on session e5a9c8b4f5192fa942fa7b479fa67c21 to remote] DEBUG org.asynchttpclient.netty.request.NettyRequestSender - Using pooled Channel '[id: 0x93881530, L:/127.0.0.1:50400 - R:localhost/127.0.0.1:45202]' for 'POST' to 'http://localhost:45202/session/e5a9c8b4f5192fa942fa7b479fa67c21/timeouts'
16:10:33.280 [Forwarding setTimeout on session e5a9c8b4f5192fa942fa7b479fa67c21 to remote] DEBUG org.asynchttpclient.netty.request.NettyRequestSender - Using open Channel [id: 0x93881530, L:/127.0.0.1:50400 - R:localhost/127.0.0.1:45202] for POST '/session/e5a9c8b4f5192fa942fa7b479fa67c21/timeouts'
16:10:33.282 [AsyncHttpClient-1-14] DEBUG org.asynchttpclient.netty.handler.HttpHandler - 

Request DefaultHttpRequest(decodeResult: success, version: HTTP/1.1)
POST /session/e5a9c8b4f5192fa942fa7b479fa67c21/timeouts HTTP/1.1
User-Agent: selenium/4.8.1 (java windows)
Content-Length: 22
Content-Type: application/json; charset=utf-8
host: localhost:45202
accept: */*

Response DefaultHttpResponse(decodeResult: success, version: HTTP/1.1)
HTTP/1.1 200 OK
Content-Length: 14
Content-Type: application/json; charset=utf-8
cache-control: no-cache

16:10:33.282 [AsyncHttpClient-1-14] DEBUG org.asynchttpclient.netty.channel.ChannelManager - Adding key: http://localhost:45202 for channel [id: 0x93881530, L:/127.0.0.1:50400 - R:localhost/127.0.0.1:45202]
16:10:33.288 [Forwarding findElement on session e5a9c8b4f5192fa942fa7b479fa67c21 to remote] DEBUG org.asynchttpclient.netty.request.NettyRequestSender - Using pooled Channel '[id: 0x93881530, L:/127.0.0.1:50400 - R:localhost/127.0.0.1:45202]' for 'POST' to 'http://localhost:45202/session/e5a9c8b4f5192fa942fa7b479fa67c21/element'
16:10:33.288 [Forwarding findElement on session e5a9c8b4f5192fa942fa7b479fa67c21 to remote] DEBUG org.asynchttpclient.netty.request.NettyRequestSender - Using open Channel [id: 0x93881530, L:/127.0.0.1:50400 - R:localhost/127.0.0.1:45202] for POST '/session/e5a9c8b4f5192fa942fa7b479fa67c21/element'
16:10:33.316 [AsyncHttpClient-1-14] DEBUG org.asynchttpclient.netty.handler.HttpHandler - 

Request DefaultHttpRequest(decodeResult: success, version: HTTP/1.1)
POST /session/e5a9c8b4f5192fa942fa7b479fa67c21/element HTTP/1.1
User-Agent: selenium/4.8.1 (java windows)
Content-Length: 168
Content-Type: application/json; charset=utf-8
host: localhost:45202
accept: */*

Response DefaultHttpResponse(decodeResult: success, version: HTTP/1.1)
HTTP/1.1 200 OK
Content-Length: 94
Content-Type: application/json; charset=utf-8
cache-control: no-cache

16:10:33.316 [AsyncHttpClient-1-14] DEBUG org.asynchttpclient.netty.channel.ChannelManager - Adding key: http://localhost:45202 for channel [id: 0x93881530, L:/127.0.0.1:50400 - R:localhost/127.0.0.1:45202]
16:10:33.321 [Forwarding isElementDisplayed on session e5a9c8b4f5192fa942fa7b479fa67c21 to remote] DEBUG org.asynchttpclient.netty.request.NettyRequestSender - Using pooled Channel '[id: 0x93881530, L:/127.0.0.1:50400 - R:localhost/127.0.0.1:45202]' for 'POST' to 'http://localhost:45202/session/e5a9c8b4f5192fa942fa7b479fa67c21/execute/sync'
16:10:33.322 [Forwarding isElementDisplayed on session e5a9c8b4f5192fa942fa7b479fa67c21 to remote] DEBUG org.asynchttpclient.netty.request.NettyRequestSender - Using open Channel [id: 0x93881530, L:/127.0.0.1:50400 - R:localhost/127.0.0.1:45202] for POST '/session/e5a9c8b4f5192fa942fa7b479fa67c21/execute/sync'
16:10:33.373 [AsyncHttpClient-1-14] DEBUG org.asynchttpclient.netty.handler.HttpHandler - 

Request DefaultHttpRequest(decodeResult: success, version: HTTP/1.1)
POST /session/e5a9c8b4f5192fa942fa7b479fa67c21/execute/sync HTTP/1.1
User-Agent: selenium/4.8.1 (java windows)
Content-Length: 48813
Content-Type: application/json; charset=utf-8
host: localhost:45202
accept: */*

Response DefaultHttpResponse(decodeResult: success, version: HTTP/1.1)
HTTP/1.1 200 OK
Content-Length: 14
Content-Type: application/json; charset=utf-8
cache-control: no-cache

16:10:33.373 [AsyncHttpClient-1-14] DEBUG org.asynchttpclient.netty.channel.ChannelManager - Adding key: http://localhost:45202 for channel [id: 0x93881530, L:/127.0.0.1:50400 - R:localhost/127.0.0.1:45202]
16:10:33.378 [Forwarding isElementDisplayed on session e5a9c8b4f5192fa942fa7b479fa67c21 to remote] DEBUG org.asynchttpclient.netty.request.NettyRequestSender - Using pooled Channel '[id: 0x93881530, L:/127.0.0.1:50400 - R:localhost/127.0.0.1:45202]' for 'POST' to 'http://localhost:45202/session/e5a9c8b4f5192fa942fa7b479fa67c21/execute/sync'
16:10:33.378 [Forwarding isElementDisplayed on session e5a9c8b4f5192fa942fa7b479fa67c21 to remote] DEBUG org.asynchttpclient.netty.request.NettyRequestSender - Using open Channel [id: 0x93881530, L:/127.0.0.1:50400 - R:localhost/127.0.0.1:45202] for POST '/session/e5a9c8b4f5192fa942fa7b479fa67c21/execute/sync'
16:10:33.407 [AsyncHttpClient-1-14] DEBUG org.asynchttpclient.netty.handler.HttpHandler - 

Request DefaultHttpRequest(decodeResult: success, version: HTTP/1.1)
POST /session/e5a9c8b4f5192fa942fa7b479fa67c21/execute/sync HTTP/1.1
User-Agent: selenium/4.8.1 (java windows)
Content-Length: 48813
Content-Type: application/json; charset=utf-8
host: localhost:45202
accept: */*

Response DefaultHttpResponse(decodeResult: success, version: HTTP/1.1)
HTTP/1.1 200 OK
Content-Length: 14
Content-Type: application/json; charset=utf-8
cache-control: no-cache

16:10:33.407 [AsyncHttpClient-1-14] DEBUG org.asynchttpclient.netty.channel.ChannelManager - Adding key: http://localhost:45202 for channel [id: 0x93881530, L:/127.0.0.1:50400 - R:localhost/127.0.0.1:45202]
16:10:33.415 [Forwarding getAlertText on session e5a9c8b4f5192fa942fa7b479fa67c21 to remote] DEBUG org.asynchttpclient.netty.request.NettyRequestSender - Using pooled Channel '[id: 0x93881530, L:/127.0.0.1:50400 - R:localhost/127.0.0.1:45202]' for 'GET' to 'http://localhost:45202/session/e5a9c8b4f5192fa942fa7b479fa67c21/alert/text'
16:10:33.415 [Forwarding getAlertText on session e5a9c8b4f5192fa942fa7b479fa67c21 to remote] DEBUG org.asynchttpclient.netty.request.NettyRequestSender - Using open Channel [id: 0x93881530, L:/127.0.0.1:50400 - R:localhost/127.0.0.1:45202] for GET '/session/e5a9c8b4f5192fa942fa7b479fa67c21/alert/text'
16:10:33.417 [AsyncHttpClient-1-14] DEBUG org.asynchttpclient.netty.handler.HttpHandler - 

Request DefaultFullHttpRequest(decodeResult: success, version: HTTP/1.1, content: EmptyByteBufBE)
GET /session/e5a9c8b4f5192fa942fa7b479fa67c21/alert/text HTTP/1.1
User-Agent: selenium/4.8.1 (java windows)
Cache-Control: no-cache
Content-Type: application/json; charset=utf-8
host: localhost:45202
accept: */*

Response DefaultHttpResponse(decodeResult: success, version: HTTP/1.1)
HTTP/1.1 404 Not Found
Content-Length: 820
Content-Type: application/json; charset=utf-8
cache-control: no-cache

16:10:33.417 [AsyncHttpClient-1-14] DEBUG org.asynchttpclient.netty.channel.ChannelManager - Adding key: http://localhost:45202 for channel [id: 0x93881530, L:/127.0.0.1:50400 - R:localhost/127.0.0.1:45202]
16:10:33.418 [Forwarding getCurrentUrl on session e5a9c8b4f5192fa942fa7b479fa67c21 to remote] DEBUG org.asynchttpclient.netty.request.NettyRequestSender - Using pooled Channel '[id: 0x93881530, L:/127.0.0.1:50400 - R:localhost/127.0.0.1:45202]' for 'GET' to 'http://localhost:45202/session/e5a9c8b4f5192fa942fa7b479fa67c21/url'
16:10:33.418 [Forwarding getCurrentUrl on session e5a9c8b4f5192fa942fa7b479fa67c21 to remote] DEBUG org.asynchttpclient.netty.request.NettyRequestSender - Using open Channel [id: 0x93881530, L:/127.0.0.1:50400 - R:localhost/127.0.0.1:45202] for GET '/session/e5a9c8b4f5192fa942fa7b479fa67c21/url'
16:10:33.426 [AsyncHttpClient-1-14] DEBUG org.asynchttpclient.netty.handler.HttpHandler - 

Request DefaultFullHttpRequest(decodeResult: success, version: HTTP/1.1, content: EmptyByteBufBE)
GET /session/e5a9c8b4f5192fa942fa7b479fa67c21/url HTTP/1.1
User-Agent: selenium/4.8.1 (java windows)
Cache-Control: no-cache
Content-Type: application/json; charset=utf-8
host: localhost:45202
accept: */*

Response DefaultHttpResponse(decodeResult: success, version: HTTP/1.1)
HTTP/1.1 200 OK
Content-Length: 51
Content-Type: application/json; charset=utf-8
cache-control: no-cache

16:10:33.426 [AsyncHttpClient-1-14] DEBUG org.asynchttpclient.netty.channel.ChannelManager - Adding key: http://localhost:45202 for channel [id: 0x93881530, L:/127.0.0.1:50400 - R:localhost/127.0.0.1:45202]
16:10:33.428 [Forwarding screenshot on session e5a9c8b4f5192fa942fa7b479fa67c21 to remote] DEBUG org.asynchttpclient.netty.request.NettyRequestSender - Using pooled Channel '[id: 0x93881530, L:/127.0.0.1:50400 - R:localhost/127.0.0.1:45202]' for 'GET' to 'http://localhost:45202/session/e5a9c8b4f5192fa942fa7b479fa67c21/screenshot'
16:10:33.428 [Forwarding screenshot on session e5a9c8b4f5192fa942fa7b479fa67c21 to remote] DEBUG org.asynchttpclient.netty.request.NettyRequestSender - Using open Channel [id: 0x93881530, L:/127.0.0.1:50400 - R:localhost/127.0.0.1:45202] for GET '/session/e5a9c8b4f5192fa942fa7b479fa67c21/screenshot'
16:10:33.515 [AsyncHttpClient-1-14] DEBUG org.asynchttpclient.netty.handler.HttpHandler - 

Request DefaultFullHttpRequest(decodeResult: success, version: HTTP/1.1, content: EmptyByteBufBE)
GET /session/e5a9c8b4f5192fa942fa7b479fa67c21/screenshot HTTP/1.1
User-Agent: selenium/4.8.1 (java windows)
Cache-Control: no-cache
Content-Type: application/json; charset=utf-8
host: localhost:45202
accept: */*

Response DefaultHttpResponse(decodeResult: success, version: HTTP/1.1)
HTTP/1.1 200 OK
Content-Length: 32020
Content-Type: application/json; charset=utf-8
cache-control: no-cache

16:10:33.516 [AsyncHttpClient-1-14] DEBUG org.asynchttpclient.netty.channel.ChannelManager - Adding key: http://localhost:45202 for channel [id: 0x93881530, L:/127.0.0.1:50400 - R:localhost/127.0.0.1:45202]
16:10:33.517 [main] DEBUG net.serenitybdd.core.photography.Darkroom - Send negative for processing for target\site\serenity\64131d300e1f660b304d30f126733f9569293aa2d192474061bebad02b7a03d8.png
16:10:33.517 [main] DEBUG net.thucydides.core.steps.StepInterceptor - STEP DONE: AsAUserOnHomePagee
  &amp#27;[32mGiven &amp#27;[0m&amp#27;[32mas a user on homepagee&amp#27;[0m                                  &amp#27;[90m# starter.stepdefinitions.ProductSteps.AsAUserOnHomePagee()&amp#27;[0m
16:10:33.525 [main] DEBUG net.thucydides.core.steps.StepInterceptor - STARTING STEP: ProductSteps.UserInputtUsernamee - UserInputtUsernamee
16:10:33.526 [Forwarding get on session e5a9c8b4f5192fa942fa7b479fa67c21 to remote] DEBUG org.asynchttpclient.netty.request.NettyRequestSender - Using pooled Channel '[id: 0x93881530, L:/127.0.0.1:50400 - R:localhost/127.0.0.1:45202]' for 'POST' to 'http://localhost:45202/session/e5a9c8b4f5192fa942fa7b479fa67c21/url'
16:10:33.526 [Forwarding get on session e5a9c8b4f5192fa942fa7b479fa67c21 to remote] DEBUG org.asynchttpclient.netty.request.NettyRequestSender - Using open Channel [id: 0x93881530, L:/127.0.0.1:50400 - R:localhost/127.0.0.1:45202] for POST '/session/e5a9c8b4f5192fa942fa7b479fa67c21/url'
16:10:33.581 [AsyncHttpClient-1-1] DEBUG org.asynchttpclient.netty.channel.DefaultChannelPool - Entry count for : http://localhost:50401 : 1
16:10:33.712 [AsyncHttpClient-1-14] DEBUG org.asynchttpclient.netty.handler.HttpHandler - 

Request DefaultHttpRequest(decodeResult: success, version: HTTP/1.1)
POST /session/e5a9c8b4f5192fa942fa7b479fa67c21/url HTTP/1.1
User-Agent: selenium/4.8.1 (java windows)
Content-Length: 74
Content-Type: application/json; charset=utf-8
host: localhost:45202
accept: */*

Response DefaultHttpResponse(decodeResult: success, version: HTTP/1.1)
HTTP/1.1 200 OK
Content-Length: 14
Content-Type: application/json; charset=utf-8
cache-control: no-cache

16:10:33.713 [AsyncHttpClient-1-14] DEBUG org.asynchttpclient.netty.channel.ChannelManager - Adding key: http://localhost:45202 for channel [id: 0x93881530, L:/127.0.0.1:50400 - R:localhost/127.0.0.1:45202]
16:10:33.717 [Forwarding findElement on session e5a9c8b4f5192fa942fa7b479fa67c21 to remote] DEBUG org.asynchttpclient.netty.request.NettyRequestSender - Using pooled Channel '[id: 0x93881530, L:/127.0.0.1:50400 - R:localhost/127.0.0.1:45202]' for 'POST' to 'http://localhost:45202/session/e5a9c8b4f5192fa942fa7b479fa67c21/element'
16:10:33.717 [Forwarding findElement on session e5a9c8b4f5192fa942fa7b479fa67c21 to remote] DEBUG org.asynchttpclient.netty.request.NettyRequestSender - Using open Channel [id: 0x93881530, L:/127.0.0.1:50400 - R:localhost/127.0.0.1:45202] for POST '/session/e5a9c8b4f5192fa942fa7b479fa67c21/element'
16:10:33.734 [AsyncHttpClient-1-14] DEBUG org.asynchttpclient.netty.handler.HttpHandler - 

Request DefaultHttpRequest(decodeResult: success, version: HTTP/1.1)
POST /session/e5a9c8b4f5192fa942fa7b479fa67c21/element HTTP/1.1
User-Agent: selenium/4.8.1 (java windows)
Content-Length: 187
Content-Type: application/json; charset=utf-8
host: localhost:45202
accept: */*

Response DefaultHttpResponse(decodeResult: success, version: HTTP/1.1)
HTTP/1.1 200 OK
Content-Length: 94
Content-Type: application/json; charset=utf-8
cache-control: no-cache

16:10:33.734 [AsyncHttpClient-1-14] DEBUG org.asynchttpclient.netty.channel.ChannelManager - Adding key: http://localhost:45202 for channel [id: 0x93881530, L:/127.0.0.1:50400 - R:localhost/127.0.0.1:45202]
16:10:33.736 [Forwarding clearElement on session e5a9c8b4f5192fa942fa7b479fa67c21 to remote] DEBUG org.asynchttpclient.netty.request.NettyRequestSender - Using pooled Channel '[id: 0x93881530, L:/127.0.0.1:50400 - R:localhost/127.0.0.1:45202]' for 'POST' to 'http://localhost:45202/session/e5a9c8b4f5192fa942fa7b479fa67c21/element/3DDD89C7179C1E4D97EB9A9CD432A28D_element_8/clear'
16:10:33.736 [Forwarding clearElement on session e5a9c8b4f5192fa942fa7b479fa67c21 to remote] DEBUG org.asynchttpclient.netty.request.NettyRequestSender - Using open Channel [id: 0x93881530, L:/127.0.0.1:50400 - R:localhost/127.0.0.1:45202] for POST '/session/e5a9c8b4f5192fa942fa7b479fa67c21/element/3DDD89C7179C1E4D97EB9A9CD432A28D_element_8/clear'
16:10:33.785 [AsyncHttpClient-1-14] DEBUG org.asynchttpclient.netty.handler.HttpHandler - 

Request DefaultHttpRequest(decodeResult: success, version: HTTP/1.1)
POST /session/e5a9c8b4f5192fa942fa7b479fa67c21/element/3DDD89C7179C1E4D97EB9A9CD432A28D_element_8/clear HTTP/1.1
User-Agent: selenium/4.8.1 (java windows)
Content-Length: 56
Content-Type: application/json; charset=utf-8
host: localhost:45202
accept: */*

Response DefaultHttpResponse(decodeResult: success, version: HTTP/1.1)
HTTP/1.1 200 OK
Content-Length: 14
Content-Type: application/json; charset=utf-8
cache-control: no-cache

16:10:33.785 [AsyncHttpClient-1-14] DEBUG org.asynchttpclient.netty.channel.ChannelManager - Adding key: http://localhost:45202 for channel [id: 0x93881530, L:/127.0.0.1:50400 - R:localhost/127.0.0.1:45202]
16:10:33.786 [Forwarding sendKeysToElement on session e5a9c8b4f5192fa942fa7b479fa67c21 to remote] DEBUG org.asynchttpclient.netty.request.NettyRequestSender - Using pooled Channel '[id: 0x93881530, L:/127.0.0.1:50400 - R:localhost/127.0.0.1:45202]' for 'POST' to 'http://localhost:45202/session/e5a9c8b4f5192fa942fa7b479fa67c21/element/3DDD89C7179C1E4D97EB9A9CD432A28D_element_8/value'
16:10:33.786 [Forwarding sendKeysToElement on session e5a9c8b4f5192fa942fa7b479fa67c21 to remote] DEBUG org.asynchttpclient.netty.request.NettyRequestSender - Using open Channel [id: 0x93881530, L:/127.0.0.1:50400 - R:localhost/127.0.0.1:45202] for POST '/session/e5a9c8b4f5192fa942fa7b479fa67c21/element/3DDD89C7179C1E4D97EB9A9CD432A28D_element_8/value'
16:10:33.955 [AsyncHttpClient-1-14] DEBUG org.asynchttpclient.netty.handler.HttpHandler - 

Request DefaultHttpRequest(decodeResult: success, version: HTTP/1.1)
POST /session/e5a9c8b4f5192fa942fa7b479fa67c21/element/3DDD89C7179C1E4D97EB9A9CD432A28D_element_8/value HTTP/1.1
User-Agent: selenium/4.8.1 (java windows)
Content-Length: 287
Content-Type: application/json; charset=utf-8
host: localhost:45202
accept: */*

Response DefaultHttpResponse(decodeResult: success, version: HTTP/1.1)
HTTP/1.1 200 OK
Content-Length: 14
Content-Type: application/json; charset=utf-8
cache-control: no-cache

16:10:33.956 [AsyncHttpClient-1-14] DEBUG org.asynchttpclient.netty.channel.ChannelManager - Adding key: http://localhost:45202 for channel [id: 0x93881530, L:/127.0.0.1:50400 - R:localhost/127.0.0.1:45202]
16:10:34.681 [AsyncHttpClient-1-1] DEBUG org.asynchttpclient.netty.channel.DefaultChannelPool - Entry count for : http://localhost:50401 : 1
16:10:34.681 [AsyncHttpClient-1-1] DEBUG org.asynchttpclient.netty.channel.DefaultChannelPool - Entry count for : http://localhost:45202 : 1
16:10:34.973 [Forwarding getAlertText on session e5a9c8b4f5192fa942fa7b479fa67c21 to remote] DEBUG org.asynchttpclient.netty.request.NettyRequestSender - Using pooled Channel '[id: 0x93881530, L:/127.0.0.1:50400 - R:localhost/127.0.0.1:45202]' for 'GET' to 'http://localhost:45202/session/e5a9c8b4f5192fa942fa7b479fa67c21/alert/text'
16:10:34.973 [Forwarding getAlertText on session e5a9c8b4f5192fa942fa7b479fa67c21 to remote] DEBUG org.asynchttpclient.netty.request.NettyRequestSender - Using open Channel [id: 0x93881530, L:/127.0.0.1:50400 - R:localhost/127.0.0.1:45202] for GET '/session/e5a9c8b4f5192fa942fa7b479fa67c21/alert/text'
16:10:34.978 [AsyncHttpClient-1-14] DEBUG org.asynchttpclient.netty.handler.HttpHandler - 

Request DefaultFullHttpRequest(decodeResult: success, version: HTTP/1.1, content: EmptyByteBufBE)
GET /session/e5a9c8b4f5192fa942fa7b479fa67c21/alert/text HTTP/1.1
User-Agent: selenium/4.8.1 (java windows)
Cache-Control: no-cache
Content-Type: application/json; charset=utf-8
host: localhost:45202
accept: */*

Response DefaultHttpResponse(decodeResult: success, version: HTTP/1.1)
HTTP/1.1 404 Not Found
Content-Length: 820
Content-Type: application/json; charset=utf-8
cache-control: no-cache

16:10:34.979 [AsyncHttpClient-1-14] DEBUG org.asynchttpclient.netty.channel.ChannelManager - Adding key: http://localhost:45202 for channel [id: 0x93881530, L:/127.0.0.1:50400 - R:localhost/127.0.0.1:45202]
16:10:34.981 [Forwarding getCurrentUrl on session e5a9c8b4f5192fa942fa7b479fa67c21 to remote] DEBUG org.asynchttpclient.netty.request.NettyRequestSender - Using pooled Channel '[id: 0x93881530, L:/127.0.0.1:50400 - R:localhost/127.0.0.1:45202]' for 'GET' to 'http://localhost:45202/session/e5a9c8b4f5192fa942fa7b479fa67c21/url'
16:10:34.981 [Forwarding getCurrentUrl on session e5a9c8b4f5192fa942fa7b479fa67c21 to remote] DEBUG org.asynchttpclient.netty.request.NettyRequestSender - Using open Channel [id: 0x93881530, L:/127.0.0.1:50400 - R:localhost/127.0.0.1:45202] for GET '/session/e5a9c8b4f5192fa942fa7b479fa67c21/url'
16:10:34.998 [AsyncHttpClient-1-14] DEBUG org.asynchttpclient.netty.handler.HttpHandler - 

Request DefaultFullHttpRequest(decodeResult: success, version: HTTP/1.1, content: EmptyByteBufBE)
GET /session/e5a9c8b4f5192fa942fa7b479fa67c21/url HTTP/1.1
User-Agent: selenium/4.8.1 (java windows)
Cache-Control: no-cache
Content-Type: application/json; charset=utf-8
host: localhost:45202
accept: */*

Response DefaultHttpResponse(decodeResult: success, version: HTTP/1.1)
HTTP/1.1 200 OK
Content-Length: 51
Content-Type: application/json; charset=utf-8
cache-control: no-cache

16:10:34.999 [AsyncHttpClient-1-14] DEBUG org.asynchttpclient.netty.channel.ChannelManager - Adding key: http://localhost:45202 for channel [id: 0x93881530, L:/127.0.0.1:50400 - R:localhost/127.0.0.1:45202]
16:10:35.000 [Forwarding screenshot on session e5a9c8b4f5192fa942fa7b479fa67c21 to remote] DEBUG org.asynchttpclient.netty.request.NettyRequestSender - Using pooled Channel '[id: 0x93881530, L:/127.0.0.1:50400 - R:localhost/127.0.0.1:45202]' for 'GET' to 'http://localhost:45202/session/e5a9c8b4f5192fa942fa7b479fa67c21/screenshot'
16:10:35.000 [Forwarding screenshot on session e5a9c8b4f5192fa942fa7b479fa67c21 to remote] DEBUG org.asynchttpclient.netty.request.NettyRequestSender - Using open Channel [id: 0x93881530, L:/127.0.0.1:50400 - R:localhost/127.0.0.1:45202] for GET '/session/e5a9c8b4f5192fa942fa7b479fa67c21/screenshot'
16:10:35.124 [AsyncHttpClient-1-14] DEBUG org.asynchttpclient.netty.handler.HttpHandler - 

Request DefaultFullHttpRequest(decodeResult: success, version: HTTP/1.1, content: EmptyByteBufBE)
GET /session/e5a9c8b4f5192fa942fa7b479fa67c21/screenshot HTTP/1.1
User-Agent: selenium/4.8.1 (java windows)
Cache-Control: no-cache
Content-Type: application/json; charset=utf-8
host: localhost:45202
accept: */*

Response DefaultHttpResponse(decodeResult: success, version: HTTP/1.1)
HTTP/1.1 200 OK
Content-Length: 38520
Content-Type: application/json; charset=utf-8
cache-control: no-cache

16:10:35.124 [AsyncHttpClient-1-14] DEBUG org.asynchttpclient.netty.channel.ChannelManager - Adding key: http://localhost:45202 for channel [id: 0x93881530, L:/127.0.0.1:50400 - R:localhost/127.0.0.1:45202]
16:10:35.125 [main] DEBUG net.serenitybdd.core.photography.Darkroom - Send negative for processing for target\site\serenity\2889eca374cf0ede9b6018c972efa8b6ebebffd63aa9796a29cab4fd5e7d4504.png
16:10:35.126 [main] DEBUG net.thucydides.core.steps.StepInterceptor - STEP DONE: UserInputtUsernamee
  &amp#27;[32mWhen &amp#27;[0m&amp#27;[32muser inputt usernamee&amp#27;[0m                                    &amp#27;[90m# starter.stepdefinitions.ProductSteps.UserInputtUsernamee()&amp#27;[0m
16:10:35.133 [main] DEBUG net.thucydides.core.steps.StepInterceptor - STARTING STEP: ProductSteps.UserInputtPasswordd - UserInputtPasswordd
16:10:35.134 [Forwarding findElement on session e5a9c8b4f5192fa942fa7b479fa67c21 to remote] DEBUG org.asynchttpclient.netty.request.NettyRequestSender - Using pooled Channel '[id: 0x93881530, L:/127.0.0.1:50400 - R:localhost/127.0.0.1:45202]' for 'POST' to 'http://localhost:45202/session/e5a9c8b4f5192fa942fa7b479fa67c21/element'
16:10:35.134 [Forwarding findElement on session e5a9c8b4f5192fa942fa7b479fa67c21 to remote] DEBUG org.asynchttpclient.netty.request.NettyRequestSender - Using open Channel [id: 0x93881530, L:/127.0.0.1:50400 - R:localhost/127.0.0.1:45202] for POST '/session/e5a9c8b4f5192fa942fa7b479fa67c21/element'
16:10:35.148 [AsyncHttpClient-1-14] DEBUG org.asynchttpclient.netty.handler.HttpHandler - 

Request DefaultHttpRequest(decodeResult: success, version: HTTP/1.1)
POST /session/e5a9c8b4f5192fa942fa7b479fa67c21/element HTTP/1.1
User-Agent: selenium/4.8.1 (java windows)
Content-Length: 187
Content-Type: application/json; charset=utf-8
host: localhost:45202
accept: */*

Response DefaultHttpResponse(decodeResult: success, version: HTTP/1.1)
HTTP/1.1 200 OK
Content-Length: 95
Content-Type: application/json; charset=utf-8
cache-control: no-cache

16:10:35.148 [AsyncHttpClient-1-14] DEBUG org.asynchttpclient.netty.channel.ChannelManager - Adding key: http://localhost:45202 for channel [id: 0x93881530, L:/127.0.0.1:50400 - R:localhost/127.0.0.1:45202]
16:10:35.149 [Forwarding clearElement on session e5a9c8b4f5192fa942fa7b479fa67c21 to remote] DEBUG org.asynchttpclient.netty.request.NettyRequestSender - Using pooled Channel '[id: 0x93881530, L:/127.0.0.1:50400 - R:localhost/127.0.0.1:45202]' for 'POST' to 'http://localhost:45202/session/e5a9c8b4f5192fa942fa7b479fa67c21/element/3DDD89C7179C1E4D97EB9A9CD432A28D_element_10/clear'
16:10:35.149 [Forwarding clearElement on session e5a9c8b4f5192fa942fa7b479fa67c21 to remote] DEBUG org.asynchttpclient.netty.request.NettyRequestSender - Using open Channel [id: 0x93881530, L:/127.0.0.1:50400 - R:localhost/127.0.0.1:45202] for POST '/session/e5a9c8b4f5192fa942fa7b479fa67c21/element/3DDD89C7179C1E4D97EB9A9CD432A28D_element_10/clear'
16:10:35.183 [AsyncHttpClient-1-14] DEBUG org.asynchttpclient.netty.handler.HttpHandler - 

Request DefaultHttpRequest(decodeResult: success, version: HTTP/1.1)
POST /session/e5a9c8b4f5192fa942fa7b479fa67c21/element/3DDD89C7179C1E4D97EB9A9CD432A28D_element_10/clear HTTP/1.1
User-Agent: selenium/4.8.1 (java windows)
Content-Length: 57
Content-Type: application/json; charset=utf-8
host: localhost:45202
accept: */*

Response DefaultHttpResponse(decodeResult: success, version: HTTP/1.1)
HTTP/1.1 200 OK
Content-Length: 14
Content-Type: application/json; charset=utf-8
cache-control: no-cache

16:10:35.183 [AsyncHttpClient-1-14] DEBUG org.asynchttpclient.netty.channel.ChannelManager - Adding key: http://localhost:45202 for channel [id: 0x93881530, L:/127.0.0.1:50400 - R:localhost/127.0.0.1:45202]
16:10:35.184 [Forwarding sendKeysToElement on session e5a9c8b4f5192fa942fa7b479fa67c21 to remote] DEBUG org.asynchttpclient.netty.request.NettyRequestSender - Using pooled Channel '[id: 0x93881530, L:/127.0.0.1:50400 - R:localhost/127.0.0.1:45202]' for 'POST' to 'http://localhost:45202/session/e5a9c8b4f5192fa942fa7b479fa67c21/element/3DDD89C7179C1E4D97EB9A9CD432A28D_element_10/value'
16:10:35.184 [Forwarding sendKeysToElement on session e5a9c8b4f5192fa942fa7b479fa67c21 to remote] DEBUG org.asynchttpclient.netty.request.NettyRequestSender - Using open Channel [id: 0x93881530, L:/127.0.0.1:50400 - R:localhost/127.0.0.1:45202] for POST '/session/e5a9c8b4f5192fa942fa7b479fa67c21/element/3DDD89C7179C1E4D97EB9A9CD432A28D_element_10/value'
16:10:35.318 [AsyncHttpClient-1-14] DEBUG org.asynchttpclient.netty.handler.HttpHandler - 

Request DefaultHttpRequest(decodeResult: success, version: HTTP/1.1)
POST /session/e5a9c8b4f5192fa942fa7b479fa67c21/element/3DDD89C7179C1E4D97EB9A9CD432A28D_element_10/value HTTP/1.1
User-Agent: selenium/4.8.1 (java windows)
Content-Length: 208
Content-Type: application/json; charset=utf-8
host: localhost:45202
accept: */*

Response DefaultHttpResponse(decodeResult: success, version: HTTP/1.1)
HTTP/1.1 200 OK
Content-Length: 14
Content-Type: application/json; charset=utf-8
cache-control: no-cache

16:10:35.318 [AsyncHttpClient-1-14] DEBUG org.asynchttpclient.netty.channel.ChannelManager - Adding key: http://localhost:45202 for channel [id: 0x93881530, L:/127.0.0.1:50400 - R:localhost/127.0.0.1:45202]
16:10:35.781 [AsyncHttpClient-1-1] DEBUG org.asynchttpclient.netty.channel.DefaultChannelPool - Entry count for : http://localhost:50401 : 1
16:10:35.781 [AsyncHttpClient-1-1] DEBUG org.asynchttpclient.netty.channel.DefaultChannelPool - Entry count for : http://localhost:45202 : 1
16:10:36.344 [Forwarding getAlertText on session e5a9c8b4f5192fa942fa7b479fa67c21 to remote] DEBUG org.asynchttpclient.netty.request.NettyRequestSender - Using pooled Channel '[id: 0x93881530, L:/127.0.0.1:50400 - R:localhost/127.0.0.1:45202]' for 'GET' to 'http://localhost:45202/session/e5a9c8b4f5192fa942fa7b479fa67c21/alert/text'
16:10:36.344 [Forwarding getAlertText on session e5a9c8b4f5192fa942fa7b479fa67c21 to remote] DEBUG org.asynchttpclient.netty.request.NettyRequestSender - Using open Channel [id: 0x93881530, L:/127.0.0.1:50400 - R:localhost/127.0.0.1:45202] for GET '/session/e5a9c8b4f5192fa942fa7b479fa67c21/alert/text'
16:10:36.348 [AsyncHttpClient-1-14] DEBUG org.asynchttpclient.netty.handler.HttpHandler - 

Request DefaultFullHttpRequest(decodeResult: success, version: HTTP/1.1, content: EmptyByteBufBE)
GET /session/e5a9c8b4f5192fa942fa7b479fa67c21/alert/text HTTP/1.1
User-Agent: selenium/4.8.1 (java windows)
Cache-Control: no-cache
Content-Type: application/json; charset=utf-8
host: localhost:45202
accept: */*

Response DefaultHttpResponse(decodeResult: success, version: HTTP/1.1)
HTTP/1.1 404 Not Found
Content-Length: 820
Content-Type: application/json; charset=utf-8
cache-control: no-cache

16:10:36.348 [AsyncHttpClient-1-14] DEBUG org.asynchttpclient.netty.channel.ChannelManager - Adding key: http://localhost:45202 for channel [id: 0x93881530, L:/127.0.0.1:50400 - R:localhost/127.0.0.1:45202]
16:10:36.351 [Forwarding getCurrentUrl on session e5a9c8b4f5192fa942fa7b479fa67c21 to remote] DEBUG org.asynchttpclient.netty.request.NettyRequestSender - Using pooled Channel '[id: 0x93881530, L:/127.0.0.1:50400 - R:localhost/127.0.0.1:45202]' for 'GET' to 'http://localhost:45202/session/e5a9c8b4f5192fa942fa7b479fa67c21/url'
16:10:36.351 [Forwarding getCurrentUrl on session e5a9c8b4f5192fa942fa7b479fa67c21 to remote] DEBUG org.asynchttpclient.netty.request.NettyRequestSender - Using open Channel [id: 0x93881530, L:/127.0.0.1:50400 - R:localhost/127.0.0.1:45202] for GET '/session/e5a9c8b4f5192fa942fa7b479fa67c21/url'
16:10:36.366 [AsyncHttpClient-1-14] DEBUG org.asynchttpclient.netty.handler.HttpHandler - 

Request DefaultFullHttpRequest(decodeResult: success, version: HTTP/1.1, content: EmptyByteBufBE)
GET /session/e5a9c8b4f5192fa942fa7b479fa67c21/url HTTP/1.1
User-Agent: selenium/4.8.1 (java windows)
Cache-Control: no-cache
Content-Type: application/json; charset=utf-8
host: localhost:45202
accept: */*

Response DefaultHttpResponse(decodeResult: success, version: HTTP/1.1)
HTTP/1.1 200 OK
Content-Length: 51
Content-Type: application/json; charset=utf-8
cache-control: no-cache

16:10:36.366 [AsyncHttpClient-1-14] DEBUG org.asynchttpclient.netty.channel.ChannelManager - Adding key: http://localhost:45202 for channel [id: 0x93881530, L:/127.0.0.1:50400 - R:localhost/127.0.0.1:45202]
16:10:36.368 [Forwarding screenshot on session e5a9c8b4f5192fa942fa7b479fa67c21 to remote] DEBUG org.asynchttpclient.netty.request.NettyRequestSender - Using pooled Channel '[id: 0x93881530, L:/127.0.0.1:50400 - R:localhost/127.0.0.1:45202]' for 'GET' to 'http://localhost:45202/session/e5a9c8b4f5192fa942fa7b479fa67c21/screenshot'
16:10:36.368 [Forwarding screenshot on session e5a9c8b4f5192fa942fa7b479fa67c21 to remote] DEBUG org.asynchttpclient.netty.request.NettyRequestSender - Using open Channel [id: 0x93881530, L:/127.0.0.1:50400 - R:localhost/127.0.0.1:45202] for GET '/session/e5a9c8b4f5192fa942fa7b479fa67c21/screenshot'
16:10:36.486 [AsyncHttpClient-1-14] DEBUG org.asynchttpclient.netty.handler.HttpHandler - 

Request DefaultFullHttpRequest(decodeResult: success, version: HTTP/1.1, content: EmptyByteBufBE)
GET /session/e5a9c8b4f5192fa942fa7b479fa67c21/screenshot HTTP/1.1
User-Agent: selenium/4.8.1 (java windows)
Cache-Control: no-cache
Content-Type: application/json; charset=utf-8
host: localhost:45202
accept: */*

Response DefaultHttpResponse(decodeResult: success, version: HTTP/1.1)
HTTP/1.1 200 OK
Content-Length: 40796
Content-Type: application/json; charset=utf-8
cache-control: no-cache

16:10:36.486 [AsyncHttpClient-1-14] DEBUG org.asynchttpclient.netty.channel.ChannelManager - Adding key: http://localhost:45202 for channel [id: 0x93881530, L:/127.0.0.1:50400 - R:localhost/127.0.0.1:45202]
16:10:36.489 [main] DEBUG net.serenitybdd.core.photography.Darkroom - Send negative for processing for target\site\serenity\2518128af7435933f7850f034be4776dfe4dc8b22c74464ee5266447a9bd9b4d.png
16:10:36.489 [main] DEBUG net.thucydides.core.steps.StepInterceptor - STEP DONE: UserInputtPasswordd
  &amp#27;[32mAnd &amp#27;[0m&amp#27;[32muser inputt passwordd&amp#27;[0m                                     &amp#27;[90m# starter.stepdefinitions.ProductSteps.UserInputtPasswordd()&amp#27;[0m
16:10:36.489 [Darkroom Processing Line] DEBUG net.serenitybdd.core.photography.DarkroomProcessingLine - Processing screenshot image in /var/screenshots/screenshot-3015606828120430115
16:10:36.489 [Darkroom Processing Line] DEBUG net.serenitybdd.core.photography.DarkroomProcessingLine - Saving screenshot to target\site\serenity\2518128af7435933f7850f034be4776dfe4dc8b22c74464ee5266447a9bd9b4d.png
16:10:36.499 [main] DEBUG net.thucydides.core.steps.StepInterceptor - STARTING STEP: ProductSteps.clickkButtonn - clickkButtonn
16:10:36.502 [Forwarding findElement on session e5a9c8b4f5192fa942fa7b479fa67c21 to remote] DEBUG org.asynchttpclient.netty.request.NettyRequestSender - Using pooled Channel '[id: 0x93881530, L:/127.0.0.1:50400 - R:localhost/127.0.0.1:45202]' for 'POST' to 'http://localhost:45202/session/e5a9c8b4f5192fa942fa7b479fa67c21/element'
16:10:36.502 [Forwarding findElement on session e5a9c8b4f5192fa942fa7b479fa67c21 to remote] DEBUG org.asynchttpclient.netty.request.NettyRequestSender - Using open Channel [id: 0x93881530, L:/127.0.0.1:50400 - R:localhost/127.0.0.1:45202] for POST '/session/e5a9c8b4f5192fa942fa7b479fa67c21/element'
16:10:36.512 [AsyncHttpClient-1-14] DEBUG org.asynchttpclient.netty.handler.HttpHandler - 

Request DefaultHttpRequest(decodeResult: success, version: HTTP/1.1)
POST /session/e5a9c8b4f5192fa942fa7b479fa67c21/element HTTP/1.1
User-Agent: selenium/4.8.1 (java windows)
Content-Length: 168
Content-Type: application/json; charset=utf-8
host: localhost:45202
accept: */*

Response DefaultHttpResponse(decodeResult: success, version: HTTP/1.1)
HTTP/1.1 200 OK
Content-Length: 95
Content-Type: application/json; charset=utf-8
cache-control: no-cache

16:10:36.513 [AsyncHttpClient-1-14] DEBUG org.asynchttpclient.netty.channel.ChannelManager - Adding key: http://localhost:45202 for channel [id: 0x93881530, L:/127.0.0.1:50400 - R:localhost/127.0.0.1:45202]
16:10:36.514 [Forwarding getElementTagName on session e5a9c8b4f5192fa942fa7b479fa67c21 to remote] DEBUG org.asynchttpclient.netty.request.NettyRequestSender - Using pooled Channel '[id: 0x93881530, L:/127.0.0.1:50400 - R:localhost/127.0.0.1:45202]' for 'GET' to 'http://localhost:45202/session/e5a9c8b4f5192fa942fa7b479fa67c21/element/3DDD89C7179C1E4D97EB9A9CD432A28D_element_11/name'
16:10:36.514 [Forwarding getElementTagName on session e5a9c8b4f5192fa942fa7b479fa67c21 to remote] DEBUG org.asynchttpclient.netty.request.NettyRequestSender - Using open Channel [id: 0x93881530, L:/127.0.0.1:50400 - R:localhost/127.0.0.1:45202] for GET '/session/e5a9c8b4f5192fa942fa7b479fa67c21/element/3DDD89C7179C1E4D97EB9A9CD432A28D_element_11/name'
16:10:36.521 [AsyncHttpClient-1-14] DEBUG org.asynchttpclient.netty.handler.HttpHandler - 

Request DefaultFullHttpRequest(decodeResult: success, version: HTTP/1.1, content: EmptyByteBufBE)
GET /session/e5a9c8b4f5192fa942fa7b479fa67c21/element/3DDD89C7179C1E4D97EB9A9CD432A28D_element_11/name HTTP/1.1
User-Agent: selenium/4.8.1 (java windows)
Cache-Control: no-cache
Content-Type: application/json; charset=utf-8
host: localhost:45202
accept: */*

Response DefaultHttpResponse(decodeResult: success, version: HTTP/1.1)
HTTP/1.1 200 OK
Content-Length: 16
Content-Type: application/json; charset=utf-8
cache-control: no-cache

16:10:36.521 [AsyncHttpClient-1-14] DEBUG org.asynchttpclient.netty.channel.ChannelManager - Adding key: http://localhost:45202 for channel [id: 0x93881530, L:/127.0.0.1:50400 - R:localhost/127.0.0.1:45202]
16:10:36.522 [Forwarding getElementTagName on session e5a9c8b4f5192fa942fa7b479fa67c21 to remote] DEBUG org.asynchttpclient.netty.request.NettyRequestSender - Using pooled Channel '[id: 0x93881530, L:/127.0.0.1:50400 - R:localhost/127.0.0.1:45202]' for 'GET' to 'http://localhost:45202/session/e5a9c8b4f5192fa942fa7b479fa67c21/element/3DDD89C7179C1E4D97EB9A9CD432A28D_element_11/name'
16:10:36.522 [Forwarding getElementTagName on session e5a9c8b4f5192fa942fa7b479fa67c21 to remote] DEBUG org.asynchttpclient.netty.request.NettyRequestSender - Using open Channel [id: 0x93881530, L:/127.0.0.1:50400 - R:localhost/127.0.0.1:45202] for GET '/session/e5a9c8b4f5192fa942fa7b479fa67c21/element/3DDD89C7179C1E4D97EB9A9CD432A28D_element_11/name'
16:10:36.530 [AsyncHttpClient-1-14] DEBUG org.asynchttpclient.netty.handler.HttpHandler - 

Request DefaultFullHttpRequest(decodeResult: success, version: HTTP/1.1, content: EmptyByteBufBE)
GET /session/e5a9c8b4f5192fa942fa7b479fa67c21/element/3DDD89C7179C1E4D97EB9A9CD432A28D_element_11/name HTTP/1.1
User-Agent: selenium/4.8.1 (java windows)
Cache-Control: no-cache
Content-Type: application/json; charset=utf-8
host: localhost:45202
accept: */*

Response DefaultHttpResponse(decodeResult: success, version: HTTP/1.1)
HTTP/1.1 200 OK
Content-Length: 16
Content-Type: application/json; charset=utf-8
cache-control: no-cache

16:10:36.530 [AsyncHttpClient-1-14] DEBUG org.asynchttpclient.netty.channel.ChannelManager - Adding key: http://localhost:45202 for channel [id: 0x93881530, L:/127.0.0.1:50400 - R:localhost/127.0.0.1:45202]
16:10:36.531 [Forwarding findElement on session e5a9c8b4f5192fa942fa7b479fa67c21 to remote] DEBUG org.asynchttpclient.netty.request.NettyRequestSender - Using pooled Channel '[id: 0x93881530, L:/127.0.0.1:50400 - R:localhost/127.0.0.1:45202]' for 'POST' to 'http://localhost:45202/session/e5a9c8b4f5192fa942fa7b479fa67c21/element'
16:10:36.531 [Forwarding findElement on session e5a9c8b4f5192fa942fa7b479fa67c21 to remote] DEBUG org.asynchttpclient.netty.request.NettyRequestSender - Using open Channel [id: 0x93881530, L:/127.0.0.1:50400 - R:localhost/127.0.0.1:45202] for POST '/session/e5a9c8b4f5192fa942fa7b479fa67c21/element'
16:10:36.540 [AsyncHttpClient-1-14] DEBUG org.asynchttpclient.netty.handler.HttpHandler - 

Request DefaultHttpRequest(decodeResult: success, version: HTTP/1.1)
POST /session/e5a9c8b4f5192fa942fa7b479fa67c21/element HTTP/1.1
User-Agent: selenium/4.8.1 (java windows)
Content-Length: 168
Content-Type: application/json; charset=utf-8
host: localhost:45202
accept: */*

Response DefaultHttpResponse(decodeResult: success, version: HTTP/1.1)
HTTP/1.1 200 OK
Content-Length: 95
Content-Type: application/json; charset=utf-8
cache-control: no-cache

16:10:36.540 [AsyncHttpClient-1-14] DEBUG org.asynchttpclient.netty.channel.ChannelManager - Adding key: http://localhost:45202 for channel [id: 0x93881530, L:/127.0.0.1:50400 - R:localhost/127.0.0.1:45202]
16:10:36.541 [Forwarding clickElement on session e5a9c8b4f5192fa942fa7b479fa67c21 to remote] DEBUG org.asynchttpclient.netty.request.NettyRequestSender - Using pooled Channel '[id: 0x93881530, L:/127.0.0.1:50400 - R:localhost/127.0.0.1:45202]' for 'POST' to 'http://localhost:45202/session/e5a9c8b4f5192fa942fa7b479fa67c21/element/3DDD89C7179C1E4D97EB9A9CD432A28D_element_11/click'
16:10:36.541 [Forwarding clickElement on session e5a9c8b4f5192fa942fa7b479fa67c21 to remote] DEBUG org.asynchttpclient.netty.request.NettyRequestSender - Using open Channel [id: 0x93881530, L:/127.0.0.1:50400 - R:localhost/127.0.0.1:45202] for POST '/session/e5a9c8b4f5192fa942fa7b479fa67c21/element/3DDD89C7179C1E4D97EB9A9CD432A28D_element_11/click'
16:10:36.601 [AsyncHttpClient-1-14] DEBUG org.asynchttpclient.netty.handler.HttpHandler - 

Request DefaultHttpRequest(decodeResult: success, version: HTTP/1.1)
POST /session/e5a9c8b4f5192fa942fa7b479fa67c21/element/3DDD89C7179C1E4D97EB9A9CD432A28D_element_11/click HTTP/1.1
User-Agent: selenium/4.8.1 (java windows)
Content-Length: 57
Content-Type: application/json; charset=utf-8
host: localhost:45202
accept: */*

Response DefaultHttpResponse(decodeResult: success, version: HTTP/1.1)
HTTP/1.1 200 OK
Content-Length: 14
Content-Type: application/json; charset=utf-8
cache-control: no-cache

16:10:36.601 [AsyncHttpClient-1-14] DEBUG org.asynchttpclient.netty.channel.ChannelManager - Adding key: http://localhost:45202 for channel [id: 0x93881530, L:/127.0.0.1:50400 - R:localhost/127.0.0.1:45202]
16:10:36.880 [AsyncHttpClient-1-1] DEBUG org.asynchttpclient.netty.channel.DefaultChannelPool - Entry count for : http://localhost:50401 : 1
16:10:36.880 [AsyncHttpClient-1-1] DEBUG org.asynchttpclient.netty.channel.DefaultChannelPool - Entry count for : http://localhost:45202 : 1
16:10:37.623 [Forwarding getAlertText on session e5a9c8b4f5192fa942fa7b479fa67c21 to remote] DEBUG org.asynchttpclient.netty.request.NettyRequestSender - Using pooled Channel '[id: 0x93881530, L:/127.0.0.1:50400 - R:localhost/127.0.0.1:45202]' for 'GET' to 'http://localhost:45202/session/e5a9c8b4f5192fa942fa7b479fa67c21/alert/text'
16:10:37.623 [Forwarding getAlertText on session e5a9c8b4f5192fa942fa7b479fa67c21 to remote] DEBUG org.asynchttpclient.netty.request.NettyRequestSender - Using open Channel [id: 0x93881530, L:/127.0.0.1:50400 - R:localhost/127.0.0.1:45202] for GET '/session/e5a9c8b4f5192fa942fa7b479fa67c21/alert/text'
16:10:37.983 [AsyncHttpClient-1-1] DEBUG org.asynchttpclient.netty.channel.DefaultChannelPool - Entry count for : http://localhost:50401 : 1
16:10:39.083 [AsyncHttpClient-1-1] DEBUG org.asynchttpclient.netty.channel.DefaultChannelPool - Entry count for : http://localhost:50401 : 1
16:10:39.730 [AsyncHttpClient-1-14] DEBUG org.asynchttpclient.netty.handler.HttpHandler - 

Request DefaultFullHttpRequest(decodeResult: success, version: HTTP/1.1, content: EmptyByteBufBE)
GET /session/e5a9c8b4f5192fa942fa7b479fa67c21/alert/text HTTP/1.1
User-Agent: selenium/4.8.1 (java windows)
Cache-Control: no-cache
Content-Type: application/json; charset=utf-8
host: localhost:45202
accept: */*

Response DefaultHttpResponse(decodeResult: success, version: HTTP/1.1)
HTTP/1.1 404 Not Found
Content-Length: 820
Content-Type: application/json; charset=utf-8
cache-control: no-cache

16:10:39.730 [AsyncHttpClient-1-14] DEBUG org.asynchttpclient.netty.channel.ChannelManager - Adding key: http://localhost:45202 for channel [id: 0x93881530, L:/127.0.0.1:50400 - R:localhost/127.0.0.1:45202]
16:10:39.732 [Forwarding getCurrentUrl on session e5a9c8b4f5192fa942fa7b479fa67c21 to remote] DEBUG org.asynchttpclient.netty.request.NettyRequestSender - Using pooled Channel '[id: 0x93881530, L:/127.0.0.1:50400 - R:localhost/127.0.0.1:45202]' for 'GET' to 'http://localhost:45202/session/e5a9c8b4f5192fa942fa7b479fa67c21/url'
16:10:39.732 [Forwarding getCurrentUrl on session e5a9c8b4f5192fa942fa7b479fa67c21 to remote] DEBUG org.asynchttpclient.netty.request.NettyRequestSender - Using open Channel [id: 0x93881530, L:/127.0.0.1:50400 - R:localhost/127.0.0.1:45202] for GET '/session/e5a9c8b4f5192fa942fa7b479fa67c21/url'
16:10:39.754 [AsyncHttpClient-1-14] DEBUG org.asynchttpclient.netty.handler.HttpHandler - 

Request DefaultFullHttpRequest(decodeResult: success, version: HTTP/1.1, content: EmptyByteBufBE)
GET /session/e5a9c8b4f5192fa942fa7b479fa67c21/url HTTP/1.1
User-Agent: selenium/4.8.1 (java windows)
Cache-Control: no-cache
Content-Type: application/json; charset=utf-8
host: localhost:45202
accept: */*

Response DefaultHttpResponse(decodeResult: success, version: HTTP/1.1)
HTTP/1.1 200 OK
Content-Length: 41
Content-Type: application/json; charset=utf-8
cache-control: no-cache

16:10:39.754 [AsyncHttpClient-1-14] DEBUG org.asynchttpclient.netty.channel.ChannelManager - Adding key: http://localhost:45202 for channel [id: 0x93881530, L:/127.0.0.1:50400 - R:localhost/127.0.0.1:45202]
16:10:39.755 [Forwarding screenshot on session e5a9c8b4f5192fa942fa7b479fa67c21 to remote] DEBUG org.asynchttpclient.netty.request.NettyRequestSender - Using pooled Channel '[id: 0x93881530, L:/127.0.0.1:50400 - R:localhost/127.0.0.1:45202]' for 'GET' to 'http://localhost:45202/session/e5a9c8b4f5192fa942fa7b479fa67c21/screenshot'
16:10:39.755 [Forwarding screenshot on session e5a9c8b4f5192fa942fa7b479fa67c21 to remote] DEBUG org.asynchttpclient.netty.request.NettyRequestSender - Using open Channel [id: 0x93881530, L:/127.0.0.1:50400 - R:localhost/127.0.0.1:45202] for GET '/session/e5a9c8b4f5192fa942fa7b479fa67c21/screenshot'
16:10:39.938 [AsyncHttpClient-1-14] DEBUG org.asynchttpclient.netty.handler.HttpHandler - 

Request DefaultFullHttpRequest(decodeResult: success, version: HTTP/1.1, content: EmptyByteBufBE)
GET /session/e5a9c8b4f5192fa942fa7b479fa67c21/screenshot HTTP/1.1
User-Agent: selenium/4.8.1 (java windows)
Cache-Control: no-cache
Content-Type: application/json; charset=utf-8
host: localhost:45202
accept: */*

Response DefaultHttpResponse(decodeResult: success, version: HTTP/1.1)
HTTP/1.1 200 OK
Content-Length: 97512
Content-Type: application/json; charset=utf-8
cache-control: no-cache

16:10:39.938 [AsyncHttpClient-1-14] DEBUG org.asynchttpclient.netty.channel.ChannelManager - Adding key: http://localhost:45202 for channel [id: 0x93881530, L:/127.0.0.1:50400 - R:localhost/127.0.0.1:45202]
16:10:39.942 [main] DEBUG net.serenitybdd.core.photography.Darkroom - Send negative for processing for target\site\serenity\d0da2d90b0f33d176584f0d65aca389c92f219cd83fb588395c2e81e8757e213.png
16:10:39.943 [main] DEBUG net.thucydides.core.steps.StepInterceptor - STEP DONE: clickkButtonn
  &amp#27;[32mAnd &amp#27;[0m&amp#27;[32mclickk buttonn&amp#27;[0m                                            &amp#27;[90m# starter.stepdefinitions.ProductSteps.clickkButtonn()&amp#27;[0m
16:10:39.957 [main] DEBUG net.thucydides.core.steps.StepInterceptor - STARTING STEP: ProductSteps.userClickProductt - userClickProductt
16:10:39.961 [Forwarding findElement on session e5a9c8b4f5192fa942fa7b479fa67c21 to remote] DEBUG org.asynchttpclient.netty.request.NettyRequestSender - Using pooled Channel '[id: 0x93881530, L:/127.0.0.1:50400 - R:localhost/127.0.0.1:45202]' for 'POST' to 'http://localhost:45202/session/e5a9c8b4f5192fa942fa7b479fa67c21/element'
16:10:39.962 [Forwarding findElement on session e5a9c8b4f5192fa942fa7b479fa67c21 to remote] DEBUG org.asynchttpclient.netty.request.NettyRequestSender - Using open Channel [id: 0x93881530, L:/127.0.0.1:50400 - R:localhost/127.0.0.1:45202] for POST '/session/e5a9c8b4f5192fa942fa7b479fa67c21/element'
16:10:39.994 [AsyncHttpClient-1-14] DEBUG org.asynchttpclient.netty.handler.HttpHandler - 

Request DefaultHttpRequest(decodeResult: success, version: HTTP/1.1)
POST /session/e5a9c8b4f5192fa942fa7b479fa67c21/element HTTP/1.1
User-Agent: selenium/4.8.1 (java windows)
Content-Length: 62
Content-Type: application/json; charset=utf-8
host: localhost:45202
accept: */*

Response DefaultHttpResponse(decodeResult: success, version: HTTP/1.1)
HTTP/1.1 400 Bad Request
Content-Length: 1181
Content-Type: application/json; charset=utf-8
cache-control: no-cache

16:10:39.994 [AsyncHttpClient-1-14] DEBUG org.asynchttpclient.netty.channel.ChannelManager - Adding key: http://localhost:45202 for channel [id: 0x93881530, L:/127.0.0.1:50400 - R:localhost/127.0.0.1:45202]
16:10:40.113 [Forwarding findElement on session e5a9c8b4f5192fa942fa7b479fa67c21 to remote] DEBUG org.asynchttpclient.netty.request.NettyRequestSender - Using pooled Channel '[id: 0x93881530, L:/127.0.0.1:50400 - R:localhost/127.0.0.1:45202]' for 'POST' to 'http://localhost:45202/session/e5a9c8b4f5192fa942fa7b479fa67c21/element'
16:10:40.113 [Forwarding findElement on session e5a9c8b4f5192fa942fa7b479fa67c21 to remote] DEBUG org.asynchttpclient.netty.request.NettyRequestSender - Using open Channel [id: 0x93881530, L:/127.0.0.1:50400 - R:localhost/127.0.0.1:45202] for POST '/session/e5a9c8b4f5192fa942fa7b479fa67c21/element'
16:10:40.153 [AsyncHttpClient-1-14] DEBUG org.asynchttpclient.netty.handler.HttpHandler - 

Request DefaultHttpRequest(decodeResult: success, version: HTTP/1.1)
POST /session/e5a9c8b4f5192fa942fa7b479fa67c21/element HTTP/1.1
User-Agent: selenium/4.8.1 (java windows)
Content-Length: 62
Content-Type: application/json; charset=utf-8
host: localhost:45202
accept: */*

Response DefaultHttpResponse(decodeResult: success, version: HTTP/1.1)
HTTP/1.1 400 Bad Request
Content-Length: 1181
Content-Type: application/json; charset=utf-8
cache-control: no-cache

16:10:40.153 [AsyncHttpClient-1-14] DEBUG org.asynchttpclient.netty.channel.ChannelManager - Adding key: http://localhost:45202 for channel [id: 0x93881530, L:/127.0.0.1:50400 - R:localhost/127.0.0.1:45202]
16:10:40.190 [AsyncHttpClient-1-1] DEBUG org.asynchttpclient.netty.channel.DefaultChannelPool - Entry count for : http://localhost:50401 : 1
16:10:40.190 [AsyncHttpClient-1-1] DEBUG org.asynchttpclient.netty.channel.DefaultChannelPool - Entry count for : http://localhost:45202 : 1
16:10:40.271 [Forwarding findElement on session e5a9c8b4f5192fa942fa7b479fa67c21 to remote] DEBUG org.asynchttpclient.netty.request.NettyRequestSender - Using pooled Channel '[id: 0x93881530, L:/127.0.0.1:50400 - R:localhost/127.0.0.1:45202]' for 'POST' to 'http://localhost:45202/session/e5a9c8b4f5192fa942fa7b479fa67c21/element'
16:10:40.271 [Forwarding findElement on session e5a9c8b4f5192fa942fa7b479fa67c21 to remote] DEBUG org.asynchttpclient.netty.request.NettyRequestSender - Using open Channel [id: 0x93881530, L:/127.0.0.1:50400 - R:localhost/127.0.0.1:45202] for POST '/session/e5a9c8b4f5192fa942fa7b479fa67c21/element'
16:10:40.325 [AsyncHttpClient-1-14] DEBUG org.asynchttpclient.netty.handler.HttpHandler - 

Request DefaultHttpRequest(decodeResult: success, version: HTTP/1.1)
POST /session/e5a9c8b4f5192fa942fa7b479fa67c21/element HTTP/1.1
User-Agent: selenium/4.8.1 (java windows)
Content-Length: 62
Content-Type: application/json; charset=utf-8
host: localhost:45202
accept: */*

Response DefaultHttpResponse(decodeResult: success, version: HTTP/1.1)
HTTP/1.1 400 Bad Request
Content-Length: 1181
Content-Type: application/json; charset=utf-8
cache-control: no-cache

16:10:40.325 [AsyncHttpClient-1-14] DEBUG org.asynchttpclient.netty.channel.ChannelManager - Adding key: http://localhost:45202 for channel [id: 0x93881530, L:/127.0.0.1:50400 - R:localhost/127.0.0.1:45202]
16:10:40.429 [Forwarding findElement on session e5a9c8b4f5192fa942fa7b479fa67c21 to remote] DEBUG org.asynchttpclient.netty.request.NettyRequestSender - Using pooled Channel '[id: 0x93881530, L:/127.0.0.1:50400 - R:localhost/127.0.0.1:45202]' for 'POST' to 'http://localhost:45202/session/e5a9c8b4f5192fa942fa7b479fa67c21/element'
16:10:40.429 [Forwarding findElement on session e5a9c8b4f5192fa942fa7b479fa67c21 to remote] DEBUG org.asynchttpclient.netty.request.NettyRequestSender - Using open Channel [id: 0x93881530, L:/127.0.0.1:50400 - R:localhost/127.0.0.1:45202] for POST '/session/e5a9c8b4f5192fa942fa7b479fa67c21/element'
16:10:40.465 [AsyncHttpClient-1-14] DEBUG org.asynchttpclient.netty.handler.HttpHandler - 

Request DefaultHttpRequest(decodeResult: success, version: HTTP/1.1)
POST /session/e5a9c8b4f5192fa942fa7b479fa67c21/element HTTP/1.1
User-Agent: selenium/4.8.1 (java windows)
Content-Length: 62
Content-Type: application/json; charset=utf-8
host: localhost:45202
accept: */*

Response DefaultHttpResponse(decodeResult: success, version: HTTP/1.1)
HTTP/1.1 400 Bad Request
Content-Length: 1181
Content-Type: application/json; charset=utf-8
cache-control: no-cache

16:10:40.465 [AsyncHttpClient-1-14] DEBUG org.asynchttpclient.netty.channel.ChannelManager - Adding key: http://localhost:45202 for channel [id: 0x93881530, L:/127.0.0.1:50400 - R:localhost/127.0.0.1:45202]
16:10:40.569 [Forwarding findElement on session e5a9c8b4f5192fa942fa7b479fa67c21 to remote] DEBUG org.asynchttpclient.netty.request.NettyRequestSender - Using pooled Channel '[id: 0x93881530, L:/127.0.0.1:50400 - R:localhost/127.0.0.1:45202]' for 'POST' to 'http://localhost:45202/session/e5a9c8b4f5192fa942fa7b479fa67c21/element'
16:10:40.569 [Forwarding findElement on session e5a9c8b4f5192fa942fa7b479fa67c21 to remote] DEBUG org.asynchttpclient.netty.request.NettyRequestSender - Using open Channel [id: 0x93881530, L:/127.0.0.1:50400 - R:localhost/127.0.0.1:45202] for POST '/session/e5a9c8b4f5192fa942fa7b479fa67c21/element'
16:10:40.592 [AsyncHttpClient-1-14] DEBUG org.asynchttpclient.netty.handler.HttpHandler - 

Request DefaultHttpRequest(decodeResult: success, version: HTTP/1.1)
POST /session/e5a9c8b4f5192fa942fa7b479fa67c21/element HTTP/1.1
User-Agent: selenium/4.8.1 (java windows)
Content-Length: 62
Content-Type: application/json; charset=utf-8
host: localhost:45202
accept: */*

Response DefaultHttpResponse(decodeResult: success, version: HTTP/1.1)
HTTP/1.1 400 Bad Request
Content-Length: 1181
Content-Type: application/json; charset=utf-8
cache-control: no-cache

16:10:40.592 [AsyncHttpClient-1-14] DEBUG org.asynchttpclient.netty.channel.ChannelManager - Adding key: http://localhost:45202 for channel [id: 0x93881530, L:/127.0.0.1:50400 - R:localhost/127.0.0.1:45202]
16:10:40.709 [Forwarding findElement on session e5a9c8b4f5192fa942fa7b479fa67c21 to remote] DEBUG org.asynchttpclient.netty.request.NettyRequestSender - Using pooled Channel '[id: 0x93881530, L:/127.0.0.1:50400 - R:localhost/127.0.0.1:45202]' for 'POST' to 'http://localhost:45202/session/e5a9c8b4f5192fa942fa7b479fa67c21/element'
16:10:40.710 [Forwarding findElement on session e5a9c8b4f5192fa942fa7b479fa67c21 to remote] DEBUG org.asynchttpclient.netty.request.NettyRequestSender - Using open Channel [id: 0x93881530, L:/127.0.0.1:50400 - R:localhost/127.0.0.1:45202] for POST '/session/e5a9c8b4f5192fa942fa7b479fa67c21/element'
16:10:40.743 [AsyncHttpClient-1-14] DEBUG org.asynchttpclient.netty.handler.HttpHandler - 

Request DefaultHttpRequest(decodeResult: success, version: HTTP/1.1)
POST /session/e5a9c8b4f5192fa942fa7b479fa67c21/element HTTP/1.1
User-Agent: selenium/4.8.1 (java windows)
Content-Length: 62
Content-Type: application/json; charset=utf-8
host: localhost:45202
accept: */*

Response DefaultHttpResponse(decodeResult: success, version: HTTP/1.1)
HTTP/1.1 400 Bad Request
Content-Length: 1181
Content-Type: application/json; charset=utf-8
cache-control: no-cache

16:10:40.744 [AsyncHttpClient-1-14] DEBUG org.asynchttpclient.netty.channel.ChannelManager - Adding key: http://localhost:45202 for channel [id: 0x93881530, L:/127.0.0.1:50400 - R:localhost/127.0.0.1:45202]
16:10:40.851 [Forwarding findElement on session e5a9c8b4f5192fa942fa7b479fa67c21 to remote] DEBUG org.asynchttpclient.netty.request.NettyRequestSender - Using pooled Channel '[id: 0x93881530, L:/127.0.0.1:50400 - R:localhost/127.0.0.1:45202]' for 'POST' to 'http://localhost:45202/session/e5a9c8b4f5192fa942fa7b479fa67c21/element'
16:10:40.851 [Forwarding findElement on session e5a9c8b4f5192fa942fa7b479fa67c21 to remote] DEBUG org.asynchttpclient.netty.request.NettyRequestSender - Using open Channel [id: 0x93881530, L:/127.0.0.1:50400 - R:localhost/127.0.0.1:45202] for POST '/session/e5a9c8b4f5192fa942fa7b479fa67c21/element'
16:10:40.885 [AsyncHttpClient-1-14] DEBUG org.asynchttpclient.netty.handler.HttpHandler - 

Request DefaultHttpRequest(decodeResult: success, version: HTTP/1.1)
POST /session/e5a9c8b4f5192fa942fa7b479fa67c21/element HTTP/1.1
User-Agent: selenium/4.8.1 (java windows)
Content-Length: 62
Content-Type: application/json; charset=utf-8
host: localhost:45202
accept: */*

Response DefaultHttpResponse(decodeResult: success, version: HTTP/1.1)
HTTP/1.1 400 Bad Request
Content-Length: 1181
Content-Type: application/json; charset=utf-8
cache-control: no-cache

16:10:40.885 [AsyncHttpClient-1-14] DEBUG org.asynchttpclient.netty.channel.ChannelManager - Adding key: http://localhost:45202 for channel [id: 0x93881530, L:/127.0.0.1:50400 - R:localhost/127.0.0.1:45202]
16:10:40.989 [Forwarding findElement on session e5a9c8b4f5192fa942fa7b479fa67c21 to remote] DEBUG org.asynchttpclient.netty.request.NettyRequestSender - Using pooled Channel '[id: 0x93881530, L:/127.0.0.1:50400 - R:localhost/127.0.0.1:45202]' for 'POST' to 'http://localhost:45202/session/e5a9c8b4f5192fa942fa7b479fa67c21/element'
16:10:40.989 [Forwarding findElement on session e5a9c8b4f5192fa942fa7b479fa67c21 to remote] DEBUG org.asynchttpclient.netty.request.NettyRequestSender - Using open Channel [id: 0x93881530, L:/127.0.0.1:50400 - R:localhost/127.0.0.1:45202] for POST '/session/e5a9c8b4f5192fa942fa7b479fa67c21/element'
16:10:41.021 [AsyncHttpClient-1-14] DEBUG org.asynchttpclient.netty.handler.HttpHandler - 

Request DefaultHttpRequest(decodeResult: success, version: HTTP/1.1)
POST /session/e5a9c8b4f5192fa942fa7b479fa67c21/element HTTP/1.1
User-Agent: selenium/4.8.1 (java windows)
Content-Length: 62
Content-Type: application/json; charset=utf-8
host: localhost:45202
accept: */*

Response DefaultHttpResponse(decodeResult: success, version: HTTP/1.1)
HTTP/1.1 400 Bad Request
Content-Length: 1181
Content-Type: application/json; charset=utf-8
cache-control: no-cache

16:10:41.021 [AsyncHttpClient-1-14] DEBUG org.asynchttpclient.netty.channel.ChannelManager - Adding key: http://localhost:45202 for channel [id: 0x93881530, L:/127.0.0.1:50400 - R:localhost/127.0.0.1:45202]
16:10:41.131 [Forwarding findElement on session e5a9c8b4f5192fa942fa7b479fa67c21 to remote] DEBUG org.asynchttpclient.netty.request.NettyRequestSender - Using pooled Channel '[id: 0x93881530, L:/127.0.0.1:50400 - R:localhost/127.0.0.1:45202]' for 'POST' to 'http://localhost:45202/session/e5a9c8b4f5192fa942fa7b479fa67c21/element'
16:10:41.131 [Forwarding findElement on session e5a9c8b4f5192fa942fa7b479fa67c21 to remote] DEBUG org.asynchttpclient.netty.request.NettyRequestSender - Using open Channel [id: 0x93881530, L:/127.0.0.1:50400 - R:localhost/127.0.0.1:45202] for POST '/session/e5a9c8b4f5192fa942fa7b479fa67c21/element'
16:10:41.171 [AsyncHttpClient-1-14] DEBUG org.asynchttpclient.netty.handler.HttpHandler - 

Request DefaultHttpRequest(decodeResult: success, version: HTTP/1.1)
POST /session/e5a9c8b4f5192fa942fa7b479fa67c21/element HTTP/1.1
User-Agent: selenium/4.8.1 (java windows)
Content-Length: 62
Content-Type: application/json; charset=utf-8
host: localhost:45202
accept: */*

Response DefaultHttpResponse(decodeResult: success, version: HTTP/1.1)
HTTP/1.1 400 Bad Request
Content-Length: 1181
Content-Type: application/json; charset=utf-8
cache-control: no-cache

16:10:41.171 [AsyncHttpClient-1-14] DEBUG org.asynchttpclient.netty.channel.ChannelManager - Adding key: http://localhost:45202 for channel [id: 0x93881530, L:/127.0.0.1:50400 - R:localhost/127.0.0.1:45202]
16:10:41.286 [AsyncHttpClient-1-1] DEBUG org.asynchttpclient.netty.channel.DefaultChannelPool - Entry count for : http://localhost:50401 : 1
16:10:41.286 [AsyncHttpClient-1-1] DEBUG org.asynchttpclient.netty.channel.DefaultChannelPool - Entry count for : http://localhost:45202 : 1
16:10:41.288 [Forwarding findElement on session e5a9c8b4f5192fa942fa7b479fa67c21 to remote] DEBUG org.asynchttpclient.netty.request.NettyRequestSender - Using pooled Channel '[id: 0x93881530, L:/127.0.0.1:50400 - R:localhost/127.0.0.1:45202]' for 'POST' to 'http://localhost:45202/session/e5a9c8b4f5192fa942fa7b479fa67c21/element'
16:10:41.288 [Forwarding findElement on session e5a9c8b4f5192fa942fa7b479fa67c21 to remote] DEBUG org.asynchttpclient.netty.request.NettyRequestSender - Using open Channel [id: 0x93881530, L:/127.0.0.1:50400 - R:localhost/127.0.0.1:45202] for POST '/session/e5a9c8b4f5192fa942fa7b479fa67c21/element'
16:10:41.336 [AsyncHttpClient-1-14] DEBUG org.asynchttpclient.netty.handler.HttpHandler - 

Request DefaultHttpRequest(decodeResult: success, version: HTTP/1.1)
POST /session/e5a9c8b4f5192fa942fa7b479fa67c21/element HTTP/1.1
User-Agent: selenium/4.8.1 (java windows)
Content-Length: 62
Content-Type: application/json; charset=utf-8
host: localhost:45202
accept: */*

Response DefaultHttpResponse(decodeResult: success, version: HTTP/1.1)
HTTP/1.1 400 Bad Request
Content-Length: 1181
Content-Type: application/json; charset=utf-8
cache-control: no-cache

16:10:41.336 [AsyncHttpClient-1-14] DEBUG org.asynchttpclient.netty.channel.ChannelManager - Adding key: http://localhost:45202 for channel [id: 0x93881530, L:/127.0.0.1:50400 - R:localhost/127.0.0.1:45202]
16:10:41.445 [Forwarding findElement on session e5a9c8b4f5192fa942fa7b479fa67c21 to remote] DEBUG org.asynchttpclient.netty.request.NettyRequestSender - Using pooled Channel '[id: 0x93881530, L:/127.0.0.1:50400 - R:localhost/127.0.0.1:45202]' for 'POST' to 'http://localhost:45202/session/e5a9c8b4f5192fa942fa7b479fa67c21/element'
16:10:41.445 [Forwarding findElement on session e5a9c8b4f5192fa942fa7b479fa67c21 to remote] DEBUG org.asynchttpclient.netty.request.NettyRequestSender - Using open Channel [id: 0x93881530, L:/127.0.0.1:50400 - R:localhost/127.0.0.1:45202] for POST '/session/e5a9c8b4f5192fa942fa7b479fa67c21/element'
16:10:41.479 [AsyncHttpClient-1-14] DEBUG org.asynchttpclient.netty.handler.HttpHandler - 

Request DefaultHttpRequest(decodeResult: success, version: HTTP/1.1)
POST /session/e5a9c8b4f5192fa942fa7b479fa67c21/element HTTP/1.1
User-Agent: selenium/4.8.1 (java windows)
Content-Length: 62
Content-Type: application/json; charset=utf-8
host: localhost:45202
accept: */*

Response DefaultHttpResponse(decodeResult: success, version: HTTP/1.1)
HTTP/1.1 400 Bad Request
Content-Length: 1181
Content-Type: application/json; charset=utf-8
cache-control: no-cache

16:10:41.479 [AsyncHttpClient-1-14] DEBUG org.asynchttpclient.netty.channel.ChannelManager - Adding key: http://localhost:45202 for channel [id: 0x93881530, L:/127.0.0.1:50400 - R:localhost/127.0.0.1:45202]
16:10:41.585 [Forwarding findElement on session e5a9c8b4f5192fa942fa7b479fa67c21 to remote] DEBUG org.asynchttpclient.netty.request.NettyRequestSender - Using pooled Channel '[id: 0x93881530, L:/127.0.0.1:50400 - R:localhost/127.0.0.1:45202]' for 'POST' to 'http://localhost:45202/session/e5a9c8b4f5192fa942fa7b479fa67c21/element'
16:10:41.586 [Forwarding findElement on session e5a9c8b4f5192fa942fa7b479fa67c21 to remote] DEBUG org.asynchttpclient.netty.request.NettyRequestSender - Using open Channel [id: 0x93881530, L:/127.0.0.1:50400 - R:localhost/127.0.0.1:45202] for POST '/session/e5a9c8b4f5192fa942fa7b479fa67c21/element'
16:10:41.608 [AsyncHttpClient-1-14] DEBUG org.asynchttpclient.netty.handler.HttpHandler - 

Request DefaultHttpRequest(decodeResult: success, version: HTTP/1.1)
POST /session/e5a9c8b4f5192fa942fa7b479fa67c21/element HTTP/1.1
User-Agent: selenium/4.8.1 (java windows)
Content-Length: 62
Content-Type: application/json; charset=utf-8
host: localhost:45202
accept: */*

Response DefaultHttpResponse(decodeResult: success, version: HTTP/1.1)
HTTP/1.1 400 Bad Request
Content-Length: 1181
Content-Type: application/json; charset=utf-8
cache-control: no-cache

16:10:41.608 [AsyncHttpClient-1-14] DEBUG org.asynchttpclient.netty.channel.ChannelManager - Adding key: http://localhost:45202 for channel [id: 0x93881530, L:/127.0.0.1:50400 - R:localhost/127.0.0.1:45202]
16:10:41.726 [Forwarding findElement on session e5a9c8b4f5192fa942fa7b479fa67c21 to remote] DEBUG org.asynchttpclient.netty.request.NettyRequestSender - Using pooled Channel '[id: 0x93881530, L:/127.0.0.1:50400 - R:localhost/127.0.0.1:45202]' for 'POST' to 'http://localhost:45202/session/e5a9c8b4f5192fa942fa7b479fa67c21/element'
16:10:41.726 [Forwarding findElement on session e5a9c8b4f5192fa942fa7b479fa67c21 to remote] DEBUG org.asynchttpclient.netty.request.NettyRequestSender - Using open Channel [id: 0x93881530, L:/127.0.0.1:50400 - R:localhost/127.0.0.1:45202] for POST '/session/e5a9c8b4f5192fa942fa7b479fa67c21/element'
16:10:41.760 [AsyncHttpClient-1-14] DEBUG org.asynchttpclient.netty.handler.HttpHandler - 

Request DefaultHttpRequest(decodeResult: success, version: HTTP/1.1)
POST /session/e5a9c8b4f5192fa942fa7b479fa67c21/element HTTP/1.1
User-Agent: selenium/4.8.1 (java windows)
Content-Length: 62
Content-Type: application/json; charset=utf-8
host: localhost:45202
accept: */*

Response DefaultHttpResponse(decodeResult: success, version: HTTP/1.1)
HTTP/1.1 400 Bad Request
Content-Length: 1181
Content-Type: application/json; charset=utf-8
cache-control: no-cache

16:10:41.760 [AsyncHttpClient-1-14] DEBUG org.asynchttpclient.netty.channel.ChannelManager - Adding key: http://localhost:45202 for channel [id: 0x93881530, L:/127.0.0.1:50400 - R:localhost/127.0.0.1:45202]
16:10:41.868 [Forwarding findElement on session e5a9c8b4f5192fa942fa7b479fa67c21 to remote] DEBUG org.asynchttpclient.netty.request.NettyRequestSender - Using pooled Channel '[id: 0x93881530, L:/127.0.0.1:50400 - R:localhost/127.0.0.1:45202]' for 'POST' to 'http://localhost:45202/session/e5a9c8b4f5192fa942fa7b479fa67c21/element'
16:10:41.868 [Forwarding findElement on session e5a9c8b4f5192fa942fa7b479fa67c21 to remote] DEBUG org.asynchttpclient.netty.request.NettyRequestSender - Using open Channel [id: 0x93881530, L:/127.0.0.1:50400 - R:localhost/127.0.0.1:45202] for POST '/session/e5a9c8b4f5192fa942fa7b479fa67c21/element'
16:10:41.902 [AsyncHttpClient-1-14] DEBUG org.asynchttpclient.netty.handler.HttpHandler - 

Request DefaultHttpRequest(decodeResult: success, version: HTTP/1.1)
POST /session/e5a9c8b4f5192fa942fa7b479fa67c21/element HTTP/1.1
User-Agent: selenium/4.8.1 (java windows)
Content-Length: 62
Content-Type: application/json; charset=utf-8
host: localhost:45202
accept: */*

Response DefaultHttpResponse(decodeResult: success, version: HTTP/1.1)
HTTP/1.1 400 Bad Request
Content-Length: 1181
Content-Type: application/json; charset=utf-8
cache-control: no-cache

16:10:41.902 [AsyncHttpClient-1-14] DEBUG org.asynchttpclient.netty.channel.ChannelManager - Adding key: http://localhost:45202 for channel [id: 0x93881530, L:/127.0.0.1:50400 - R:localhost/127.0.0.1:45202]
16:10:42.008 [Forwarding findElement on session e5a9c8b4f5192fa942fa7b479fa67c21 to remote] DEBUG org.asynchttpclient.netty.request.NettyRequestSender - Using pooled Channel '[id: 0x93881530, L:/127.0.0.1:50400 - R:localhost/127.0.0.1:45202]' for 'POST' to 'http://localhost:45202/session/e5a9c8b4f5192fa942fa7b479fa67c21/element'
16:10:42.008 [Forwarding findElement on session e5a9c8b4f5192fa942fa7b479fa67c21 to remote] DEBUG org.asynchttpclient.netty.request.NettyRequestSender - Using open Channel [id: 0x93881530, L:/127.0.0.1:50400 - R:localhost/127.0.0.1:45202] for POST '/session/e5a9c8b4f5192fa942fa7b479fa67c21/element'
16:10:42.041 [AsyncHttpClient-1-14] DEBUG org.asynchttpclient.netty.handler.HttpHandler - 

Request DefaultHttpRequest(decodeResult: success, version: HTTP/1.1)
POST /session/e5a9c8b4f5192fa942fa7b479fa67c21/element HTTP/1.1
User-Agent: selenium/4.8.1 (java windows)
Content-Length: 62
Content-Type: application/json; charset=utf-8
host: localhost:45202
accept: */*

Response DefaultHttpResponse(decodeResult: success, version: HTTP/1.1)
HTTP/1.1 400 Bad Request
Content-Length: 1181
Content-Type: application/json; charset=utf-8
cache-control: no-cache

16:10:42.042 [AsyncHttpClient-1-14] DEBUG org.asynchttpclient.netty.channel.ChannelManager - Adding key: http://localhost:45202 for channel [id: 0x93881530, L:/127.0.0.1:50400 - R:localhost/127.0.0.1:45202]
16:10:42.147 [Forwarding findElement on session e5a9c8b4f5192fa942fa7b479fa67c21 to remote] DEBUG org.asynchttpclient.netty.request.NettyRequestSender - Using pooled Channel '[id: 0x93881530, L:/127.0.0.1:50400 - R:localhost/127.0.0.1:45202]' for 'POST' to 'http://localhost:45202/session/e5a9c8b4f5192fa942fa7b479fa67c21/element'
16:10:42.147 [Forwarding findElement on session e5a9c8b4f5192fa942fa7b479fa67c21 to remote] DEBUG org.asynchttpclient.netty.request.NettyRequestSender - Using open Channel [id: 0x93881530, L:/127.0.0.1:50400 - R:localhost/127.0.0.1:45202] for POST '/session/e5a9c8b4f5192fa942fa7b479fa67c21/element'
16:10:42.169 [AsyncHttpClient-1-14] DEBUG org.asynchttpclient.netty.handler.HttpHandler - 

Request DefaultHttpRequest(decodeResult: success, version: HTTP/1.1)
POST /session/e5a9c8b4f5192fa942fa7b479fa67c21/element HTTP/1.1
User-Agent: selenium/4.8.1 (java windows)
Content-Length: 62
Content-Type: application/json; charset=utf-8
host: localhost:45202
accept: */*

Response DefaultHttpResponse(decodeResult: success, version: HTTP/1.1)
HTTP/1.1 400 Bad Request
Content-Length: 1181
Content-Type: application/json; charset=utf-8
cache-control: no-cache

16:10:42.169 [AsyncHttpClient-1-14] DEBUG org.asynchttpclient.netty.channel.ChannelManager - Adding key: http://localhost:45202 for channel [id: 0x93881530, L:/127.0.0.1:50400 - R:localhost/127.0.0.1:45202]
16:10:42.274 [Forwarding findElement on session e5a9c8b4f5192fa942fa7b479fa67c21 to remote] DEBUG org.asynchttpclient.netty.request.NettyRequestSender - Using pooled Channel '[id: 0x93881530, L:/127.0.0.1:50400 - R:localhost/127.0.0.1:45202]' for 'POST' to 'http://localhost:45202/session/e5a9c8b4f5192fa942fa7b479fa67c21/element'
16:10:42.274 [Forwarding findElement on session e5a9c8b4f5192fa942fa7b479fa67c21 to remote] DEBUG org.asynchttpclient.netty.request.NettyRequestSender - Using open Channel [id: 0x93881530, L:/127.0.0.1:50400 - R:localhost/127.0.0.1:45202] for POST '/session/e5a9c8b4f5192fa942fa7b479fa67c21/element'
16:10:42.296 [AsyncHttpClient-1-14] DEBUG org.asynchttpclient.netty.handler.HttpHandler - 

Request DefaultHttpRequest(decodeResult: success, version: HTTP/1.1)
POST /session/e5a9c8b4f5192fa942fa7b479fa67c21/element HTTP/1.1
User-Agent: selenium/4.8.1 (java windows)
Content-Length: 62
Content-Type: application/json; charset=utf-8
host: localhost:45202
accept: */*

Response DefaultHttpResponse(decodeResult: success, version: HTTP/1.1)
HTTP/1.1 400 Bad Request
Content-Length: 1181
Content-Type: application/json; charset=utf-8
cache-control: no-cache

16:10:42.297 [AsyncHttpClient-1-14] DEBUG org.asynchttpclient.netty.channel.ChannelManager - Adding key: http://localhost:45202 for channel [id: 0x93881530, L:/127.0.0.1:50400 - R:localhost/127.0.0.1:45202]
16:10:42.381 [AsyncHttpClient-1-1] DEBUG org.asynchttpclient.netty.channel.DefaultChannelPool - Entry count for : http://localhost:50401 : 1
16:10:42.381 [AsyncHttpClient-1-1] DEBUG org.asynchttpclient.netty.channel.DefaultChannelPool - Entry count for : http://localhost:45202 : 1
16:10:42.414 [Forwarding findElement on session e5a9c8b4f5192fa942fa7b479fa67c21 to remote] DEBUG org.asynchttpclient.netty.request.NettyRequestSender - Using pooled Channel '[id: 0x93881530, L:/127.0.0.1:50400 - R:localhost/127.0.0.1:45202]' for 'POST' to 'http://localhost:45202/session/e5a9c8b4f5192fa942fa7b479fa67c21/element'
16:10:42.414 [Forwarding findElement on session e5a9c8b4f5192fa942fa7b479fa67c21 to remote] DEBUG org.asynchttpclient.netty.request.NettyRequestSender - Using open Channel [id: 0x93881530, L:/127.0.0.1:50400 - R:localhost/127.0.0.1:45202] for POST '/session/e5a9c8b4f5192fa942fa7b479fa67c21/element'
16:10:42.439 [AsyncHttpClient-1-14] DEBUG org.asynchttpclient.netty.handler.HttpHandler - 

Request DefaultHttpRequest(decodeResult: success, version: HTTP/1.1)
POST /session/e5a9c8b4f5192fa942fa7b479fa67c21/element HTTP/1.1
User-Agent: selenium/4.8.1 (java windows)
Content-Length: 62
Content-Type: application/json; charset=utf-8
host: localhost:45202
accept: */*

Response DefaultHttpResponse(decodeResult: success, version: HTTP/1.1)
HTTP/1.1 400 Bad Request
Content-Length: 1181
Content-Type: application/json; charset=utf-8
cache-control: no-cache

16:10:42.439 [AsyncHttpClient-1-14] DEBUG org.asynchttpclient.netty.channel.ChannelManager - Adding key: http://localhost:45202 for channel [id: 0x93881530, L:/127.0.0.1:50400 - R:localhost/127.0.0.1:45202]
16:10:42.556 [Forwarding findElement on session e5a9c8b4f5192fa942fa7b479fa67c21 to remote] DEBUG org.asynchttpclient.netty.request.NettyRequestSender - Using pooled Channel '[id: 0x93881530, L:/127.0.0.1:50400 - R:localhost/127.0.0.1:45202]' for 'POST' to 'http://localhost:45202/session/e5a9c8b4f5192fa942fa7b479fa67c21/element'
16:10:42.557 [Forwarding findElement on session e5a9c8b4f5192fa942fa7b479fa67c21 to remote] DEBUG org.asynchttpclient.netty.request.NettyRequestSender - Using open Channel [id: 0x93881530, L:/127.0.0.1:50400 - R:localhost/127.0.0.1:45202] for POST '/session/e5a9c8b4f5192fa942fa7b479fa67c21/element'
16:10:42.590 [AsyncHttpClient-1-14] DEBUG org.asynchttpclient.netty.handler.HttpHandler - 

Request DefaultHttpRequest(decodeResult: success, version: HTTP/1.1)
POST /session/e5a9c8b4f5192fa942fa7b479fa67c21/element HTTP/1.1
User-Agent: selenium/4.8.1 (java windows)
Content-Length: 62
Content-Type: application/json; charset=utf-8
host: localhost:45202
accept: */*

Response DefaultHttpResponse(decodeResult: success, version: HTTP/1.1)
HTTP/1.1 400 Bad Request
Content-Length: 1181
Content-Type: application/json; charset=utf-8
cache-control: no-cache

16:10:42.590 [AsyncHttpClient-1-14] DEBUG org.asynchttpclient.netty.channel.ChannelManager - Adding key: http://localhost:45202 for channel [id: 0x93881530, L:/127.0.0.1:50400 - R:localhost/127.0.0.1:45202]
16:10:42.696 [Forwarding findElement on session e5a9c8b4f5192fa942fa7b479fa67c21 to remote] DEBUG org.asynchttpclient.netty.request.NettyRequestSender - Using pooled Channel '[id: 0x93881530, L:/127.0.0.1:50400 - R:localhost/127.0.0.1:45202]' for 'POST' to 'http://localhost:45202/session/e5a9c8b4f5192fa942fa7b479fa67c21/element'
16:10:42.696 [Forwarding findElement on session e5a9c8b4f5192fa942fa7b479fa67c21 to remote] DEBUG org.asynchttpclient.netty.request.NettyRequestSender - Using open Channel [id: 0x93881530, L:/127.0.0.1:50400 - R:localhost/127.0.0.1:45202] for POST '/session/e5a9c8b4f5192fa942fa7b479fa67c21/element'
16:10:42.730 [AsyncHttpClient-1-14] DEBUG org.asynchttpclient.netty.handler.HttpHandler - 

Request DefaultHttpRequest(decodeResult: success, version: HTTP/1.1)
POST /session/e5a9c8b4f5192fa942fa7b479fa67c21/element HTTP/1.1
User-Agent: selenium/4.8.1 (java windows)
Content-Length: 62
Content-Type: application/json; charset=utf-8
host: localhost:45202
accept: */*

Response DefaultHttpResponse(decodeResult: success, version: HTTP/1.1)
HTTP/1.1 400 Bad Request
Content-Length: 1181
Content-Type: application/json; charset=utf-8
cache-control: no-cache

16:10:42.730 [AsyncHttpClient-1-14] DEBUG org.asynchttpclient.netty.channel.ChannelManager - Adding key: http://localhost:45202 for channel [id: 0x93881530, L:/127.0.0.1:50400 - R:localhost/127.0.0.1:45202]
16:10:42.851 [Forwarding findElement on session e5a9c8b4f5192fa942fa7b479fa67c21 to remote] DEBUG org.asynchttpclient.netty.request.NettyRequestSender - Using pooled Channel '[id: 0x93881530, L:/127.0.0.1:50400 - R:localhost/127.0.0.1:45202]' for 'POST' to 'http://localhost:45202/session/e5a9c8b4f5192fa942fa7b479fa67c21/element'
16:10:42.851 [Forwarding findElement on session e5a9c8b4f5192fa942fa7b479fa67c21 to remote] DEBUG org.asynchttpclient.netty.request.NettyRequestSender - Using open Channel [id: 0x93881530, L:/127.0.0.1:50400 - R:localhost/127.0.0.1:45202] for POST '/session/e5a9c8b4f5192fa942fa7b479fa67c21/element'
16:10:42.886 [AsyncHttpClient-1-14] DEBUG org.asynchttpclient.netty.handler.HttpHandler - 

Request DefaultHttpRequest(decodeResult: success, version: HTTP/1.1)
POST /session/e5a9c8b4f5192fa942fa7b479fa67c21/element HTTP/1.1
User-Agent: selenium/4.8.1 (java windows)
Content-Length: 62
Content-Type: application/json; charset=utf-8
host: localhost:45202
accept: */*

Response DefaultHttpResponse(decodeResult: success, version: HTTP/1.1)
HTTP/1.1 400 Bad Request
Content-Length: 1181
Content-Type: application/json; charset=utf-8
cache-control: no-cache

16:10:42.886 [AsyncHttpClient-1-14] DEBUG org.asynchttpclient.netty.channel.ChannelManager - Adding key: http://localhost:45202 for channel [id: 0x93881530, L:/127.0.0.1:50400 - R:localhost/127.0.0.1:45202]
16:10:43.006 [Forwarding findElement on session e5a9c8b4f5192fa942fa7b479fa67c21 to remote] DEBUG org.asynchttpclient.netty.request.NettyRequestSender - Using pooled Channel '[id: 0x93881530, L:/127.0.0.1:50400 - R:localhost/127.0.0.1:45202]' for 'POST' to 'http://localhost:45202/session/e5a9c8b4f5192fa942fa7b479fa67c21/element'
16:10:43.006 [Forwarding findElement on session e5a9c8b4f5192fa942fa7b479fa67c21 to remote] DEBUG org.asynchttpclient.netty.request.NettyRequestSender - Using open Channel [id: 0x93881530, L:/127.0.0.1:50400 - R:localhost/127.0.0.1:45202] for POST '/session/e5a9c8b4f5192fa942fa7b479fa67c21/element'
16:10:43.040 [AsyncHttpClient-1-14] DEBUG org.asynchttpclient.netty.handler.HttpHandler - 

Request DefaultHttpRequest(decodeResult: success, version: HTTP/1.1)
POST /session/e5a9c8b4f5192fa942fa7b479fa67c21/element HTTP/1.1
User-Agent: selenium/4.8.1 (java windows)
Content-Length: 62
Content-Type: application/json; charset=utf-8
host: localhost:45202
accept: */*

Response DefaultHttpResponse(decodeResult: success, version: HTTP/1.1)
HTTP/1.1 400 Bad Request
Content-Length: 1181
Content-Type: application/json; charset=utf-8
cache-control: no-cache

16:10:43.040 [AsyncHttpClient-1-14] DEBUG org.asynchttpclient.netty.channel.ChannelManager - Adding key: http://localhost:45202 for channel [id: 0x93881530, L:/127.0.0.1:50400 - R:localhost/127.0.0.1:45202]
16:10:43.159 [Forwarding findElement on session e5a9c8b4f5192fa942fa7b479fa67c21 to remote] DEBUG org.asynchttpclient.netty.request.NettyRequestSender - Using pooled Channel '[id: 0x93881530, L:/127.0.0.1:50400 - R:localhost/127.0.0.1:45202]' for 'POST' to 'http://localhost:45202/session/e5a9c8b4f5192fa942fa7b479fa67c21/element'
16:10:43.159 [Forwarding findElement on session e5a9c8b4f5192fa942fa7b479fa67c21 to remote] DEBUG org.asynchttpclient.netty.request.NettyRequestSender - Using open Channel [id: 0x93881530, L:/127.0.0.1:50400 - R:localhost/127.0.0.1:45202] for POST '/session/e5a9c8b4f5192fa942fa7b479fa67c21/element'
16:10:43.193 [AsyncHttpClient-1-14] DEBUG org.asynchttpclient.netty.handler.HttpHandler - 

Request DefaultHttpRequest(decodeResult: success, version: HTTP/1.1)
POST /session/e5a9c8b4f5192fa942fa7b479fa67c21/element HTTP/1.1
User-Agent: selenium/4.8.1 (java windows)
Content-Length: 62
Content-Type: application/json; charset=utf-8
host: localhost:45202
accept: */*

Response DefaultHttpResponse(decodeResult: success, version: HTTP/1.1)
HTTP/1.1 400 Bad Request
Content-Length: 1181
Content-Type: application/json; charset=utf-8
cache-control: no-cache

16:10:43.193 [AsyncHttpClient-1-14] DEBUG org.asynchttpclient.netty.channel.ChannelManager - Adding key: http://localhost:45202 for channel [id: 0x93881530, L:/127.0.0.1:50400 - R:localhost/127.0.0.1:45202]
16:10:43.299 [Forwarding findElement on session e5a9c8b4f5192fa942fa7b479fa67c21 to remote] DEBUG org.asynchttpclient.netty.request.NettyRequestSender - Using pooled Channel '[id: 0x93881530, L:/127.0.0.1:50400 - R:localhost/127.0.0.1:45202]' for 'POST' to 'http://localhost:45202/session/e5a9c8b4f5192fa942fa7b479fa67c21/element'
16:10:43.299 [Forwarding findElement on session e5a9c8b4f5192fa942fa7b479fa67c21 to remote] DEBUG org.asynchttpclient.netty.request.NettyRequestSender - Using open Channel [id: 0x93881530, L:/127.0.0.1:50400 - R:localhost/127.0.0.1:45202] for POST '/session/e5a9c8b4f5192fa942fa7b479fa67c21/element'
16:10:43.322 [AsyncHttpClient-1-14] DEBUG org.asynchttpclient.netty.handler.HttpHandler - 

Request DefaultHttpRequest(decodeResult: success, version: HTTP/1.1)
POST /session/e5a9c8b4f5192fa942fa7b479fa67c21/element HTTP/1.1
User-Agent: selenium/4.8.1 (java windows)
Content-Length: 62
Content-Type: application/json; charset=utf-8
host: localhost:45202
accept: */*

Response DefaultHttpResponse(decodeResult: success, version: HTTP/1.1)
HTTP/1.1 400 Bad Request
Content-Length: 1181
Content-Type: application/json; charset=utf-8
cache-control: no-cache

16:10:43.322 [AsyncHttpClient-1-14] DEBUG org.asynchttpclient.netty.channel.ChannelManager - Adding key: http://localhost:45202 for channel [id: 0x93881530, L:/127.0.0.1:50400 - R:localhost/127.0.0.1:45202]
16:10:43.437 [Forwarding findElement on session e5a9c8b4f5192fa942fa7b479fa67c21 to remote] DEBUG org.asynchttpclient.netty.request.NettyRequestSender - Using pooled Channel '[id: 0x93881530, L:/127.0.0.1:50400 - R:localhost/127.0.0.1:45202]' for 'POST' to 'http://localhost:45202/session/e5a9c8b4f5192fa942fa7b479fa67c21/element'
16:10:43.437 [Forwarding findElement on session e5a9c8b4f5192fa942fa7b479fa67c21 to remote] DEBUG org.asynchttpclient.netty.request.NettyRequestSender - Using open Channel [id: 0x93881530, L:/127.0.0.1:50400 - R:localhost/127.0.0.1:45202] for POST '/session/e5a9c8b4f5192fa942fa7b479fa67c21/element'
16:10:43.453 [AsyncHttpClient-1-14] DEBUG org.asynchttpclient.netty.handler.HttpHandler - 

Request DefaultHttpRequest(decodeResult: success, version: HTTP/1.1)
POST /session/e5a9c8b4f5192fa942fa7b479fa67c21/element HTTP/1.1
User-Agent: selenium/4.8.1 (java windows)
Content-Length: 62
Content-Type: application/json; charset=utf-8
host: localhost:45202
accept: */*

Response DefaultHttpResponse(decodeResult: success, version: HTTP/1.1)
HTTP/1.1 400 Bad Request
Content-Length: 1181
Content-Type: application/json; charset=utf-8
cache-control: no-cache

16:10:43.453 [AsyncHttpClient-1-14] DEBUG org.asynchttpclient.netty.channel.ChannelManager - Adding key: http://localhost:45202 for channel [id: 0x93881530, L:/127.0.0.1:50400 - R:localhost/127.0.0.1:45202]
16:10:43.483 [AsyncHttpClient-1-1] DEBUG org.asynchttpclient.netty.channel.DefaultChannelPool - Entry count for : http://localhost:50401 : 1
16:10:43.483 [AsyncHttpClient-1-1] DEBUG org.asynchttpclient.netty.channel.DefaultChannelPool - Entry count for : http://localhost:45202 : 1
16:10:43.566 [Forwarding findElement on session e5a9c8b4f5192fa942fa7b479fa67c21 to remote] DEBUG org.asynchttpclient.netty.request.NettyRequestSender - Using pooled Channel '[id: 0x93881530, L:/127.0.0.1:50400 - R:localhost/127.0.0.1:45202]' for 'POST' to 'http://localhost:45202/session/e5a9c8b4f5192fa942fa7b479fa67c21/element'
16:10:43.566 [Forwarding findElement on session e5a9c8b4f5192fa942fa7b479fa67c21 to remote] DEBUG org.asynchttpclient.netty.request.NettyRequestSender - Using open Channel [id: 0x93881530, L:/127.0.0.1:50400 - R:localhost/127.0.0.1:45202] for POST '/session/e5a9c8b4f5192fa942fa7b479fa67c21/element'
16:10:43.599 [AsyncHttpClient-1-14] DEBUG org.asynchttpclient.netty.handler.HttpHandler - 

Request DefaultHttpRequest(decodeResult: success, version: HTTP/1.1)
POST /session/e5a9c8b4f5192fa942fa7b479fa67c21/element HTTP/1.1
User-Agent: selenium/4.8.1 (java windows)
Content-Length: 62
Content-Type: application/json; charset=utf-8
host: localhost:45202
accept: */*

Response DefaultHttpResponse(decodeResult: success, version: HTTP/1.1)
HTTP/1.1 400 Bad Request
Content-Length: 1181
Content-Type: application/json; charset=utf-8
cache-control: no-cache

16:10:43.599 [AsyncHttpClient-1-14] DEBUG org.asynchttpclient.netty.channel.ChannelManager - Adding key: http://localhost:45202 for channel [id: 0x93881530, L:/127.0.0.1:50400 - R:localhost/127.0.0.1:45202]
16:10:43.720 [Forwarding findElement on session e5a9c8b4f5192fa942fa7b479fa67c21 to remote] DEBUG org.asynchttpclient.netty.request.NettyRequestSender - Using pooled Channel '[id: 0x93881530, L:/127.0.0.1:50400 - R:localhost/127.0.0.1:45202]' for 'POST' to 'http://localhost:45202/session/e5a9c8b4f5192fa942fa7b479fa67c21/element'
16:10:43.720 [Forwarding findElement on session e5a9c8b4f5192fa942fa7b479fa67c21 to remote] DEBUG org.asynchttpclient.netty.request.NettyRequestSender - Using open Channel [id: 0x93881530, L:/127.0.0.1:50400 - R:localhost/127.0.0.1:45202] for POST '/session/e5a9c8b4f5192fa942fa7b479fa67c21/element'
16:10:43.747 [AsyncHttpClient-1-14] DEBUG org.asynchttpclient.netty.handler.HttpHandler - 

Request DefaultHttpRequest(decodeResult: success, version: HTTP/1.1)
POST /session/e5a9c8b4f5192fa942fa7b479fa67c21/element HTTP/1.1
User-Agent: selenium/4.8.1 (java windows)
Content-Length: 62
Content-Type: application/json; charset=utf-8
host: localhost:45202
accept: */*

Response DefaultHttpResponse(decodeResult: success, version: HTTP/1.1)
HTTP/1.1 400 Bad Request
Content-Length: 1181
Content-Type: application/json; charset=utf-8
cache-control: no-cache

16:10:43.748 [AsyncHttpClient-1-14] DEBUG org.asynchttpclient.netty.channel.ChannelManager - Adding key: http://localhost:45202 for channel [id: 0x93881530, L:/127.0.0.1:50400 - R:localhost/127.0.0.1:45202]
16:10:43.860 [Forwarding findElement on session e5a9c8b4f5192fa942fa7b479fa67c21 to remote] DEBUG org.asynchttpclient.netty.request.NettyRequestSender - Using pooled Channel '[id: 0x93881530, L:/127.0.0.1:50400 - R:localhost/127.0.0.1:45202]' for 'POST' to 'http://localhost:45202/session/e5a9c8b4f5192fa942fa7b479fa67c21/element'
16:10:43.860 [Forwarding findElement on session e5a9c8b4f5192fa942fa7b479fa67c21 to remote] DEBUG org.asynchttpclient.netty.request.NettyRequestSender - Using open Channel [id: 0x93881530, L:/127.0.0.1:50400 - R:localhost/127.0.0.1:45202] for POST '/session/e5a9c8b4f5192fa942fa7b479fa67c21/element'
16:10:43.885 [AsyncHttpClient-1-14] DEBUG org.asynchttpclient.netty.handler.HttpHandler - 

Request DefaultHttpRequest(decodeResult: success, version: HTTP/1.1)
POST /session/e5a9c8b4f5192fa942fa7b479fa67c21/element HTTP/1.1
User-Agent: selenium/4.8.1 (java windows)
Content-Length: 62
Content-Type: application/json; charset=utf-8
host: localhost:45202
accept: */*

Response DefaultHttpResponse(decodeResult: success, version: HTTP/1.1)
HTTP/1.1 400 Bad Request
Content-Length: 1181
Content-Type: application/json; charset=utf-8
cache-control: no-cache

16:10:43.885 [AsyncHttpClient-1-14] DEBUG org.asynchttpclient.netty.channel.ChannelManager - Adding key: http://localhost:45202 for channel [id: 0x93881530, L:/127.0.0.1:50400 - R:localhost/127.0.0.1:45202]
16:10:44.000 [Forwarding findElement on session e5a9c8b4f5192fa942fa7b479fa67c21 to remote] DEBUG org.asynchttpclient.netty.request.NettyRequestSender - Using pooled Channel '[id: 0x93881530, L:/127.0.0.1:50400 - R:localhost/127.0.0.1:45202]' for 'POST' to 'http://localhost:45202/session/e5a9c8b4f5192fa942fa7b479fa67c21/element'
16:10:44.000 [Forwarding findElement on session e5a9c8b4f5192fa942fa7b479fa67c21 to remote] DEBUG org.asynchttpclient.netty.request.NettyRequestSender - Using open Channel [id: 0x93881530, L:/127.0.0.1:50400 - R:localhost/127.0.0.1:45202] for POST '/session/e5a9c8b4f5192fa942fa7b479fa67c21/element'
16:10:44.024 [AsyncHttpClient-1-14] DEBUG org.asynchttpclient.netty.handler.HttpHandler - 

Request DefaultHttpRequest(decodeResult: success, version: HTTP/1.1)
POST /session/e5a9c8b4f5192fa942fa7b479fa67c21/element HTTP/1.1
User-Agent: selenium/4.8.1 (java windows)
Content-Length: 62
Content-Type: application/json; charset=utf-8
host: localhost:45202
accept: */*

Response DefaultHttpResponse(decodeResult: success, version: HTTP/1.1)
HTTP/1.1 400 Bad Request
Content-Length: 1181
Content-Type: application/json; charset=utf-8
cache-control: no-cache

16:10:44.025 [AsyncHttpClient-1-14] DEBUG org.asynchttpclient.netty.channel.ChannelManager - Adding key: http://localhost:45202 for channel [id: 0x93881530, L:/127.0.0.1:50400 - R:localhost/127.0.0.1:45202]
16:10:44.140 [Forwarding findElement on session e5a9c8b4f5192fa942fa7b479fa67c21 to remote] DEBUG org.asynchttpclient.netty.request.NettyRequestSender - Using pooled Channel '[id: 0x93881530, L:/127.0.0.1:50400 - R:localhost/127.0.0.1:45202]' for 'POST' to 'http://localhost:45202/session/e5a9c8b4f5192fa942fa7b479fa67c21/element'
16:10:44.140 [Forwarding findElement on session e5a9c8b4f5192fa942fa7b479fa67c21 to remote] DEBUG org.asynchttpclient.netty.request.NettyRequestSender - Using open Channel [id: 0x93881530, L:/127.0.0.1:50400 - R:localhost/127.0.0.1:45202] for POST '/session/e5a9c8b4f5192fa942fa7b479fa67c21/element'
16:10:44.170 [AsyncHttpClient-1-14] DEBUG org.asynchttpclient.netty.handler.HttpHandler - 

Request DefaultHttpRequest(decodeResult: success, version: HTTP/1.1)
POST /session/e5a9c8b4f5192fa942fa7b479fa67c21/element HTTP/1.1
User-Agent: selenium/4.8.1 (java windows)
Content-Length: 62
Content-Type: application/json; charset=utf-8
host: localhost:45202
accept: */*

Response DefaultHttpResponse(decodeResult: success, version: HTTP/1.1)
HTTP/1.1 400 Bad Request
Content-Length: 1181
Content-Type: application/json; charset=utf-8
cache-control: no-cache

16:10:44.170 [AsyncHttpClient-1-14] DEBUG org.asynchttpclient.netty.channel.ChannelManager - Adding key: http://localhost:45202 for channel [id: 0x93881530, L:/127.0.0.1:50400 - R:localhost/127.0.0.1:45202]
16:10:44.281 [Forwarding findElement on session e5a9c8b4f5192fa942fa7b479fa67c21 to remote] DEBUG org.asynchttpclient.netty.request.NettyRequestSender - Using pooled Channel '[id: 0x93881530, L:/127.0.0.1:50400 - R:localhost/127.0.0.1:45202]' for 'POST' to 'http://localhost:45202/session/e5a9c8b4f5192fa942fa7b479fa67c21/element'
16:10:44.282 [Forwarding findElement on session e5a9c8b4f5192fa942fa7b479fa67c21 to remote] DEBUG org.asynchttpclient.netty.request.NettyRequestSender - Using open Channel [id: 0x93881530, L:/127.0.0.1:50400 - R:localhost/127.0.0.1:45202] for POST '/session/e5a9c8b4f5192fa942fa7b479fa67c21/element'
16:10:44.316 [AsyncHttpClient-1-14] DEBUG org.asynchttpclient.netty.handler.HttpHandler - 

Request DefaultHttpRequest(decodeResult: success, version: HTTP/1.1)
POST /session/e5a9c8b4f5192fa942fa7b479fa67c21/element HTTP/1.1
User-Agent: selenium/4.8.1 (java windows)
Content-Length: 62
Content-Type: application/json; charset=utf-8
host: localhost:45202
accept: */*

Response DefaultHttpResponse(decodeResult: success, version: HTTP/1.1)
HTTP/1.1 400 Bad Request
Content-Length: 1181
Content-Type: application/json; charset=utf-8
cache-control: no-cache

16:10:44.316 [AsyncHttpClient-1-14] DEBUG org.asynchttpclient.netty.channel.ChannelManager - Adding key: http://localhost:45202 for channel [id: 0x93881530, L:/127.0.0.1:50400 - R:localhost/127.0.0.1:45202]
16:10:44.422 [Forwarding findElement on session e5a9c8b4f5192fa942fa7b479fa67c21 to remote] DEBUG org.asynchttpclient.netty.request.NettyRequestSender - Using pooled Channel '[id: 0x93881530, L:/127.0.0.1:50400 - R:localhost/127.0.0.1:45202]' for 'POST' to 'http://localhost:45202/session/e5a9c8b4f5192fa942fa7b479fa67c21/element'
16:10:44.423 [Forwarding findElement on session e5a9c8b4f5192fa942fa7b479fa67c21 to remote] DEBUG org.asynchttpclient.netty.request.NettyRequestSender - Using open Channel [id: 0x93881530, L:/127.0.0.1:50400 - R:localhost/127.0.0.1:45202] for POST '/session/e5a9c8b4f5192fa942fa7b479fa67c21/element'
16:10:44.469 [AsyncHttpClient-1-14] DEBUG org.asynchttpclient.netty.handler.HttpHandler - 

Request DefaultHttpRequest(decodeResult: success, version: HTTP/1.1)
POST /session/e5a9c8b4f5192fa942fa7b479fa67c21/element HTTP/1.1
User-Agent: selenium/4.8.1 (java windows)
Content-Length: 62
Content-Type: application/json; charset=utf-8
host: localhost:45202
accept: */*

Response DefaultHttpResponse(decodeResult: success, version: HTTP/1.1)
HTTP/1.1 400 Bad Request
Content-Length: 1181
Content-Type: application/json; charset=utf-8
cache-control: no-cache

16:10:44.470 [AsyncHttpClient-1-14] DEBUG org.asynchttpclient.netty.channel.ChannelManager - Adding key: http://localhost:45202 for channel [id: 0x93881530, L:/127.0.0.1:50400 - R:localhost/127.0.0.1:45202]
16:10:44.576 [Forwarding findElement on session e5a9c8b4f5192fa942fa7b479fa67c21 to remote] DEBUG org.asynchttpclient.netty.request.NettyRequestSender - Using pooled Channel '[id: 0x93881530, L:/127.0.0.1:50400 - R:localhost/127.0.0.1:45202]' for 'POST' to 'http://localhost:45202/session/e5a9c8b4f5192fa942fa7b479fa67c21/element'
16:10:44.576 [Forwarding findElement on session e5a9c8b4f5192fa942fa7b479fa67c21 to remote] DEBUG org.asynchttpclient.netty.request.NettyRequestSender - Using open Channel [id: 0x93881530, L:/127.0.0.1:50400 - R:localhost/127.0.0.1:45202] for POST '/session/e5a9c8b4f5192fa942fa7b479fa67c21/element'
16:10:44.581 [AsyncHttpClient-1-1] DEBUG org.asynchttpclient.netty.channel.DefaultChannelPool - Entry count for : http://localhost:50401 : 1
16:10:44.588 [AsyncHttpClient-1-14] DEBUG org.asynchttpclient.netty.handler.HttpHandler - 

Request DefaultHttpRequest(decodeResult: success, version: HTTP/1.1)
POST /session/e5a9c8b4f5192fa942fa7b479fa67c21/element HTTP/1.1
User-Agent: selenium/4.8.1 (java windows)
Content-Length: 62
Content-Type: application/json; charset=utf-8
host: localhost:45202
accept: */*

Response DefaultHttpResponse(decodeResult: success, version: HTTP/1.1)
HTTP/1.1 400 Bad Request
Content-Length: 1181
Content-Type: application/json; charset=utf-8
cache-control: no-cache

16:10:44.588 [AsyncHttpClient-1-14] DEBUG org.asynchttpclient.netty.channel.ChannelManager - Adding key: http://localhost:45202 for channel [id: 0x93881530, L:/127.0.0.1:50400 - R:localhost/127.0.0.1:45202]
16:10:44.701 [Forwarding findElement on session e5a9c8b4f5192fa942fa7b479fa67c21 to remote] DEBUG org.asynchttpclient.netty.request.NettyRequestSender - Using pooled Channel '[id: 0x93881530, L:/127.0.0.1:50400 - R:localhost/127.0.0.1:45202]' for 'POST' to 'http://localhost:45202/session/e5a9c8b4f5192fa942fa7b479fa67c21/element'
16:10:44.701 [Forwarding findElement on session e5a9c8b4f5192fa942fa7b479fa67c21 to remote] DEBUG org.asynchttpclient.netty.request.NettyRequestSender - Using open Channel [id: 0x93881530, L:/127.0.0.1:50400 - R:localhost/127.0.0.1:45202] for POST '/session/e5a9c8b4f5192fa942fa7b479fa67c21/element'
16:10:44.716 [AsyncHttpClient-1-14] DEBUG org.asynchttpclient.netty.handler.HttpHandler - 

Request DefaultHttpRequest(decodeResult: success, version: HTTP/1.1)
POST /session/e5a9c8b4f5192fa942fa7b479fa67c21/element HTTP/1.1
User-Agent: selenium/4.8.1 (java windows)
Content-Length: 62
Content-Type: application/json; charset=utf-8
host: localhost:45202
accept: */*

Response DefaultHttpResponse(decodeResult: success, version: HTTP/1.1)
HTTP/1.1 400 Bad Request
Content-Length: 1181
Content-Type: application/json; charset=utf-8
cache-control: no-cache

16:10:44.716 [AsyncHttpClient-1-14] DEBUG org.asynchttpclient.netty.channel.ChannelManager - Adding key: http://localhost:45202 for channel [id: 0x93881530, L:/127.0.0.1:50400 - R:localhost/127.0.0.1:45202]
16:10:44.827 [Forwarding findElement on session e5a9c8b4f5192fa942fa7b479fa67c21 to remote] DEBUG org.asynchttpclient.netty.request.NettyRequestSender - Using pooled Channel '[id: 0x93881530, L:/127.0.0.1:50400 - R:localhost/127.0.0.1:45202]' for 'POST' to 'http://localhost:45202/session/e5a9c8b4f5192fa942fa7b479fa67c21/element'
16:10:44.827 [Forwarding findElement on session e5a9c8b4f5192fa942fa7b479fa67c21 to remote] DEBUG org.asynchttpclient.netty.request.NettyRequestSender - Using open Channel [id: 0x93881530, L:/127.0.0.1:50400 - R:localhost/127.0.0.1:45202] for POST '/session/e5a9c8b4f5192fa942fa7b479fa67c21/element'
16:10:44.841 [AsyncHttpClient-1-14] DEBUG org.asynchttpclient.netty.handler.HttpHandler - 

Request DefaultHttpRequest(decodeResult: success, version: HTTP/1.1)
POST /session/e5a9c8b4f5192fa942fa7b479fa67c21/element HTTP/1.1
User-Agent: selenium/4.8.1 (java windows)
Content-Length: 62
Content-Type: application/json; charset=utf-8
host: localhost:45202
accept: */*

Response DefaultHttpResponse(decodeResult: success, version: HTTP/1.1)
HTTP/1.1 400 Bad Request
Content-Length: 1181
Content-Type: application/json; charset=utf-8
cache-control: no-cache

16:10:44.841 [AsyncHttpClient-1-14] DEBUG org.asynchttpclient.netty.channel.ChannelManager - Adding key: http://localhost:45202 for channel [id: 0x93881530, L:/127.0.0.1:50400 - R:localhost/127.0.0.1:45202]
16:10:44.952 [Forwarding findElement on session e5a9c8b4f5192fa942fa7b479fa67c21 to remote] DEBUG org.asynchttpclient.netty.request.NettyRequestSender - Using pooled Channel '[id: 0x93881530, L:/127.0.0.1:50400 - R:localhost/127.0.0.1:45202]' for 'POST' to 'http://localhost:45202/session/e5a9c8b4f5192fa942fa7b479fa67c21/element'
16:10:44.952 [Forwarding findElement on session e5a9c8b4f5192fa942fa7b479fa67c21 to remote] DEBUG org.asynchttpclient.netty.request.NettyRequestSender - Using open Channel [id: 0x93881530, L:/127.0.0.1:50400 - R:localhost/127.0.0.1:45202] for POST '/session/e5a9c8b4f5192fa942fa7b479fa67c21/element'
16:10:44.966 [AsyncHttpClient-1-14] DEBUG org.asynchttpclient.netty.handler.HttpHandler - 

Request DefaultHttpRequest(decodeResult: success, version: HTTP/1.1)
POST /session/e5a9c8b4f5192fa942fa7b479fa67c21/element HTTP/1.1
User-Agent: selenium/4.8.1 (java windows)
Content-Length: 62
Content-Type: application/json; charset=utf-8
host: localhost:45202
accept: */*

Response DefaultHttpResponse(decodeResult: success, version: HTTP/1.1)
HTTP/1.1 400 Bad Request
Content-Length: 1181
Content-Type: application/json; charset=utf-8
cache-control: no-cache

16:10:44.966 [AsyncHttpClient-1-14] DEBUG org.asynchttpclient.netty.channel.ChannelManager - Adding key: http://localhost:45202 for channel [id: 0x93881530, L:/127.0.0.1:50400 - R:localhost/127.0.0.1:45202]
16:10:44.990 [Forwarding getAlertText on session e5a9c8b4f5192fa942fa7b479fa67c21 to remote] DEBUG org.asynchttpclient.netty.request.NettyRequestSender - Using pooled Channel '[id: 0x93881530, L:/127.0.0.1:50400 - R:localhost/127.0.0.1:45202]' for 'GET' to 'http://localhost:45202/session/e5a9c8b4f5192fa942fa7b479fa67c21/alert/text'
16:10:44.990 [Forwarding getAlertText on session e5a9c8b4f5192fa942fa7b479fa67c21 to remote] DEBUG org.asynchttpclient.netty.request.NettyRequestSender - Using open Channel [id: 0x93881530, L:/127.0.0.1:50400 - R:localhost/127.0.0.1:45202] for GET '/session/e5a9c8b4f5192fa942fa7b479fa67c21/alert/text'
16:10:44.992 [AsyncHttpClient-1-14] DEBUG org.asynchttpclient.netty.handler.HttpHandler - 

Request DefaultFullHttpRequest(decodeResult: success, version: HTTP/1.1, content: EmptyByteBufBE)
GET /session/e5a9c8b4f5192fa942fa7b479fa67c21/alert/text HTTP/1.1
User-Agent: selenium/4.8.1 (java windows)
Cache-Control: no-cache
Content-Type: application/json; charset=utf-8
host: localhost:45202
accept: */*

Response DefaultHttpResponse(decodeResult: success, version: HTTP/1.1)
HTTP/1.1 404 Not Found
Content-Length: 820
Content-Type: application/json; charset=utf-8
cache-control: no-cache

16:10:44.993 [AsyncHttpClient-1-14] DEBUG org.asynchttpclient.netty.channel.ChannelManager - Adding key: http://localhost:45202 for channel [id: 0x93881530, L:/127.0.0.1:50400 - R:localhost/127.0.0.1:45202]
16:10:44.993 [Forwarding getCurrentUrl on session e5a9c8b4f5192fa942fa7b479fa67c21 to remote] DEBUG org.asynchttpclient.netty.request.NettyRequestSender - Using pooled Channel '[id: 0x93881530, L:/127.0.0.1:50400 - R:localhost/127.0.0.1:45202]' for 'GET' to 'http://localhost:45202/session/e5a9c8b4f5192fa942fa7b479fa67c21/url'
16:10:44.993 [Forwarding getCurrentUrl on session e5a9c8b4f5192fa942fa7b479fa67c21 to remote] DEBUG org.asynchttpclient.netty.request.NettyRequestSender - Using open Channel [id: 0x93881530, L:/127.0.0.1:50400 - R:localhost/127.0.0.1:45202] for GET '/session/e5a9c8b4f5192fa942fa7b479fa67c21/url'
16:10:45.000 [AsyncHttpClient-1-14] DEBUG org.asynchttpclient.netty.handler.HttpHandler - 

Request DefaultFullHttpRequest(decodeResult: success, version: HTTP/1.1, content: EmptyByteBufBE)
GET /session/e5a9c8b4f5192fa942fa7b479fa67c21/url HTTP/1.1
User-Agent: selenium/4.8.1 (java windows)
Cache-Control: no-cache
Content-Type: application/json; charset=utf-8
host: localhost:45202
accept: */*

Response DefaultHttpResponse(decodeResult: success, version: HTTP/1.1)
HTTP/1.1 200 OK
Content-Length: 41
Content-Type: application/json; charset=utf-8
cache-control: no-cache

16:10:45.000 [AsyncHttpClient-1-14] DEBUG org.asynchttpclient.netty.channel.ChannelManager - Adding key: http://localhost:45202 for channel [id: 0x93881530, L:/127.0.0.1:50400 - R:localhost/127.0.0.1:45202]
16:10:45.000 [Forwarding screenshot on session e5a9c8b4f5192fa942fa7b479fa67c21 to remote] DEBUG org.asynchttpclient.netty.request.NettyRequestSender - Using pooled Channel '[id: 0x93881530, L:/127.0.0.1:50400 - R:localhost/127.0.0.1:45202]' for 'GET' to 'http://localhost:45202/session/e5a9c8b4f5192fa942fa7b479fa67c21/screenshot'
16:10:45.001 [Forwarding screenshot on session e5a9c8b4f5192fa942fa7b479fa67c21 to remote] DEBUG org.asynchttpclient.netty.request.NettyRequestSender - Using open Channel [id: 0x93881530, L:/127.0.0.1:50400 - R:localhost/127.0.0.1:45202] for GET '/session/e5a9c8b4f5192fa942fa7b479fa67c21/screenshot'
16:10:45.091 [AsyncHttpClient-1-14] DEBUG org.asynchttpclient.netty.handler.HttpHandler - 

Request DefaultFullHttpRequest(decodeResult: success, version: HTTP/1.1, content: EmptyByteBufBE)
GET /session/e5a9c8b4f5192fa942fa7b479fa67c21/screenshot HTTP/1.1
User-Agent: selenium/4.8.1 (java windows)
Cache-Control: no-cache
Content-Type: application/json; charset=utf-8
host: localhost:45202
accept: */*

Response DefaultHttpResponse(decodeResult: success, version: HTTP/1.1)
HTTP/1.1 200 OK
Content-Length: 97048
Content-Type: application/json; charset=utf-8
cache-control: no-cache

16:10:45.091 [AsyncHttpClient-1-14] DEBUG org.asynchttpclient.netty.channel.ChannelManager - Adding key: http://localhost:45202 for channel [id: 0x93881530, L:/127.0.0.1:50400 - R:localhost/127.0.0.1:45202]
16:10:45.094 [main] DEBUG net.serenitybdd.core.photography.Darkroom - Send negative for processing for target\site\serenity\9892b39d2a7d76acd0bc28059d78df7c775fe65d871027de43e7e5ad80dda9b9.png
16:10:45.094 [Darkroom Processing Line] DEBUG net.serenitybdd.core.photography.DarkroomProcessingLine - Processing screenshot image in /var/screenshots/screenshot-2107169987909034903
16:10:45.094 [Darkroom Processing Line] DEBUG net.serenitybdd.core.photography.DarkroomProcessingLine - Saving screenshot to target\site\serenity\9892b39d2a7d76acd0bc28059d78df7c775fe65d871027de43e7e5ad80dda9b9.png
16:10:45.095 [Forwarding getPageSource on session e5a9c8b4f5192fa942fa7b479fa67c21 to remote] DEBUG org.asynchttpclient.netty.request.NettyRequestSender - Using pooled Channel '[id: 0x93881530, L:/127.0.0.1:50400 - R:localhost/127.0.0.1:45202]' for 'POST' to 'http://localhost:45202/session/e5a9c8b4f5192fa942fa7b479fa67c21/execute/sync'
16:10:45.095 [Forwarding getPageSource on session e5a9c8b4f5192fa942fa7b479fa67c21 to remote] DEBUG org.asynchttpclient.netty.request.NettyRequestSender - Using open Channel [id: 0x93881530, L:/127.0.0.1:50400 - R:localhost/127.0.0.1:45202] for POST '/session/e5a9c8b4f5192fa942fa7b479fa67c21/execute/sync'
16:10:45.171 [AsyncHttpClient-1-14] DEBUG org.asynchttpclient.netty.handler.HttpHandler - 

Request DefaultHttpRequest(decodeResult: success, version: HTTP/1.1)
POST /session/e5a9c8b4f5192fa942fa7b479fa67c21/execute/sync HTTP/1.1
User-Agent: selenium/4.8.1 (java windows)
Content-Length: 176
Content-Type: application/json; charset=utf-8
host: localhost:45202
accept: */*

Response DefaultHttpResponse(decodeResult: success, version: HTTP/1.1)
HTTP/1.1 200 OK
Content-Length: 1037121
Content-Type: application/json; charset=utf-8
cache-control: no-cache

16:10:45.174 [AsyncHttpClient-1-14] DEBUG org.asynchttpclient.netty.channel.ChannelManager - Adding key: http://localhost:45202 for channel [id: 0x93881530, L:/127.0.0.1:50400 - R:localhost/127.0.0.1:45202]
16:10:45.683 [AsyncHttpClient-1-1] DEBUG org.asynchttpclient.netty.channel.DefaultChannelPool - Entry count for : http://localhost:50401 : 1
16:10:45.683 [AsyncHttpClient-1-1] DEBUG org.asynchttpclient.netty.channel.DefaultChannelPool - Entry count for : http://localhost:45202 : 1
16:10:46.780 [AsyncHttpClient-1-1] DEBUG org.asynchttpclient.netty.channel.DefaultChannelPool - Entry count for : http://localhost:50401 : 1
16:10:46.780 [AsyncHttpClient-1-1] DEBUG org.asynchttpclient.netty.channel.DefaultChannelPool - Entry count for : http://localhost:45202 : 1
16:10:46.811 [Forwarding getCurrentUrl on session e5a9c8b4f5192fa942fa7b479fa67c21 to remote] DEBUG org.asynchttpclient.netty.request.NettyRequestSender - Using pooled Channel '[id: 0x93881530, L:/127.0.0.1:50400 - R:localhost/127.0.0.1:45202]' for 'GET' to 'http://localhost:45202/session/e5a9c8b4f5192fa942fa7b479fa67c21/url'
16:10:46.811 [Forwarding getCurrentUrl on session e5a9c8b4f5192fa942fa7b479fa67c21 to remote] DEBUG org.asynchttpclient.netty.request.NettyRequestSender - Using open Channel [id: 0x93881530, L:/127.0.0.1:50400 - R:localhost/127.0.0.1:45202] for GET '/session/e5a9c8b4f5192fa942fa7b479fa67c21/url'
16:10:46.816 [AsyncHttpClient-1-14] DEBUG org.asynchttpclient.netty.handler.HttpHandler - 

Request DefaultFullHttpRequest(decodeResult: success, version: HTTP/1.1, content: EmptyByteBufBE)
GET /session/e5a9c8b4f5192fa942fa7b479fa67c21/url HTTP/1.1
User-Agent: selenium/4.8.1 (java windows)
Cache-Control: no-cache
Content-Type: application/json; charset=utf-8
host: localhost:45202
accept: */*

Response DefaultHttpResponse(decodeResult: success, version: HTTP/1.1)
HTTP/1.1 200 OK
Content-Length: 41
Content-Type: application/json; charset=utf-8
cache-control: no-cache

16:10:46.816 [AsyncHttpClient-1-14] DEBUG org.asynchttpclient.netty.channel.ChannelManager - Adding key: http://localhost:45202 for channel [id: 0x93881530, L:/127.0.0.1:50400 - R:localhost/127.0.0.1:45202]
  &amp#27;[31mAnd &amp#27;[0m&amp#27;[31muser click productt&amp#27;[0m                                       &amp#27;[90m# starter.stepdefinitions.ProductSteps.userClickProductt()&amp#27;[0m
      &amp#27;[31mnet.thucydides.core.webdriver.exceptions.ElementShouldBeEnabledException: Expected enabled element was not enabled
	at net.serenitybdd.core.pages.WebElementFacadeImpl.waitUntilEnabled(WebElementFacadeImpl.java:1122)
	at net.serenitybdd.core.pages.WebElementFacadeImpl.waitUntilElementAvailable(WebElementFacadeImpl.java:906)
	at net.serenitybdd.core.pages.WebElementFacadeImpl.click(WebElementFacadeImpl.java:1204)
	at net.serenitybdd.core.pages.WebElementFacadeImpl.click(WebElementFacadeImpl.java:1224)
	at MpWeb@1.0-SNAPSHOT/starter.pages.NegativeProduct.userClickProductt(NegativeProduct.java:52)
	at MpWeb@1.0-SNAPSHOT/starter.pages.NegativeProduct$ByteBuddy$cZBulXSn.userClickProductt$accessor$AkO236lS(Unknown Source)
	at java.base/jdk.internal.reflect.DirectMethodHandleAccessor.invoke(DirectMethodHandleAccessor.java:104)
	at java.base/java.lang.reflect.Method.invoke(Method.java:578)
	at net.thucydides.core.steps.StepInterceptor.invokeMethod(StepInterceptor.java:518)
	at net.thucydides.core.steps.StepInterceptor.executeTestStepMethod(StepInterceptor.java:498)
	at net.thucydides.core.steps.StepInterceptor.runTestStep(StepInterceptor.java:472)
	at net.thucydides.core.steps.StepInterceptor.runOrSkipMethod(StepInterceptor.java:211)
	at net.thucydides.core.steps.StepInterceptor.testStepResult(StepInterceptor.java:198)
	at net.thucydides.core.steps.StepInterceptor.intercept(StepInterceptor.java:86)
	at net.thucydides.core.steps.ProxyConfiguration$InterceptorDispatcher.intercept(ProxyConfiguration.java:51)
	at MpWeb@1.0-SNAPSHOT/starter.pages.NegativeProduct$ByteBuddy$cZBulXSn.userClickProductt(Unknown Source)
	at MpWeb@1.0-SNAPSHOT/starter.stepdefinitions.ProductSteps.userClickProductt(ProductSteps.java:83)
	at ✽.user click productt(file:///D:/JAVA/manusia/MP-WEB/src/test/resources/features.web/product.feature:20)
Caused by: org.openqa.selenium.TimeoutException: Expected condition failed: waiting for By.xpath: Power Ranger Mystic Force to be enabled (tried for 5 second(s) with 100 milliseconds interval)
	at org.openqa.selenium.support.ui.FluentWait.timeoutException(FluentWait.java:263)
	at org.openqa.selenium.support.ui.FluentWait.until(FluentWait.java:231)
	at net.serenitybdd.core.pages.WebElementFacadeImpl.waitUntilEnabled(WebElementFacadeImpl.java:1119)
	at net.serenitybdd.core.pages.WebElementFacadeImpl.waitUntilElementAvailable(WebElementFacadeImpl.java:906)
	at net.serenitybdd.core.pages.WebElementFacadeImpl.click(WebElementFacadeImpl.java:1204)
	at net.serenitybdd.core.pages.WebElementFacadeImpl.click(WebElementFacadeImpl.java:1224)
	at MpWeb@1.0-SNAPSHOT/starter.pages.NegativeProduct.userClickProductt(NegativeProduct.java:52)
	at MpWeb@1.0-SNAPSHOT/starter.pages.NegativeProduct$ByteBuddy$cZBulXSn.userClickProductt$accessor$AkO236lS(Unknown Source)
	at java.base/jdk.internal.reflect.DirectMethodHandleAccessor.invoke(DirectMethodHandleAccessor.java:104)
	at java.base/java.lang.reflect.Method.invoke(Method.java:578)
	at net.thucydides.core.steps.StepInterceptor.invokeMethod(StepInterceptor.java:518)
	at net.thucydides.core.steps.StepInterceptor.executeTestStepMethod(StepInterceptor.java:498)
	at net.thucydides.core.steps.StepInterceptor.runTestStep(StepInterceptor.java:472)
	at net.thucydides.core.steps.StepInterceptor.runOrSkipMethod(StepInterceptor.java:211)
	at net.thucydides.core.steps.StepInterceptor.testStepResult(StepInterceptor.java:198)
	at net.thucydides.core.steps.StepInterceptor.intercept(StepInterceptor.java:86)
	at net.thucydides.core.steps.ProxyConfiguration$InterceptorDispatcher.intercept(ProxyConfiguration.java:51)
	at MpWeb@1.0-SNAPSHOT/starter.pages.NegativeProduct$ByteBuddy$cZBulXSn.userClickProductt(Unknown Source)
	at MpWeb@1.0-SNAPSHOT/starter.stepdefinitions.ProductSteps.userClickProductt(ProductSteps.java:83)
	at java.base/jdk.internal.reflect.DirectMethodHandleAccessor.invoke(DirectMethodHandleAccessor.java:104)
	at java.base/java.lang.reflect.Method.invoke(Method.java:578)
	at io.cucumber.java.Invoker.doInvoke(Invoker.java:66)
	at io.cucumber.java.Invoker.invoke(Invoker.java:24)
	at io.cucumber.java.AbstractGlueDefinition.invokeMethod(AbstractGlueDefinition.java:47)
	at io.cucumber.java.JavaStepDefinition.execute(JavaStepDefinition.java:29)
	at io.cucumber.core.runner.CoreStepDefinition.execute(CoreStepDefinition.java:66)
	at io.cucumber.core.runner.PickleStepDefinitionMatch.runStep(PickleStepDefinitionMatch.java:63)
	at io.cucumber.core.runner.ExecutionMode$1.execute(ExecutionMode.java:10)
	at io.cucumber.core.runner.TestStep.executeStep(TestStep.java:84)
	at io.cucumber.core.runner.TestStep.run(TestStep.java:56)
	at io.cucumber.core.runner.PickleStepTestStep.run(PickleStepTestStep.java:51)
	at io.cucumber.core.runner.TestCase.run(TestCase.java:84)
	at io.cucumber.core.runner.Runner.runPickle(Runner.java:75)
	at io.cucumber.junit.PickleRunners$NoStepDescriptions.lambda$run$0(PickleRunners.java:151)
	at io.cucumber.core.runtime.CucumberExecutionContext.lambda$runTestCase$5(CucumberExecutionContext.java:130)
	at io.cucumber.core.runtime.RethrowingThrowableCollector.executeAndThrow(RethrowingThrowableCollector.java:23)
	at io.cucumber.core.runtime.CucumberExecutionContext.runTestCase(CucumberExecutionContext.java:130)
	at io.cucumber.junit.PickleRunners$NoStepDescriptions.run(PickleRunners.java:148)
	at io.cucumber.junit.FeatureRunner.runChild(FeatureRunner.java:144)
	at io.cucumber.junit.FeatureRunner.runChild(FeatureRunner.java:28)
	at org.junit.runners.ParentRunner$4.run(ParentRunner.java:331)
	at org.junit.runners.ParentRunner$1.schedule(ParentRunner.java:79)
	at org.junit.runners.ParentRunner.runChildren(ParentRunner.java:329)
	at org.junit.runners.ParentRunner.access$100(ParentRunner.java:66)
	at org.junit.runners.ParentRunner$2.evaluate(ParentRunner.java:293)
	at org.junit.runners.ParentRunner$3.evaluate(ParentRunner.java:306)
	at org.junit.runners.ParentRunner.run(ParentRunner.java:413)
	at io.cucumber.junit.FeatureRunner.run(FeatureRunner.java:137)
	at io.cucumber.junit.CucumberSerenityBaseRunner.runChild(CucumberSerenityBaseRunner.java:330)
	at io.cucumber.junit.CucumberSerenityBaseRunner.runChild(CucumberSerenityBaseRunner.java:51)
	at org.junit.runners.ParentRunner$4.run(ParentRunner.java:331)
	at org.junit.runners.ParentRunner$1.schedule(ParentRunner.java:79)
	at org.junit.runners.ParentRunner.runChildren(ParentRunner.java:329)
	at org.junit.runners.ParentRunner.access$100(ParentRunner.java:66)
	at org.junit.runners.ParentRunner$2.evaluate(ParentRunner.java:293)
	at io.cucumber.junit.CucumberSerenityBaseRunner$RunCucumber.evaluate(CucumberSerenityBaseRunner.java:361)
	at org.junit.runners.ParentRunner$3.evaluate(ParentRunner.java:306)
	at org.junit.runners.ParentRunner.run(ParentRunner.java:413)
	at org.junit.runner.JUnitCore.run(JUnitCore.java:137)
	at org.junit.runner.JUnitCore.run(JUnitCore.java:115)
	at org.junit.vintage.engine.execution.RunnerExecutor.execute(RunnerExecutor.java:42)
	at org.junit.vintage.engine.VintageTestEngine.executeAllChildren(VintageTestEngine.java:80)
	at org.junit.vintage.engine.VintageTestEngine.execute(VintageTestEngine.java:72)
	at org.junit.platform.launcher.core.EngineExecutionOrchestrator.execute(EngineExecutionOrchestrator.java:107)
	at org.junit.platform.launcher.core.EngineExecutionOrchestrator.execute(EngineExecutionOrchestrator.java:88)
	at org.junit.platform.launcher.core.EngineExecutionOrchestrator.lambda$execute$0(EngineExecutionOrchestrator.java:54)
	at org.junit.platform.launcher.core.EngineExecutionOrchestrator.withInterceptedStreams(EngineExecutionOrchestrator.java:67)
	at org.junit.platform.launcher.core.EngineExecutionOrchestrator.execute(EngineExecutionOrchestrator.java:52)
	at org.junit.platform.launcher.core.DefaultLauncher.execute(DefaultLauncher.java:114)
	at org.junit.platform.launcher.core.DefaultLauncher.execute(DefaultLauncher.java:86)
	at org.junit.platform.launcher.core.DefaultLauncherSession$DelegatingLauncher.execute(DefaultLauncherSession.java:86)
	at org.junit.platform.launcher.core.SessionPerRequestLauncher.execute(SessionPerRequestLauncher.java:53)
	at org.apache.maven.surefire.junitplatform.JUnitPlatformProvider.execute(JUnitPlatformProvider.java:188)
	at org.apache.maven.surefire.junitplatform.JUnitPlatformProvider.invokeAllTests(JUnitPlatformProvider.java:154)
	at org.apache.maven.surefire.junitplatform.JUnitPlatformProvider.invoke(JUnitPlatformProvider.java:128)
	at org.apache.maven.surefire.booter.ForkedBooter.runSuitesInProcess(ForkedBooter.java:428)
	at org.apache.maven.surefire.booter.ForkedBooter.execute(ForkedBooter.java:162)
	at org.apache.maven.surefire.booter.ForkedBooter.run(ForkedBooter.java:562)
	at org.apache.maven.surefire.booter.ForkedBooter.main(ForkedBooter.java:548)
Caused by: org.openqa.selenium.InvalidSelectorException: invalid selector: Unable to locate an element with the xpath expression Power Ranger Mystic Force because of the following error:
SyntaxError: Failed to execute 'evaluate' on 'Document': The string 'Power Ranger Mystic Force' is not a valid XPath expression.
  (Session info: chrome=113.0.5672.93)
For documentation on this error, please visit: https://selenium.dev/exceptions/#invalid_selector_exception
Build info: version: '4.8.1', revision: '8ebccac989'
System info: os.name: 'Windows 11', os.arch: 'amd64', os.version: '10.0', java.version: '19.0.2'
Driver info: org.openqa.selenium.chrome.ChromeDriver
Command: [e5a9c8b4f5192fa942fa7b479fa67c21, findElement {using=xpath, value=Power Ranger Mystic Force}]
Capabilities {acceptInsecureCerts: true, browserName: chrome, browserVersion: 113.0.5672.93, chrome: {chromedriverVersion: 113.0.5672.63 (0e1a4471d5ae..., userDataDir: C:\Users\drago\AppData\Loca...}, goog:chromeOptions: {debuggerAddress: localhost:50401}, networkConnectionEnabled: false, pageLoadStrategy: normal, platformName: WINDOWS, proxy: Proxy(), se:cdp: ws://localhost:50401/devtoo..., se:cdpVersion: 113.0.5672.93, setWindowRect: true, strictFileInteractability: false, timeouts: {implicit: 0, pageLoad: 300000, script: 30000}, unhandledPromptBehavior: dismiss and notify, webauthn:extension:credBlob: true, webauthn:extension:largeBlob: true, webauthn:extension:minPinLength: true, webauthn:extension:prf: true, webauthn:virtualAuthenticators: true}
Session ID: e5a9c8b4f5192fa942fa7b479fa67c21
	at java.base/jdk.internal.reflect.DirectConstructorHandleAccessor.newInstance(DirectConstructorHandleAccessor.java:67)
	at java.base/java.lang.reflect.Constructor.newInstanceWithCaller(Constructor.java:500)
	at java.base/java.lang.reflect.Constructor.newInstance(Constructor.java:484)
	at org.openqa.selenium.remote.codec.w3c.W3CHttpResponseCodec.createException(W3CHttpResponseCodec.java:200)
	at org.openqa.selenium.remote.codec.w3c.W3CHttpResponseCodec.decode(W3CHttpResponseCodec.java:133)
	at org.openqa.selenium.remote.codec.w3c.W3CHttpResponseCodec.decode(W3CHttpResponseCodec.java:53)
	at org.openqa.selenium.remote.HttpCommandExecutor.execute(HttpCommandExecutor.java:184)
	at org.openqa.selenium.remote.service.DriverCommandExecutor.invokeExecute(DriverCommandExecutor.java:167)
	at org.openqa.selenium.remote.service.DriverCommandExecutor.execute(DriverCommandExecutor.java:142)
	at org.openqa.selenium.remote.RemoteWebDriver.execute(RemoteWebDriver.java:543)
	at org.openqa.selenium.remote.ElementLocation$ElementFinder$2.findElement(ElementLocation.java:162)
	at org.openqa.selenium.remote.ElementLocation.findElement(ElementLocation.java:60)
	at org.openqa.selenium.remote.RemoteWebDriver.findElement(RemoteWebDriver.java:352)
	at org.openqa.selenium.remote.RemoteWebDriver.findElement(RemoteWebDriver.java:344)
	at net.thucydides.core.webdriver.WebDriverFacade.findElement(WebDriverFacade.java:242)
	at net.serenitybdd.core.pages.WebElementResolverByLocator.resolveForDriver(WebElementResolverByLocator.java:25)
	at net.serenitybdd.core.pages.WebElementFacadeImpl.getResolvedElement(WebElementFacadeImpl.java:189)
	at net.serenitybdd.core.pages.WebElementFacadeImpl.getElement(WebElementFacadeImpl.java:184)
	at net.serenitybdd.core.pages.WebElementExpectations$3.apply(WebElementExpectations.java:63)
	at net.serenitybdd.core.pages.WebElementExpectations$3.apply(WebElementExpectations.java:55)
	at org.openqa.selenium.support.ui.FluentWait.until(FluentWait.java:208)
	... 77 more
&amp#27;[0m
  &amp#27;[36mThen &amp#27;[0m&amp#27;[36mitem goes to buckett&amp#27;[0m                                     &amp#27;[90m# starter.stepdefinitions.ProductSteps.itemGoesToBuckett()&amp#27;[0m
16:10:46.900 [main] ERROR  - 
  _____   ___   ___   _____     ___     _     ___   _      ___   ___  
 |_   _| | __| / __| |_   _|   | __|   /_\   |_ _| | |    | __| |   \ 
   | |   | _|  \__ \   | |     | _|   / _ \   | |  | |__  | _|  | |) |
   |_|   |___| |___/   |_|     |_|   /_/ \_\ |___| |____| |___| |___/ 

as a user I want to add a missing product to a bucket
-----------------------------------------------------------------------
16:10:46.903 [main] DEBUG  - RELATED ISSUES: 
16:10:46.907 [main] ERROR  -     Test failed at step: User click productt
16:10:46.907 [main] ERROR  -     Expected enabled element was not enabled
16:10:46.912 [AsyncHttpClient-1-16] DEBUG org.asynchttpclient.netty.handler.WebSocketHandler - Channel Closed: [id: 0x262242cf, L:/127.0.0.1:50407 ! R:localhost/127.0.0.1:50401] with attribute NettyResponseFuture{currentRetry=0,
	isDone=1,
	isCancelled=0,
	asyncHandler=org.asynchttpclient.ws.WebSocketUpgradeHandler@54953023,
	nettyRequest=org.asynchttpclient.netty.request.NettyRequest@1197a4d5,
	future=java.util.concurrent.CompletableFuture@2514c277[Completed normally],
	uri=ws://localhost:50401/devtools/browser/4be1cafd-0ee8-474c-b893-46dd6855e163,
	keepAlive=true,
	redirectCount=0,
	timeoutsHolder=null,
	inAuth=0,
	touch=1683709832513}
16:10:46.913 [AsyncHttpClient-1-16] DEBUG org.asynchttpclient.netty.channel.ChannelManager - Closing Channel [id: 0x262242cf, L:/127.0.0.1:50407 ! R:localhost/127.0.0.1:50401] 
16:10:46.913 [Driver Command Executor] DEBUG org.asynchttpclient.netty.request.NettyRequestSender - Using pooled Channel '[id: 0x93881530, L:/127.0.0.1:50400 - R:localhost/127.0.0.1:45202]' for 'DELETE' to 'http://localhost:45202/session/e5a9c8b4f5192fa942fa7b479fa67c21'
16:10:46.913 [Driver Command Executor] DEBUG org.asynchttpclient.netty.request.NettyRequestSender - Using open Channel [id: 0x93881530, L:/127.0.0.1:50400 - R:localhost/127.0.0.1:45202] for DELETE '/session/e5a9c8b4f5192fa942fa7b479fa67c21'
16:10:46.978 [AsyncHttpClient-1-15] DEBUG org.asynchttpclient.netty.handler.HttpHandler - Unexpected I/O exception on channel [id: 0xf94c6e9e, L:/127.0.0.1:50406 - R:localhost/127.0.0.1:50401]
java.net.SocketException: Connection reset
	at java.base/sun.nio.ch.SocketChannelImpl.throwConnectionReset(SocketChannelImpl.java:401)
	at java.base/sun.nio.ch.SocketChannelImpl.read(SocketChannelImpl.java:434)
	at io.netty.buffer.PooledByteBuf.setBytes(PooledByteBuf.java:259)
	at io.netty.buffer.AbstractByteBuf.writeBytes(AbstractByteBuf.java:1132)
	at io.netty.channel.socket.nio.NioSocketChannel.doReadBytes(NioSocketChannel.java:357)
	at io.netty.channel.nio.AbstractNioByteChannel$NioByteUnsafe.read(AbstractNioByteChannel.java:151)
	at io.netty.channel.nio.NioEventLoop.processSelectedKey(NioEventLoop.java:788)
	at io.netty.channel.nio.NioEventLoop.processSelectedKeysOptimized(NioEventLoop.java:724)
	at io.netty.channel.nio.NioEventLoop.processSelectedKeys(NioEventLoop.java:650)
	at io.netty.channel.nio.NioEventLoop.run(NioEventLoop.java:562)
	at io.netty.util.concurrent.SingleThreadEventExecutor$4.run(SingleThreadEventExecutor.java:997)
	at io.netty.util.internal.ThreadExecutorMap$2.run(ThreadExecutorMap.java:74)
	at io.netty.util.concurrent.FastThreadLocalRunnable.run(FastThreadLocalRunnable.java:30)
	at java.base/java.lang.Thread.run(Thread.java:1589)
16:10:46.979 [AsyncHttpClient-1-15] DEBUG org.asynchttpclient.netty.channel.ChannelManager - Closing Channel [id: 0xf94c6e9e, L:/127.0.0.1:50406 - R:localhost/127.0.0.1:50401] 
16:10:46.980 [AsyncHttpClient-1-15] DEBUG org.asynchttpclient.netty.handler.HttpHandler - Channel Closed: [id: 0xf94c6e9e, L:/127.0.0.1:50406 ! R:localhost/127.0.0.1:50401] with attribute DISCARD
16:10:47.050 [AsyncHttpClient-1-14] DEBUG org.asynchttpclient.netty.handler.HttpHandler - 

Request DefaultFullHttpRequest(decodeResult: success, version: HTTP/1.1, content: EmptyByteBufBE)
DELETE /session/e5a9c8b4f5192fa942fa7b479fa67c21 HTTP/1.1
User-Agent: selenium/4.8.1 (java windows)
Content-Type: application/json; charset=utf-8
host: localhost:45202
accept: */*

Response DefaultHttpResponse(decodeResult: success, version: HTTP/1.1)
HTTP/1.1 200 OK
Content-Length: 14
Content-Type: application/json; charset=utf-8
cache-control: no-cache

16:10:47.050 [AsyncHttpClient-1-14] DEBUG org.asynchttpclient.netty.channel.ChannelManager - Adding key: http://localhost:45202 for channel [id: 0x93881530, L:/127.0.0.1:50400 - R:localhost/127.0.0.1:45202]
16:10:47.224 [AsyncHttpClient-1-14] DEBUG org.asynchttpclient.netty.handler.HttpHandler - Channel Closed: [id: 0x93881530, L:/127.0.0.1:50400 ! R:localhost/127.0.0.1:45202] with attribute DISCARD
]]></system-out>
    <system-err><![CDATA[Starting ChromeDriver 113.0.5672.63 (0e1a4471d5ae5bf128b1bd8f4d627c8cbd55f70c-refs/branch-heads/5672@{#912}) on port 45202
Only local connections are allowed.
Please see https://chromedriver.chromium.org/security-considerations for suggestions on keeping ChromeDriver safe.
ChromeDriver was started successfully.
May 10, 2023 4:10:32 PM org.openqa.selenium.devtools.CdpVersionFinder findNearestMatch
WARNING: Unable to find an exact match for CDP version 113, so returning the closest version found: 110
]]></system-err>
  </testcase>
</testsuite>